<?xml version="1.0" encoding="UTF-8"?>
<testsuite name="Minitest::Result" tests="157" time="553.829547" failures="1" errors="122" skipped="0" assertions="4" timestamp="2018-08-01T20:04:54+07:00">
  <testcase name="test_get_comments" time="6.07834351202473" assertions="0">
    <error type="WordsRubySdk::ApiError" message="WordsRubySdk::ApiError: Bad Request...">
WordsRubySdk::ApiError: Bad Request
    C:/Work/aspose-words-cloud-codegen/SDKs/RUBY/lib/words_ruby_sdk/api_client.rb:81:in `call_api'
    C:/Work/aspose-words-cloud-codegen/SDKs/RUBY/lib/words_ruby_sdk/api/words_api.rb:2585:in `get_comments_with_http_info'
    C:/Work/aspose-words-cloud-codegen/SDKs/RUBY/lib/words_ruby_sdk/api/words_api.rb:2530:in `get_comments'
    C:/Work/aspose-words-cloud-codegen/SDKs/RUBY/tests/DocumentElements/comments_tests.rb:77:in `test_get_comments' (WordsRubySdk::ApiError)
C:/Work/aspose-words-cloud-codegen/SDKs/RUBY/lib/words_ruby_sdk/api_client.rb:81    </error>
  </testcase>
  <testcase name="test_delete_comment" time="4.004720675991848" assertions="0">
    <error type="NoMethodError" message="NoMethodError: undefined method `bytesize' for {}:Hash...">
NoMethodError: undefined method `bytesize' for {}:Hash
    C:/Ruby24-x64/lib/ruby/2.4.0/net/http/generic_request.rb:183:in `send_request_with_body'
    C:/Ruby24-x64/lib/ruby/2.4.0/net/http/generic_request.rb:121:in `exec'
    C:/Ruby24-x64/lib/ruby/2.4.0/net/http.rb:1444:in `block in transport_request'
    C:/Ruby24-x64/lib/ruby/2.4.0/net/http.rb:1443:in `catch'
    C:/Ruby24-x64/lib/ruby/2.4.0/net/http.rb:1443:in `transport_request'
    C:/Ruby24-x64/lib/ruby/2.4.0/net/http.rb:1416:in `request'
    C:/Ruby24-x64/lib/ruby/2.4.0/net/http.rb:1409:in `block in request'
    C:/Ruby24-x64/lib/ruby/2.4.0/net/http.rb:877:in `start'
    C:/Ruby24-x64/lib/ruby/2.4.0/net/http.rb:1407:in `request'
    C:/Ruby24-x64/lib/ruby/gems/2.4.0/gems/faraday-0.14.0/lib/faraday/adapter/net_http.rb:80:in `perform_request'
    C:/Ruby24-x64/lib/ruby/gems/2.4.0/gems/faraday-0.14.0/lib/faraday/adapter/net_http.rb:38:in `block in call'
    C:/Ruby24-x64/lib/ruby/gems/2.4.0/gems/faraday-0.14.0/lib/faraday/adapter/net_http.rb:85:in `with_net_http_connection'
    C:/Ruby24-x64/lib/ruby/gems/2.4.0/gems/faraday-0.14.0/lib/faraday/adapter/net_http.rb:33:in `call'
    C:/Ruby24-x64/lib/ruby/gems/2.4.0/gems/faraday-0.14.0/lib/faraday/request/url_encoded.rb:15:in `call'
    C:/Ruby24-x64/lib/ruby/gems/2.4.0/gems/faraday-0.14.0/lib/faraday/request/multipart.rb:15:in `call'
    C:/Ruby24-x64/lib/ruby/gems/2.4.0/gems/faraday-0.14.0/lib/faraday/rack_builder.rb:143:in `build_response'
    C:/Ruby24-x64/lib/ruby/gems/2.4.0/gems/faraday-0.14.0/lib/faraday/connection.rb:387:in `run_request'
    C:/Ruby24-x64/lib/ruby/gems/2.4.0/gems/faraday-0.14.0/lib/faraday/connection.rb:138:in `delete'
    C:/Work/aspose-words-cloud-codegen/SDKs/RUBY/lib/words_ruby_sdk/api_client.rb:147:in `build_request'
    C:/Work/aspose-words-cloud-codegen/SDKs/RUBY/lib/words_ruby_sdk/api_client.rb:69:in `call_api'
    C:/Work/aspose-words-cloud-codegen/SDKs/RUBY/lib/words_ruby_sdk/api/words_api.rb:616:in `delete_comment_with_http_info'
    C:/Work/aspose-words-cloud-codegen/SDKs/RUBY/lib/words_ruby_sdk/api/words_api.rb:543:in `delete_comment'
    C:/Work/aspose-words-cloud-codegen/SDKs/RUBY/tests/DocumentElements/comments_tests.rb:46:in `test_delete_comment' (NoMethodError)
C:/Ruby24-x64/lib/ruby/2.4.0/net/http/generic_request.rb:183    </error>
  </testcase>
  <testcase name="test_post_comment" time="4.683061182964593" assertions="0">
    <error type="WordsRubySdk::ApiError" message="WordsRubySdk::ApiError: Bad Request...">
WordsRubySdk::ApiError: Bad Request
    C:/Work/aspose-words-cloud-codegen/SDKs/RUBY/lib/words_ruby_sdk/api_client.rb:81:in `call_api'
    C:/Work/aspose-words-cloud-codegen/SDKs/RUBY/lib/words_ruby_sdk/api/words_api.rb:6469:in `post_comment_with_http_info'
    C:/Work/aspose-words-cloud-codegen/SDKs/RUBY/lib/words_ruby_sdk/api/words_api.rb:6394:in `post_comment'
    C:/Work/aspose-words-cloud-codegen/SDKs/RUBY/tests/DocumentElements/comments_tests.rb:96:in `test_post_comment' (WordsRubySdk::ApiError)
C:/Work/aspose-words-cloud-codegen/SDKs/RUBY/lib/words_ruby_sdk/api_client.rb:81    </error>
  </testcase>
  <testcase name="test_put_comment" time="4.647934497101232" assertions="0">
    <error type="WordsRubySdk::ApiError" message="WordsRubySdk::ApiError: Bad Request...">
WordsRubySdk::ApiError: Bad Request
    C:/Work/aspose-words-cloud-codegen/SDKs/RUBY/lib/words_ruby_sdk/api_client.rb:81:in `call_api'
    C:/Work/aspose-words-cloud-codegen/SDKs/RUBY/lib/words_ruby_sdk/api/words_api.rb:8226:in `put_comment_with_http_info'
    C:/Work/aspose-words-cloud-codegen/SDKs/RUBY/lib/words_ruby_sdk/api/words_api.rb:8154:in `put_comment'
    C:/Work/aspose-words-cloud-codegen/SDKs/RUBY/tests/DocumentElements/comments_tests.rb:114:in `test_put_comment' (WordsRubySdk::ApiError)
C:/Work/aspose-words-cloud-codegen/SDKs/RUBY/lib/words_ruby_sdk/api_client.rb:81    </error>
  </testcase>
  <testcase name="test_get_comment" time="4.617779680993408" assertions="0">
    <error type="WordsRubySdk::ApiError" message="WordsRubySdk::ApiError: Bad Request...">
WordsRubySdk::ApiError: Bad Request
    C:/Work/aspose-words-cloud-codegen/SDKs/RUBY/lib/words_ruby_sdk/api_client.rb:81:in `call_api'
    C:/Work/aspose-words-cloud-codegen/SDKs/RUBY/lib/words_ruby_sdk/api/words_api.rb:2511:in `get_comment_with_http_info'
    C:/Work/aspose-words-cloud-codegen/SDKs/RUBY/lib/words_ruby_sdk/api/words_api.rb:2453:in `get_comment'
    C:/Work/aspose-words-cloud-codegen/SDKs/RUBY/tests/DocumentElements/comments_tests.rb:62:in `test_get_comment' (WordsRubySdk::ApiError)
C:/Work/aspose-words-cloud-codegen/SDKs/RUBY/lib/words_ruby_sdk/api_client.rb:81    </error>
  </testcase>
  <testcase name="test_folder" time="0.9585532390046865" assertions="0">
  </testcase>
  <testcase name="test_put_execute_template_online" time="1.605467944056727" assertions="0">
    <error type="NoMethodError" message="NoMethodError: undefined method `bytesize' for {}:Hash...">
NoMethodError: undefined method `bytesize' for {}:Hash
    C:/Ruby24-x64/lib/ruby/2.4.0/net/http/generic_request.rb:183:in `send_request_with_body'
    C:/Ruby24-x64/lib/ruby/2.4.0/net/http/generic_request.rb:121:in `exec'
    C:/Ruby24-x64/lib/ruby/2.4.0/net/http.rb:1444:in `block in transport_request'
    C:/Ruby24-x64/lib/ruby/2.4.0/net/http.rb:1443:in `catch'
    C:/Ruby24-x64/lib/ruby/2.4.0/net/http.rb:1443:in `transport_request'
    C:/Ruby24-x64/lib/ruby/2.4.0/net/http.rb:1416:in `request'
    C:/Ruby24-x64/lib/ruby/2.4.0/net/http.rb:1409:in `block in request'
    C:/Ruby24-x64/lib/ruby/2.4.0/net/http.rb:877:in `start'
    C:/Ruby24-x64/lib/ruby/2.4.0/net/http.rb:1407:in `request'
    C:/Ruby24-x64/lib/ruby/gems/2.4.0/gems/faraday-0.14.0/lib/faraday/adapter/net_http.rb:80:in `perform_request'
    C:/Ruby24-x64/lib/ruby/gems/2.4.0/gems/faraday-0.14.0/lib/faraday/adapter/net_http.rb:38:in `block in call'
    C:/Ruby24-x64/lib/ruby/gems/2.4.0/gems/faraday-0.14.0/lib/faraday/adapter/net_http.rb:85:in `with_net_http_connection'
    C:/Ruby24-x64/lib/ruby/gems/2.4.0/gems/faraday-0.14.0/lib/faraday/adapter/net_http.rb:33:in `call'
    C:/Ruby24-x64/lib/ruby/gems/2.4.0/gems/faraday-0.14.0/lib/faraday/request/url_encoded.rb:15:in `call'
    C:/Ruby24-x64/lib/ruby/gems/2.4.0/gems/faraday-0.14.0/lib/faraday/request/multipart.rb:15:in `call'
    C:/Ruby24-x64/lib/ruby/gems/2.4.0/gems/faraday-0.14.0/lib/faraday/rack_builder.rb:143:in `build_response'
    C:/Ruby24-x64/lib/ruby/gems/2.4.0/gems/faraday-0.14.0/lib/faraday/connection.rb:387:in `run_request'
    C:/Ruby24-x64/lib/ruby/gems/2.4.0/gems/faraday-0.14.0/lib/faraday/connection.rb:175:in `put'
    C:/Work/aspose-words-cloud-codegen/SDKs/RUBY/lib/words_ruby_sdk/api_client.rb:143:in `build_request'
    C:/Work/aspose-words-cloud-codegen/SDKs/RUBY/lib/words_ruby_sdk/api_client.rb:69:in `call_api'
    C:/Work/aspose-words-cloud-codegen/SDKs/RUBY/lib/words_ruby_sdk/api/words_api.rb:8854:in `put_execute_template_online_with_http_info'
    C:/Work/aspose-words-cloud-codegen/SDKs/RUBY/lib/words_ruby_sdk/api/words_api.rb:8796:in `put_execute_template_online'
    C:/Work/aspose-words-cloud-codegen/SDKs/RUBY/tests/DocumentActions/execute_template_tests.rb:59:in `test_put_execute_template_online' (NoMethodError)
C:/Ruby24-x64/lib/ruby/2.4.0/net/http/generic_request.rb:183    </error>
  </testcase>
  <testcase name="test_post_execute_template" time="4.00685731403064" assertions="0">
    <error type="NoMethodError" message="NoMethodError: undefined method `bytesize' for {}:Hash...">
NoMethodError: undefined method `bytesize' for {}:Hash
    C:/Ruby24-x64/lib/ruby/2.4.0/net/http/generic_request.rb:183:in `send_request_with_body'
    C:/Ruby24-x64/lib/ruby/2.4.0/net/http/generic_request.rb:121:in `exec'
    C:/Ruby24-x64/lib/ruby/2.4.0/net/http.rb:1444:in `block in transport_request'
    C:/Ruby24-x64/lib/ruby/2.4.0/net/http.rb:1443:in `catch'
    C:/Ruby24-x64/lib/ruby/2.4.0/net/http.rb:1443:in `transport_request'
    C:/Ruby24-x64/lib/ruby/2.4.0/net/http.rb:1416:in `request'
    C:/Ruby24-x64/lib/ruby/2.4.0/net/http.rb:1409:in `block in request'
    C:/Ruby24-x64/lib/ruby/2.4.0/net/http.rb:877:in `start'
    C:/Ruby24-x64/lib/ruby/2.4.0/net/http.rb:1407:in `request'
    C:/Ruby24-x64/lib/ruby/gems/2.4.0/gems/faraday-0.14.0/lib/faraday/adapter/net_http.rb:80:in `perform_request'
    C:/Ruby24-x64/lib/ruby/gems/2.4.0/gems/faraday-0.14.0/lib/faraday/adapter/net_http.rb:38:in `block in call'
    C:/Ruby24-x64/lib/ruby/gems/2.4.0/gems/faraday-0.14.0/lib/faraday/adapter/net_http.rb:85:in `with_net_http_connection'
    C:/Ruby24-x64/lib/ruby/gems/2.4.0/gems/faraday-0.14.0/lib/faraday/adapter/net_http.rb:33:in `call'
    C:/Ruby24-x64/lib/ruby/gems/2.4.0/gems/faraday-0.14.0/lib/faraday/request/url_encoded.rb:15:in `call'
    C:/Ruby24-x64/lib/ruby/gems/2.4.0/gems/faraday-0.14.0/lib/faraday/request/multipart.rb:15:in `call'
    C:/Ruby24-x64/lib/ruby/gems/2.4.0/gems/faraday-0.14.0/lib/faraday/rack_builder.rb:143:in `build_response'
    C:/Ruby24-x64/lib/ruby/gems/2.4.0/gems/faraday-0.14.0/lib/faraday/connection.rb:387:in `run_request'
    C:/Ruby24-x64/lib/ruby/gems/2.4.0/gems/faraday-0.14.0/lib/faraday/connection.rb:175:in `post'
    C:/Work/aspose-words-cloud-codegen/SDKs/RUBY/lib/words_ruby_sdk/api_client.rb:141:in `build_request'
    C:/Work/aspose-words-cloud-codegen/SDKs/RUBY/lib/words_ruby_sdk/api_client.rb:69:in `call_api'
    C:/Work/aspose-words-cloud-codegen/SDKs/RUBY/lib/words_ruby_sdk/api/words_api.rb:7033:in `post_execute_template_with_http_info'
    C:/Work/aspose-words-cloud-codegen/SDKs/RUBY/lib/words_ruby_sdk/api/words_api.rb:6955:in `post_execute_template'
    C:/Work/aspose-words-cloud-codegen/SDKs/RUBY/tests/DocumentActions/execute_template_tests.rb:47:in `test_post_execute_template' (NoMethodError)
C:/Ruby24-x64/lib/ruby/2.4.0/net/http/generic_request.rb:183    </error>
  </testcase>
  <testcase name="test_folder" time="1.198138291016221" assertions="0">
  </testcase>
  <testcase name="test_get_document_with_format_and_out_path" time="4.661236581974663" assertions="0">
    <error type="WordsRubySdk::ApiError" message="WordsRubySdk::ApiError: Bad Request...">
WordsRubySdk::ApiError: Bad Request
    C:/Work/aspose-words-cloud-codegen/SDKs/RUBY/lib/words_ruby_sdk/api_client.rb:81:in `call_api'
    C:/Work/aspose-words-cloud-codegen/SDKs/RUBY/lib/words_ruby_sdk/api/words_api.rb:4239:in `get_document_with_format_with_http_info'
    C:/Work/aspose-words-cloud-codegen/SDKs/RUBY/lib/words_ruby_sdk/api/words_api.rb:4170:in `get_document_with_format'
    C:/Work/aspose-words-cloud-codegen/SDKs/RUBY/tests/DocumentActions/convert_document_tests.rb:125:in `test_get_document_with_format_and_out_path' (WordsRubySdk::ApiError)
C:/Work/aspose-words-cloud-codegen/SDKs/RUBY/lib/words_ruby_sdk/api_client.rb:81    </error>
  </testcase>
  <testcase name="test_post_save_document_as_from_pdf_to_doc" time="6.576946478919126" assertions="0">
    <error type="WordsRubySdk::ApiError" message="WordsRubySdk::ApiError: Bad Request...">
WordsRubySdk::ApiError: Bad Request
    C:/Work/aspose-words-cloud-codegen/SDKs/RUBY/lib/words_ruby_sdk/api_client.rb:81:in `call_api'
    C:/Work/aspose-words-cloud-codegen/SDKs/RUBY/lib/words_ruby_sdk/api/words_api.rb:6833:in `post_document_save_as_with_http_info'
    C:/Work/aspose-words-cloud-codegen/SDKs/RUBY/lib/words_ruby_sdk/api/words_api.rb:6766:in `post_document_save_as'
    C:/Work/aspose-words-cloud-codegen/SDKs/RUBY/tests/DocumentActions/convert_document_tests.rb:64:in `test_post_save_document_as_from_pdf_to_doc' (WordsRubySdk::ApiError)
C:/Work/aspose-words-cloud-codegen/SDKs/RUBY/lib/words_ruby_sdk/api_client.rb:81    </error>
  </testcase>
  <testcase name="test_get_document_with_format" time="4.707649202086031" assertions="0">
    <error type="WordsRubySdk::ApiError" message="WordsRubySdk::ApiError: Bad Request...">
WordsRubySdk::ApiError: Bad Request
    C:/Work/aspose-words-cloud-codegen/SDKs/RUBY/lib/words_ruby_sdk/api_client.rb:81:in `call_api'
    C:/Work/aspose-words-cloud-codegen/SDKs/RUBY/lib/words_ruby_sdk/api/words_api.rb:4239:in `get_document_with_format_with_http_info'
    C:/Work/aspose-words-cloud-codegen/SDKs/RUBY/lib/words_ruby_sdk/api/words_api.rb:4170:in `get_document_with_format'
    C:/Work/aspose-words-cloud-codegen/SDKs/RUBY/tests/DocumentActions/convert_document_tests.rb:108:in `test_get_document_with_format' (WordsRubySdk::ApiError)
C:/Work/aspose-words-cloud-codegen/SDKs/RUBY/lib/words_ruby_sdk/api_client.rb:81    </error>
  </testcase>
  <testcase name="test_put_document_save_as_tiff" time="4.711397557985038" assertions="0">
    <error type="WordsRubySdk::ApiError" message="WordsRubySdk::ApiError: Bad Request...">
WordsRubySdk::ApiError: Bad Request
    C:/Work/aspose-words-cloud-codegen/SDKs/RUBY/lib/words_ruby_sdk/api_client.rb:81:in `call_api'
    C:/Work/aspose-words-cloud-codegen/SDKs/RUBY/lib/words_ruby_sdk/api/words_api.rb:8605:in `put_document_save_as_tiff_with_http_info'
    C:/Work/aspose-words-cloud-codegen/SDKs/RUBY/lib/words_ruby_sdk/api/words_api.rb:8448:in `put_document_save_as_tiff'
    C:/Work/aspose-words-cloud-codegen/SDKs/RUBY/tests/DocumentActions/convert_document_tests.rb:92:in `test_put_document_save_as_tiff' (WordsRubySdk::ApiError)
C:/Work/aspose-words-cloud-codegen/SDKs/RUBY/lib/words_ruby_sdk/api_client.rb:81    </error>
  </testcase>
  <testcase name="test_put_convert_document" time="1.623593164025806" assertions="0">
    <error type="NoMethodError" message="NoMethodError: undefined method `bytesize' for {}:Hash...">
NoMethodError: undefined method `bytesize' for {}:Hash
    C:/Ruby24-x64/lib/ruby/2.4.0/net/http/generic_request.rb:183:in `send_request_with_body'
    C:/Ruby24-x64/lib/ruby/2.4.0/net/http/generic_request.rb:121:in `exec'
    C:/Ruby24-x64/lib/ruby/2.4.0/net/http.rb:1444:in `block in transport_request'
    C:/Ruby24-x64/lib/ruby/2.4.0/net/http.rb:1443:in `catch'
    C:/Ruby24-x64/lib/ruby/2.4.0/net/http.rb:1443:in `transport_request'
    C:/Ruby24-x64/lib/ruby/2.4.0/net/http.rb:1416:in `request'
    C:/Ruby24-x64/lib/ruby/2.4.0/net/http.rb:1409:in `block in request'
    C:/Ruby24-x64/lib/ruby/2.4.0/net/http.rb:877:in `start'
    C:/Ruby24-x64/lib/ruby/2.4.0/net/http.rb:1407:in `request'
    C:/Ruby24-x64/lib/ruby/gems/2.4.0/gems/faraday-0.14.0/lib/faraday/adapter/net_http.rb:80:in `perform_request'
    C:/Ruby24-x64/lib/ruby/gems/2.4.0/gems/faraday-0.14.0/lib/faraday/adapter/net_http.rb:38:in `block in call'
    C:/Ruby24-x64/lib/ruby/gems/2.4.0/gems/faraday-0.14.0/lib/faraday/adapter/net_http.rb:85:in `with_net_http_connection'
    C:/Ruby24-x64/lib/ruby/gems/2.4.0/gems/faraday-0.14.0/lib/faraday/adapter/net_http.rb:33:in `call'
    C:/Ruby24-x64/lib/ruby/gems/2.4.0/gems/faraday-0.14.0/lib/faraday/request/url_encoded.rb:15:in `call'
    C:/Ruby24-x64/lib/ruby/gems/2.4.0/gems/faraday-0.14.0/lib/faraday/request/multipart.rb:15:in `call'
    C:/Ruby24-x64/lib/ruby/gems/2.4.0/gems/faraday-0.14.0/lib/faraday/rack_builder.rb:143:in `build_response'
    C:/Ruby24-x64/lib/ruby/gems/2.4.0/gems/faraday-0.14.0/lib/faraday/connection.rb:387:in `run_request'
    C:/Ruby24-x64/lib/ruby/gems/2.4.0/gems/faraday-0.14.0/lib/faraday/connection.rb:175:in `put'
    C:/Work/aspose-words-cloud-codegen/SDKs/RUBY/lib/words_ruby_sdk/api_client.rb:143:in `build_request'
    C:/Work/aspose-words-cloud-codegen/SDKs/RUBY/lib/words_ruby_sdk/api_client.rb:69:in `call_api'
    C:/Work/aspose-words-cloud-codegen/SDKs/RUBY/lib/words_ruby_sdk/api/words_api.rb:8304:in `put_convert_document_with_http_info'
    C:/Work/aspose-words-cloud-codegen/SDKs/RUBY/lib/words_ruby_sdk/api/words_api.rb:8245:in `put_convert_document'
    C:/Work/aspose-words-cloud-codegen/SDKs/RUBY/tests/DocumentActions/convert_document_tests.rb:75:in `test_put_convert_document' (NoMethodError)
C:/Ruby24-x64/lib/ruby/2.4.0/net/http/generic_request.rb:183    </error>
  </testcase>
  <testcase name="test_post_document_save_as" time="4.7937514369841665" assertions="0">
    <error type="WordsRubySdk::ApiError" message="WordsRubySdk::ApiError: Bad Request...">
WordsRubySdk::ApiError: Bad Request
    C:/Work/aspose-words-cloud-codegen/SDKs/RUBY/lib/words_ruby_sdk/api_client.rb:81:in `call_api'
    C:/Work/aspose-words-cloud-codegen/SDKs/RUBY/lib/words_ruby_sdk/api/words_api.rb:6833:in `post_document_save_as_with_http_info'
    C:/Work/aspose-words-cloud-codegen/SDKs/RUBY/lib/words_ruby_sdk/api/words_api.rb:6766:in `post_document_save_as'
    C:/Work/aspose-words-cloud-codegen/SDKs/RUBY/tests/DocumentActions/convert_document_tests.rb:47:in `test_post_document_save_as' (WordsRubySdk::ApiError)
C:/Work/aspose-words-cloud-codegen/SDKs/RUBY/lib/words_ruby_sdk/api_client.rb:81    </error>
  </testcase>
  <testcase name="test_folder" time="0.9258495399262756" assertions="0">
  </testcase>
  <testcase name="test_get_document" time="4.50165393401403" assertions="0">
    <error type="WordsRubySdk::ApiError" message="WordsRubySdk::ApiError: Bad Request...">
WordsRubySdk::ApiError: Bad Request
    C:/Work/aspose-words-cloud-codegen/SDKs/RUBY/lib/words_ruby_sdk/api_client.rb:81:in `call_api'
    C:/Work/aspose-words-cloud-codegen/SDKs/RUBY/lib/words_ruby_sdk/api/words_api.rb:2659:in `get_document_with_http_info'
    C:/Work/aspose-words-cloud-codegen/SDKs/RUBY/lib/words_ruby_sdk/api/words_api.rb:2604:in `get_document'
    C:/Work/aspose-words-cloud-codegen/SDKs/RUBY/tests/Document/document_tests.rb:45:in `test_get_document' (WordsRubySdk::ApiError)
C:/Work/aspose-words-cloud-codegen/SDKs/RUBY/lib/words_ruby_sdk/api_client.rb:81    </error>
  </testcase>
  <testcase name="test_put_create_document" time="3.9976941969944164" assertions="0">
    <error type="NoMethodError" message="NoMethodError: undefined method `bytesize' for {}:Hash...">
NoMethodError: undefined method `bytesize' for {}:Hash
    C:/Ruby24-x64/lib/ruby/2.4.0/net/http/generic_request.rb:183:in `send_request_with_body'
    C:/Ruby24-x64/lib/ruby/2.4.0/net/http/generic_request.rb:121:in `exec'
    C:/Ruby24-x64/lib/ruby/2.4.0/net/http.rb:1444:in `block in transport_request'
    C:/Ruby24-x64/lib/ruby/2.4.0/net/http.rb:1443:in `catch'
    C:/Ruby24-x64/lib/ruby/2.4.0/net/http.rb:1443:in `transport_request'
    C:/Ruby24-x64/lib/ruby/2.4.0/net/http.rb:1416:in `request'
    C:/Ruby24-x64/lib/ruby/2.4.0/net/http.rb:1409:in `block in request'
    C:/Ruby24-x64/lib/ruby/2.4.0/net/http.rb:877:in `start'
    C:/Ruby24-x64/lib/ruby/2.4.0/net/http.rb:1407:in `request'
    C:/Ruby24-x64/lib/ruby/gems/2.4.0/gems/faraday-0.14.0/lib/faraday/adapter/net_http.rb:80:in `perform_request'
    C:/Ruby24-x64/lib/ruby/gems/2.4.0/gems/faraday-0.14.0/lib/faraday/adapter/net_http.rb:38:in `block in call'
    C:/Ruby24-x64/lib/ruby/gems/2.4.0/gems/faraday-0.14.0/lib/faraday/adapter/net_http.rb:85:in `with_net_http_connection'
    C:/Ruby24-x64/lib/ruby/gems/2.4.0/gems/faraday-0.14.0/lib/faraday/adapter/net_http.rb:33:in `call'
    C:/Ruby24-x64/lib/ruby/gems/2.4.0/gems/faraday-0.14.0/lib/faraday/request/url_encoded.rb:15:in `call'
    C:/Ruby24-x64/lib/ruby/gems/2.4.0/gems/faraday-0.14.0/lib/faraday/request/multipart.rb:15:in `call'
    C:/Ruby24-x64/lib/ruby/gems/2.4.0/gems/faraday-0.14.0/lib/faraday/rack_builder.rb:143:in `build_response'
    C:/Ruby24-x64/lib/ruby/gems/2.4.0/gems/faraday-0.14.0/lib/faraday/connection.rb:387:in `run_request'
    C:/Ruby24-x64/lib/ruby/gems/2.4.0/gems/faraday-0.14.0/lib/faraday/connection.rb:175:in `put'
    C:/Work/aspose-words-cloud-codegen/SDKs/RUBY/lib/words_ruby_sdk/api_client.rb:143:in `build_request'
    C:/Work/aspose-words-cloud-codegen/SDKs/RUBY/lib/words_ruby_sdk/api_client.rb:69:in `call_api'
    C:/Work/aspose-words-cloud-codegen/SDKs/RUBY/lib/words_ruby_sdk/api/words_api.rb:8370:in `put_create_document_with_http_info'
    C:/Work/aspose-words-cloud-codegen/SDKs/RUBY/lib/words_ruby_sdk/api/words_api.rb:8323:in `put_create_document'
    C:/Work/aspose-words-cloud-codegen/SDKs/RUBY/tests/Document/document_tests.rb:60:in `test_put_create_document' (NoMethodError)
C:/Ruby24-x64/lib/ruby/2.4.0/net/http/generic_request.rb:183    </error>
  </testcase>
  <testcase name="test_folder" time="0.9730821410194039" assertions="0">
  </testcase>
  <testcase name="test_get_document_properties" time="5.3485130509361625" assertions="0">
    <error type="WordsRubySdk::ApiError" message="WordsRubySdk::ApiError: Bad Request...">
WordsRubySdk::ApiError: Bad Request
    C:/Work/aspose-words-cloud-codegen/SDKs/RUBY/lib/words_ruby_sdk/api_client.rb:81:in `call_api'
    C:/Work/aspose-words-cloud-codegen/SDKs/RUBY/lib/words_ruby_sdk/api/words_api.rb:3837:in `get_document_properties_with_http_info'
    C:/Work/aspose-words-cloud-codegen/SDKs/RUBY/lib/words_ruby_sdk/api/words_api.rb:3782:in `get_document_properties'
    C:/Work/aspose-words-cloud-codegen/SDKs/RUBY/tests/DocumentElements/document_properties_tests.rb:79:in `test_get_document_properties' (WordsRubySdk::ApiError)
C:/Work/aspose-words-cloud-codegen/SDKs/RUBY/lib/words_ruby_sdk/api_client.rb:81    </error>
  </testcase>
  <testcase name="test_folder" time="0.9106689200270921" assertions="0">
  </testcase>
  <testcase name="test_delete_document_property" time="4.122176900971681" assertions="0">
    <error type="NoMethodError" message="NoMethodError: undefined method `bytesize' for {}:Hash...">
NoMethodError: undefined method `bytesize' for {}:Hash
    C:/Ruby24-x64/lib/ruby/2.4.0/net/http/generic_request.rb:183:in `send_request_with_body'
    C:/Ruby24-x64/lib/ruby/2.4.0/net/http/generic_request.rb:121:in `exec'
    C:/Ruby24-x64/lib/ruby/2.4.0/net/http.rb:1444:in `block in transport_request'
    C:/Ruby24-x64/lib/ruby/2.4.0/net/http.rb:1443:in `catch'
    C:/Ruby24-x64/lib/ruby/2.4.0/net/http.rb:1443:in `transport_request'
    C:/Ruby24-x64/lib/ruby/2.4.0/net/http.rb:1416:in `request'
    C:/Ruby24-x64/lib/ruby/2.4.0/net/http.rb:1409:in `block in request'
    C:/Ruby24-x64/lib/ruby/2.4.0/net/http.rb:877:in `start'
    C:/Ruby24-x64/lib/ruby/2.4.0/net/http.rb:1407:in `request'
    C:/Ruby24-x64/lib/ruby/gems/2.4.0/gems/faraday-0.14.0/lib/faraday/adapter/net_http.rb:80:in `perform_request'
    C:/Ruby24-x64/lib/ruby/gems/2.4.0/gems/faraday-0.14.0/lib/faraday/adapter/net_http.rb:38:in `block in call'
    C:/Ruby24-x64/lib/ruby/gems/2.4.0/gems/faraday-0.14.0/lib/faraday/adapter/net_http.rb:85:in `with_net_http_connection'
    C:/Ruby24-x64/lib/ruby/gems/2.4.0/gems/faraday-0.14.0/lib/faraday/adapter/net_http.rb:33:in `call'
    C:/Ruby24-x64/lib/ruby/gems/2.4.0/gems/faraday-0.14.0/lib/faraday/request/url_encoded.rb:15:in `call'
    C:/Ruby24-x64/lib/ruby/gems/2.4.0/gems/faraday-0.14.0/lib/faraday/request/multipart.rb:15:in `call'
    C:/Ruby24-x64/lib/ruby/gems/2.4.0/gems/faraday-0.14.0/lib/faraday/rack_builder.rb:143:in `build_response'
    C:/Ruby24-x64/lib/ruby/gems/2.4.0/gems/faraday-0.14.0/lib/faraday/connection.rb:387:in `run_request'
    C:/Ruby24-x64/lib/ruby/gems/2.4.0/gems/faraday-0.14.0/lib/faraday/connection.rb:138:in `delete'
    C:/Work/aspose-words-cloud-codegen/SDKs/RUBY/lib/words_ruby_sdk/api_client.rb:147:in `build_request'
    C:/Work/aspose-words-cloud-codegen/SDKs/RUBY/lib/words_ruby_sdk/api_client.rb:69:in `call_api'
    C:/Work/aspose-words-cloud-codegen/SDKs/RUBY/lib/words_ruby_sdk/api/words_api.rb:797:in `delete_document_property_with_http_info'
    C:/Work/aspose-words-cloud-codegen/SDKs/RUBY/lib/words_ruby_sdk/api/words_api.rb:724:in `delete_document_property'
    C:/Work/aspose-words-cloud-codegen/SDKs/RUBY/tests/DocumentElements/document_properties_tests.rb:64:in `test_delete_document_property' (NoMethodError)
C:/Ruby24-x64/lib/ruby/2.4.0/net/http/generic_request.rb:183    </error>
  </testcase>
  <testcase name="test_get_document_property" time="4.855376825900748" assertions="0">
    <error type="WordsRubySdk::ApiError" message="WordsRubySdk::ApiError: Bad Request...">
WordsRubySdk::ApiError: Bad Request
    C:/Work/aspose-words-cloud-codegen/SDKs/RUBY/lib/words_ruby_sdk/api_client.rb:81:in `call_api'
    C:/Work/aspose-words-cloud-codegen/SDKs/RUBY/lib/words_ruby_sdk/api/words_api.rb:3914:in `get_document_property_with_http_info'
    C:/Work/aspose-words-cloud-codegen/SDKs/RUBY/lib/words_ruby_sdk/api/words_api.rb:3856:in `get_document_property'
    C:/Work/aspose-words-cloud-codegen/SDKs/RUBY/tests/DocumentElements/document_properties_tests.rb:95:in `test_get_document_property' (WordsRubySdk::ApiError)
C:/Work/aspose-words-cloud-codegen/SDKs/RUBY/lib/words_ruby_sdk/api_client.rb:81    </error>
  </testcase>
  <testcase name="test_create_or_update_document_property" time="4.685180093976669" assertions="0">
    <error type="WordsRubySdk::ApiError" message="WordsRubySdk::ApiError: Bad Request...">
WordsRubySdk::ApiError: Bad Request
    C:/Work/aspose-words-cloud-codegen/SDKs/RUBY/lib/words_ruby_sdk/api_client.rb:81:in `call_api'
    C:/Work/aspose-words-cloud-codegen/SDKs/RUBY/lib/words_ruby_sdk/api/words_api.rb:337:in `create_or_update_document_property_with_http_info'
    C:/Work/aspose-words-cloud-codegen/SDKs/RUBY/lib/words_ruby_sdk/api/words_api.rb:262:in `create_or_update_document_property'
    C:/Work/aspose-words-cloud-codegen/SDKs/RUBY/tests/DocumentElements/document_properties_tests.rb:47:in `test_create_or_update_document_property' (WordsRubySdk::ApiError)
C:/Work/aspose-words-cloud-codegen/SDKs/RUBY/lib/words_ruby_sdk/api_client.rb:81    </error>
  </testcase>
  <testcase name="test_post_insert_document_watermark_image" time="4.041521277045831" assertions="0">
    <error type="NoMethodError" message="NoMethodError: undefined method `bytesize' for {}:Hash...">
NoMethodError: undefined method `bytesize' for {}:Hash
    C:/Ruby24-x64/lib/ruby/2.4.0/net/http/generic_request.rb:183:in `send_request_with_body'
    C:/Ruby24-x64/lib/ruby/2.4.0/net/http/generic_request.rb:121:in `exec'
    C:/Ruby24-x64/lib/ruby/2.4.0/net/http.rb:1444:in `block in transport_request'
    C:/Ruby24-x64/lib/ruby/2.4.0/net/http.rb:1443:in `catch'
    C:/Ruby24-x64/lib/ruby/2.4.0/net/http.rb:1443:in `transport_request'
    C:/Ruby24-x64/lib/ruby/2.4.0/net/http.rb:1416:in `request'
    C:/Ruby24-x64/lib/ruby/2.4.0/net/http.rb:1409:in `block in request'
    C:/Ruby24-x64/lib/ruby/2.4.0/net/http.rb:877:in `start'
    C:/Ruby24-x64/lib/ruby/2.4.0/net/http.rb:1407:in `request'
    C:/Ruby24-x64/lib/ruby/gems/2.4.0/gems/faraday-0.14.0/lib/faraday/adapter/net_http.rb:80:in `perform_request'
    C:/Ruby24-x64/lib/ruby/gems/2.4.0/gems/faraday-0.14.0/lib/faraday/adapter/net_http.rb:38:in `block in call'
    C:/Ruby24-x64/lib/ruby/gems/2.4.0/gems/faraday-0.14.0/lib/faraday/adapter/net_http.rb:85:in `with_net_http_connection'
    C:/Ruby24-x64/lib/ruby/gems/2.4.0/gems/faraday-0.14.0/lib/faraday/adapter/net_http.rb:33:in `call'
    C:/Ruby24-x64/lib/ruby/gems/2.4.0/gems/faraday-0.14.0/lib/faraday/request/url_encoded.rb:15:in `call'
    C:/Ruby24-x64/lib/ruby/gems/2.4.0/gems/faraday-0.14.0/lib/faraday/request/multipart.rb:15:in `call'
    C:/Ruby24-x64/lib/ruby/gems/2.4.0/gems/faraday-0.14.0/lib/faraday/rack_builder.rb:143:in `build_response'
    C:/Ruby24-x64/lib/ruby/gems/2.4.0/gems/faraday-0.14.0/lib/faraday/connection.rb:387:in `run_request'
    C:/Ruby24-x64/lib/ruby/gems/2.4.0/gems/faraday-0.14.0/lib/faraday/connection.rb:175:in `post'
    C:/Work/aspose-words-cloud-codegen/SDKs/RUBY/lib/words_ruby_sdk/api_client.rb:141:in `build_request'
    C:/Work/aspose-words-cloud-codegen/SDKs/RUBY/lib/words_ruby_sdk/api_client.rb:69:in `call_api'
    C:/Work/aspose-words-cloud-codegen/SDKs/RUBY/lib/words_ruby_sdk/api/words_api.rb:7430:in `post_insert_document_watermark_image_with_http_info'
    C:/Work/aspose-words-cloud-codegen/SDKs/RUBY/lib/words_ruby_sdk/api/words_api.rb:7349:in `post_insert_document_watermark_image'
    C:/Work/aspose-words-cloud-codegen/SDKs/RUBY/tests/DocumentElements/watermark_tests.rb:65:in `test_post_insert_document_watermark_image' (NoMethodError)
C:/Ruby24-x64/lib/ruby/2.4.0/net/http/generic_request.rb:183    </error>
  </testcase>
  <testcase name="test_post_insert_document_watermark_text" time="4.712003305903636" assertions="0">
    <error type="WordsRubySdk::ApiError" message="WordsRubySdk::ApiError: Bad Request...">
WordsRubySdk::ApiError: Bad Request
    C:/Work/aspose-words-cloud-codegen/SDKs/RUBY/lib/words_ruby_sdk/api_client.rb:81:in `call_api'
    C:/Work/aspose-words-cloud-codegen/SDKs/RUBY/lib/words_ruby_sdk/api/words_api.rb:7521:in `post_insert_document_watermark_text_with_http_info'
    C:/Work/aspose-words-cloud-codegen/SDKs/RUBY/lib/words_ruby_sdk/api/words_api.rb:7449:in `post_insert_document_watermark_text'
    C:/Work/aspose-words-cloud-codegen/SDKs/RUBY/tests/DocumentElements/watermark_tests.rb:83:in `test_post_insert_document_watermark_text' (WordsRubySdk::ApiError)
C:/Work/aspose-words-cloud-codegen/SDKs/RUBY/lib/words_ruby_sdk/api_client.rb:81    </error>
  </testcase>
  <testcase name="test_folder" time="0.922310610068962" assertions="0">
  </testcase>
  <testcase name="test_delete_document_watermark" time="4.522886010003276" assertions="0">
    <error type="NoMethodError" message="NoMethodError: undefined method `bytesize' for {}:Hash...">
NoMethodError: undefined method `bytesize' for {}:Hash
    C:/Ruby24-x64/lib/ruby/2.4.0/net/http/generic_request.rb:183:in `send_request_with_body'
    C:/Ruby24-x64/lib/ruby/2.4.0/net/http/generic_request.rb:121:in `exec'
    C:/Ruby24-x64/lib/ruby/2.4.0/net/http.rb:1444:in `block in transport_request'
    C:/Ruby24-x64/lib/ruby/2.4.0/net/http.rb:1443:in `catch'
    C:/Ruby24-x64/lib/ruby/2.4.0/net/http.rb:1443:in `transport_request'
    C:/Ruby24-x64/lib/ruby/2.4.0/net/http.rb:1416:in `request'
    C:/Ruby24-x64/lib/ruby/2.4.0/net/http.rb:1409:in `block in request'
    C:/Ruby24-x64/lib/ruby/2.4.0/net/http.rb:877:in `start'
    C:/Ruby24-x64/lib/ruby/2.4.0/net/http.rb:1407:in `request'
    C:/Ruby24-x64/lib/ruby/gems/2.4.0/gems/faraday-0.14.0/lib/faraday/adapter/net_http.rb:80:in `perform_request'
    C:/Ruby24-x64/lib/ruby/gems/2.4.0/gems/faraday-0.14.0/lib/faraday/adapter/net_http.rb:38:in `block in call'
    C:/Ruby24-x64/lib/ruby/gems/2.4.0/gems/faraday-0.14.0/lib/faraday/adapter/net_http.rb:85:in `with_net_http_connection'
    C:/Ruby24-x64/lib/ruby/gems/2.4.0/gems/faraday-0.14.0/lib/faraday/adapter/net_http.rb:33:in `call'
    C:/Ruby24-x64/lib/ruby/gems/2.4.0/gems/faraday-0.14.0/lib/faraday/request/url_encoded.rb:15:in `call'
    C:/Ruby24-x64/lib/ruby/gems/2.4.0/gems/faraday-0.14.0/lib/faraday/request/multipart.rb:15:in `call'
    C:/Ruby24-x64/lib/ruby/gems/2.4.0/gems/faraday-0.14.0/lib/faraday/rack_builder.rb:143:in `build_response'
    C:/Ruby24-x64/lib/ruby/gems/2.4.0/gems/faraday-0.14.0/lib/faraday/connection.rb:387:in `run_request'
    C:/Ruby24-x64/lib/ruby/gems/2.4.0/gems/faraday-0.14.0/lib/faraday/connection.rb:138:in `delete'
    C:/Work/aspose-words-cloud-codegen/SDKs/RUBY/lib/words_ruby_sdk/api_client.rb:147:in `build_request'
    C:/Work/aspose-words-cloud-codegen/SDKs/RUBY/lib/words_ruby_sdk/api_client.rb:69:in `call_api'
    C:/Work/aspose-words-cloud-codegen/SDKs/RUBY/lib/words_ruby_sdk/api/words_api.rb:886:in `delete_document_watermark_with_http_info'
    C:/Work/aspose-words-cloud-codegen/SDKs/RUBY/lib/words_ruby_sdk/api/words_api.rb:816:in `delete_document_watermark'
    C:/Work/aspose-words-cloud-codegen/SDKs/RUBY/tests/DocumentElements/watermark_tests.rb:45:in `test_delete_document_watermark' (NoMethodError)
C:/Ruby24-x64/lib/ruby/2.4.0/net/http/generic_request.rb:183    </error>
  </testcase>
  <testcase name="test_post_append_document" time="4.758793313987553" assertions="0">
    <error type="WordsRubySdk::ApiError" message="WordsRubySdk::ApiError: Bad Request...">
WordsRubySdk::ApiError: Bad Request
    C:/Work/aspose-words-cloud-codegen/SDKs/RUBY/lib/words_ruby_sdk/api_client.rb:81:in `call_api'
    C:/Work/aspose-words-cloud-codegen/SDKs/RUBY/lib/words_ruby_sdk/api/words_api.rb:6294:in `post_append_document_with_http_info'
    C:/Work/aspose-words-cloud-codegen/SDKs/RUBY/lib/words_ruby_sdk/api/words_api.rb:6222:in `post_append_document'
    C:/Work/aspose-words-cloud-codegen/SDKs/RUBY/tests/DocumentActions/append_document_tests.rb:49:in `test_post_append_document' (WordsRubySdk::ApiError)
C:/Work/aspose-words-cloud-codegen/SDKs/RUBY/lib/words_ruby_sdk/api_client.rb:81    </error>
  </testcase>
  <testcase name="test_folder" time="0.9796068359864876" assertions="0">
  </testcase>
  <testcase name="test_post_update_document_bookmark" time="4.728376789018512" assertions="0">
    <error type="WordsRubySdk::ApiError" message="WordsRubySdk::ApiError: Bad Request...">
WordsRubySdk::ApiError: Bad Request
    C:/Work/aspose-words-cloud-codegen/SDKs/RUBY/lib/words_ruby_sdk/api_client.rb:81:in `call_api'
    C:/Work/aspose-words-cloud-codegen/SDKs/RUBY/lib/words_ruby_sdk/api/words_api.rb:8056:in `post_update_document_bookmark_with_http_info'
    C:/Work/aspose-words-cloud-codegen/SDKs/RUBY/lib/words_ruby_sdk/api/words_api.rb:7981:in `post_update_document_bookmark'
    C:/Work/aspose-words-cloud-codegen/SDKs/RUBY/tests/DocumentElements/bookmarks_tests.rb:79:in `test_post_update_document_bookmark' (WordsRubySdk::ApiError)
C:/Work/aspose-words-cloud-codegen/SDKs/RUBY/lib/words_ruby_sdk/api_client.rb:81    </error>
  </testcase>
  <testcase name="test_get_document_bookmarks" time="4.767002140986733" assertions="0">
    <error type="WordsRubySdk::ApiError" message="WordsRubySdk::ApiError: Bad Request...">
WordsRubySdk::ApiError: Bad Request
    C:/Work/aspose-words-cloud-codegen/SDKs/RUBY/lib/words_ruby_sdk/api_client.rb:81:in `call_api'
    C:/Work/aspose-words-cloud-codegen/SDKs/RUBY/lib/words_ruby_sdk/api/words_api.rb:2810:in `get_document_bookmarks_with_http_info'
    C:/Work/aspose-words-cloud-codegen/SDKs/RUBY/lib/words_ruby_sdk/api/words_api.rb:2755:in `get_document_bookmarks'
    C:/Work/aspose-words-cloud-codegen/SDKs/RUBY/tests/DocumentElements/bookmarks_tests.rb:61:in `test_get_document_bookmarks' (WordsRubySdk::ApiError)
C:/Work/aspose-words-cloud-codegen/SDKs/RUBY/lib/words_ruby_sdk/api_client.rb:81    </error>
  </testcase>
  <testcase name="test_get_document_bookmark_by_name" time="4.619816864025779" assertions="0">
    <error type="WordsRubySdk::ApiError" message="WordsRubySdk::ApiError: Bad Request...">
WordsRubySdk::ApiError: Bad Request
    C:/Work/aspose-words-cloud-codegen/SDKs/RUBY/lib/words_ruby_sdk/api_client.rb:81:in `call_api'
    C:/Work/aspose-words-cloud-codegen/SDKs/RUBY/lib/words_ruby_sdk/api/words_api.rb:2736:in `get_document_bookmark_by_name_with_http_info'
    C:/Work/aspose-words-cloud-codegen/SDKs/RUBY/lib/words_ruby_sdk/api/words_api.rb:2678:in `get_document_bookmark_by_name'
    C:/Work/aspose-words-cloud-codegen/SDKs/RUBY/tests/DocumentElements/bookmarks_tests.rb:46:in `test_get_document_bookmark_by_name' (WordsRubySdk::ApiError)
C:/Work/aspose-words-cloud-codegen/SDKs/RUBY/lib/words_ruby_sdk/api_client.rb:81    </error>
  </testcase>
  <testcase name="test_folder" time="0.9393310049781576" assertions="0">
  </testcase>
  <testcase name="test_get_document_protection" time="4.778087661950849" assertions="0">
    <error type="WordsRubySdk::ApiError" message="WordsRubySdk::ApiError: Bad Request...">
WordsRubySdk::ApiError: Bad Request
    C:/Work/aspose-words-cloud-codegen/SDKs/RUBY/lib/words_ruby_sdk/api_client.rb:81:in `call_api'
    C:/Work/aspose-words-cloud-codegen/SDKs/RUBY/lib/words_ruby_sdk/api/words_api.rb:3988:in `get_document_protection_with_http_info'
    C:/Work/aspose-words-cloud-codegen/SDKs/RUBY/lib/words_ruby_sdk/api/words_api.rb:3933:in `get_document_protection'
    C:/Work/aspose-words-cloud-codegen/SDKs/RUBY/tests/DocumentActions/document_protection_tests.rb:45:in `test_get_document_protection' (WordsRubySdk::ApiError)
C:/Work/aspose-words-cloud-codegen/SDKs/RUBY/lib/words_ruby_sdk/api_client.rb:81    </error>
  </testcase>
  <testcase name="test_delete_unprotect_document" time="7.357641014037654" assertions="0">
    <error type="WordsRubySdk::ApiError" message="WordsRubySdk::ApiError: Bad Request...">
WordsRubySdk::ApiError: Bad Request
    C:/Work/aspose-words-cloud-codegen/SDKs/RUBY/lib/words_ruby_sdk/api_client.rb:81:in `call_api'
    C:/Work/aspose-words-cloud-codegen/SDKs/RUBY/lib/words_ruby_sdk/api/words_api.rb:2221:in `delete_unprotect_document_with_http_info'
    C:/Work/aspose-words-cloud-codegen/SDKs/RUBY/lib/words_ruby_sdk/api/words_api.rb:2159:in `delete_unprotect_document'
    C:/Work/aspose-words-cloud-codegen/SDKs/RUBY/tests/DocumentActions/document_protection_tests.rb:95:in `test_delete_unprotect_document' (WordsRubySdk::ApiError)
C:/Work/aspose-words-cloud-codegen/SDKs/RUBY/lib/words_ruby_sdk/api_client.rb:81    </error>
  </testcase>
  <testcase name="test_folder" time="0.9161083189537749" assertions="0">
  </testcase>
  <testcase name="test_post_change_document_protection" time="4.794063924928196" assertions="0">
    <error type="WordsRubySdk::ApiError" message="WordsRubySdk::ApiError: Bad Request...">
WordsRubySdk::ApiError: Bad Request
    C:/Work/aspose-words-cloud-codegen/SDKs/RUBY/lib/words_ruby_sdk/api_client.rb:81:in `call_api'
    C:/Work/aspose-words-cloud-codegen/SDKs/RUBY/lib/words_ruby_sdk/api/words_api.rb:6375:in `post_change_document_protection_with_http_info'
    C:/Work/aspose-words-cloud-codegen/SDKs/RUBY/lib/words_ruby_sdk/api/words_api.rb:6313:in `post_change_document_protection'
    C:/Work/aspose-words-cloud-codegen/SDKs/RUBY/tests/DocumentActions/document_protection_tests.rb:79:in `test_post_change_document_protection' (WordsRubySdk::ApiError)
C:/Work/aspose-words-cloud-codegen/SDKs/RUBY/lib/words_ruby_sdk/api_client.rb:81    </error>
  </testcase>
  <testcase name="test_put_protect_document" time="4.756762741948478" assertions="0">
    <error type="WordsRubySdk::ApiError" message="WordsRubySdk::ApiError: Bad Request...">
WordsRubySdk::ApiError: Bad Request
    C:/Work/aspose-words-cloud-codegen/SDKs/RUBY/lib/words_ruby_sdk/api_client.rb:81:in `call_api'
    C:/Work/aspose-words-cloud-codegen/SDKs/RUBY/lib/words_ruby_sdk/api/words_api.rb:9430:in `put_protect_document_with_http_info'
    C:/Work/aspose-words-cloud-codegen/SDKs/RUBY/lib/words_ruby_sdk/api/words_api.rb:9368:in `put_protect_document'
    C:/Work/aspose-words-cloud-codegen/SDKs/RUBY/tests/DocumentActions/document_protection_tests.rb:63:in `test_put_protect_document' (WordsRubySdk::ApiError)
C:/Work/aspose-words-cloud-codegen/SDKs/RUBY/lib/words_ruby_sdk/api_client.rb:81    </error>
  </testcase>
  <testcase name="test_folder" time="0.9306666670599952" assertions="0">
  </testcase>
  <testcase name="test_delete_document_macros" time="4.0408551370492205" assertions="0">
    <error type="NoMethodError" message="NoMethodError: undefined method `bytesize' for {}:Hash...">
NoMethodError: undefined method `bytesize' for {}:Hash
    C:/Ruby24-x64/lib/ruby/2.4.0/net/http/generic_request.rb:183:in `send_request_with_body'
    C:/Ruby24-x64/lib/ruby/2.4.0/net/http/generic_request.rb:121:in `exec'
    C:/Ruby24-x64/lib/ruby/2.4.0/net/http.rb:1444:in `block in transport_request'
    C:/Ruby24-x64/lib/ruby/2.4.0/net/http.rb:1443:in `catch'
    C:/Ruby24-x64/lib/ruby/2.4.0/net/http.rb:1443:in `transport_request'
    C:/Ruby24-x64/lib/ruby/2.4.0/net/http.rb:1416:in `request'
    C:/Ruby24-x64/lib/ruby/2.4.0/net/http.rb:1409:in `block in request'
    C:/Ruby24-x64/lib/ruby/2.4.0/net/http.rb:877:in `start'
    C:/Ruby24-x64/lib/ruby/2.4.0/net/http.rb:1407:in `request'
    C:/Ruby24-x64/lib/ruby/gems/2.4.0/gems/faraday-0.14.0/lib/faraday/adapter/net_http.rb:80:in `perform_request'
    C:/Ruby24-x64/lib/ruby/gems/2.4.0/gems/faraday-0.14.0/lib/faraday/adapter/net_http.rb:38:in `block in call'
    C:/Ruby24-x64/lib/ruby/gems/2.4.0/gems/faraday-0.14.0/lib/faraday/adapter/net_http.rb:85:in `with_net_http_connection'
    C:/Ruby24-x64/lib/ruby/gems/2.4.0/gems/faraday-0.14.0/lib/faraday/adapter/net_http.rb:33:in `call'
    C:/Ruby24-x64/lib/ruby/gems/2.4.0/gems/faraday-0.14.0/lib/faraday/request/url_encoded.rb:15:in `call'
    C:/Ruby24-x64/lib/ruby/gems/2.4.0/gems/faraday-0.14.0/lib/faraday/request/multipart.rb:15:in `call'
    C:/Ruby24-x64/lib/ruby/gems/2.4.0/gems/faraday-0.14.0/lib/faraday/rack_builder.rb:143:in `build_response'
    C:/Ruby24-x64/lib/ruby/gems/2.4.0/gems/faraday-0.14.0/lib/faraday/connection.rb:387:in `run_request'
    C:/Ruby24-x64/lib/ruby/gems/2.4.0/gems/faraday-0.14.0/lib/faraday/connection.rb:138:in `delete'
    C:/Work/aspose-words-cloud-codegen/SDKs/RUBY/lib/words_ruby_sdk/api_client.rb:147:in `build_request'
    C:/Work/aspose-words-cloud-codegen/SDKs/RUBY/lib/words_ruby_sdk/api_client.rb:69:in `call_api'
    C:/Work/aspose-words-cloud-codegen/SDKs/RUBY/lib/words_ruby_sdk/api/words_api.rb:705:in `delete_document_macros_with_http_info'
    C:/Work/aspose-words-cloud-codegen/SDKs/RUBY/lib/words_ruby_sdk/api/words_api.rb:635:in `delete_document_macros'
    C:/Work/aspose-words-cloud-codegen/SDKs/RUBY/tests/DocumentElements/macros_tests.rb:45:in `test_delete_document_macros' (NoMethodError)
C:/Ruby24-x64/lib/ruby/2.4.0/net/http/generic_request.rb:183    </error>
  </testcase>
  <testcase name="test_folder" time="0.978840037016198" assertions="0">
  </testcase>
  <testcase name="test_put_field" time="4.803649501991458" assertions="0">
    <error type="WordsRubySdk::ApiError" message="WordsRubySdk::ApiError: Bad Request...">
WordsRubySdk::ApiError: Bad Request
    C:/Work/aspose-words-cloud-codegen/SDKs/RUBY/lib/words_ruby_sdk/api_client.rb:81:in `call_api'
    C:/Work/aspose-words-cloud-codegen/SDKs/RUBY/lib/words_ruby_sdk/api/words_api.rb:8955:in `put_field_with_http_info'
    C:/Work/aspose-words-cloud-codegen/SDKs/RUBY/lib/words_ruby_sdk/api/words_api.rb:8873:in `put_field'
    C:/Work/aspose-words-cloud-codegen/SDKs/RUBY/tests/DocumentElements/fields_tests.rb:97:in `test_put_field' (WordsRubySdk::ApiError)
C:/Work/aspose-words-cloud-codegen/SDKs/RUBY/lib/words_ruby_sdk/api_client.rb:81    </error>
  </testcase>
  <testcase name="test_post_field" time="4.738978254026733" assertions="0">
    <error type="WordsRubySdk::ApiError" message="WordsRubySdk::ApiError: Bad Request...">
WordsRubySdk::ApiError: Bad Request
    C:/Work/aspose-words-cloud-codegen/SDKs/RUBY/lib/words_ruby_sdk/api_client.rb:81:in `call_api'
    C:/Work/aspose-words-cloud-codegen/SDKs/RUBY/lib/words_ruby_sdk/api/words_api.rb:7132:in `post_field_with_http_info'
    C:/Work/aspose-words-cloud-codegen/SDKs/RUBY/lib/words_ruby_sdk/api/words_api.rb:7052:in `post_field'
    C:/Work/aspose-words-cloud-codegen/SDKs/RUBY/tests/DocumentElements/fields_tests.rb:81:in `test_post_field' (WordsRubySdk::ApiError)
C:/Work/aspose-words-cloud-codegen/SDKs/RUBY/lib/words_ruby_sdk/api_client.rb:81    </error>
  </testcase>
  <testcase name="test_post_insert_page_numbers" time="4.696827492909506" assertions="0">
    <error type="WordsRubySdk::ApiError" message="WordsRubySdk::ApiError: Bad Request...">
WordsRubySdk::ApiError: Bad Request
    C:/Work/aspose-words-cloud-codegen/SDKs/RUBY/lib/words_ruby_sdk/api_client.rb:81:in `call_api'
    C:/Work/aspose-words-cloud-codegen/SDKs/RUBY/lib/words_ruby_sdk/api/words_api.rb:7612:in `post_insert_page_numbers_with_http_info'
    C:/Work/aspose-words-cloud-codegen/SDKs/RUBY/lib/words_ruby_sdk/api/words_api.rb:7540:in `post_insert_page_numbers'
    C:/Work/aspose-words-cloud-codegen/SDKs/RUBY/tests/DocumentElements/fields_tests.rb:129:in `test_post_insert_page_numbers' (WordsRubySdk::ApiError)
C:/Work/aspose-words-cloud-codegen/SDKs/RUBY/lib/words_ruby_sdk/api_client.rb:81    </error>
  </testcase>
  <testcase name="test_get_field" time="4.688264112919569" assertions="0">
    <error type="WordsRubySdk::ApiError" message="WordsRubySdk::ApiError: Bad Request...">
WordsRubySdk::ApiError: Bad Request
    C:/Work/aspose-words-cloud-codegen/SDKs/RUBY/lib/words_ruby_sdk/api_client.rb:81:in `call_api'
    C:/Work/aspose-words-cloud-codegen/SDKs/RUBY/lib/words_ruby_sdk/api/words_api.rb:4321:in `get_field_with_http_info'
    C:/Work/aspose-words-cloud-codegen/SDKs/RUBY/lib/words_ruby_sdk/api/words_api.rb:4258:in `get_field'
    C:/Work/aspose-words-cloud-codegen/SDKs/RUBY/tests/DocumentElements/fields_tests.rb:61:in `test_get_field' (WordsRubySdk::ApiError)
C:/Work/aspose-words-cloud-codegen/SDKs/RUBY/lib/words_ruby_sdk/api_client.rb:81    </error>
  </testcase>
  <testcase name="test_post_update_document_fields" time="4.0102904790546745" assertions="0">
    <error type="NoMethodError" message="NoMethodError: undefined method `bytesize' for {}:Hash...">
NoMethodError: undefined method `bytesize' for {}:Hash
    C:/Ruby24-x64/lib/ruby/2.4.0/net/http/generic_request.rb:183:in `send_request_with_body'
    C:/Ruby24-x64/lib/ruby/2.4.0/net/http/generic_request.rb:121:in `exec'
    C:/Ruby24-x64/lib/ruby/2.4.0/net/http.rb:1444:in `block in transport_request'
    C:/Ruby24-x64/lib/ruby/2.4.0/net/http.rb:1443:in `catch'
    C:/Ruby24-x64/lib/ruby/2.4.0/net/http.rb:1443:in `transport_request'
    C:/Ruby24-x64/lib/ruby/2.4.0/net/http.rb:1416:in `request'
    C:/Ruby24-x64/lib/ruby/2.4.0/net/http.rb:1409:in `block in request'
    C:/Ruby24-x64/lib/ruby/2.4.0/net/http.rb:877:in `start'
    C:/Ruby24-x64/lib/ruby/2.4.0/net/http.rb:1407:in `request'
    C:/Ruby24-x64/lib/ruby/gems/2.4.0/gems/faraday-0.14.0/lib/faraday/adapter/net_http.rb:80:in `perform_request'
    C:/Ruby24-x64/lib/ruby/gems/2.4.0/gems/faraday-0.14.0/lib/faraday/adapter/net_http.rb:38:in `block in call'
    C:/Ruby24-x64/lib/ruby/gems/2.4.0/gems/faraday-0.14.0/lib/faraday/adapter/net_http.rb:85:in `with_net_http_connection'
    C:/Ruby24-x64/lib/ruby/gems/2.4.0/gems/faraday-0.14.0/lib/faraday/adapter/net_http.rb:33:in `call'
    C:/Ruby24-x64/lib/ruby/gems/2.4.0/gems/faraday-0.14.0/lib/faraday/request/url_encoded.rb:15:in `call'
    C:/Ruby24-x64/lib/ruby/gems/2.4.0/gems/faraday-0.14.0/lib/faraday/request/multipart.rb:15:in `call'
    C:/Ruby24-x64/lib/ruby/gems/2.4.0/gems/faraday-0.14.0/lib/faraday/rack_builder.rb:143:in `build_response'
    C:/Ruby24-x64/lib/ruby/gems/2.4.0/gems/faraday-0.14.0/lib/faraday/connection.rb:387:in `run_request'
    C:/Ruby24-x64/lib/ruby/gems/2.4.0/gems/faraday-0.14.0/lib/faraday/connection.rb:175:in `post'
    C:/Work/aspose-words-cloud-codegen/SDKs/RUBY/lib/words_ruby_sdk/api_client.rb:141:in `build_request'
    C:/Work/aspose-words-cloud-codegen/SDKs/RUBY/lib/words_ruby_sdk/api_client.rb:69:in `call_api'
    C:/Work/aspose-words-cloud-codegen/SDKs/RUBY/lib/words_ruby_sdk/api/words_api.rb:8135:in `post_update_document_fields_with_http_info'
    C:/Work/aspose-words-cloud-codegen/SDKs/RUBY/lib/words_ruby_sdk/api/words_api.rb:8075:in `post_update_document_fields'
    C:/Work/aspose-words-cloud-codegen/SDKs/RUBY/tests/DocumentElements/fields_tests.rb:112:in `test_post_update_document_fields' (NoMethodError)
C:/Ruby24-x64/lib/ruby/2.4.0/net/http/generic_request.rb:183    </error>
  </testcase>
  <testcase name="test_get_fields" time="4.738322629011236" assertions="0">
    <error type="WordsRubySdk::ApiError" message="WordsRubySdk::ApiError: Bad Request...">
WordsRubySdk::ApiError: Bad Request
    C:/Work/aspose-words-cloud-codegen/SDKs/RUBY/lib/words_ruby_sdk/api_client.rb:81:in `call_api'
    C:/Work/aspose-words-cloud-codegen/SDKs/RUBY/lib/words_ruby_sdk/api/words_api.rb:4400:in `get_fields_with_http_info'
    C:/Work/aspose-words-cloud-codegen/SDKs/RUBY/lib/words_ruby_sdk/api/words_api.rb:4340:in `get_fields'
    C:/Work/aspose-words-cloud-codegen/SDKs/RUBY/tests/DocumentElements/fields_tests.rb:45:in `test_get_fields' (WordsRubySdk::ApiError)
C:/Work/aspose-words-cloud-codegen/SDKs/RUBY/lib/words_ruby_sdk/api_client.rb:81    </error>
  </testcase>
  <testcase name="test_delete_field" time="4.014945653034374" assertions="0">
    <error type="NoMethodError" message="NoMethodError: undefined method `bytesize' for {}:Hash...">
NoMethodError: undefined method `bytesize' for {}:Hash
    C:/Ruby24-x64/lib/ruby/2.4.0/net/http/generic_request.rb:183:in `send_request_with_body'
    C:/Ruby24-x64/lib/ruby/2.4.0/net/http/generic_request.rb:121:in `exec'
    C:/Ruby24-x64/lib/ruby/2.4.0/net/http.rb:1444:in `block in transport_request'
    C:/Ruby24-x64/lib/ruby/2.4.0/net/http.rb:1443:in `catch'
    C:/Ruby24-x64/lib/ruby/2.4.0/net/http.rb:1443:in `transport_request'
    C:/Ruby24-x64/lib/ruby/2.4.0/net/http.rb:1416:in `request'
    C:/Ruby24-x64/lib/ruby/2.4.0/net/http.rb:1409:in `block in request'
    C:/Ruby24-x64/lib/ruby/2.4.0/net/http.rb:877:in `start'
    C:/Ruby24-x64/lib/ruby/2.4.0/net/http.rb:1407:in `request'
    C:/Ruby24-x64/lib/ruby/gems/2.4.0/gems/faraday-0.14.0/lib/faraday/adapter/net_http.rb:80:in `perform_request'
    C:/Ruby24-x64/lib/ruby/gems/2.4.0/gems/faraday-0.14.0/lib/faraday/adapter/net_http.rb:38:in `block in call'
    C:/Ruby24-x64/lib/ruby/gems/2.4.0/gems/faraday-0.14.0/lib/faraday/adapter/net_http.rb:85:in `with_net_http_connection'
    C:/Ruby24-x64/lib/ruby/gems/2.4.0/gems/faraday-0.14.0/lib/faraday/adapter/net_http.rb:33:in `call'
    C:/Ruby24-x64/lib/ruby/gems/2.4.0/gems/faraday-0.14.0/lib/faraday/request/url_encoded.rb:15:in `call'
    C:/Ruby24-x64/lib/ruby/gems/2.4.0/gems/faraday-0.14.0/lib/faraday/request/multipart.rb:15:in `call'
    C:/Ruby24-x64/lib/ruby/gems/2.4.0/gems/faraday-0.14.0/lib/faraday/rack_builder.rb:143:in `build_response'
    C:/Ruby24-x64/lib/ruby/gems/2.4.0/gems/faraday-0.14.0/lib/faraday/connection.rb:387:in `run_request'
    C:/Ruby24-x64/lib/ruby/gems/2.4.0/gems/faraday-0.14.0/lib/faraday/connection.rb:138:in `delete'
    C:/Work/aspose-words-cloud-codegen/SDKs/RUBY/lib/words_ruby_sdk/api_client.rb:147:in `build_request'
    C:/Work/aspose-words-cloud-codegen/SDKs/RUBY/lib/words_ruby_sdk/api_client.rb:69:in `call_api'
    C:/Work/aspose-words-cloud-codegen/SDKs/RUBY/lib/words_ruby_sdk/api/words_api.rb:1080:in `delete_field_with_http_info'
    C:/Work/aspose-words-cloud-codegen/SDKs/RUBY/lib/words_ruby_sdk/api/words_api.rb:1002:in `delete_field'
    C:/Work/aspose-words-cloud-codegen/SDKs/RUBY/tests/DocumentElements/fields_tests.rb:145:in `test_delete_field' (NoMethodError)
C:/Ruby24-x64/lib/ruby/2.4.0/net/http/generic_request.rb:183    </error>
  </testcase>
  <testcase name="test_delete_fields" time="4.001389972050674" assertions="0">
    <error type="NoMethodError" message="NoMethodError: undefined method `bytesize' for {}:Hash...">
NoMethodError: undefined method `bytesize' for {}:Hash
    C:/Ruby24-x64/lib/ruby/2.4.0/net/http/generic_request.rb:183:in `send_request_with_body'
    C:/Ruby24-x64/lib/ruby/2.4.0/net/http/generic_request.rb:121:in `exec'
    C:/Ruby24-x64/lib/ruby/2.4.0/net/http.rb:1444:in `block in transport_request'
    C:/Ruby24-x64/lib/ruby/2.4.0/net/http.rb:1443:in `catch'
    C:/Ruby24-x64/lib/ruby/2.4.0/net/http.rb:1443:in `transport_request'
    C:/Ruby24-x64/lib/ruby/2.4.0/net/http.rb:1416:in `request'
    C:/Ruby24-x64/lib/ruby/2.4.0/net/http.rb:1409:in `block in request'
    C:/Ruby24-x64/lib/ruby/2.4.0/net/http.rb:877:in `start'
    C:/Ruby24-x64/lib/ruby/2.4.0/net/http.rb:1407:in `request'
    C:/Ruby24-x64/lib/ruby/gems/2.4.0/gems/faraday-0.14.0/lib/faraday/adapter/net_http.rb:80:in `perform_request'
    C:/Ruby24-x64/lib/ruby/gems/2.4.0/gems/faraday-0.14.0/lib/faraday/adapter/net_http.rb:38:in `block in call'
    C:/Ruby24-x64/lib/ruby/gems/2.4.0/gems/faraday-0.14.0/lib/faraday/adapter/net_http.rb:85:in `with_net_http_connection'
    C:/Ruby24-x64/lib/ruby/gems/2.4.0/gems/faraday-0.14.0/lib/faraday/adapter/net_http.rb:33:in `call'
    C:/Ruby24-x64/lib/ruby/gems/2.4.0/gems/faraday-0.14.0/lib/faraday/request/url_encoded.rb:15:in `call'
    C:/Ruby24-x64/lib/ruby/gems/2.4.0/gems/faraday-0.14.0/lib/faraday/request/multipart.rb:15:in `call'
    C:/Ruby24-x64/lib/ruby/gems/2.4.0/gems/faraday-0.14.0/lib/faraday/rack_builder.rb:143:in `build_response'
    C:/Ruby24-x64/lib/ruby/gems/2.4.0/gems/faraday-0.14.0/lib/faraday/connection.rb:387:in `run_request'
    C:/Ruby24-x64/lib/ruby/gems/2.4.0/gems/faraday-0.14.0/lib/faraday/connection.rb:138:in `delete'
    C:/Work/aspose-words-cloud-codegen/SDKs/RUBY/lib/words_ruby_sdk/api_client.rb:147:in `build_request'
    C:/Work/aspose-words-cloud-codegen/SDKs/RUBY/lib/words_ruby_sdk/api_client.rb:69:in `call_api'
    C:/Work/aspose-words-cloud-codegen/SDKs/RUBY/lib/words_ruby_sdk/api/words_api.rb:1174:in `delete_fields_with_http_info'
    C:/Work/aspose-words-cloud-codegen/SDKs/RUBY/lib/words_ruby_sdk/api/words_api.rb:1099:in `delete_fields'
    C:/Work/aspose-words-cloud-codegen/SDKs/RUBY/tests/DocumentElements/fields_tests.rb:160:in `test_delete_fields' (NoMethodError)
C:/Ruby24-x64/lib/ruby/2.4.0/net/http/generic_request.rb:183    </error>
  </testcase>
  <testcase name="test_get_document_text_items" time="4.647332957945764" assertions="0">
    <error type="WordsRubySdk::ApiError" message="WordsRubySdk::ApiError: Bad Request...">
WordsRubySdk::ApiError: Bad Request
    C:/Work/aspose-words-cloud-codegen/SDKs/RUBY/lib/words_ruby_sdk/api_client.rb:81:in `call_api'
    C:/Work/aspose-words-cloud-codegen/SDKs/RUBY/lib/words_ruby_sdk/api/words_api.rb:4151:in `get_document_text_items_with_http_info'
    C:/Work/aspose-words-cloud-codegen/SDKs/RUBY/lib/words_ruby_sdk/api/words_api.rb:4096:in `get_document_text_items'
    C:/Work/aspose-words-cloud-codegen/SDKs/RUBY/tests/DocumentElements/text_tests.rb:45:in `test_get_document_text_items' (WordsRubySdk::ApiError)
C:/Work/aspose-words-cloud-codegen/SDKs/RUBY/lib/words_ruby_sdk/api_client.rb:81    </error>
  </testcase>
  <testcase name="test_post_replace_text" time="4.615196545026265" assertions="0">
    <error type="WordsRubySdk::ApiError" message="WordsRubySdk::ApiError: Bad Request...">
WordsRubySdk::ApiError: Bad Request
    C:/Work/aspose-words-cloud-codegen/SDKs/RUBY/lib/words_ruby_sdk/api_client.rb:81:in `call_api'
    C:/Work/aspose-words-cloud-codegen/SDKs/RUBY/lib/words_ruby_sdk/api/words_api.rb:7761:in `post_replace_text_with_http_info'
    C:/Work/aspose-words-cloud-codegen/SDKs/RUBY/lib/words_ruby_sdk/api/words_api.rb:7689:in `post_replace_text'
    C:/Work/aspose-words-cloud-codegen/SDKs/RUBY/tests/DocumentElements/text_tests.rb:62:in `test_post_replace_text' (WordsRubySdk::ApiError)
C:/Work/aspose-words-cloud-codegen/SDKs/RUBY/lib/words_ruby_sdk/api_client.rb:81    </error>
  </testcase>
  <testcase name="test_search" time="4.628805108019151" assertions="0">
    <error type="WordsRubySdk::ApiError" message="WordsRubySdk::ApiError: Bad Request...">
WordsRubySdk::ApiError: Bad Request
    C:/Work/aspose-words-cloud-codegen/SDKs/RUBY/lib/words_ruby_sdk/api_client.rb:81:in `call_api'
    C:/Work/aspose-words-cloud-codegen/SDKs/RUBY/lib/words_ruby_sdk/api/words_api.rb:10187:in `search_with_http_info'
    C:/Work/aspose-words-cloud-codegen/SDKs/RUBY/lib/words_ruby_sdk/api/words_api.rb:10128:in `search'
    C:/Work/aspose-words-cloud-codegen/SDKs/RUBY/tests/DocumentElements/text_tests.rb:78:in `test_search' (WordsRubySdk::ApiError)
C:/Work/aspose-words-cloud-codegen/SDKs/RUBY/lib/words_ruby_sdk/api_client.rb:81    </error>
  </testcase>
  <testcase name="test_folder" time="0.9521132769295946" assertions="0">
  </testcase>
  <testcase name="test_post_compare_document" time="6.960402929107659" assertions="0">
    <error type="WordsRubySdk::ApiError" message="WordsRubySdk::ApiError: Bad Request...">
WordsRubySdk::ApiError: Bad Request
    C:/Work/aspose-words-cloud-codegen/SDKs/RUBY/lib/words_ruby_sdk/api_client.rb:81:in `call_api'
    C:/Work/aspose-words-cloud-codegen/SDKs/RUBY/lib/words_ruby_sdk/api/words_api.rb:6550:in `post_compare_document_with_http_info'
    C:/Work/aspose-words-cloud-codegen/SDKs/RUBY/lib/words_ruby_sdk/api/words_api.rb:6488:in `post_compare_document'
    C:/Work/aspose-words-cloud-codegen/SDKs/RUBY/tests/DocumentActions/compare_document_tests.rb:55:in `test_post_compare_document' (WordsRubySdk::ApiError)
C:/Work/aspose-words-cloud-codegen/SDKs/RUBY/lib/words_ruby_sdk/api_client.rb:81    </error>
  </testcase>
  <testcase name="test_folder" time="0.9322303099324927" assertions="0">
  </testcase>
  <testcase name="test_get_header_footers" time="4.6746967129874974" assertions="0">
    <error type="WordsRubySdk::ApiError" message="WordsRubySdk::ApiError: Bad Request...">
WordsRubySdk::ApiError: Bad Request
    C:/Work/aspose-words-cloud-codegen/SDKs/RUBY/lib/words_ruby_sdk/api_client.rb:81:in `call_api'
    C:/Work/aspose-words-cloud-codegen/SDKs/RUBY/lib/words_ruby_sdk/api/words_api.rb:4973:in `get_header_footers_with_http_info'
    C:/Work/aspose-words-cloud-codegen/SDKs/RUBY/lib/words_ruby_sdk/api/words_api.rb:4908:in `get_header_footers'
    C:/Work/aspose-words-cloud-codegen/SDKs/RUBY/tests/DocumentElements/header_footers_tests.rb:77:in `test_get_header_footers' (WordsRubySdk::ApiError)
C:/Work/aspose-words-cloud-codegen/SDKs/RUBY/lib/words_ruby_sdk/api_client.rb:81    </error>
  </testcase>
  <testcase name="test_delete_headers_footers" time="3.991256638080813" assertions="0">
    <error type="NoMethodError" message="NoMethodError: undefined method `bytesize' for {}:Hash...">
NoMethodError: undefined method `bytesize' for {}:Hash
    C:/Ruby24-x64/lib/ruby/2.4.0/net/http/generic_request.rb:183:in `send_request_with_body'
    C:/Ruby24-x64/lib/ruby/2.4.0/net/http/generic_request.rb:121:in `exec'
    C:/Ruby24-x64/lib/ruby/2.4.0/net/http.rb:1444:in `block in transport_request'
    C:/Ruby24-x64/lib/ruby/2.4.0/net/http.rb:1443:in `catch'
    C:/Ruby24-x64/lib/ruby/2.4.0/net/http.rb:1443:in `transport_request'
    C:/Ruby24-x64/lib/ruby/2.4.0/net/http.rb:1416:in `request'
    C:/Ruby24-x64/lib/ruby/2.4.0/net/http.rb:1409:in `block in request'
    C:/Ruby24-x64/lib/ruby/2.4.0/net/http.rb:877:in `start'
    C:/Ruby24-x64/lib/ruby/2.4.0/net/http.rb:1407:in `request'
    C:/Ruby24-x64/lib/ruby/gems/2.4.0/gems/faraday-0.14.0/lib/faraday/adapter/net_http.rb:80:in `perform_request'
    C:/Ruby24-x64/lib/ruby/gems/2.4.0/gems/faraday-0.14.0/lib/faraday/adapter/net_http.rb:38:in `block in call'
    C:/Ruby24-x64/lib/ruby/gems/2.4.0/gems/faraday-0.14.0/lib/faraday/adapter/net_http.rb:85:in `with_net_http_connection'
    C:/Ruby24-x64/lib/ruby/gems/2.4.0/gems/faraday-0.14.0/lib/faraday/adapter/net_http.rb:33:in `call'
    C:/Ruby24-x64/lib/ruby/gems/2.4.0/gems/faraday-0.14.0/lib/faraday/request/url_encoded.rb:15:in `call'
    C:/Ruby24-x64/lib/ruby/gems/2.4.0/gems/faraday-0.14.0/lib/faraday/request/multipart.rb:15:in `call'
    C:/Ruby24-x64/lib/ruby/gems/2.4.0/gems/faraday-0.14.0/lib/faraday/rack_builder.rb:143:in `build_response'
    C:/Ruby24-x64/lib/ruby/gems/2.4.0/gems/faraday-0.14.0/lib/faraday/connection.rb:387:in `run_request'
    C:/Ruby24-x64/lib/ruby/gems/2.4.0/gems/faraday-0.14.0/lib/faraday/connection.rb:138:in `delete'
    C:/Work/aspose-words-cloud-codegen/SDKs/RUBY/lib/words_ruby_sdk/api_client.rb:147:in `build_request'
    C:/Work/aspose-words-cloud-codegen/SDKs/RUBY/lib/words_ruby_sdk/api_client.rb:69:in `call_api'
    C:/Work/aspose-words-cloud-codegen/SDKs/RUBY/lib/words_ruby_sdk/api/words_api.rb:1564:in `delete_headers_footers_with_http_info'
    C:/Work/aspose-words-cloud-codegen/SDKs/RUBY/lib/words_ruby_sdk/api/words_api.rb:1484:in `delete_headers_footers'
    C:/Work/aspose-words-cloud-codegen/SDKs/RUBY/tests/DocumentElements/header_footers_tests.rb:125:in `test_delete_headers_footers' (NoMethodError)
C:/Ruby24-x64/lib/ruby/2.4.0/net/http/generic_request.rb:183    </error>
  </testcase>
  <testcase name="test_get_header_footer" time="4.963292845059186" assertions="0">
    <error type="WordsRubySdk::ApiError" message="WordsRubySdk::ApiError: Bad Request...">
WordsRubySdk::ApiError: Bad Request
    C:/Work/aspose-words-cloud-codegen/SDKs/RUBY/lib/words_ruby_sdk/api_client.rb:81:in `call_api'
    C:/Work/aspose-words-cloud-codegen/SDKs/RUBY/lib/words_ruby_sdk/api/words_api.rb:4804:in `get_header_footer_with_http_info'
    C:/Work/aspose-words-cloud-codegen/SDKs/RUBY/lib/words_ruby_sdk/api/words_api.rb:4741:in `get_header_footer'
    C:/Work/aspose-words-cloud-codegen/SDKs/RUBY/tests/DocumentElements/header_footers_tests.rb:62:in `test_get_header_footer' (WordsRubySdk::ApiError)
C:/Work/aspose-words-cloud-codegen/SDKs/RUBY/lib/words_ruby_sdk/api_client.rb:81    </error>
  </testcase>
  <testcase name="test_get_header_footer_of_section" time="4.696645408053882" assertions="0">
    <error type="WordsRubySdk::ApiError" message="WordsRubySdk::ApiError: Bad Request...">
WordsRubySdk::ApiError: Bad Request
    C:/Work/aspose-words-cloud-codegen/SDKs/RUBY/lib/words_ruby_sdk/api_client.rb:81:in `call_api'
    C:/Work/aspose-words-cloud-codegen/SDKs/RUBY/lib/words_ruby_sdk/api/words_api.rb:4889:in `get_header_footer_of_section_with_http_info'
    C:/Work/aspose-words-cloud-codegen/SDKs/RUBY/lib/words_ruby_sdk/api/words_api.rb:4823:in `get_header_footer_of_section'
    C:/Work/aspose-words-cloud-codegen/SDKs/RUBY/tests/DocumentElements/header_footers_tests.rb:94:in `test_get_header_footer_of_section' (WordsRubySdk::ApiError)
C:/Work/aspose-words-cloud-codegen/SDKs/RUBY/lib/words_ruby_sdk/api_client.rb:81    </error>
  </testcase>
  <testcase name="test_delete_header_footer" time="4.078567961929366" assertions="0">
    <error type="NoMethodError" message="NoMethodError: undefined method `bytesize' for {}:Hash...">
NoMethodError: undefined method `bytesize' for {}:Hash
    C:/Ruby24-x64/lib/ruby/2.4.0/net/http/generic_request.rb:183:in `send_request_with_body'
    C:/Ruby24-x64/lib/ruby/2.4.0/net/http/generic_request.rb:121:in `exec'
    C:/Ruby24-x64/lib/ruby/2.4.0/net/http.rb:1444:in `block in transport_request'
    C:/Ruby24-x64/lib/ruby/2.4.0/net/http.rb:1443:in `catch'
    C:/Ruby24-x64/lib/ruby/2.4.0/net/http.rb:1443:in `transport_request'
    C:/Ruby24-x64/lib/ruby/2.4.0/net/http.rb:1416:in `request'
    C:/Ruby24-x64/lib/ruby/2.4.0/net/http.rb:1409:in `block in request'
    C:/Ruby24-x64/lib/ruby/2.4.0/net/http.rb:877:in `start'
    C:/Ruby24-x64/lib/ruby/2.4.0/net/http.rb:1407:in `request'
    C:/Ruby24-x64/lib/ruby/gems/2.4.0/gems/faraday-0.14.0/lib/faraday/adapter/net_http.rb:80:in `perform_request'
    C:/Ruby24-x64/lib/ruby/gems/2.4.0/gems/faraday-0.14.0/lib/faraday/adapter/net_http.rb:38:in `block in call'
    C:/Ruby24-x64/lib/ruby/gems/2.4.0/gems/faraday-0.14.0/lib/faraday/adapter/net_http.rb:85:in `with_net_http_connection'
    C:/Ruby24-x64/lib/ruby/gems/2.4.0/gems/faraday-0.14.0/lib/faraday/adapter/net_http.rb:33:in `call'
    C:/Ruby24-x64/lib/ruby/gems/2.4.0/gems/faraday-0.14.0/lib/faraday/request/url_encoded.rb:15:in `call'
    C:/Ruby24-x64/lib/ruby/gems/2.4.0/gems/faraday-0.14.0/lib/faraday/request/multipart.rb:15:in `call'
    C:/Ruby24-x64/lib/ruby/gems/2.4.0/gems/faraday-0.14.0/lib/faraday/rack_builder.rb:143:in `build_response'
    C:/Ruby24-x64/lib/ruby/gems/2.4.0/gems/faraday-0.14.0/lib/faraday/connection.rb:387:in `run_request'
    C:/Ruby24-x64/lib/ruby/gems/2.4.0/gems/faraday-0.14.0/lib/faraday/connection.rb:138:in `delete'
    C:/Work/aspose-words-cloud-codegen/SDKs/RUBY/lib/words_ruby_sdk/api_client.rb:147:in `build_request'
    C:/Work/aspose-words-cloud-codegen/SDKs/RUBY/lib/words_ruby_sdk/api_client.rb:69:in `call_api'
    C:/Work/aspose-words-cloud-codegen/SDKs/RUBY/lib/words_ruby_sdk/api/words_api.rb:1465:in `delete_header_footer_with_http_info'
    C:/Work/aspose-words-cloud-codegen/SDKs/RUBY/lib/words_ruby_sdk/api/words_api.rb:1387:in `delete_header_footer'
    C:/Work/aspose-words-cloud-codegen/SDKs/RUBY/tests/DocumentElements/header_footers_tests.rb:110:in `test_delete_header_footer' (NoMethodError)
C:/Ruby24-x64/lib/ruby/2.4.0/net/http/generic_request.rb:183    </error>
  </testcase>
  <testcase name="test_folder" time="0.9098029680317268" assertions="0">
  </testcase>
  <testcase name="test_put_header_footer" time="4.6388492019614205" assertions="0">
    <error type="WordsRubySdk::ApiError" message="WordsRubySdk::ApiError: Bad Request...">
WordsRubySdk::ApiError: Bad Request
    C:/Work/aspose-words-cloud-codegen/SDKs/RUBY/lib/words_ruby_sdk/api_client.rb:81:in `call_api'
    C:/Work/aspose-words-cloud-codegen/SDKs/RUBY/lib/words_ruby_sdk/api/words_api.rb:9248:in `put_header_footer_with_http_info'
    C:/Work/aspose-words-cloud-codegen/SDKs/RUBY/lib/words_ruby_sdk/api/words_api.rb:9171:in `put_header_footer'
    C:/Work/aspose-words-cloud-codegen/SDKs/RUBY/tests/DocumentElements/header_footers_tests.rb:46:in `test_put_header_footer' (WordsRubySdk::ApiError)
C:/Work/aspose-words-cloud-codegen/SDKs/RUBY/lib/words_ruby_sdk/api_client.rb:81    </error>
  </testcase>
  <testcase name="test_folder" time="0.9607325439574197" assertions="0">
  </testcase>
  <testcase name="test_get_form_field" time="4.669827305013314" assertions="0">
    <error type="WordsRubySdk::ApiError" message="WordsRubySdk::ApiError: Bad Request...">
WordsRubySdk::ApiError: Bad Request
    C:/Work/aspose-words-cloud-codegen/SDKs/RUBY/lib/words_ruby_sdk/api_client.rb:81:in `call_api'
    C:/Work/aspose-words-cloud-codegen/SDKs/RUBY/lib/words_ruby_sdk/api/words_api.rb:4643:in `get_form_field_with_http_info'
    C:/Work/aspose-words-cloud-codegen/SDKs/RUBY/lib/words_ruby_sdk/api/words_api.rb:4580:in `get_form_field'
    C:/Work/aspose-words-cloud-codegen/SDKs/RUBY/tests/DocumentElements/form_field_tests.rb:100:in `test_get_form_field' (WordsRubySdk::ApiError)
C:/Work/aspose-words-cloud-codegen/SDKs/RUBY/lib/words_ruby_sdk/api_client.rb:81    </error>
  </testcase>
  <testcase name="test_put_form_field" time="0.9385726189939305" assertions="0">
    <error type="ArgumentError" message="ArgumentError: invalid value for 'text_input_type', must be one of [&quot;\&quot;Regular\&quot;,&quot;, &quot;\&quot;Number\&quot;,&quot;, &quot;\&quot;Date\&quot;,&quot;, &quot;\&quot;CurrentDate\&quot;,&quot;, &quot;\&quot;CurrentTime\&quot;,&quot;, &quot;\&quot;Calculated\&quot;&quot;]....">
ArgumentError: invalid value for 'text_input_type', must be one of ["\"Regular\",", "\"Number\",", "\"Date\",", "\"CurrentDate\",", "\"CurrentTime\",", "\"Calculated\""].
    C:/Work/aspose-words-cloud-codegen/SDKs/RUBY/lib/words_ruby_sdk/models/form_field_text_input.rb:234:in `text_input_type='
    C:/Work/aspose-words-cloud-codegen/SDKs/RUBY/lib/words_ruby_sdk/models/form_field_text_input.rb:208:in `initialize'
    C:/Work/aspose-words-cloud-codegen/SDKs/RUBY/tests/DocumentElements/form_field_tests.rb:60:in `new'
    C:/Work/aspose-words-cloud-codegen/SDKs/RUBY/tests/DocumentElements/form_field_tests.rb:60:in `test_put_form_field' (ArgumentError)
C:/Work/aspose-words-cloud-codegen/SDKs/RUBY/lib/words_ruby_sdk/models/form_field_text_input.rb:234    </error>
  </testcase>
  <testcase name="test_get_form_fields" time="4.596944225020707" assertions="0">
    <error type="WordsRubySdk::ApiError" message="WordsRubySdk::ApiError: Bad Request...">
WordsRubySdk::ApiError: Bad Request
    C:/Work/aspose-words-cloud-codegen/SDKs/RUBY/lib/words_ruby_sdk/api_client.rb:81:in `call_api'
    C:/Work/aspose-words-cloud-codegen/SDKs/RUBY/lib/words_ruby_sdk/api/words_api.rb:4722:in `get_form_fields_with_http_info'
    C:/Work/aspose-words-cloud-codegen/SDKs/RUBY/lib/words_ruby_sdk/api/words_api.rb:4662:in `get_form_fields'
    C:/Work/aspose-words-cloud-codegen/SDKs/RUBY/tests/DocumentElements/form_field_tests.rb:115:in `test_get_form_fields' (WordsRubySdk::ApiError)
C:/Work/aspose-words-cloud-codegen/SDKs/RUBY/lib/words_ruby_sdk/api_client.rb:81    </error>
  </testcase>
  <testcase name="test_post_form_field" time="0.9423876799410209" assertions="0">
    <error type="ArgumentError" message="ArgumentError: invalid value for 'text_input_type', must be one of [&quot;\&quot;Regular\&quot;,&quot;, &quot;\&quot;Number\&quot;,&quot;, &quot;\&quot;Date\&quot;,&quot;, &quot;\&quot;CurrentDate\&quot;,&quot;, &quot;\&quot;CurrentTime\&quot;,&quot;, &quot;\&quot;Calculated\&quot;&quot;]....">
ArgumentError: invalid value for 'text_input_type', must be one of ["\"Regular\",", "\"Number\",", "\"Date\",", "\"CurrentDate\",", "\"CurrentTime\",", "\"Calculated\""].
    C:/Work/aspose-words-cloud-codegen/SDKs/RUBY/lib/words_ruby_sdk/models/form_field_text_input.rb:234:in `text_input_type='
    C:/Work/aspose-words-cloud-codegen/SDKs/RUBY/lib/words_ruby_sdk/models/form_field_text_input.rb:208:in `initialize'
    C:/Work/aspose-words-cloud-codegen/SDKs/RUBY/tests/DocumentElements/form_field_tests.rb:42:in `new'
    C:/Work/aspose-words-cloud-codegen/SDKs/RUBY/tests/DocumentElements/form_field_tests.rb:42:in `test_post_form_field' (ArgumentError)
C:/Work/aspose-words-cloud-codegen/SDKs/RUBY/lib/words_ruby_sdk/models/form_field_text_input.rb:234    </error>
  </testcase>
  <testcase name="test_delete_form_field" time="3.9900069859577343" assertions="0">
    <error type="NoMethodError" message="NoMethodError: undefined method `bytesize' for {}:Hash...">
NoMethodError: undefined method `bytesize' for {}:Hash
    C:/Ruby24-x64/lib/ruby/2.4.0/net/http/generic_request.rb:183:in `send_request_with_body'
    C:/Ruby24-x64/lib/ruby/2.4.0/net/http/generic_request.rb:121:in `exec'
    C:/Ruby24-x64/lib/ruby/2.4.0/net/http.rb:1444:in `block in transport_request'
    C:/Ruby24-x64/lib/ruby/2.4.0/net/http.rb:1443:in `catch'
    C:/Ruby24-x64/lib/ruby/2.4.0/net/http.rb:1443:in `transport_request'
    C:/Ruby24-x64/lib/ruby/2.4.0/net/http.rb:1416:in `request'
    C:/Ruby24-x64/lib/ruby/2.4.0/net/http.rb:1409:in `block in request'
    C:/Ruby24-x64/lib/ruby/2.4.0/net/http.rb:877:in `start'
    C:/Ruby24-x64/lib/ruby/2.4.0/net/http.rb:1407:in `request'
    C:/Ruby24-x64/lib/ruby/gems/2.4.0/gems/faraday-0.14.0/lib/faraday/adapter/net_http.rb:80:in `perform_request'
    C:/Ruby24-x64/lib/ruby/gems/2.4.0/gems/faraday-0.14.0/lib/faraday/adapter/net_http.rb:38:in `block in call'
    C:/Ruby24-x64/lib/ruby/gems/2.4.0/gems/faraday-0.14.0/lib/faraday/adapter/net_http.rb:85:in `with_net_http_connection'
    C:/Ruby24-x64/lib/ruby/gems/2.4.0/gems/faraday-0.14.0/lib/faraday/adapter/net_http.rb:33:in `call'
    C:/Ruby24-x64/lib/ruby/gems/2.4.0/gems/faraday-0.14.0/lib/faraday/request/url_encoded.rb:15:in `call'
    C:/Ruby24-x64/lib/ruby/gems/2.4.0/gems/faraday-0.14.0/lib/faraday/request/multipart.rb:15:in `call'
    C:/Ruby24-x64/lib/ruby/gems/2.4.0/gems/faraday-0.14.0/lib/faraday/rack_builder.rb:143:in `build_response'
    C:/Ruby24-x64/lib/ruby/gems/2.4.0/gems/faraday-0.14.0/lib/faraday/connection.rb:387:in `run_request'
    C:/Ruby24-x64/lib/ruby/gems/2.4.0/gems/faraday-0.14.0/lib/faraday/connection.rb:138:in `delete'
    C:/Work/aspose-words-cloud-codegen/SDKs/RUBY/lib/words_ruby_sdk/api_client.rb:147:in `build_request'
    C:/Work/aspose-words-cloud-codegen/SDKs/RUBY/lib/words_ruby_sdk/api_client.rb:69:in `call_api'
    C:/Work/aspose-words-cloud-codegen/SDKs/RUBY/lib/words_ruby_sdk/api/words_api.rb:1368:in `delete_form_field_with_http_info'
    C:/Work/aspose-words-cloud-codegen/SDKs/RUBY/lib/words_ruby_sdk/api/words_api.rb:1290:in `delete_form_field'
    C:/Work/aspose-words-cloud-codegen/SDKs/RUBY/tests/DocumentElements/form_field_tests.rb:84:in `test_delete_form_field' (NoMethodError)
C:/Ruby24-x64/lib/ruby/2.4.0/net/http/generic_request.rb:183    </error>
  </testcase>
  <testcase name="test_get_section_page_setup" time="4.5838801129721105" assertions="0">
    <error type="WordsRubySdk::ApiError" message="WordsRubySdk::ApiError: Bad Request...">
WordsRubySdk::ApiError: Bad Request
    C:/Work/aspose-words-cloud-codegen/SDKs/RUBY/lib/words_ruby_sdk/api_client.rb:81:in `call_api'
    C:/Work/aspose-words-cloud-codegen/SDKs/RUBY/lib/words_ruby_sdk/api/words_api.rb:5288:in `get_section_page_setup_with_http_info'
    C:/Work/aspose-words-cloud-codegen/SDKs/RUBY/lib/words_ruby_sdk/api/words_api.rb:5230:in `get_section_page_setup'
    C:/Work/aspose-words-cloud-codegen/SDKs/RUBY/tests/DocumentElements/pages_tests.rb:63:in `test_get_section_page_setup' (WordsRubySdk::ApiError)
C:/Work/aspose-words-cloud-codegen/SDKs/RUBY/lib/words_ruby_sdk/api_client.rb:81    </error>
  </testcase>
  <testcase name="test_update_section_page_setup" time="0.9398276809370145" assertions="0">
    <error type="ArgumentError" message="ArgumentError: invalid value for 'orientation', must be one of [&quot;\&quot;Portrait\&quot;,&quot;, &quot;\&quot;Landscape\&quot;&quot;]....">
ArgumentError: invalid value for 'orientation', must be one of ["\"Portrait\",", "\"Landscape\""].
    C:/Work/aspose-words-cloud-codegen/SDKs/RUBY/lib/words_ruby_sdk/models/page_setup.rb:425:in `orientation='
    C:/Work/aspose-words-cloud-codegen/SDKs/RUBY/lib/words_ruby_sdk/models/page_setup.rb:291:in `initialize'
    C:/Work/aspose-words-cloud-codegen/SDKs/RUBY/tests/DocumentElements/pages_tests.rb:74:in `new'
    C:/Work/aspose-words-cloud-codegen/SDKs/RUBY/tests/DocumentElements/pages_tests.rb:74:in `test_update_section_page_setup' (ArgumentError)
C:/Work/aspose-words-cloud-codegen/SDKs/RUBY/lib/words_ruby_sdk/models/page_setup.rb:425    </error>
  </testcase>
  <testcase name="test_render_page" time="4.623250929987989" assertions="0">
    <error type="WordsRubySdk::ApiError" message="WordsRubySdk::ApiError: Bad Request...">
WordsRubySdk::ApiError: Bad Request
    C:/Work/aspose-words-cloud-codegen/SDKs/RUBY/lib/words_ruby_sdk/api_client.rb:81:in `call_api'
    C:/Work/aspose-words-cloud-codegen/SDKs/RUBY/lib/words_ruby_sdk/api/words_api.rb:9876:in `render_page_with_http_info'
    C:/Work/aspose-words-cloud-codegen/SDKs/RUBY/lib/words_ruby_sdk/api/words_api.rb:9809:in `render_page'
    C:/Work/aspose-words-cloud-codegen/SDKs/RUBY/tests/DocumentElements/pages_tests.rb:47:in `test_render_page' (WordsRubySdk::ApiError)
C:/Work/aspose-words-cloud-codegen/SDKs/RUBY/lib/words_ruby_sdk/api_client.rb:81    </error>
  </testcase>
  <testcase name="test_folder" time="0.9398577279644087" assertions="0">
  </testcase>
  <testcase name="test_put_footnote" time="0.9501815579133108" assertions="0">
    <error type="ArgumentError" message="ArgumentError: invalid value for 'footnote_type', must be one of [&quot;\&quot;Footnote\&quot;,&quot;, &quot;\&quot;Endnote\&quot;&quot;]....">
ArgumentError: invalid value for 'footnote_type', must be one of ["\"Footnote\",", "\"Endnote\""].
    C:/Work/aspose-words-cloud-codegen/SDKs/RUBY/lib/words_ruby_sdk/models/footnote.rb:162:in `footnote_type='
    C:/Work/aspose-words-cloud-codegen/SDKs/RUBY/lib/words_ruby_sdk/models/footnote.rb:124:in `initialize'
    C:/Work/aspose-words-cloud-codegen/SDKs/RUBY/tests/DocumentElements/footnote_tests.rb:104:in `new'
    C:/Work/aspose-words-cloud-codegen/SDKs/RUBY/tests/DocumentElements/footnote_tests.rb:104:in `test_put_footnote' (ArgumentError)
C:/Work/aspose-words-cloud-codegen/SDKs/RUBY/lib/words_ruby_sdk/models/footnote.rb:162    </error>
  </testcase>
  <testcase name="test_get_footnote" time="4.715894385008141" assertions="0">
    <error type="WordsRubySdk::ApiError" message="WordsRubySdk::ApiError: Bad Request...">
WordsRubySdk::ApiError: Bad Request
    C:/Work/aspose-words-cloud-codegen/SDKs/RUBY/lib/words_ruby_sdk/api_client.rb:81:in `call_api'
    C:/Work/aspose-words-cloud-codegen/SDKs/RUBY/lib/words_ruby_sdk/api/words_api.rb:4482:in `get_footnote_with_http_info'
    C:/Work/aspose-words-cloud-codegen/SDKs/RUBY/lib/words_ruby_sdk/api/words_api.rb:4419:in `get_footnote'
    C:/Work/aspose-words-cloud-codegen/SDKs/RUBY/tests/DocumentElements/footnote_tests.rb:46:in `test_get_footnote' (WordsRubySdk::ApiError)
C:/Work/aspose-words-cloud-codegen/SDKs/RUBY/lib/words_ruby_sdk/api_client.rb:81    </error>
  </testcase>
  <testcase name="test_delete_footnote" time="4.046225427067839" assertions="0">
    <error type="NoMethodError" message="NoMethodError: undefined method `bytesize' for {}:Hash...">
NoMethodError: undefined method `bytesize' for {}:Hash
    C:/Ruby24-x64/lib/ruby/2.4.0/net/http/generic_request.rb:183:in `send_request_with_body'
    C:/Ruby24-x64/lib/ruby/2.4.0/net/http/generic_request.rb:121:in `exec'
    C:/Ruby24-x64/lib/ruby/2.4.0/net/http.rb:1444:in `block in transport_request'
    C:/Ruby24-x64/lib/ruby/2.4.0/net/http.rb:1443:in `catch'
    C:/Ruby24-x64/lib/ruby/2.4.0/net/http.rb:1443:in `transport_request'
    C:/Ruby24-x64/lib/ruby/2.4.0/net/http.rb:1416:in `request'
    C:/Ruby24-x64/lib/ruby/2.4.0/net/http.rb:1409:in `block in request'
    C:/Ruby24-x64/lib/ruby/2.4.0/net/http.rb:877:in `start'
    C:/Ruby24-x64/lib/ruby/2.4.0/net/http.rb:1407:in `request'
    C:/Ruby24-x64/lib/ruby/gems/2.4.0/gems/faraday-0.14.0/lib/faraday/adapter/net_http.rb:80:in `perform_request'
    C:/Ruby24-x64/lib/ruby/gems/2.4.0/gems/faraday-0.14.0/lib/faraday/adapter/net_http.rb:38:in `block in call'
    C:/Ruby24-x64/lib/ruby/gems/2.4.0/gems/faraday-0.14.0/lib/faraday/adapter/net_http.rb:85:in `with_net_http_connection'
    C:/Ruby24-x64/lib/ruby/gems/2.4.0/gems/faraday-0.14.0/lib/faraday/adapter/net_http.rb:33:in `call'
    C:/Ruby24-x64/lib/ruby/gems/2.4.0/gems/faraday-0.14.0/lib/faraday/request/url_encoded.rb:15:in `call'
    C:/Ruby24-x64/lib/ruby/gems/2.4.0/gems/faraday-0.14.0/lib/faraday/request/multipart.rb:15:in `call'
    C:/Ruby24-x64/lib/ruby/gems/2.4.0/gems/faraday-0.14.0/lib/faraday/rack_builder.rb:143:in `build_response'
    C:/Ruby24-x64/lib/ruby/gems/2.4.0/gems/faraday-0.14.0/lib/faraday/connection.rb:387:in `run_request'
    C:/Ruby24-x64/lib/ruby/gems/2.4.0/gems/faraday-0.14.0/lib/faraday/connection.rb:138:in `delete'
    C:/Work/aspose-words-cloud-codegen/SDKs/RUBY/lib/words_ruby_sdk/api_client.rb:147:in `build_request'
    C:/Work/aspose-words-cloud-codegen/SDKs/RUBY/lib/words_ruby_sdk/api_client.rb:69:in `call_api'
    C:/Work/aspose-words-cloud-codegen/SDKs/RUBY/lib/words_ruby_sdk/api/words_api.rb:1271:in `delete_footnote_with_http_info'
    C:/Work/aspose-words-cloud-codegen/SDKs/RUBY/lib/words_ruby_sdk/api/words_api.rb:1193:in `delete_footnote'
    C:/Work/aspose-words-cloud-codegen/SDKs/RUBY/tests/DocumentElements/footnote_tests.rb:77:in `test_delete_footnote' (NoMethodError)
C:/Ruby24-x64/lib/ruby/2.4.0/net/http/generic_request.rb:183    </error>
  </testcase>
  <testcase name="test_get_footnotes" time="4.925763305975124" assertions="0">
    <error type="WordsRubySdk::ApiError" message="WordsRubySdk::ApiError: Bad Request...">
WordsRubySdk::ApiError: Bad Request
    C:/Work/aspose-words-cloud-codegen/SDKs/RUBY/lib/words_ruby_sdk/api_client.rb:81:in `call_api'
    C:/Work/aspose-words-cloud-codegen/SDKs/RUBY/lib/words_ruby_sdk/api/words_api.rb:4561:in `get_footnotes_with_http_info'
    C:/Work/aspose-words-cloud-codegen/SDKs/RUBY/lib/words_ruby_sdk/api/words_api.rb:4501:in `get_footnotes'
    C:/Work/aspose-words-cloud-codegen/SDKs/RUBY/tests/DocumentElements/footnote_tests.rb:61:in `test_get_footnotes' (WordsRubySdk::ApiError)
C:/Work/aspose-words-cloud-codegen/SDKs/RUBY/lib/words_ruby_sdk/api_client.rb:81    </error>
  </testcase>
  <testcase name="test_post_footnote" time="4.637847136007622" assertions="0">
    <error type="WordsRubySdk::ApiError" message="WordsRubySdk::ApiError: Bad Request...">
WordsRubySdk::ApiError: Bad Request
    C:/Work/aspose-words-cloud-codegen/SDKs/RUBY/lib/words_ruby_sdk/api_client.rb:81:in `call_api'
    C:/Work/aspose-words-cloud-codegen/SDKs/RUBY/lib/words_ruby_sdk/api/words_api.rb:7231:in `post_footnote_with_http_info'
    C:/Work/aspose-words-cloud-codegen/SDKs/RUBY/lib/words_ruby_sdk/api/words_api.rb:7151:in `post_footnote'
    C:/Work/aspose-words-cloud-codegen/SDKs/RUBY/tests/DocumentElements/footnote_tests.rb:94:in `test_post_footnote' (WordsRubySdk::ApiError)
C:/Work/aspose-words-cloud-codegen/SDKs/RUBY/lib/words_ruby_sdk/api_client.rb:81    </error>
  </testcase>
  <testcase name="test_folder" time="0.9774957380723208" assertions="0">
  </testcase>
  <testcase name="test_handle_server_errors" time="2.2242791360476986" assertions="1">
  </testcase>
  <testcase name="test_get_section" time="4.939454197068699" assertions="0">
    <error type="WordsRubySdk::ApiError" message="WordsRubySdk::ApiError: Bad Request...">
WordsRubySdk::ApiError: Bad Request
    C:/Work/aspose-words-cloud-codegen/SDKs/RUBY/lib/words_ruby_sdk/api_client.rb:81:in `call_api'
    C:/Work/aspose-words-cloud-codegen/SDKs/RUBY/lib/words_ruby_sdk/api/words_api.rb:5211:in `get_section_with_http_info'
    C:/Work/aspose-words-cloud-codegen/SDKs/RUBY/lib/words_ruby_sdk/api/words_api.rb:5153:in `get_section'
    C:/Work/aspose-words-cloud-codegen/SDKs/RUBY/tests/DocumentElements/sections_tests.rb:46:in `test_get_section' (WordsRubySdk::ApiError)
C:/Work/aspose-words-cloud-codegen/SDKs/RUBY/lib/words_ruby_sdk/api_client.rb:81    </error>
  </testcase>
  <testcase name="test_folder" time="0.9337813330348581" assertions="0">
  </testcase>
  <testcase name="test_get_sections" time="4.715762178064324" assertions="0">
    <error type="WordsRubySdk::ApiError" message="WordsRubySdk::ApiError: Bad Request...">
WordsRubySdk::ApiError: Bad Request
    C:/Work/aspose-words-cloud-codegen/SDKs/RUBY/lib/words_ruby_sdk/api_client.rb:81:in `call_api'
    C:/Work/aspose-words-cloud-codegen/SDKs/RUBY/lib/words_ruby_sdk/api/words_api.rb:5362:in `get_sections_with_http_info'
    C:/Work/aspose-words-cloud-codegen/SDKs/RUBY/lib/words_ruby_sdk/api/words_api.rb:5307:in `get_sections'
    C:/Work/aspose-words-cloud-codegen/SDKs/RUBY/tests/DocumentElements/sections_tests.rb:61:in `test_get_sections' (WordsRubySdk::ApiError)
C:/Work/aspose-words-cloud-codegen/SDKs/RUBY/lib/words_ruby_sdk/api_client.rb:81    </error>
  </testcase>
  <testcase name="test_put_paragraph" time="4.701704412931576" assertions="0">
    <error type="WordsRubySdk::ApiError" message="WordsRubySdk::ApiError: Bad Request...">
WordsRubySdk::ApiError: Bad Request
    C:/Work/aspose-words-cloud-codegen/SDKs/RUBY/lib/words_ruby_sdk/api_client.rb:81:in `call_api'
    C:/Work/aspose-words-cloud-codegen/SDKs/RUBY/lib/words_ruby_sdk/api/words_api.rb:9349:in `put_paragraph_with_http_info'
    C:/Work/aspose-words-cloud-codegen/SDKs/RUBY/lib/words_ruby_sdk/api/words_api.rb:9267:in `put_paragraph'
    C:/Work/aspose-words-cloud-codegen/SDKs/RUBY/tests/DocumentElements/paragraphs_tests.rb:160:in `test_put_paragraph' (WordsRubySdk::ApiError)
C:/Work/aspose-words-cloud-codegen/SDKs/RUBY/lib/words_ruby_sdk/api_client.rb:81    </error>
  </testcase>
  <testcase name="test_get_document_paragraph" time="5.354520337888971" assertions="0">
    <error type="WordsRubySdk::ApiError" message="WordsRubySdk::ApiError: Bad Request...">
WordsRubySdk::ApiError: Bad Request
    C:/Work/aspose-words-cloud-codegen/SDKs/RUBY/lib/words_ruby_sdk/api_client.rb:81:in `call_api'
    C:/Work/aspose-words-cloud-codegen/SDKs/RUBY/lib/words_ruby_sdk/api/words_api.rb:3447:in `get_document_paragraph_with_http_info'
    C:/Work/aspose-words-cloud-codegen/SDKs/RUBY/lib/words_ruby_sdk/api/words_api.rb:3384:in `get_document_paragraph'
    C:/Work/aspose-words-cloud-codegen/SDKs/RUBY/tests/DocumentElements/paragraphs_tests.rb:62:in `test_get_document_paragraph' (WordsRubySdk::ApiError)
C:/Work/aspose-words-cloud-codegen/SDKs/RUBY/lib/words_ruby_sdk/api_client.rb:81    </error>
  </testcase>
  <testcase name="test_folder" time="0.964255849015899" assertions="0">
  </testcase>
  <testcase name="test_get_document_paragraph_runs" time="4.684159399010241" assertions="0">
    <error type="WordsRubySdk::ApiError" message="WordsRubySdk::ApiError: Bad Request...">
WordsRubySdk::ApiError: Bad Request
    C:/Work/aspose-words-cloud-codegen/SDKs/RUBY/lib/words_ruby_sdk/api_client.rb:81:in `call_api'
    C:/Work/aspose-words-cloud-codegen/SDKs/RUBY/lib/words_ruby_sdk/api/words_api.rb:3684:in `get_document_paragraph_runs_with_http_info'
    C:/Work/aspose-words-cloud-codegen/SDKs/RUBY/lib/words_ruby_sdk/api/words_api.rb:3626:in `get_document_paragraph_runs'
    C:/Work/aspose-words-cloud-codegen/SDKs/RUBY/tests/DocumentElements/paragraphs_tests.rb:109:in `test_get_document_paragraph_runs' (WordsRubySdk::ApiError)
C:/Work/aspose-words-cloud-codegen/SDKs/RUBY/lib/words_ruby_sdk/api_client.rb:81    </error>
  </testcase>
  <testcase name="test_render_paragraph" time="4.722592149977572" assertions="0">
    <error type="WordsRubySdk::ApiError" message="WordsRubySdk::ApiError: Bad Request...">
WordsRubySdk::ApiError: Bad Request
    C:/Work/aspose-words-cloud-codegen/SDKs/RUBY/lib/words_ruby_sdk/api_client.rb:81:in `call_api'
    C:/Work/aspose-words-cloud-codegen/SDKs/RUBY/lib/words_ruby_sdk/api/words_api.rb:9967:in `render_paragraph_with_http_info'
    C:/Work/aspose-words-cloud-codegen/SDKs/RUBY/lib/words_ruby_sdk/api/words_api.rb:9895:in `render_paragraph'
    C:/Work/aspose-words-cloud-codegen/SDKs/RUBY/tests/DocumentElements/paragraphs_tests.rb:177:in `test_render_paragraph' (WordsRubySdk::ApiError)
C:/Work/aspose-words-cloud-codegen/SDKs/RUBY/lib/words_ruby_sdk/api_client.rb:81    </error>
  </testcase>
  <testcase name="test_delete_paragraph" time="3.9892248639371246" assertions="0">
    <error type="NoMethodError" message="NoMethodError: undefined method `bytesize' for {}:Hash...">
NoMethodError: undefined method `bytesize' for {}:Hash
    C:/Ruby24-x64/lib/ruby/2.4.0/net/http/generic_request.rb:183:in `send_request_with_body'
    C:/Ruby24-x64/lib/ruby/2.4.0/net/http/generic_request.rb:121:in `exec'
    C:/Ruby24-x64/lib/ruby/2.4.0/net/http.rb:1444:in `block in transport_request'
    C:/Ruby24-x64/lib/ruby/2.4.0/net/http.rb:1443:in `catch'
    C:/Ruby24-x64/lib/ruby/2.4.0/net/http.rb:1443:in `transport_request'
    C:/Ruby24-x64/lib/ruby/2.4.0/net/http.rb:1416:in `request'
    C:/Ruby24-x64/lib/ruby/2.4.0/net/http.rb:1409:in `block in request'
    C:/Ruby24-x64/lib/ruby/2.4.0/net/http.rb:877:in `start'
    C:/Ruby24-x64/lib/ruby/2.4.0/net/http.rb:1407:in `request'
    C:/Ruby24-x64/lib/ruby/gems/2.4.0/gems/faraday-0.14.0/lib/faraday/adapter/net_http.rb:80:in `perform_request'
    C:/Ruby24-x64/lib/ruby/gems/2.4.0/gems/faraday-0.14.0/lib/faraday/adapter/net_http.rb:38:in `block in call'
    C:/Ruby24-x64/lib/ruby/gems/2.4.0/gems/faraday-0.14.0/lib/faraday/adapter/net_http.rb:85:in `with_net_http_connection'
    C:/Ruby24-x64/lib/ruby/gems/2.4.0/gems/faraday-0.14.0/lib/faraday/adapter/net_http.rb:33:in `call'
    C:/Ruby24-x64/lib/ruby/gems/2.4.0/gems/faraday-0.14.0/lib/faraday/request/url_encoded.rb:15:in `call'
    C:/Ruby24-x64/lib/ruby/gems/2.4.0/gems/faraday-0.14.0/lib/faraday/request/multipart.rb:15:in `call'
    C:/Ruby24-x64/lib/ruby/gems/2.4.0/gems/faraday-0.14.0/lib/faraday/rack_builder.rb:143:in `build_response'
    C:/Ruby24-x64/lib/ruby/gems/2.4.0/gems/faraday-0.14.0/lib/faraday/connection.rb:387:in `run_request'
    C:/Ruby24-x64/lib/ruby/gems/2.4.0/gems/faraday-0.14.0/lib/faraday/connection.rb:138:in `delete'
    C:/Work/aspose-words-cloud-codegen/SDKs/RUBY/lib/words_ruby_sdk/api_client.rb:147:in `build_request'
    C:/Work/aspose-words-cloud-codegen/SDKs/RUBY/lib/words_ruby_sdk/api_client.rb:69:in `call_api'
    C:/Work/aspose-words-cloud-codegen/SDKs/RUBY/lib/words_ruby_sdk/api/words_api.rb:1758:in `delete_paragraph_with_http_info'
    C:/Work/aspose-words-cloud-codegen/SDKs/RUBY/lib/words_ruby_sdk/api/words_api.rb:1680:in `delete_paragraph'
    C:/Work/aspose-words-cloud-codegen/SDKs/RUBY/tests/DocumentElements/paragraphs_tests.rb:46:in `test_delete_paragraph' (NoMethodError)
C:/Ruby24-x64/lib/ruby/2.4.0/net/http/generic_request.rb:183    </error>
  </testcase>
  <testcase name="test_get_document_paragraph_run" time="4.676899755955674" assertions="0">
    <error type="WordsRubySdk::ApiError" message="WordsRubySdk::ApiError: Bad Request...">
WordsRubySdk::ApiError: Bad Request
    C:/Work/aspose-words-cloud-codegen/SDKs/RUBY/lib/words_ruby_sdk/api_client.rb:81:in `call_api'
    C:/Work/aspose-words-cloud-codegen/SDKs/RUBY/lib/words_ruby_sdk/api/words_api.rb:3527:in `get_document_paragraph_run_with_http_info'
    C:/Work/aspose-words-cloud-codegen/SDKs/RUBY/lib/words_ruby_sdk/api/words_api.rb:3466:in `get_document_paragraph_run'
    C:/Work/aspose-words-cloud-codegen/SDKs/RUBY/tests/DocumentElements/paragraphs_tests.rb:78:in `test_get_document_paragraph_run' (WordsRubySdk::ApiError)
C:/Work/aspose-words-cloud-codegen/SDKs/RUBY/lib/words_ruby_sdk/api_client.rb:81    </error>
  </testcase>
  <testcase name="test_get_document_paragraph_run_font" time="4.627080412930809" assertions="0">
    <error type="WordsRubySdk::ApiError" message="WordsRubySdk::ApiError: Bad Request...">
WordsRubySdk::ApiError: Bad Request
    C:/Work/aspose-words-cloud-codegen/SDKs/RUBY/lib/words_ruby_sdk/api_client.rb:81:in `call_api'
    C:/Work/aspose-words-cloud-codegen/SDKs/RUBY/lib/words_ruby_sdk/api/words_api.rb:3607:in `get_document_paragraph_run_font_with_http_info'
    C:/Work/aspose-words-cloud-codegen/SDKs/RUBY/lib/words_ruby_sdk/api/words_api.rb:3546:in `get_document_paragraph_run_font'
    C:/Work/aspose-words-cloud-codegen/SDKs/RUBY/tests/DocumentElements/paragraphs_tests.rb:94:in `test_get_document_paragraph_run_font' (WordsRubySdk::ApiError)
C:/Work/aspose-words-cloud-codegen/SDKs/RUBY/lib/words_ruby_sdk/api_client.rb:81    </error>
  </testcase>
  <testcase name="test_post_document_paragraph_run_font" time="4.769531191908754" assertions="0">
    <error type="WordsRubySdk::ApiError" message="WordsRubySdk::ApiError: Bad Request...">
WordsRubySdk::ApiError: Bad Request
    C:/Work/aspose-words-cloud-codegen/SDKs/RUBY/lib/words_ruby_sdk/api_client.rb:81:in `call_api'
    C:/Work/aspose-words-cloud-codegen/SDKs/RUBY/lib/words_ruby_sdk/api/words_api.rb:6747:in `post_document_paragraph_run_font_with_http_info'
    C:/Work/aspose-words-cloud-codegen/SDKs/RUBY/lib/words_ruby_sdk/api/words_api.rb:6669:in `post_document_paragraph_run_font'
    C:/Work/aspose-words-cloud-codegen/SDKs/RUBY/tests/DocumentElements/paragraphs_tests.rb:142:in `test_post_document_paragraph_run_font' (WordsRubySdk::ApiError)
C:/Work/aspose-words-cloud-codegen/SDKs/RUBY/lib/words_ruby_sdk/api_client.rb:81    </error>
  </testcase>
  <testcase name="test_get_document_paragraphs" time="4.707521202042699" assertions="0">
    <error type="WordsRubySdk::ApiError" message="WordsRubySdk::ApiError: Bad Request...">
WordsRubySdk::ApiError: Bad Request
    C:/Work/aspose-words-cloud-codegen/SDKs/RUBY/lib/words_ruby_sdk/api_client.rb:81:in `call_api'
    C:/Work/aspose-words-cloud-codegen/SDKs/RUBY/lib/words_ruby_sdk/api/words_api.rb:3763:in `get_document_paragraphs_with_http_info'
    C:/Work/aspose-words-cloud-codegen/SDKs/RUBY/lib/words_ruby_sdk/api/words_api.rb:3703:in `get_document_paragraphs'
    C:/Work/aspose-words-cloud-codegen/SDKs/RUBY/tests/DocumentElements/paragraphs_tests.rb:124:in `test_get_document_paragraphs' (WordsRubySdk::ApiError)
C:/Work/aspose-words-cloud-codegen/SDKs/RUBY/lib/words_ruby_sdk/api_client.rb:81    </error>
  </testcase>
  <testcase name="test_get_table_cell" time="4.780570740927942" assertions="0">
    <error type="WordsRubySdk::ApiError" message="WordsRubySdk::ApiError: Bad Request...">
WordsRubySdk::ApiError: Bad Request
    C:/Work/aspose-words-cloud-codegen/SDKs/RUBY/lib/words_ruby_sdk/api_client.rb:81:in `call_api'
    C:/Work/aspose-words-cloud-codegen/SDKs/RUBY/lib/words_ruby_sdk/api/words_api.rb:5524:in `get_table_cell_with_http_info'
    C:/Work/aspose-words-cloud-codegen/SDKs/RUBY/lib/words_ruby_sdk/api/words_api.rb:5463:in `get_table_cell'
    C:/Work/aspose-words-cloud-codegen/SDKs/RUBY/tests/DocumentElements/tables_tests.rb:141:in `test_get_table_cell' (WordsRubySdk::ApiError)
C:/Work/aspose-words-cloud-codegen/SDKs/RUBY/lib/words_ruby_sdk/api_client.rb:81    </error>
  </testcase>
  <testcase name="test_delete_borders" time="4.063004544004798" assertions="0">
    <error type="NoMethodError" message="NoMethodError: undefined method `bytesize' for {}:Hash...">
NoMethodError: undefined method `bytesize' for {}:Hash
    C:/Ruby24-x64/lib/ruby/2.4.0/net/http/generic_request.rb:183:in `send_request_with_body'
    C:/Ruby24-x64/lib/ruby/2.4.0/net/http/generic_request.rb:121:in `exec'
    C:/Ruby24-x64/lib/ruby/2.4.0/net/http.rb:1444:in `block in transport_request'
    C:/Ruby24-x64/lib/ruby/2.4.0/net/http.rb:1443:in `catch'
    C:/Ruby24-x64/lib/ruby/2.4.0/net/http.rb:1443:in `transport_request'
    C:/Ruby24-x64/lib/ruby/2.4.0/net/http.rb:1416:in `request'
    C:/Ruby24-x64/lib/ruby/2.4.0/net/http.rb:1409:in `block in request'
    C:/Ruby24-x64/lib/ruby/2.4.0/net/http.rb:877:in `start'
    C:/Ruby24-x64/lib/ruby/2.4.0/net/http.rb:1407:in `request'
    C:/Ruby24-x64/lib/ruby/gems/2.4.0/gems/faraday-0.14.0/lib/faraday/adapter/net_http.rb:80:in `perform_request'
    C:/Ruby24-x64/lib/ruby/gems/2.4.0/gems/faraday-0.14.0/lib/faraday/adapter/net_http.rb:38:in `block in call'
    C:/Ruby24-x64/lib/ruby/gems/2.4.0/gems/faraday-0.14.0/lib/faraday/adapter/net_http.rb:85:in `with_net_http_connection'
    C:/Ruby24-x64/lib/ruby/gems/2.4.0/gems/faraday-0.14.0/lib/faraday/adapter/net_http.rb:33:in `call'
    C:/Ruby24-x64/lib/ruby/gems/2.4.0/gems/faraday-0.14.0/lib/faraday/request/url_encoded.rb:15:in `call'
    C:/Ruby24-x64/lib/ruby/gems/2.4.0/gems/faraday-0.14.0/lib/faraday/request/multipart.rb:15:in `call'
    C:/Ruby24-x64/lib/ruby/gems/2.4.0/gems/faraday-0.14.0/lib/faraday/rack_builder.rb:143:in `build_response'
    C:/Ruby24-x64/lib/ruby/gems/2.4.0/gems/faraday-0.14.0/lib/faraday/connection.rb:387:in `run_request'
    C:/Ruby24-x64/lib/ruby/gems/2.4.0/gems/faraday-0.14.0/lib/faraday/connection.rb:138:in `delete'
    C:/Work/aspose-words-cloud-codegen/SDKs/RUBY/lib/words_ruby_sdk/api_client.rb:147:in `build_request'
    C:/Work/aspose-words-cloud-codegen/SDKs/RUBY/lib/words_ruby_sdk/api_client.rb:69:in `call_api'
    C:/Work/aspose-words-cloud-codegen/SDKs/RUBY/lib/words_ruby_sdk/api/words_api.rb:524:in `delete_borders_with_http_info'
    C:/Work/aspose-words-cloud-codegen/SDKs/RUBY/lib/words_ruby_sdk/api/words_api.rb:451:in `delete_borders'
    C:/Work/aspose-words-cloud-codegen/SDKs/RUBY/tests/DocumentElements/tables_tests.rb:377:in `test_delete_borders' (NoMethodError)
C:/Ruby24-x64/lib/ruby/2.4.0/net/http/generic_request.rb:183    </error>
  </testcase>
  <testcase name="test_update_table_row_format" time="0.9446910800179467" assertions="0">
    <error type="ArgumentError" message="ArgumentError: invalid value for 'height_rule', must be one of [&quot;\&quot;AtLeast\&quot;,&quot;, &quot;\&quot;Exactly\&quot;,&quot;, &quot;\&quot;Auto\&quot;&quot;]....">
ArgumentError: invalid value for 'height_rule', must be one of ["\"AtLeast\",", "\"Exactly\",", "\"Auto\""].
    C:/Work/aspose-words-cloud-codegen/SDKs/RUBY/lib/words_ruby_sdk/models/table_row_format.rb:144:in `height_rule='
    C:/Work/aspose-words-cloud-codegen/SDKs/RUBY/lib/words_ruby_sdk/models/table_row_format.rb:118:in `initialize'
    C:/Work/aspose-words-cloud-codegen/SDKs/RUBY/tests/DocumentElements/tables_tests.rb:339:in `new'
    C:/Work/aspose-words-cloud-codegen/SDKs/RUBY/tests/DocumentElements/tables_tests.rb:339:in `test_update_table_row_format' (ArgumentError)
C:/Work/aspose-words-cloud-codegen/SDKs/RUBY/lib/words_ruby_sdk/models/table_row_format.rb:144    </error>
  </testcase>
  <testcase name="test_delete_border" time="4.033216000068933" assertions="0">
    <error type="NoMethodError" message="NoMethodError: undefined method `bytesize' for {}:Hash...">
NoMethodError: undefined method `bytesize' for {}:Hash
    C:/Ruby24-x64/lib/ruby/2.4.0/net/http/generic_request.rb:183:in `send_request_with_body'
    C:/Ruby24-x64/lib/ruby/2.4.0/net/http/generic_request.rb:121:in `exec'
    C:/Ruby24-x64/lib/ruby/2.4.0/net/http.rb:1444:in `block in transport_request'
    C:/Ruby24-x64/lib/ruby/2.4.0/net/http.rb:1443:in `catch'
    C:/Ruby24-x64/lib/ruby/2.4.0/net/http.rb:1443:in `transport_request'
    C:/Ruby24-x64/lib/ruby/2.4.0/net/http.rb:1416:in `request'
    C:/Ruby24-x64/lib/ruby/2.4.0/net/http.rb:1409:in `block in request'
    C:/Ruby24-x64/lib/ruby/2.4.0/net/http.rb:877:in `start'
    C:/Ruby24-x64/lib/ruby/2.4.0/net/http.rb:1407:in `request'
    C:/Ruby24-x64/lib/ruby/gems/2.4.0/gems/faraday-0.14.0/lib/faraday/adapter/net_http.rb:80:in `perform_request'
    C:/Ruby24-x64/lib/ruby/gems/2.4.0/gems/faraday-0.14.0/lib/faraday/adapter/net_http.rb:38:in `block in call'
    C:/Ruby24-x64/lib/ruby/gems/2.4.0/gems/faraday-0.14.0/lib/faraday/adapter/net_http.rb:85:in `with_net_http_connection'
    C:/Ruby24-x64/lib/ruby/gems/2.4.0/gems/faraday-0.14.0/lib/faraday/adapter/net_http.rb:33:in `call'
    C:/Ruby24-x64/lib/ruby/gems/2.4.0/gems/faraday-0.14.0/lib/faraday/request/url_encoded.rb:15:in `call'
    C:/Ruby24-x64/lib/ruby/gems/2.4.0/gems/faraday-0.14.0/lib/faraday/request/multipart.rb:15:in `call'
    C:/Ruby24-x64/lib/ruby/gems/2.4.0/gems/faraday-0.14.0/lib/faraday/rack_builder.rb:143:in `build_response'
    C:/Ruby24-x64/lib/ruby/gems/2.4.0/gems/faraday-0.14.0/lib/faraday/connection.rb:387:in `run_request'
    C:/Ruby24-x64/lib/ruby/gems/2.4.0/gems/faraday-0.14.0/lib/faraday/connection.rb:138:in `delete'
    C:/Work/aspose-words-cloud-codegen/SDKs/RUBY/lib/words_ruby_sdk/api_client.rb:147:in `build_request'
    C:/Work/aspose-words-cloud-codegen/SDKs/RUBY/lib/words_ruby_sdk/api_client.rb:69:in `call_api'
    C:/Work/aspose-words-cloud-codegen/SDKs/RUBY/lib/words_ruby_sdk/api/words_api.rb:432:in `delete_border_with_http_info'
    C:/Work/aspose-words-cloud-codegen/SDKs/RUBY/lib/words_ruby_sdk/api/words_api.rb:356:in `delete_border'
    C:/Work/aspose-words-cloud-codegen/SDKs/RUBY/tests/DocumentElements/tables_tests.rb:362:in `test_delete_border' (NoMethodError)
C:/Ruby24-x64/lib/ruby/2.4.0/net/http/generic_request.rb:183    </error>
  </testcase>
  <testcase name="test_delete_table_row" time="3.9530453329207376" assertions="0">
    <error type="NoMethodError" message="NoMethodError: undefined method `bytesize' for {}:Hash...">
NoMethodError: undefined method `bytesize' for {}:Hash
    C:/Ruby24-x64/lib/ruby/2.4.0/net/http/generic_request.rb:183:in `send_request_with_body'
    C:/Ruby24-x64/lib/ruby/2.4.0/net/http/generic_request.rb:121:in `exec'
    C:/Ruby24-x64/lib/ruby/2.4.0/net/http.rb:1444:in `block in transport_request'
    C:/Ruby24-x64/lib/ruby/2.4.0/net/http.rb:1443:in `catch'
    C:/Ruby24-x64/lib/ruby/2.4.0/net/http.rb:1443:in `transport_request'
    C:/Ruby24-x64/lib/ruby/2.4.0/net/http.rb:1416:in `request'
    C:/Ruby24-x64/lib/ruby/2.4.0/net/http.rb:1409:in `block in request'
    C:/Ruby24-x64/lib/ruby/2.4.0/net/http.rb:877:in `start'
    C:/Ruby24-x64/lib/ruby/2.4.0/net/http.rb:1407:in `request'
    C:/Ruby24-x64/lib/ruby/gems/2.4.0/gems/faraday-0.14.0/lib/faraday/adapter/net_http.rb:80:in `perform_request'
    C:/Ruby24-x64/lib/ruby/gems/2.4.0/gems/faraday-0.14.0/lib/faraday/adapter/net_http.rb:38:in `block in call'
    C:/Ruby24-x64/lib/ruby/gems/2.4.0/gems/faraday-0.14.0/lib/faraday/adapter/net_http.rb:85:in `with_net_http_connection'
    C:/Ruby24-x64/lib/ruby/gems/2.4.0/gems/faraday-0.14.0/lib/faraday/adapter/net_http.rb:33:in `call'
    C:/Ruby24-x64/lib/ruby/gems/2.4.0/gems/faraday-0.14.0/lib/faraday/request/url_encoded.rb:15:in `call'
    C:/Ruby24-x64/lib/ruby/gems/2.4.0/gems/faraday-0.14.0/lib/faraday/request/multipart.rb:15:in `call'
    C:/Ruby24-x64/lib/ruby/gems/2.4.0/gems/faraday-0.14.0/lib/faraday/rack_builder.rb:143:in `build_response'
    C:/Ruby24-x64/lib/ruby/gems/2.4.0/gems/faraday-0.14.0/lib/faraday/connection.rb:387:in `run_request'
    C:/Ruby24-x64/lib/ruby/gems/2.4.0/gems/faraday-0.14.0/lib/faraday/connection.rb:138:in `delete'
    C:/Work/aspose-words-cloud-codegen/SDKs/RUBY/lib/words_ruby_sdk/api_client.rb:147:in `build_request'
    C:/Work/aspose-words-cloud-codegen/SDKs/RUBY/lib/words_ruby_sdk/api_client.rb:69:in `call_api'
    C:/Work/aspose-words-cloud-codegen/SDKs/RUBY/lib/words_ruby_sdk/api/words_api.rb:2140:in `delete_table_row_with_http_info'
    C:/Work/aspose-words-cloud-codegen/SDKs/RUBY/lib/words_ruby_sdk/api/words_api.rb:2064:in `delete_table_row'
    C:/Work/aspose-words-cloud-codegen/SDKs/RUBY/tests/DocumentElements/tables_tests.rb:78:in `test_delete_table_row' (NoMethodError)
C:/Ruby24-x64/lib/ruby/2.4.0/net/http/generic_request.rb:183    </error>
  </testcase>
  <testcase name="test_folder" time="0.9378752299817279" assertions="0">
  </testcase>
  <testcase name="test_insert_table_cell" time="4.819807549007237" assertions="0">
    <error type="WordsRubySdk::ApiError" message="WordsRubySdk::ApiError: Bad Request...">
WordsRubySdk::ApiError: Bad Request
    C:/Work/aspose-words-cloud-codegen/SDKs/RUBY/lib/words_ruby_sdk/api_client.rb:81:in `call_api'
    C:/Work/aspose-words-cloud-codegen/SDKs/RUBY/lib/words_ruby_sdk/api/words_api.rb:6111:in `insert_table_cell_with_http_info'
    C:/Work/aspose-words-cloud-codegen/SDKs/RUBY/lib/words_ruby_sdk/api/words_api.rb:6038:in `insert_table_cell'
    C:/Work/aspose-words-cloud-codegen/SDKs/RUBY/tests/DocumentElements/tables_tests.rb:239:in `test_insert_table_cell' (WordsRubySdk::ApiError)
C:/Work/aspose-words-cloud-codegen/SDKs/RUBY/lib/words_ruby_sdk/api_client.rb:81    </error>
  </testcase>
  <testcase name="test_get_table" time="5.082486985949799" assertions="0">
    <error type="WordsRubySdk::ApiError" message="WordsRubySdk::ApiError: Bad Request...">
WordsRubySdk::ApiError: Bad Request
    C:/Work/aspose-words-cloud-codegen/SDKs/RUBY/lib/words_ruby_sdk/api_client.rb:81:in `call_api'
    C:/Work/aspose-words-cloud-codegen/SDKs/RUBY/lib/words_ruby_sdk/api/words_api.rb:5444:in `get_table_with_http_info'
    C:/Work/aspose-words-cloud-codegen/SDKs/RUBY/lib/words_ruby_sdk/api/words_api.rb:5381:in `get_table'
    C:/Work/aspose-words-cloud-codegen/SDKs/RUBY/tests/DocumentElements/tables_tests.rb:125:in `test_get_table' (WordsRubySdk::ApiError)
C:/Work/aspose-words-cloud-codegen/SDKs/RUBY/lib/words_ruby_sdk/api_client.rb:81    </error>
  </testcase>
  <testcase name="test_get_table_row" time="4.631245521013625" assertions="0">
    <error type="WordsRubySdk::ApiError" message="WordsRubySdk::ApiError: Bad Request...">
WordsRubySdk::ApiError: Bad Request
    C:/Work/aspose-words-cloud-codegen/SDKs/RUBY/lib/words_ruby_sdk/api_client.rb:81:in `call_api'
    C:/Work/aspose-words-cloud-codegen/SDKs/RUBY/lib/words_ruby_sdk/api/words_api.rb:5766:in `get_table_row_with_http_info'
    C:/Work/aspose-words-cloud-codegen/SDKs/RUBY/lib/words_ruby_sdk/api/words_api.rb:5705:in `get_table_row'
    C:/Work/aspose-words-cloud-codegen/SDKs/RUBY/tests/DocumentElements/tables_tests.rb:173:in `test_get_table_row' (WordsRubySdk::ApiError)
C:/Work/aspose-words-cloud-codegen/SDKs/RUBY/lib/words_ruby_sdk/api_client.rb:81    </error>
  </testcase>
  <testcase name="test_get_borders" time="4.7446114550111815" assertions="0">
    <error type="WordsRubySdk::ApiError" message="WordsRubySdk::ApiError: Bad Request...">
WordsRubySdk::ApiError: Bad Request
    C:/Work/aspose-words-cloud-codegen/SDKs/RUBY/lib/words_ruby_sdk/api_client.rb:81:in `call_api'
    C:/Work/aspose-words-cloud-codegen/SDKs/RUBY/lib/words_ruby_sdk/api/words_api.rb:2434:in `get_borders_with_http_info'
    C:/Work/aspose-words-cloud-codegen/SDKs/RUBY/lib/words_ruby_sdk/api/words_api.rb:2376:in `get_borders'
    C:/Work/aspose-words-cloud-codegen/SDKs/RUBY/tests/DocumentElements/tables_tests.rb:109:in `test_get_borders' (WordsRubySdk::ApiError)
C:/Work/aspose-words-cloud-codegen/SDKs/RUBY/lib/words_ruby_sdk/api_client.rb:81    </error>
  </testcase>
  <testcase name="test_render_table" time="4.721461184090003" assertions="0">
    <error type="WordsRubySdk::ApiError" message="WordsRubySdk::ApiError: Bad Request...">
WordsRubySdk::ApiError: Bad Request
    C:/Work/aspose-words-cloud-codegen/SDKs/RUBY/lib/words_ruby_sdk/api_client.rb:81:in `call_api'
    C:/Work/aspose-words-cloud-codegen/SDKs/RUBY/lib/words_ruby_sdk/api/words_api.rb:10058:in `render_table_with_http_info'
    C:/Work/aspose-words-cloud-codegen/SDKs/RUBY/lib/words_ruby_sdk/api/words_api.rb:9986:in `render_table'
    C:/Work/aspose-words-cloud-codegen/SDKs/RUBY/tests/DocumentElements/tables_tests.rb:274:in `test_render_table' (WordsRubySdk::ApiError)
C:/Work/aspose-words-cloud-codegen/SDKs/RUBY/lib/words_ruby_sdk/api_client.rb:81    </error>
  </testcase>
  <testcase name="test_get_border" time="4.601707867928781" assertions="0">
    <error type="WordsRubySdk::ApiError" message="WordsRubySdk::ApiError: Bad Request...">
WordsRubySdk::ApiError: Bad Request
    C:/Work/aspose-words-cloud-codegen/SDKs/RUBY/lib/words_ruby_sdk/api_client.rb:81:in `call_api'
    C:/Work/aspose-words-cloud-codegen/SDKs/RUBY/lib/words_ruby_sdk/api/words_api.rb:2357:in `get_border_with_http_info'
    C:/Work/aspose-words-cloud-codegen/SDKs/RUBY/lib/words_ruby_sdk/api/words_api.rb:2296:in `get_border'
    C:/Work/aspose-words-cloud-codegen/SDKs/RUBY/tests/DocumentElements/tables_tests.rb:94:in `test_get_border' (WordsRubySdk::ApiError)
C:/Work/aspose-words-cloud-codegen/SDKs/RUBY/lib/words_ruby_sdk/api_client.rb:81    </error>
  </testcase>
  <testcase name="test_update_table_cell_format" time="0.9123509490163997" assertions="0">
    <error type="ArgumentError" message="ArgumentError: invalid value for 'horizontal_merge', must be one of [&quot;\&quot;None\&quot;,&quot;, &quot;\&quot;First\&quot;,&quot;, &quot;\&quot;Previous\&quot;&quot;]....">
ArgumentError: invalid value for 'horizontal_merge', must be one of ["\"None\",", "\"First\",", "\"Previous\""].
    C:/Work/aspose-words-cloud-codegen/SDKs/RUBY/lib/words_ruby_sdk/models/table_cell_format.rb:222:in `horizontal_merge='
    C:/Work/aspose-words-cloud-codegen/SDKs/RUBY/lib/words_ruby_sdk/models/table_cell_format.rb:154:in `initialize'
    C:/Work/aspose-words-cloud-codegen/SDKs/RUBY/tests/DocumentElements/tables_tests.rb:285:in `new'
    C:/Work/aspose-words-cloud-codegen/SDKs/RUBY/tests/DocumentElements/tables_tests.rb:285:in `test_update_table_cell_format' (ArgumentError)
C:/Work/aspose-words-cloud-codegen/SDKs/RUBY/lib/words_ruby_sdk/models/table_cell_format.rb:222    </error>
  </testcase>
  <testcase name="test_insert_table" time="4.634616188006476" assertions="0">
    <error type="WordsRubySdk::ApiError" message="WordsRubySdk::ApiError: Bad Request...">
WordsRubySdk::ApiError: Bad Request
    C:/Work/aspose-words-cloud-codegen/SDKs/RUBY/lib/words_ruby_sdk/api_client.rb:81:in `call_api'
    C:/Work/aspose-words-cloud-codegen/SDKs/RUBY/lib/words_ruby_sdk/api/words_api.rb:6019:in `insert_table_with_http_info'
    C:/Work/aspose-words-cloud-codegen/SDKs/RUBY/lib/words_ruby_sdk/api/words_api.rb:5944:in `insert_table'
    C:/Work/aspose-words-cloud-codegen/SDKs/RUBY/tests/DocumentElements/tables_tests.rb:221:in `test_insert_table' (WordsRubySdk::ApiError)
C:/Work/aspose-words-cloud-codegen/SDKs/RUBY/lib/words_ruby_sdk/api_client.rb:81    </error>
  </testcase>
  <testcase name="test_get_table_cell_format" time="5.24976105208043" assertions="0">
    <error type="WordsRubySdk::ApiError" message="WordsRubySdk::ApiError: Bad Request...">
WordsRubySdk::ApiError: Bad Request
    C:/Work/aspose-words-cloud-codegen/SDKs/RUBY/lib/words_ruby_sdk/api_client.rb:81:in `call_api'
    C:/Work/aspose-words-cloud-codegen/SDKs/RUBY/lib/words_ruby_sdk/api/words_api.rb:5604:in `get_table_cell_format_with_http_info'
    C:/Work/aspose-words-cloud-codegen/SDKs/RUBY/lib/words_ruby_sdk/api/words_api.rb:5543:in `get_table_cell_format'
    C:/Work/aspose-words-cloud-codegen/SDKs/RUBY/tests/DocumentElements/tables_tests.rb:157:in `test_get_table_cell_format' (WordsRubySdk::ApiError)
C:/Work/aspose-words-cloud-codegen/SDKs/RUBY/lib/words_ruby_sdk/api_client.rb:81    </error>
  </testcase>
  <testcase name="test_get_table_properties" time="4.737833764986135" assertions="0">
    <error type="WordsRubySdk::ApiError" message="WordsRubySdk::ApiError: Bad Request...">
WordsRubySdk::ApiError: Bad Request
    C:/Work/aspose-words-cloud-codegen/SDKs/RUBY/lib/words_ruby_sdk/api_client.rb:81:in `call_api'
    C:/Work/aspose-words-cloud-codegen/SDKs/RUBY/lib/words_ruby_sdk/api/words_api.rb:5686:in `get_table_properties_with_http_info'
    C:/Work/aspose-words-cloud-codegen/SDKs/RUBY/lib/words_ruby_sdk/api/words_api.rb:5623:in `get_table_properties'
    C:/Work/aspose-words-cloud-codegen/SDKs/RUBY/tests/DocumentElements/tables_tests.rb:309:in `test_get_table_properties' (WordsRubySdk::ApiError)
C:/Work/aspose-words-cloud-codegen/SDKs/RUBY/lib/words_ruby_sdk/api_client.rb:81    </error>
  </testcase>
  <testcase name="test_insert_table_row" time="4.811983023071662" assertions="0">
    <error type="WordsRubySdk::ApiError" message="WordsRubySdk::ApiError: Bad Request...">
WordsRubySdk::ApiError: Bad Request
    C:/Work/aspose-words-cloud-codegen/SDKs/RUBY/lib/words_ruby_sdk/api_client.rb:81:in `call_api'
    C:/Work/aspose-words-cloud-codegen/SDKs/RUBY/lib/words_ruby_sdk/api/words_api.rb:6203:in `insert_table_row_with_http_info'
    C:/Work/aspose-words-cloud-codegen/SDKs/RUBY/lib/words_ruby_sdk/api/words_api.rb:6130:in `insert_table_row'
    C:/Work/aspose-words-cloud-codegen/SDKs/RUBY/tests/DocumentElements/tables_tests.rb:257:in `test_insert_table_row' (WordsRubySdk::ApiError)
C:/Work/aspose-words-cloud-codegen/SDKs/RUBY/lib/words_ruby_sdk/api_client.rb:81    </error>
  </testcase>
  <testcase name="test_delete_table_cell" time="4.017011980991811" assertions="0">
    <error type="NoMethodError" message="NoMethodError: undefined method `bytesize' for {}:Hash...">
NoMethodError: undefined method `bytesize' for {}:Hash
    C:/Ruby24-x64/lib/ruby/2.4.0/net/http/generic_request.rb:183:in `send_request_with_body'
    C:/Ruby24-x64/lib/ruby/2.4.0/net/http/generic_request.rb:121:in `exec'
    C:/Ruby24-x64/lib/ruby/2.4.0/net/http.rb:1444:in `block in transport_request'
    C:/Ruby24-x64/lib/ruby/2.4.0/net/http.rb:1443:in `catch'
    C:/Ruby24-x64/lib/ruby/2.4.0/net/http.rb:1443:in `transport_request'
    C:/Ruby24-x64/lib/ruby/2.4.0/net/http.rb:1416:in `request'
    C:/Ruby24-x64/lib/ruby/2.4.0/net/http.rb:1409:in `block in request'
    C:/Ruby24-x64/lib/ruby/2.4.0/net/http.rb:877:in `start'
    C:/Ruby24-x64/lib/ruby/2.4.0/net/http.rb:1407:in `request'
    C:/Ruby24-x64/lib/ruby/gems/2.4.0/gems/faraday-0.14.0/lib/faraday/adapter/net_http.rb:80:in `perform_request'
    C:/Ruby24-x64/lib/ruby/gems/2.4.0/gems/faraday-0.14.0/lib/faraday/adapter/net_http.rb:38:in `block in call'
    C:/Ruby24-x64/lib/ruby/gems/2.4.0/gems/faraday-0.14.0/lib/faraday/adapter/net_http.rb:85:in `with_net_http_connection'
    C:/Ruby24-x64/lib/ruby/gems/2.4.0/gems/faraday-0.14.0/lib/faraday/adapter/net_http.rb:33:in `call'
    C:/Ruby24-x64/lib/ruby/gems/2.4.0/gems/faraday-0.14.0/lib/faraday/request/url_encoded.rb:15:in `call'
    C:/Ruby24-x64/lib/ruby/gems/2.4.0/gems/faraday-0.14.0/lib/faraday/request/multipart.rb:15:in `call'
    C:/Ruby24-x64/lib/ruby/gems/2.4.0/gems/faraday-0.14.0/lib/faraday/rack_builder.rb:143:in `build_response'
    C:/Ruby24-x64/lib/ruby/gems/2.4.0/gems/faraday-0.14.0/lib/faraday/connection.rb:387:in `run_request'
    C:/Ruby24-x64/lib/ruby/gems/2.4.0/gems/faraday-0.14.0/lib/faraday/connection.rb:138:in `delete'
    C:/Work/aspose-words-cloud-codegen/SDKs/RUBY/lib/words_ruby_sdk/api_client.rb:147:in `build_request'
    C:/Work/aspose-words-cloud-codegen/SDKs/RUBY/lib/words_ruby_sdk/api_client.rb:69:in `call_api'
    C:/Work/aspose-words-cloud-codegen/SDKs/RUBY/lib/words_ruby_sdk/api/words_api.rb:2045:in `delete_table_cell_with_http_info'
    C:/Work/aspose-words-cloud-codegen/SDKs/RUBY/lib/words_ruby_sdk/api/words_api.rb:1969:in `delete_table_cell'
    C:/Work/aspose-words-cloud-codegen/SDKs/RUBY/tests/DocumentElements/tables_tests.rb:62:in `test_delete_table_cell' (NoMethodError)
C:/Ruby24-x64/lib/ruby/2.4.0/net/http/generic_request.rb:183    </error>
  </testcase>
  <testcase name="test_update_border" time="0.9593963560182601" assertions="0">
    <error type="ArgumentError" message="ArgumentError: invalid value for 'border_type', must be one of [&quot;\&quot;Bottom\&quot;,&quot;, &quot;\&quot;Left\&quot;,&quot;, &quot;\&quot;Right\&quot;,&quot;, &quot;\&quot;Top\&quot;,&quot;, &quot;\&quot;Horizontal\&quot;,&quot;, &quot;\&quot;Vertical\&quot;,&quot;, &quot;\&quot;DiagonalDown\&quot;,&quot;, &quot;\&quot;DiagonalUp\&quot;,&quot;, &quot;\&quot;None\&quot;&quot;]....">
ArgumentError: invalid value for 'border_type', must be one of ["\"Bottom\",", "\"Left\",", "\"Right\",", "\"Top\",", "\"Horizontal\",", "\"Vertical\",", "\"DiagonalDown\",", "\"DiagonalUp\",", "\"None\""].
    C:/Work/aspose-words-cloud-codegen/SDKs/RUBY/lib/words_ruby_sdk/models/border.rb:164:in `border_type='
    C:/Work/aspose-words-cloud-codegen/SDKs/RUBY/lib/words_ruby_sdk/models/border.rb:116:in `initialize'
    C:/Work/aspose-words-cloud-codegen/SDKs/RUBY/tests/DocumentElements/tables_tests.rb:388:in `new'
    C:/Work/aspose-words-cloud-codegen/SDKs/RUBY/tests/DocumentElements/tables_tests.rb:388:in `test_update_border' (ArgumentError)
C:/Work/aspose-words-cloud-codegen/SDKs/RUBY/lib/words_ruby_sdk/models/border.rb:164    </error>
  </testcase>
  <testcase name="test_update_table_properties" time="0.9966458590934053" assertions="0">
    <error type="ArgumentError" message="ArgumentError: invalid value for 'alignment', must be one of [&quot;\&quot;Left\&quot;,&quot;, &quot;\&quot;Center\&quot;,&quot;, &quot;\&quot;Right\&quot;&quot;]....">
ArgumentError: invalid value for 'alignment', must be one of ["\"Left\",", "\"Center\",", "\"Right\""].
    C:/Work/aspose-words-cloud-codegen/SDKs/RUBY/lib/words_ruby_sdk/models/table_properties.rb:240:in `alignment='
    C:/Work/aspose-words-cloud-codegen/SDKs/RUBY/lib/words_ruby_sdk/models/table_properties.rb:156:in `initialize'
    C:/Work/aspose-words-cloud-codegen/SDKs/RUBY/tests/DocumentElements/tables_tests.rb:320:in `new'
    C:/Work/aspose-words-cloud-codegen/SDKs/RUBY/tests/DocumentElements/tables_tests.rb:320:in `test_update_table_properties' (ArgumentError)
C:/Work/aspose-words-cloud-codegen/SDKs/RUBY/lib/words_ruby_sdk/models/table_properties.rb:240    </error>
  </testcase>
  <testcase name="test_delete_table" time="3.881486422033049" assertions="0">
    <error type="NoMethodError" message="NoMethodError: undefined method `bytesize' for {}:Hash...">
NoMethodError: undefined method `bytesize' for {}:Hash
    C:/Ruby24-x64/lib/ruby/2.4.0/net/http/generic_request.rb:183:in `send_request_with_body'
    C:/Ruby24-x64/lib/ruby/2.4.0/net/http/generic_request.rb:121:in `exec'
    C:/Ruby24-x64/lib/ruby/2.4.0/net/http.rb:1444:in `block in transport_request'
    C:/Ruby24-x64/lib/ruby/2.4.0/net/http.rb:1443:in `catch'
    C:/Ruby24-x64/lib/ruby/2.4.0/net/http.rb:1443:in `transport_request'
    C:/Ruby24-x64/lib/ruby/2.4.0/net/http.rb:1416:in `request'
    C:/Ruby24-x64/lib/ruby/2.4.0/net/http.rb:1409:in `block in request'
    C:/Ruby24-x64/lib/ruby/2.4.0/net/http.rb:877:in `start'
    C:/Ruby24-x64/lib/ruby/2.4.0/net/http.rb:1407:in `request'
    C:/Ruby24-x64/lib/ruby/gems/2.4.0/gems/faraday-0.14.0/lib/faraday/adapter/net_http.rb:80:in `perform_request'
    C:/Ruby24-x64/lib/ruby/gems/2.4.0/gems/faraday-0.14.0/lib/faraday/adapter/net_http.rb:38:in `block in call'
    C:/Ruby24-x64/lib/ruby/gems/2.4.0/gems/faraday-0.14.0/lib/faraday/adapter/net_http.rb:85:in `with_net_http_connection'
    C:/Ruby24-x64/lib/ruby/gems/2.4.0/gems/faraday-0.14.0/lib/faraday/adapter/net_http.rb:33:in `call'
    C:/Ruby24-x64/lib/ruby/gems/2.4.0/gems/faraday-0.14.0/lib/faraday/request/url_encoded.rb:15:in `call'
    C:/Ruby24-x64/lib/ruby/gems/2.4.0/gems/faraday-0.14.0/lib/faraday/request/multipart.rb:15:in `call'
    C:/Ruby24-x64/lib/ruby/gems/2.4.0/gems/faraday-0.14.0/lib/faraday/rack_builder.rb:143:in `build_response'
    C:/Ruby24-x64/lib/ruby/gems/2.4.0/gems/faraday-0.14.0/lib/faraday/connection.rb:387:in `run_request'
    C:/Ruby24-x64/lib/ruby/gems/2.4.0/gems/faraday-0.14.0/lib/faraday/connection.rb:138:in `delete'
    C:/Work/aspose-words-cloud-codegen/SDKs/RUBY/lib/words_ruby_sdk/api_client.rb:147:in `build_request'
    C:/Work/aspose-words-cloud-codegen/SDKs/RUBY/lib/words_ruby_sdk/api_client.rb:69:in `call_api'
    C:/Work/aspose-words-cloud-codegen/SDKs/RUBY/lib/words_ruby_sdk/api/words_api.rb:1950:in `delete_table_with_http_info'
    C:/Work/aspose-words-cloud-codegen/SDKs/RUBY/lib/words_ruby_sdk/api/words_api.rb:1872:in `delete_table'
    C:/Work/aspose-words-cloud-codegen/SDKs/RUBY/tests/DocumentElements/tables_tests.rb:46:in `test_delete_table' (NoMethodError)
C:/Ruby24-x64/lib/ruby/2.4.0/net/http/generic_request.rb:183    </error>
  </testcase>
  <testcase name="test_get_tables" time="4.757780732004903" assertions="0">
    <error type="WordsRubySdk::ApiError" message="WordsRubySdk::ApiError: Bad Request...">
WordsRubySdk::ApiError: Bad Request
    C:/Work/aspose-words-cloud-codegen/SDKs/RUBY/lib/words_ruby_sdk/api_client.rb:81:in `call_api'
    C:/Work/aspose-words-cloud-codegen/SDKs/RUBY/lib/words_ruby_sdk/api/words_api.rb:5925:in `get_tables_with_http_info'
    C:/Work/aspose-words-cloud-codegen/SDKs/RUBY/lib/words_ruby_sdk/api/words_api.rb:5865:in `get_tables'
    C:/Work/aspose-words-cloud-codegen/SDKs/RUBY/tests/DocumentElements/tables_tests.rb:204:in `test_get_tables' (WordsRubySdk::ApiError)
C:/Work/aspose-words-cloud-codegen/SDKs/RUBY/lib/words_ruby_sdk/api_client.rb:81    </error>
  </testcase>
  <testcase name="test_get_table_row_format" time="5.054062573006377" assertions="0">
    <error type="WordsRubySdk::ApiError" message="WordsRubySdk::ApiError: Bad Request...">
WordsRubySdk::ApiError: Bad Request
    C:/Work/aspose-words-cloud-codegen/SDKs/RUBY/lib/words_ruby_sdk/api_client.rb:81:in `call_api'
    C:/Work/aspose-words-cloud-codegen/SDKs/RUBY/lib/words_ruby_sdk/api/words_api.rb:5846:in `get_table_row_format_with_http_info'
    C:/Work/aspose-words-cloud-codegen/SDKs/RUBY/lib/words_ruby_sdk/api/words_api.rb:5785:in `get_table_row_format'
    C:/Work/aspose-words-cloud-codegen/SDKs/RUBY/tests/DocumentElements/tables_tests.rb:189:in `test_get_table_row_format' (WordsRubySdk::ApiError)
C:/Work/aspose-words-cloud-codegen/SDKs/RUBY/lib/words_ruby_sdk/api_client.rb:81    </error>
  </testcase>
  <testcase name="test_post_split_document" time="3.9731389300432056" assertions="0">
    <error type="NoMethodError" message="NoMethodError: undefined method `bytesize' for {}:Hash...">
NoMethodError: undefined method `bytesize' for {}:Hash
    C:/Ruby24-x64/lib/ruby/2.4.0/net/http/generic_request.rb:183:in `send_request_with_body'
    C:/Ruby24-x64/lib/ruby/2.4.0/net/http/generic_request.rb:121:in `exec'
    C:/Ruby24-x64/lib/ruby/2.4.0/net/http.rb:1444:in `block in transport_request'
    C:/Ruby24-x64/lib/ruby/2.4.0/net/http.rb:1443:in `catch'
    C:/Ruby24-x64/lib/ruby/2.4.0/net/http.rb:1443:in `transport_request'
    C:/Ruby24-x64/lib/ruby/2.4.0/net/http.rb:1416:in `request'
    C:/Ruby24-x64/lib/ruby/2.4.0/net/http.rb:1409:in `block in request'
    C:/Ruby24-x64/lib/ruby/2.4.0/net/http.rb:877:in `start'
    C:/Ruby24-x64/lib/ruby/2.4.0/net/http.rb:1407:in `request'
    C:/Ruby24-x64/lib/ruby/gems/2.4.0/gems/faraday-0.14.0/lib/faraday/adapter/net_http.rb:80:in `perform_request'
    C:/Ruby24-x64/lib/ruby/gems/2.4.0/gems/faraday-0.14.0/lib/faraday/adapter/net_http.rb:38:in `block in call'
    C:/Ruby24-x64/lib/ruby/gems/2.4.0/gems/faraday-0.14.0/lib/faraday/adapter/net_http.rb:85:in `with_net_http_connection'
    C:/Ruby24-x64/lib/ruby/gems/2.4.0/gems/faraday-0.14.0/lib/faraday/adapter/net_http.rb:33:in `call'
    C:/Ruby24-x64/lib/ruby/gems/2.4.0/gems/faraday-0.14.0/lib/faraday/request/url_encoded.rb:15:in `call'
    C:/Ruby24-x64/lib/ruby/gems/2.4.0/gems/faraday-0.14.0/lib/faraday/request/multipart.rb:15:in `call'
    C:/Ruby24-x64/lib/ruby/gems/2.4.0/gems/faraday-0.14.0/lib/faraday/rack_builder.rb:143:in `build_response'
    C:/Ruby24-x64/lib/ruby/gems/2.4.0/gems/faraday-0.14.0/lib/faraday/connection.rb:387:in `run_request'
    C:/Ruby24-x64/lib/ruby/gems/2.4.0/gems/faraday-0.14.0/lib/faraday/connection.rb:175:in `post'
    C:/Work/aspose-words-cloud-codegen/SDKs/RUBY/lib/words_ruby_sdk/api_client.rb:141:in `build_request'
    C:/Work/aspose-words-cloud-codegen/SDKs/RUBY/lib/words_ruby_sdk/api_client.rb:69:in `call_api'
    C:/Work/aspose-words-cloud-codegen/SDKs/RUBY/lib/words_ruby_sdk/api/words_api.rb:7962:in `post_split_document_with_http_info'
    C:/Work/aspose-words-cloud-codegen/SDKs/RUBY/lib/words_ruby_sdk/api/words_api.rb:7877:in `post_split_document'
    C:/Work/aspose-words-cloud-codegen/SDKs/RUBY/tests/DocumentActions/split_document_tests.rb:49:in `test_post_split_document' (NoMethodError)
C:/Ruby24-x64/lib/ruby/2.4.0/net/http/generic_request.rb:183    </error>
  </testcase>
  <testcase name="test_folder" time="0.9187833990436047" assertions="0">
  </testcase>
  <testcase name="test_classify_document" time="4.320803155074827" assertions="0">
    <error type="WordsRubySdk::ApiError" message="WordsRubySdk::ApiError: Bad Request...">
WordsRubySdk::ApiError: Bad Request
    C:/Work/aspose-words-cloud-codegen/SDKs/RUBY/lib/words_ruby_sdk/api_client.rb:81:in `call_api'
    C:/Work/aspose-words-cloud-codegen/SDKs/RUBY/lib/words_ruby_sdk/api/words_api.rb:243:in `classify_document_with_http_info'
    C:/Work/aspose-words-cloud-codegen/SDKs/RUBY/lib/words_ruby_sdk/api/words_api.rb:183:in `classify_document'
    C:/Work/aspose-words-cloud-codegen/SDKs/RUBY/tests/DocumentActions/classification_tests.rb:54:in `test_classify_document' (WordsRubySdk::ApiError)
C:/Work/aspose-words-cloud-codegen/SDKs/RUBY/lib/words_ruby_sdk/api_client.rb:81    </error>
  </testcase>
  <testcase name="test_folder" time="0.9594309099484235" assertions="0">
  </testcase>
  <testcase name="test_classify" time="2.459664826048538" assertions="1">
  </testcase>
  <testcase name="test_post_run" time="4.61927902395837" assertions="0">
    <error type="WordsRubySdk::ApiError" message="WordsRubySdk::ApiError: Bad Request...">
WordsRubySdk::ApiError: Bad Request
    C:/Work/aspose-words-cloud-codegen/SDKs/RUBY/lib/words_ruby_sdk/api_client.rb:81:in `call_api'
    C:/Work/aspose-words-cloud-codegen/SDKs/RUBY/lib/words_ruby_sdk/api/words_api.rb:7858:in `post_run_with_http_info'
    C:/Work/aspose-words-cloud-codegen/SDKs/RUBY/lib/words_ruby_sdk/api/words_api.rb:7780:in `post_run'
    C:/Work/aspose-words-cloud-codegen/SDKs/RUBY/tests/DocumentElements/runs_tests.rb:63:in `test_post_run' (WordsRubySdk::ApiError)
C:/Work/aspose-words-cloud-codegen/SDKs/RUBY/lib/words_ruby_sdk/api_client.rb:81    </error>
  </testcase>
  <testcase name="test_delete_run" time="3.9261139529990032" assertions="0">
    <error type="NoMethodError" message="NoMethodError: undefined method `bytesize' for {}:Hash...">
NoMethodError: undefined method `bytesize' for {}:Hash
    C:/Ruby24-x64/lib/ruby/2.4.0/net/http/generic_request.rb:183:in `send_request_with_body'
    C:/Ruby24-x64/lib/ruby/2.4.0/net/http/generic_request.rb:121:in `exec'
    C:/Ruby24-x64/lib/ruby/2.4.0/net/http.rb:1444:in `block in transport_request'
    C:/Ruby24-x64/lib/ruby/2.4.0/net/http.rb:1443:in `catch'
    C:/Ruby24-x64/lib/ruby/2.4.0/net/http.rb:1443:in `transport_request'
    C:/Ruby24-x64/lib/ruby/2.4.0/net/http.rb:1416:in `request'
    C:/Ruby24-x64/lib/ruby/2.4.0/net/http.rb:1409:in `block in request'
    C:/Ruby24-x64/lib/ruby/2.4.0/net/http.rb:877:in `start'
    C:/Ruby24-x64/lib/ruby/2.4.0/net/http.rb:1407:in `request'
    C:/Ruby24-x64/lib/ruby/gems/2.4.0/gems/faraday-0.14.0/lib/faraday/adapter/net_http.rb:80:in `perform_request'
    C:/Ruby24-x64/lib/ruby/gems/2.4.0/gems/faraday-0.14.0/lib/faraday/adapter/net_http.rb:38:in `block in call'
    C:/Ruby24-x64/lib/ruby/gems/2.4.0/gems/faraday-0.14.0/lib/faraday/adapter/net_http.rb:85:in `with_net_http_connection'
    C:/Ruby24-x64/lib/ruby/gems/2.4.0/gems/faraday-0.14.0/lib/faraday/adapter/net_http.rb:33:in `call'
    C:/Ruby24-x64/lib/ruby/gems/2.4.0/gems/faraday-0.14.0/lib/faraday/request/url_encoded.rb:15:in `call'
    C:/Ruby24-x64/lib/ruby/gems/2.4.0/gems/faraday-0.14.0/lib/faraday/request/multipart.rb:15:in `call'
    C:/Ruby24-x64/lib/ruby/gems/2.4.0/gems/faraday-0.14.0/lib/faraday/rack_builder.rb:143:in `build_response'
    C:/Ruby24-x64/lib/ruby/gems/2.4.0/gems/faraday-0.14.0/lib/faraday/connection.rb:387:in `run_request'
    C:/Ruby24-x64/lib/ruby/gems/2.4.0/gems/faraday-0.14.0/lib/faraday/connection.rb:138:in `delete'
    C:/Work/aspose-words-cloud-codegen/SDKs/RUBY/lib/words_ruby_sdk/api_client.rb:147:in `build_request'
    C:/Work/aspose-words-cloud-codegen/SDKs/RUBY/lib/words_ruby_sdk/api_client.rb:69:in `call_api'
    C:/Work/aspose-words-cloud-codegen/SDKs/RUBY/lib/words_ruby_sdk/api/words_api.rb:1853:in `delete_run_with_http_info'
    C:/Work/aspose-words-cloud-codegen/SDKs/RUBY/lib/words_ruby_sdk/api/words_api.rb:1777:in `delete_run'
    C:/Work/aspose-words-cloud-codegen/SDKs/RUBY/tests/DocumentElements/runs_tests.rb:46:in `test_delete_run' (NoMethodError)
C:/Ruby24-x64/lib/ruby/2.4.0/net/http/generic_request.rb:183    </error>
  </testcase>
  <testcase name="test_put_run" time="4.577717182924971" assertions="0">
    <error type="WordsRubySdk::ApiError" message="WordsRubySdk::ApiError: Bad Request...">
WordsRubySdk::ApiError: Bad Request
    C:/Work/aspose-words-cloud-codegen/SDKs/RUBY/lib/words_ruby_sdk/api_client.rb:81:in `call_api'
    C:/Work/aspose-words-cloud-codegen/SDKs/RUBY/lib/words_ruby_sdk/api/words_api.rb:9529:in `put_run_with_http_info'
    C:/Work/aspose-words-cloud-codegen/SDKs/RUBY/lib/words_ruby_sdk/api/words_api.rb:9449:in `put_run'
    C:/Work/aspose-words-cloud-codegen/SDKs/RUBY/tests/DocumentElements/runs_tests.rb:79:in `test_put_run' (WordsRubySdk::ApiError)
C:/Work/aspose-words-cloud-codegen/SDKs/RUBY/lib/words_ruby_sdk/api_client.rb:81    </error>
  </testcase>
  <testcase name="test_folder" time="0.9513290519826114" assertions="0">
  </testcase>
  <testcase name="test_get_document_drawing_object_ole_data" time="4.611219529993832" assertions="0">
    <error type="WordsRubySdk::ApiError" message="WordsRubySdk::ApiError: Bad Request...">
WordsRubySdk::ApiError: Bad Request
    C:/Work/aspose-words-cloud-codegen/SDKs/RUBY/lib/words_ruby_sdk/api_client.rb:81:in `call_api'
    C:/Work/aspose-words-cloud-codegen/SDKs/RUBY/lib/words_ruby_sdk/api/words_api.rb:3056:in `get_document_drawing_object_ole_data_with_http_info'
    C:/Work/aspose-words-cloud-codegen/SDKs/RUBY/lib/words_ruby_sdk/api/words_api.rb:2993:in `get_document_drawing_object_ole_data'
    C:/Work/aspose-words-cloud-codegen/SDKs/RUBY/tests/DocumentElements/drawing_objects_tests.rb:78:in `test_get_document_drawing_object_ole_data' (WordsRubySdk::ApiError)
C:/Work/aspose-words-cloud-codegen/SDKs/RUBY/lib/words_ruby_sdk/api_client.rb:81    </error>
  </testcase>
  <testcase name="test_put_drawing_object" time="3.9468096899800003" assertions="0">
    <error type="NoMethodError" message="NoMethodError: undefined method `bytesize' for {}:Hash...">
NoMethodError: undefined method `bytesize' for {}:Hash
    C:/Ruby24-x64/lib/ruby/2.4.0/net/http/generic_request.rb:183:in `send_request_with_body'
    C:/Ruby24-x64/lib/ruby/2.4.0/net/http/generic_request.rb:121:in `exec'
    C:/Ruby24-x64/lib/ruby/2.4.0/net/http.rb:1444:in `block in transport_request'
    C:/Ruby24-x64/lib/ruby/2.4.0/net/http.rb:1443:in `catch'
    C:/Ruby24-x64/lib/ruby/2.4.0/net/http.rb:1443:in `transport_request'
    C:/Ruby24-x64/lib/ruby/2.4.0/net/http.rb:1416:in `request'
    C:/Ruby24-x64/lib/ruby/2.4.0/net/http.rb:1409:in `block in request'
    C:/Ruby24-x64/lib/ruby/2.4.0/net/http.rb:877:in `start'
    C:/Ruby24-x64/lib/ruby/2.4.0/net/http.rb:1407:in `request'
    C:/Ruby24-x64/lib/ruby/gems/2.4.0/gems/faraday-0.14.0/lib/faraday/adapter/net_http.rb:80:in `perform_request'
    C:/Ruby24-x64/lib/ruby/gems/2.4.0/gems/faraday-0.14.0/lib/faraday/adapter/net_http.rb:38:in `block in call'
    C:/Ruby24-x64/lib/ruby/gems/2.4.0/gems/faraday-0.14.0/lib/faraday/adapter/net_http.rb:85:in `with_net_http_connection'
    C:/Ruby24-x64/lib/ruby/gems/2.4.0/gems/faraday-0.14.0/lib/faraday/adapter/net_http.rb:33:in `call'
    C:/Ruby24-x64/lib/ruby/gems/2.4.0/gems/faraday-0.14.0/lib/faraday/request/url_encoded.rb:15:in `call'
    C:/Ruby24-x64/lib/ruby/gems/2.4.0/gems/faraday-0.14.0/lib/faraday/request/multipart.rb:15:in `call'
    C:/Ruby24-x64/lib/ruby/gems/2.4.0/gems/faraday-0.14.0/lib/faraday/rack_builder.rb:143:in `build_response'
    C:/Ruby24-x64/lib/ruby/gems/2.4.0/gems/faraday-0.14.0/lib/faraday/connection.rb:387:in `run_request'
    C:/Ruby24-x64/lib/ruby/gems/2.4.0/gems/faraday-0.14.0/lib/faraday/connection.rb:175:in `put'
    C:/Work/aspose-words-cloud-codegen/SDKs/RUBY/lib/words_ruby_sdk/api_client.rb:143:in `build_request'
    C:/Work/aspose-words-cloud-codegen/SDKs/RUBY/lib/words_ruby_sdk/api_client.rb:69:in `call_api'
    C:/Work/aspose-words-cloud-codegen/SDKs/RUBY/lib/words_ruby_sdk/api/words_api.rb:8705:in `put_drawing_object_with_http_info'
    C:/Work/aspose-words-cloud-codegen/SDKs/RUBY/lib/words_ruby_sdk/api/words_api.rb:8624:in `put_drawing_object'
    C:/Work/aspose-words-cloud-codegen/SDKs/RUBY/tests/DocumentElements/drawing_objects_tests.rb:126:in `test_put_drawing_object' (NoMethodError)
C:/Ruby24-x64/lib/ruby/2.4.0/net/http/generic_request.rb:183    </error>
  </testcase>
  <testcase name="test_post_drawing_object" time="3.9831006940221414" assertions="0">
    <error type="NoMethodError" message="NoMethodError: undefined method `bytesize' for {}:Hash...">
NoMethodError: undefined method `bytesize' for {}:Hash
    C:/Ruby24-x64/lib/ruby/2.4.0/net/http/generic_request.rb:183:in `send_request_with_body'
    C:/Ruby24-x64/lib/ruby/2.4.0/net/http/generic_request.rb:121:in `exec'
    C:/Ruby24-x64/lib/ruby/2.4.0/net/http.rb:1444:in `block in transport_request'
    C:/Ruby24-x64/lib/ruby/2.4.0/net/http.rb:1443:in `catch'
    C:/Ruby24-x64/lib/ruby/2.4.0/net/http.rb:1443:in `transport_request'
    C:/Ruby24-x64/lib/ruby/2.4.0/net/http.rb:1416:in `request'
    C:/Ruby24-x64/lib/ruby/2.4.0/net/http.rb:1409:in `block in request'
    C:/Ruby24-x64/lib/ruby/2.4.0/net/http.rb:877:in `start'
    C:/Ruby24-x64/lib/ruby/2.4.0/net/http.rb:1407:in `request'
    C:/Ruby24-x64/lib/ruby/gems/2.4.0/gems/faraday-0.14.0/lib/faraday/adapter/net_http.rb:80:in `perform_request'
    C:/Ruby24-x64/lib/ruby/gems/2.4.0/gems/faraday-0.14.0/lib/faraday/adapter/net_http.rb:38:in `block in call'
    C:/Ruby24-x64/lib/ruby/gems/2.4.0/gems/faraday-0.14.0/lib/faraday/adapter/net_http.rb:85:in `with_net_http_connection'
    C:/Ruby24-x64/lib/ruby/gems/2.4.0/gems/faraday-0.14.0/lib/faraday/adapter/net_http.rb:33:in `call'
    C:/Ruby24-x64/lib/ruby/gems/2.4.0/gems/faraday-0.14.0/lib/faraday/request/url_encoded.rb:15:in `call'
    C:/Ruby24-x64/lib/ruby/gems/2.4.0/gems/faraday-0.14.0/lib/faraday/request/multipart.rb:15:in `call'
    C:/Ruby24-x64/lib/ruby/gems/2.4.0/gems/faraday-0.14.0/lib/faraday/rack_builder.rb:143:in `build_response'
    C:/Ruby24-x64/lib/ruby/gems/2.4.0/gems/faraday-0.14.0/lib/faraday/connection.rb:387:in `run_request'
    C:/Ruby24-x64/lib/ruby/gems/2.4.0/gems/faraday-0.14.0/lib/faraday/connection.rb:175:in `post'
    C:/Work/aspose-words-cloud-codegen/SDKs/RUBY/lib/words_ruby_sdk/api_client.rb:141:in `build_request'
    C:/Work/aspose-words-cloud-codegen/SDKs/RUBY/lib/words_ruby_sdk/api_client.rb:69:in `call_api'
    C:/Work/aspose-words-cloud-codegen/SDKs/RUBY/lib/words_ruby_sdk/api/words_api.rb:6936:in `post_drawing_object_with_http_info'
    C:/Work/aspose-words-cloud-codegen/SDKs/RUBY/lib/words_ruby_sdk/api/words_api.rb:6852:in `post_drawing_object'
    C:/Work/aspose-words-cloud-codegen/SDKs/RUBY/tests/DocumentElements/drawing_objects_tests.rb:110:in `test_post_drawing_object' (NoMethodError)
C:/Ruby24-x64/lib/ruby/2.4.0/net/http/generic_request.rb:183    </error>
  </testcase>
  <testcase name="test_render_drawing_object" time="4.68571673205588" assertions="0">
    <error type="WordsRubySdk::ApiError" message="WordsRubySdk::ApiError: Bad Request...">
WordsRubySdk::ApiError: Bad Request
    C:/Work/aspose-words-cloud-codegen/SDKs/RUBY/lib/words_ruby_sdk/api_client.rb:81:in `call_api'
    C:/Work/aspose-words-cloud-codegen/SDKs/RUBY/lib/words_ruby_sdk/api/words_api.rb:9699:in `render_drawing_object_with_http_info'
    C:/Work/aspose-words-cloud-codegen/SDKs/RUBY/lib/words_ruby_sdk/api/words_api.rb:9627:in `render_drawing_object'
    C:/Work/aspose-words-cloud-codegen/SDKs/RUBY/tests/DocumentElements/drawing_objects_tests.rb:143:in `test_render_drawing_object' (WordsRubySdk::ApiError)
C:/Work/aspose-words-cloud-codegen/SDKs/RUBY/lib/words_ruby_sdk/api_client.rb:81    </error>
  </testcase>
  <testcase name="test_delete_drawing_object" time="3.940294609987177" assertions="0">
    <error type="NoMethodError" message="NoMethodError: undefined method `bytesize' for {}:Hash...">
NoMethodError: undefined method `bytesize' for {}:Hash
    C:/Ruby24-x64/lib/ruby/2.4.0/net/http/generic_request.rb:183:in `send_request_with_body'
    C:/Ruby24-x64/lib/ruby/2.4.0/net/http/generic_request.rb:121:in `exec'
    C:/Ruby24-x64/lib/ruby/2.4.0/net/http.rb:1444:in `block in transport_request'
    C:/Ruby24-x64/lib/ruby/2.4.0/net/http.rb:1443:in `catch'
    C:/Ruby24-x64/lib/ruby/2.4.0/net/http.rb:1443:in `transport_request'
    C:/Ruby24-x64/lib/ruby/2.4.0/net/http.rb:1416:in `request'
    C:/Ruby24-x64/lib/ruby/2.4.0/net/http.rb:1409:in `block in request'
    C:/Ruby24-x64/lib/ruby/2.4.0/net/http.rb:877:in `start'
    C:/Ruby24-x64/lib/ruby/2.4.0/net/http.rb:1407:in `request'
    C:/Ruby24-x64/lib/ruby/gems/2.4.0/gems/faraday-0.14.0/lib/faraday/adapter/net_http.rb:80:in `perform_request'
    C:/Ruby24-x64/lib/ruby/gems/2.4.0/gems/faraday-0.14.0/lib/faraday/adapter/net_http.rb:38:in `block in call'
    C:/Ruby24-x64/lib/ruby/gems/2.4.0/gems/faraday-0.14.0/lib/faraday/adapter/net_http.rb:85:in `with_net_http_connection'
    C:/Ruby24-x64/lib/ruby/gems/2.4.0/gems/faraday-0.14.0/lib/faraday/adapter/net_http.rb:33:in `call'
    C:/Ruby24-x64/lib/ruby/gems/2.4.0/gems/faraday-0.14.0/lib/faraday/request/url_encoded.rb:15:in `call'
    C:/Ruby24-x64/lib/ruby/gems/2.4.0/gems/faraday-0.14.0/lib/faraday/request/multipart.rb:15:in `call'
    C:/Ruby24-x64/lib/ruby/gems/2.4.0/gems/faraday-0.14.0/lib/faraday/rack_builder.rb:143:in `build_response'
    C:/Ruby24-x64/lib/ruby/gems/2.4.0/gems/faraday-0.14.0/lib/faraday/connection.rb:387:in `run_request'
    C:/Ruby24-x64/lib/ruby/gems/2.4.0/gems/faraday-0.14.0/lib/faraday/connection.rb:138:in `delete'
    C:/Work/aspose-words-cloud-codegen/SDKs/RUBY/lib/words_ruby_sdk/api_client.rb:147:in `build_request'
    C:/Work/aspose-words-cloud-codegen/SDKs/RUBY/lib/words_ruby_sdk/api_client.rb:69:in `call_api'
    C:/Work/aspose-words-cloud-codegen/SDKs/RUBY/lib/words_ruby_sdk/api/words_api.rb:983:in `delete_drawing_object_with_http_info'
    C:/Work/aspose-words-cloud-codegen/SDKs/RUBY/lib/words_ruby_sdk/api/words_api.rb:905:in `delete_drawing_object'
    C:/Work/aspose-words-cloud-codegen/SDKs/RUBY/tests/DocumentElements/drawing_objects_tests.rb:159:in `test_delete_drawing_object' (NoMethodError)
C:/Ruby24-x64/lib/ruby/2.4.0/net/http/generic_request.rb:183    </error>
  </testcase>
  <testcase name="test_get_document_drawing_object_by_index" time="4.585264976951294" assertions="0">
    <error type="WordsRubySdk::ApiError" message="WordsRubySdk::ApiError: Bad Request...">
WordsRubySdk::ApiError: Bad Request
    C:/Work/aspose-words-cloud-codegen/SDKs/RUBY/lib/words_ruby_sdk/api_client.rb:81:in `call_api'
    C:/Work/aspose-words-cloud-codegen/SDKs/RUBY/lib/words_ruby_sdk/api/words_api.rb:2892:in `get_document_drawing_object_by_index_with_http_info'
    C:/Work/aspose-words-cloud-codegen/SDKs/RUBY/lib/words_ruby_sdk/api/words_api.rb:2829:in `get_document_drawing_object_by_index'
    C:/Work/aspose-words-cloud-codegen/SDKs/RUBY/tests/DocumentElements/drawing_objects_tests.rb:46:in `test_get_document_drawing_object_by_index' (WordsRubySdk::ApiError)
C:/Work/aspose-words-cloud-codegen/SDKs/RUBY/lib/words_ruby_sdk/api_client.rb:81    </error>
  </testcase>
  <testcase name="test_folder" time="0.956529577029869" assertions="0">
  </testcase>
  <testcase name="test_get_document_drawing_object_image_data" time="4.698082553921267" assertions="0">
    <error type="WordsRubySdk::ApiError" message="WordsRubySdk::ApiError: Bad Request...">
WordsRubySdk::ApiError: Bad Request
    C:/Work/aspose-words-cloud-codegen/SDKs/RUBY/lib/words_ruby_sdk/api_client.rb:81:in `call_api'
    C:/Work/aspose-words-cloud-codegen/SDKs/RUBY/lib/words_ruby_sdk/api/words_api.rb:2974:in `get_document_drawing_object_image_data_with_http_info'
    C:/Work/aspose-words-cloud-codegen/SDKs/RUBY/lib/words_ruby_sdk/api/words_api.rb:2911:in `get_document_drawing_object_image_data'
    C:/Work/aspose-words-cloud-codegen/SDKs/RUBY/tests/DocumentElements/drawing_objects_tests.rb:62:in `test_get_document_drawing_object_image_data' (WordsRubySdk::ApiError)
C:/Work/aspose-words-cloud-codegen/SDKs/RUBY/lib/words_ruby_sdk/api_client.rb:81    </error>
  </testcase>
  <testcase name="test_get_document_drawing_objects" time="4.69802215998061" assertions="0">
    <error type="WordsRubySdk::ApiError" message="WordsRubySdk::ApiError: Bad Request...">
WordsRubySdk::ApiError: Bad Request
    C:/Work/aspose-words-cloud-codegen/SDKs/RUBY/lib/words_ruby_sdk/api_client.rb:81:in `call_api'
    C:/Work/aspose-words-cloud-codegen/SDKs/RUBY/lib/words_ruby_sdk/api/words_api.rb:3135:in `get_document_drawing_objects_with_http_info'
    C:/Work/aspose-words-cloud-codegen/SDKs/RUBY/lib/words_ruby_sdk/api/words_api.rb:3075:in `get_document_drawing_objects'
    C:/Work/aspose-words-cloud-codegen/SDKs/RUBY/tests/DocumentElements/drawing_objects_tests.rb:93:in `test_get_document_drawing_objects' (WordsRubySdk::ApiError)
C:/Work/aspose-words-cloud-codegen/SDKs/RUBY/lib/words_ruby_sdk/api_client.rb:81    </error>
  </testcase>
  <testcase name="test_reject_all_revisions" time="4.001627944060601" assertions="0">
    <error type="NoMethodError" message="NoMethodError: undefined method `bytesize' for {}:Hash...">
NoMethodError: undefined method `bytesize' for {}:Hash
    C:/Ruby24-x64/lib/ruby/2.4.0/net/http/generic_request.rb:183:in `send_request_with_body'
    C:/Ruby24-x64/lib/ruby/2.4.0/net/http/generic_request.rb:121:in `exec'
    C:/Ruby24-x64/lib/ruby/2.4.0/net/http.rb:1444:in `block in transport_request'
    C:/Ruby24-x64/lib/ruby/2.4.0/net/http.rb:1443:in `catch'
    C:/Ruby24-x64/lib/ruby/2.4.0/net/http.rb:1443:in `transport_request'
    C:/Ruby24-x64/lib/ruby/2.4.0/net/http.rb:1416:in `request'
    C:/Ruby24-x64/lib/ruby/2.4.0/net/http.rb:1409:in `block in request'
    C:/Ruby24-x64/lib/ruby/2.4.0/net/http.rb:877:in `start'
    C:/Ruby24-x64/lib/ruby/2.4.0/net/http.rb:1407:in `request'
    C:/Ruby24-x64/lib/ruby/gems/2.4.0/gems/faraday-0.14.0/lib/faraday/adapter/net_http.rb:80:in `perform_request'
    C:/Ruby24-x64/lib/ruby/gems/2.4.0/gems/faraday-0.14.0/lib/faraday/adapter/net_http.rb:38:in `block in call'
    C:/Ruby24-x64/lib/ruby/gems/2.4.0/gems/faraday-0.14.0/lib/faraday/adapter/net_http.rb:85:in `with_net_http_connection'
    C:/Ruby24-x64/lib/ruby/gems/2.4.0/gems/faraday-0.14.0/lib/faraday/adapter/net_http.rb:33:in `call'
    C:/Ruby24-x64/lib/ruby/gems/2.4.0/gems/faraday-0.14.0/lib/faraday/request/url_encoded.rb:15:in `call'
    C:/Ruby24-x64/lib/ruby/gems/2.4.0/gems/faraday-0.14.0/lib/faraday/request/multipart.rb:15:in `call'
    C:/Ruby24-x64/lib/ruby/gems/2.4.0/gems/faraday-0.14.0/lib/faraday/rack_builder.rb:143:in `build_response'
    C:/Ruby24-x64/lib/ruby/gems/2.4.0/gems/faraday-0.14.0/lib/faraday/connection.rb:387:in `run_request'
    C:/Ruby24-x64/lib/ruby/gems/2.4.0/gems/faraday-0.14.0/lib/faraday/connection.rb:175:in `post'
    C:/Work/aspose-words-cloud-codegen/SDKs/RUBY/lib/words_ruby_sdk/api_client.rb:141:in `build_request'
    C:/Work/aspose-words-cloud-codegen/SDKs/RUBY/lib/words_ruby_sdk/api_client.rb:69:in `call_api'
    C:/Work/aspose-words-cloud-codegen/SDKs/RUBY/lib/words_ruby_sdk/api/words_api.rb:9608:in `reject_all_revisions_with_http_info'
    C:/Work/aspose-words-cloud-codegen/SDKs/RUBY/lib/words_ruby_sdk/api/words_api.rb:9548:in `reject_all_revisions'
    C:/Work/aspose-words-cloud-codegen/SDKs/RUBY/tests/DocumentActions/revisions_tests.rb:61:in `test_reject_all_revisions' (NoMethodError)
C:/Ruby24-x64/lib/ruby/2.4.0/net/http/generic_request.rb:183    </error>
  </testcase>
  <testcase name="test_folder" time="0.9175995499826968" assertions="0">
  </testcase>
  <testcase name="test_accept_all_revisions" time="3.9184970520436764" assertions="0">
    <error type="NoMethodError" message="NoMethodError: undefined method `bytesize' for {}:Hash...">
NoMethodError: undefined method `bytesize' for {}:Hash
    C:/Ruby24-x64/lib/ruby/2.4.0/net/http/generic_request.rb:183:in `send_request_with_body'
    C:/Ruby24-x64/lib/ruby/2.4.0/net/http/generic_request.rb:121:in `exec'
    C:/Ruby24-x64/lib/ruby/2.4.0/net/http.rb:1444:in `block in transport_request'
    C:/Ruby24-x64/lib/ruby/2.4.0/net/http.rb:1443:in `catch'
    C:/Ruby24-x64/lib/ruby/2.4.0/net/http.rb:1443:in `transport_request'
    C:/Ruby24-x64/lib/ruby/2.4.0/net/http.rb:1416:in `request'
    C:/Ruby24-x64/lib/ruby/2.4.0/net/http.rb:1409:in `block in request'
    C:/Ruby24-x64/lib/ruby/2.4.0/net/http.rb:877:in `start'
    C:/Ruby24-x64/lib/ruby/2.4.0/net/http.rb:1407:in `request'
    C:/Ruby24-x64/lib/ruby/gems/2.4.0/gems/faraday-0.14.0/lib/faraday/adapter/net_http.rb:80:in `perform_request'
    C:/Ruby24-x64/lib/ruby/gems/2.4.0/gems/faraday-0.14.0/lib/faraday/adapter/net_http.rb:38:in `block in call'
    C:/Ruby24-x64/lib/ruby/gems/2.4.0/gems/faraday-0.14.0/lib/faraday/adapter/net_http.rb:85:in `with_net_http_connection'
    C:/Ruby24-x64/lib/ruby/gems/2.4.0/gems/faraday-0.14.0/lib/faraday/adapter/net_http.rb:33:in `call'
    C:/Ruby24-x64/lib/ruby/gems/2.4.0/gems/faraday-0.14.0/lib/faraday/request/url_encoded.rb:15:in `call'
    C:/Ruby24-x64/lib/ruby/gems/2.4.0/gems/faraday-0.14.0/lib/faraday/request/multipart.rb:15:in `call'
    C:/Ruby24-x64/lib/ruby/gems/2.4.0/gems/faraday-0.14.0/lib/faraday/rack_builder.rb:143:in `build_response'
    C:/Ruby24-x64/lib/ruby/gems/2.4.0/gems/faraday-0.14.0/lib/faraday/connection.rb:387:in `run_request'
    C:/Ruby24-x64/lib/ruby/gems/2.4.0/gems/faraday-0.14.0/lib/faraday/connection.rb:175:in `post'
    C:/Work/aspose-words-cloud-codegen/SDKs/RUBY/lib/words_ruby_sdk/api_client.rb:141:in `build_request'
    C:/Work/aspose-words-cloud-codegen/SDKs/RUBY/lib/words_ruby_sdk/api_client.rb:69:in `call_api'
    C:/Work/aspose-words-cloud-codegen/SDKs/RUBY/lib/words_ruby_sdk/api/words_api.rb:106:in `accept_all_revisions_with_http_info'
    C:/Work/aspose-words-cloud-codegen/SDKs/RUBY/lib/words_ruby_sdk/api/words_api.rb:46:in `accept_all_revisions'
    C:/Work/aspose-words-cloud-codegen/SDKs/RUBY/tests/DocumentActions/revisions_tests.rb:45:in `test_accept_all_revisions' (NoMethodError)
C:/Ruby24-x64/lib/ruby/2.4.0/net/http/generic_request.rb:183    </error>
  </testcase>
  <testcase name="test_api_coverage" time="0.9814436050364748" assertions="1">
    <failure type="Minitest::Assertion" message="There are methods you have to cover with tests [&quot;get_available_fonts&quot;]">
There are methods you have to cover with tests ["get_available_fonts"] (Minitest::Assertion)
C:/Work/aspose-words-cloud-codegen/SDKs/RUBY/tests/Common/api_coverage_tests.rb:54    </failure>
  </testcase>
  <testcase name="test_reset_cache" time="1.6513301039813086" assertions="0">
    <error type="NoMethodError" message="NoMethodError: undefined method `bytesize' for {}:Hash...">
NoMethodError: undefined method `bytesize' for {}:Hash
    C:/Ruby24-x64/lib/ruby/2.4.0/net/http/generic_request.rb:183:in `send_request_with_body'
    C:/Ruby24-x64/lib/ruby/2.4.0/net/http/generic_request.rb:121:in `exec'
    C:/Ruby24-x64/lib/ruby/2.4.0/net/http.rb:1444:in `block in transport_request'
    C:/Ruby24-x64/lib/ruby/2.4.0/net/http.rb:1443:in `catch'
    C:/Ruby24-x64/lib/ruby/2.4.0/net/http.rb:1443:in `transport_request'
    C:/Ruby24-x64/lib/ruby/2.4.0/net/http.rb:1416:in `request'
    C:/Ruby24-x64/lib/ruby/2.4.0/net/http.rb:1409:in `block in request'
    C:/Ruby24-x64/lib/ruby/2.4.0/net/http.rb:877:in `start'
    C:/Ruby24-x64/lib/ruby/2.4.0/net/http.rb:1407:in `request'
    C:/Ruby24-x64/lib/ruby/gems/2.4.0/gems/faraday-0.14.0/lib/faraday/adapter/net_http.rb:80:in `perform_request'
    C:/Ruby24-x64/lib/ruby/gems/2.4.0/gems/faraday-0.14.0/lib/faraday/adapter/net_http.rb:38:in `block in call'
    C:/Ruby24-x64/lib/ruby/gems/2.4.0/gems/faraday-0.14.0/lib/faraday/adapter/net_http.rb:85:in `with_net_http_connection'
    C:/Ruby24-x64/lib/ruby/gems/2.4.0/gems/faraday-0.14.0/lib/faraday/adapter/net_http.rb:33:in `call'
    C:/Ruby24-x64/lib/ruby/gems/2.4.0/gems/faraday-0.14.0/lib/faraday/request/url_encoded.rb:15:in `call'
    C:/Ruby24-x64/lib/ruby/gems/2.4.0/gems/faraday-0.14.0/lib/faraday/request/multipart.rb:15:in `call'
    C:/Ruby24-x64/lib/ruby/gems/2.4.0/gems/faraday-0.14.0/lib/faraday/rack_builder.rb:143:in `build_response'
    C:/Ruby24-x64/lib/ruby/gems/2.4.0/gems/faraday-0.14.0/lib/faraday/connection.rb:387:in `run_request'
    C:/Ruby24-x64/lib/ruby/gems/2.4.0/gems/faraday-0.14.0/lib/faraday/connection.rb:138:in `delete'
    C:/Work/aspose-words-cloud-codegen/SDKs/RUBY/lib/words_ruby_sdk/api_client.rb:147:in `build_request'
    C:/Work/aspose-words-cloud-codegen/SDKs/RUBY/lib/words_ruby_sdk/api_client.rb:69:in `call_api'
    C:/Work/aspose-words-cloud-codegen/SDKs/RUBY/lib/words_ruby_sdk/api/words_api.rb:10109:in `reset_cache_with_http_info'
    C:/Work/aspose-words-cloud-codegen/SDKs/RUBY/lib/words_ruby_sdk/api/words_api.rb:10077:in `reset_cache'
    C:/Work/aspose-words-cloud-codegen/SDKs/RUBY/tests/Common/font_cache_tests.rb:36:in `test_reset_cache' (NoMethodError)
C:/Ruby24-x64/lib/ruby/2.4.0/net/http/generic_request.rb:183    </error>
  </testcase>
  <testcase name="test_get_document_hyperlink_by_index" time="5.555532920989208" assertions="0">
    <error type="WordsRubySdk::ApiError" message="WordsRubySdk::ApiError: Bad Request...">
WordsRubySdk::ApiError: Bad Request
    C:/Work/aspose-words-cloud-codegen/SDKs/RUBY/lib/words_ruby_sdk/api_client.rb:81:in `call_api'
    C:/Work/aspose-words-cloud-codegen/SDKs/RUBY/lib/words_ruby_sdk/api/words_api.rb:3291:in `get_document_hyperlink_by_index_with_http_info'
    C:/Work/aspose-words-cloud-codegen/SDKs/RUBY/lib/words_ruby_sdk/api/words_api.rb:3233:in `get_document_hyperlink_by_index'
    C:/Work/aspose-words-cloud-codegen/SDKs/RUBY/tests/DocumentElements/hyperlinks_tests.rb:46:in `test_get_document_hyperlink_by_index' (WordsRubySdk::ApiError)
C:/Work/aspose-words-cloud-codegen/SDKs/RUBY/lib/words_ruby_sdk/api_client.rb:81    </error>
  </testcase>
  <testcase name="test_get_document_hyperlinks" time="4.649616525974125" assertions="0">
    <error type="WordsRubySdk::ApiError" message="WordsRubySdk::ApiError: Bad Request...">
WordsRubySdk::ApiError: Bad Request
    C:/Work/aspose-words-cloud-codegen/SDKs/RUBY/lib/words_ruby_sdk/api_client.rb:81:in `call_api'
    C:/Work/aspose-words-cloud-codegen/SDKs/RUBY/lib/words_ruby_sdk/api/words_api.rb:3365:in `get_document_hyperlinks_with_http_info'
    C:/Work/aspose-words-cloud-codegen/SDKs/RUBY/lib/words_ruby_sdk/api/words_api.rb:3310:in `get_document_hyperlinks'
    C:/Work/aspose-words-cloud-codegen/SDKs/RUBY/tests/DocumentElements/hyperlinks_tests.rb:61:in `test_get_document_hyperlinks' (WordsRubySdk::ApiError)
C:/Work/aspose-words-cloud-codegen/SDKs/RUBY/lib/words_ruby_sdk/api_client.rb:81    </error>
  </testcase>
  <testcase name="test_folder" time="0.9430919809965417" assertions="0">
  </testcase>
  <testcase name="test_get_document_statistics" time="4.721360524999909" assertions="0">
    <error type="WordsRubySdk::ApiError" message="WordsRubySdk::ApiError: Bad Request...">
WordsRubySdk::ApiError: Bad Request
    C:/Work/aspose-words-cloud-codegen/SDKs/RUBY/lib/words_ruby_sdk/api_client.rb:81:in `call_api'
    C:/Work/aspose-words-cloud-codegen/SDKs/RUBY/lib/words_ruby_sdk/api/words_api.rb:4077:in `get_document_statistics_with_http_info'
    C:/Work/aspose-words-cloud-codegen/SDKs/RUBY/lib/words_ruby_sdk/api/words_api.rb:4007:in `get_document_statistics'
    C:/Work/aspose-words-cloud-codegen/SDKs/RUBY/tests/DocumentActions/document_statistics_tests.rb:45:in `test_get_document_statistics' (WordsRubySdk::ApiError)
C:/Work/aspose-words-cloud-codegen/SDKs/RUBY/lib/words_ruby_sdk/api_client.rb:81    </error>
  </testcase>
  <testcase name="test_folder" time="0.9500748920254409" assertions="0">
  </testcase>
  <testcase name="test_put_execute_mail_merge_online" time="1.5960241879802197" assertions="0">
    <error type="NoMethodError" message="NoMethodError: undefined method `bytesize' for {}:Hash...">
NoMethodError: undefined method `bytesize' for {}:Hash
    C:/Ruby24-x64/lib/ruby/2.4.0/net/http/generic_request.rb:183:in `send_request_with_body'
    C:/Ruby24-x64/lib/ruby/2.4.0/net/http/generic_request.rb:121:in `exec'
    C:/Ruby24-x64/lib/ruby/2.4.0/net/http.rb:1444:in `block in transport_request'
    C:/Ruby24-x64/lib/ruby/2.4.0/net/http.rb:1443:in `catch'
    C:/Ruby24-x64/lib/ruby/2.4.0/net/http.rb:1443:in `transport_request'
    C:/Ruby24-x64/lib/ruby/2.4.0/net/http.rb:1416:in `request'
    C:/Ruby24-x64/lib/ruby/2.4.0/net/http.rb:1409:in `block in request'
    C:/Ruby24-x64/lib/ruby/2.4.0/net/http.rb:877:in `start'
    C:/Ruby24-x64/lib/ruby/2.4.0/net/http.rb:1407:in `request'
    C:/Ruby24-x64/lib/ruby/gems/2.4.0/gems/faraday-0.14.0/lib/faraday/adapter/net_http.rb:80:in `perform_request'
    C:/Ruby24-x64/lib/ruby/gems/2.4.0/gems/faraday-0.14.0/lib/faraday/adapter/net_http.rb:38:in `block in call'
    C:/Ruby24-x64/lib/ruby/gems/2.4.0/gems/faraday-0.14.0/lib/faraday/adapter/net_http.rb:85:in `with_net_http_connection'
    C:/Ruby24-x64/lib/ruby/gems/2.4.0/gems/faraday-0.14.0/lib/faraday/adapter/net_http.rb:33:in `call'
    C:/Ruby24-x64/lib/ruby/gems/2.4.0/gems/faraday-0.14.0/lib/faraday/request/url_encoded.rb:15:in `call'
    C:/Ruby24-x64/lib/ruby/gems/2.4.0/gems/faraday-0.14.0/lib/faraday/request/multipart.rb:15:in `call'
    C:/Ruby24-x64/lib/ruby/gems/2.4.0/gems/faraday-0.14.0/lib/faraday/rack_builder.rb:143:in `build_response'
    C:/Ruby24-x64/lib/ruby/gems/2.4.0/gems/faraday-0.14.0/lib/faraday/connection.rb:387:in `run_request'
    C:/Ruby24-x64/lib/ruby/gems/2.4.0/gems/faraday-0.14.0/lib/faraday/connection.rb:175:in `put'
    C:/Work/aspose-words-cloud-codegen/SDKs/RUBY/lib/words_ruby_sdk/api_client.rb:143:in `build_request'
    C:/Work/aspose-words-cloud-codegen/SDKs/RUBY/lib/words_ruby_sdk/api_client.rb:69:in `call_api'
    C:/Work/aspose-words-cloud-codegen/SDKs/RUBY/lib/words_ruby_sdk/api/words_api.rb:8777:in `put_execute_mail_merge_online_with_http_info'
    C:/Work/aspose-words-cloud-codegen/SDKs/RUBY/lib/words_ruby_sdk/api/words_api.rb:8724:in `put_execute_mail_merge_online'
    C:/Work/aspose-words-cloud-codegen/SDKs/RUBY/tests/DocumentActions/execute_mail_merge_tests.rb:59:in `test_put_execute_mail_merge_online' (NoMethodError)
C:/Ruby24-x64/lib/ruby/2.4.0/net/http/generic_request.rb:183    </error>
  </testcase>
  <testcase name="test_post_document_execute_mail_merge" time="4.0197600750252604" assertions="0">
    <error type="NoMethodError" message="NoMethodError: undefined method `bytesize' for {}:Hash...">
NoMethodError: undefined method `bytesize' for {}:Hash
    C:/Ruby24-x64/lib/ruby/2.4.0/net/http/generic_request.rb:183:in `send_request_with_body'
    C:/Ruby24-x64/lib/ruby/2.4.0/net/http/generic_request.rb:121:in `exec'
    C:/Ruby24-x64/lib/ruby/2.4.0/net/http.rb:1444:in `block in transport_request'
    C:/Ruby24-x64/lib/ruby/2.4.0/net/http.rb:1443:in `catch'
    C:/Ruby24-x64/lib/ruby/2.4.0/net/http.rb:1443:in `transport_request'
    C:/Ruby24-x64/lib/ruby/2.4.0/net/http.rb:1416:in `request'
    C:/Ruby24-x64/lib/ruby/2.4.0/net/http.rb:1409:in `block in request'
    C:/Ruby24-x64/lib/ruby/2.4.0/net/http.rb:877:in `start'
    C:/Ruby24-x64/lib/ruby/2.4.0/net/http.rb:1407:in `request'
    C:/Ruby24-x64/lib/ruby/gems/2.4.0/gems/faraday-0.14.0/lib/faraday/adapter/net_http.rb:80:in `perform_request'
    C:/Ruby24-x64/lib/ruby/gems/2.4.0/gems/faraday-0.14.0/lib/faraday/adapter/net_http.rb:38:in `block in call'
    C:/Ruby24-x64/lib/ruby/gems/2.4.0/gems/faraday-0.14.0/lib/faraday/adapter/net_http.rb:85:in `with_net_http_connection'
    C:/Ruby24-x64/lib/ruby/gems/2.4.0/gems/faraday-0.14.0/lib/faraday/adapter/net_http.rb:33:in `call'
    C:/Ruby24-x64/lib/ruby/gems/2.4.0/gems/faraday-0.14.0/lib/faraday/request/url_encoded.rb:15:in `call'
    C:/Ruby24-x64/lib/ruby/gems/2.4.0/gems/faraday-0.14.0/lib/faraday/request/multipart.rb:15:in `call'
    C:/Ruby24-x64/lib/ruby/gems/2.4.0/gems/faraday-0.14.0/lib/faraday/rack_builder.rb:143:in `build_response'
    C:/Ruby24-x64/lib/ruby/gems/2.4.0/gems/faraday-0.14.0/lib/faraday/connection.rb:387:in `run_request'
    C:/Ruby24-x64/lib/ruby/gems/2.4.0/gems/faraday-0.14.0/lib/faraday/connection.rb:175:in `post'
    C:/Work/aspose-words-cloud-codegen/SDKs/RUBY/lib/words_ruby_sdk/api_client.rb:141:in `build_request'
    C:/Work/aspose-words-cloud-codegen/SDKs/RUBY/lib/words_ruby_sdk/api_client.rb:69:in `call_api'
    C:/Work/aspose-words-cloud-codegen/SDKs/RUBY/lib/words_ruby_sdk/api/words_api.rb:6650:in `post_document_execute_mail_merge_with_http_info'
    C:/Work/aspose-words-cloud-codegen/SDKs/RUBY/lib/words_ruby_sdk/api/words_api.rb:6569:in `post_document_execute_mail_merge'
    C:/Work/aspose-words-cloud-codegen/SDKs/RUBY/tests/DocumentActions/execute_mail_merge_tests.rb:47:in `test_post_document_execute_mail_merge' (NoMethodError)
C:/Ruby24-x64/lib/ruby/2.4.0/net/http/generic_request.rb:183    </error>
  </testcase>
  <testcase name="test_folder" time="0.9561089209746569" assertions="0">
  </testcase>
  <testcase name="test_post_load_web_document" time="4.785169126000255" assertions="1">
  </testcase>
  <testcase name="test_folder" time="0.9524636239511892" assertions="0">
  </testcase>
  <testcase name="test_render_math_object" time="4.754748694947921" assertions="0">
    <error type="WordsRubySdk::ApiError" message="WordsRubySdk::ApiError: Bad Request...">
WordsRubySdk::ApiError: Bad Request
    C:/Work/aspose-words-cloud-codegen/SDKs/RUBY/lib/words_ruby_sdk/api_client.rb:81:in `call_api'
    C:/Work/aspose-words-cloud-codegen/SDKs/RUBY/lib/words_ruby_sdk/api/words_api.rb:9790:in `render_math_object_with_http_info'
    C:/Work/aspose-words-cloud-codegen/SDKs/RUBY/lib/words_ruby_sdk/api/words_api.rb:9718:in `render_math_object'
    C:/Work/aspose-words-cloud-codegen/SDKs/RUBY/tests/DocumentElements/math_objects_tests.rb:94:in `test_render_math_object' (WordsRubySdk::ApiError)
C:/Work/aspose-words-cloud-codegen/SDKs/RUBY/lib/words_ruby_sdk/api_client.rb:81    </error>
  </testcase>
  <testcase name="test_get_office_math_object" time="4.64400225400459" assertions="0">
    <error type="WordsRubySdk::ApiError" message="WordsRubySdk::ApiError: Bad Request...">
WordsRubySdk::ApiError: Bad Request
    C:/Work/aspose-words-cloud-codegen/SDKs/RUBY/lib/words_ruby_sdk/api_client.rb:81:in `call_api'
    C:/Work/aspose-words-cloud-codegen/SDKs/RUBY/lib/words_ruby_sdk/api/words_api.rb:5055:in `get_office_math_object_with_http_info'
    C:/Work/aspose-words-cloud-codegen/SDKs/RUBY/lib/words_ruby_sdk/api/words_api.rb:4992:in `get_office_math_object'
    C:/Work/aspose-words-cloud-codegen/SDKs/RUBY/tests/DocumentElements/math_objects_tests.rb:62:in `test_get_office_math_object' (WordsRubySdk::ApiError)
C:/Work/aspose-words-cloud-codegen/SDKs/RUBY/lib/words_ruby_sdk/api_client.rb:81    </error>
  </testcase>
  <testcase name="test_delete_office_math_object" time="3.9158406010828912" assertions="0">
    <error type="NoMethodError" message="NoMethodError: undefined method `bytesize' for {}:Hash...">
NoMethodError: undefined method `bytesize' for {}:Hash
    C:/Ruby24-x64/lib/ruby/2.4.0/net/http/generic_request.rb:183:in `send_request_with_body'
    C:/Ruby24-x64/lib/ruby/2.4.0/net/http/generic_request.rb:121:in `exec'
    C:/Ruby24-x64/lib/ruby/2.4.0/net/http.rb:1444:in `block in transport_request'
    C:/Ruby24-x64/lib/ruby/2.4.0/net/http.rb:1443:in `catch'
    C:/Ruby24-x64/lib/ruby/2.4.0/net/http.rb:1443:in `transport_request'
    C:/Ruby24-x64/lib/ruby/2.4.0/net/http.rb:1416:in `request'
    C:/Ruby24-x64/lib/ruby/2.4.0/net/http.rb:1409:in `block in request'
    C:/Ruby24-x64/lib/ruby/2.4.0/net/http.rb:877:in `start'
    C:/Ruby24-x64/lib/ruby/2.4.0/net/http.rb:1407:in `request'
    C:/Ruby24-x64/lib/ruby/gems/2.4.0/gems/faraday-0.14.0/lib/faraday/adapter/net_http.rb:80:in `perform_request'
    C:/Ruby24-x64/lib/ruby/gems/2.4.0/gems/faraday-0.14.0/lib/faraday/adapter/net_http.rb:38:in `block in call'
    C:/Ruby24-x64/lib/ruby/gems/2.4.0/gems/faraday-0.14.0/lib/faraday/adapter/net_http.rb:85:in `with_net_http_connection'
    C:/Ruby24-x64/lib/ruby/gems/2.4.0/gems/faraday-0.14.0/lib/faraday/adapter/net_http.rb:33:in `call'
    C:/Ruby24-x64/lib/ruby/gems/2.4.0/gems/faraday-0.14.0/lib/faraday/request/url_encoded.rb:15:in `call'
    C:/Ruby24-x64/lib/ruby/gems/2.4.0/gems/faraday-0.14.0/lib/faraday/request/multipart.rb:15:in `call'
    C:/Ruby24-x64/lib/ruby/gems/2.4.0/gems/faraday-0.14.0/lib/faraday/rack_builder.rb:143:in `build_response'
    C:/Ruby24-x64/lib/ruby/gems/2.4.0/gems/faraday-0.14.0/lib/faraday/connection.rb:387:in `run_request'
    C:/Ruby24-x64/lib/ruby/gems/2.4.0/gems/faraday-0.14.0/lib/faraday/connection.rb:138:in `delete'
    C:/Work/aspose-words-cloud-codegen/SDKs/RUBY/lib/words_ruby_sdk/api_client.rb:147:in `build_request'
    C:/Work/aspose-words-cloud-codegen/SDKs/RUBY/lib/words_ruby_sdk/api_client.rb:69:in `call_api'
    C:/Work/aspose-words-cloud-codegen/SDKs/RUBY/lib/words_ruby_sdk/api/words_api.rb:1661:in `delete_office_math_object_with_http_info'
    C:/Work/aspose-words-cloud-codegen/SDKs/RUBY/lib/words_ruby_sdk/api/words_api.rb:1583:in `delete_office_math_object'
    C:/Work/aspose-words-cloud-codegen/SDKs/RUBY/tests/DocumentElements/math_objects_tests.rb:46:in `test_delete_office_math_object' (NoMethodError)
C:/Ruby24-x64/lib/ruby/2.4.0/net/http/generic_request.rb:183    </error>
  </testcase>
  <testcase name="test_get_office_math_objects" time="4.886257876991294" assertions="0">
    <error type="WordsRubySdk::ApiError" message="WordsRubySdk::ApiError: Bad Request...">
WordsRubySdk::ApiError: Bad Request
    C:/Work/aspose-words-cloud-codegen/SDKs/RUBY/lib/words_ruby_sdk/api_client.rb:81:in `call_api'
    C:/Work/aspose-words-cloud-codegen/SDKs/RUBY/lib/words_ruby_sdk/api/words_api.rb:5134:in `get_office_math_objects_with_http_info'
    C:/Work/aspose-words-cloud-codegen/SDKs/RUBY/lib/words_ruby_sdk/api/words_api.rb:5074:in `get_office_math_objects'
    C:/Work/aspose-words-cloud-codegen/SDKs/RUBY/tests/DocumentElements/math_objects_tests.rb:77:in `test_get_office_math_objects' (WordsRubySdk::ApiError)
C:/Work/aspose-words-cloud-codegen/SDKs/RUBY/lib/words_ruby_sdk/api_client.rb:81    </error>
  </testcase>
  <testcase name="test_folder" time="0.9590916809393093" assertions="0">
  </testcase>
  <testcase name="test_put_document_field_names" time="1.6676723379641771" assertions="0">
    <error type="NoMethodError" message="NoMethodError: undefined method `bytesize' for {}:Hash...">
NoMethodError: undefined method `bytesize' for {}:Hash
    C:/Ruby24-x64/lib/ruby/2.4.0/net/http/generic_request.rb:183:in `send_request_with_body'
    C:/Ruby24-x64/lib/ruby/2.4.0/net/http/generic_request.rb:121:in `exec'
    C:/Ruby24-x64/lib/ruby/2.4.0/net/http.rb:1444:in `block in transport_request'
    C:/Ruby24-x64/lib/ruby/2.4.0/net/http.rb:1443:in `catch'
    C:/Ruby24-x64/lib/ruby/2.4.0/net/http.rb:1443:in `transport_request'
    C:/Ruby24-x64/lib/ruby/2.4.0/net/http.rb:1416:in `request'
    C:/Ruby24-x64/lib/ruby/2.4.0/net/http.rb:1409:in `block in request'
    C:/Ruby24-x64/lib/ruby/2.4.0/net/http.rb:877:in `start'
    C:/Ruby24-x64/lib/ruby/2.4.0/net/http.rb:1407:in `request'
    C:/Ruby24-x64/lib/ruby/gems/2.4.0/gems/faraday-0.14.0/lib/faraday/adapter/net_http.rb:80:in `perform_request'
    C:/Ruby24-x64/lib/ruby/gems/2.4.0/gems/faraday-0.14.0/lib/faraday/adapter/net_http.rb:38:in `block in call'
    C:/Ruby24-x64/lib/ruby/gems/2.4.0/gems/faraday-0.14.0/lib/faraday/adapter/net_http.rb:85:in `with_net_http_connection'
    C:/Ruby24-x64/lib/ruby/gems/2.4.0/gems/faraday-0.14.0/lib/faraday/adapter/net_http.rb:33:in `call'
    C:/Ruby24-x64/lib/ruby/gems/2.4.0/gems/faraday-0.14.0/lib/faraday/request/url_encoded.rb:15:in `call'
    C:/Ruby24-x64/lib/ruby/gems/2.4.0/gems/faraday-0.14.0/lib/faraday/request/multipart.rb:15:in `call'
    C:/Ruby24-x64/lib/ruby/gems/2.4.0/gems/faraday-0.14.0/lib/faraday/rack_builder.rb:143:in `build_response'
    C:/Ruby24-x64/lib/ruby/gems/2.4.0/gems/faraday-0.14.0/lib/faraday/connection.rb:387:in `run_request'
    C:/Ruby24-x64/lib/ruby/gems/2.4.0/gems/faraday-0.14.0/lib/faraday/connection.rb:175:in `put'
    C:/Work/aspose-words-cloud-codegen/SDKs/RUBY/lib/words_ruby_sdk/api_client.rb:143:in `build_request'
    C:/Work/aspose-words-cloud-codegen/SDKs/RUBY/lib/words_ruby_sdk/api_client.rb:69:in `call_api'
    C:/Work/aspose-words-cloud-codegen/SDKs/RUBY/lib/words_ruby_sdk/api/words_api.rb:8429:in `put_document_field_names_with_http_info'
    C:/Work/aspose-words-cloud-codegen/SDKs/RUBY/lib/words_ruby_sdk/api/words_api.rb:8389:in `put_document_field_names'
    C:/Work/aspose-words-cloud-codegen/SDKs/RUBY/tests/DocumentActions/mail_merge_fields_tests.rb:54:in `test_put_document_field_names' (NoMethodError)
C:/Ruby24-x64/lib/ruby/2.4.0/net/http/generic_request.rb:183    </error>
  </testcase>
  <testcase name="test_get_document_field_names" time="4.668307229992934" assertions="0">
    <error type="WordsRubySdk::ApiError" message="WordsRubySdk::ApiError: Bad Request...">
WordsRubySdk::ApiError: Bad Request
    C:/Work/aspose-words-cloud-codegen/SDKs/RUBY/lib/words_ruby_sdk/api_client.rb:81:in `call_api'
    C:/Work/aspose-words-cloud-codegen/SDKs/RUBY/lib/words_ruby_sdk/api/words_api.rb:3214:in `get_document_field_names_with_http_info'
    C:/Work/aspose-words-cloud-codegen/SDKs/RUBY/lib/words_ruby_sdk/api/words_api.rb:3154:in `get_document_field_names'
    C:/Work/aspose-words-cloud-codegen/SDKs/RUBY/tests/DocumentActions/mail_merge_fields_tests.rb:44:in `test_get_document_field_names' (WordsRubySdk::ApiError)
C:/Work/aspose-words-cloud-codegen/SDKs/RUBY/lib/words_ruby_sdk/api_client.rb:81    </error>
  </testcase>
  <testcase name="test_folder" time="0.9591658969875425" assertions="0">
  </testcase>
  <system-err>
C:/Work/aspose-words-cloud-codegen/SDKs/RUBY/lib/words_ruby_sdk/configuration.rb:158:in `base_url': warning: URI.escape is obsolete
C:/Work/aspose-words-cloud-codegen/SDKs/RUBY/lib/words_ruby_sdk/api_client.rb:284:in `build_request_url': warning: URI.escape is obsolete
C:/Ruby24-x64/lib/ruby/gems/2.4.0/gems/aspose_storage_cloud-18.6/lib/Aspose/Storage/models/requests/delete_file_request.rb:55: warning: mismatched indentations at 'end' with 'class' at 33
C:/Ruby24-x64/lib/ruby/gems/2.4.0/gems/aspose_storage_cloud-18.6/lib/Aspose/Storage/models/requests/delete_folder_request.rb:55: warning: mismatched indentations at 'end' with 'class' at 33
C:/Ruby24-x64/lib/ruby/gems/2.4.0/gems/aspose_storage_cloud-18.6/lib/Aspose/Storage/models/requests/get_disc_usage_request.rb:45: warning: mismatched indentations at 'end' with 'class' at 33
C:/Ruby24-x64/lib/ruby/gems/2.4.0/gems/aspose_storage_cloud-18.6/lib/Aspose/Storage/models/requests/get_download_request.rb:55: warning: mismatched indentations at 'end' with 'class' at 33
C:/Ruby24-x64/lib/ruby/gems/2.4.0/gems/aspose_storage_cloud-18.6/lib/Aspose/Storage/models/requests/get_is_exist_request.rb:55: warning: mismatched indentations at 'end' with 'class' at 33
C:/Ruby24-x64/lib/ruby/gems/2.4.0/gems/aspose_storage_cloud-18.6/lib/Aspose/Storage/models/requests/get_is_storage_exist_request.rb:45: warning: mismatched indentations at 'end' with 'class' at 33
C:/Ruby24-x64/lib/ruby/gems/2.4.0/gems/aspose_storage_cloud-18.6/lib/Aspose/Storage/models/requests/get_list_files_request.rb:50: warning: mismatched indentations at 'end' with 'class' at 33
C:/Ruby24-x64/lib/ruby/gems/2.4.0/gems/aspose_storage_cloud-18.6/lib/Aspose/Storage/models/requests/get_list_file_versions_request.rb:50: warning: mismatched indentations at 'end' with 'class' at 33
C:/Ruby24-x64/lib/ruby/gems/2.4.0/gems/aspose_storage_cloud-18.6/lib/Aspose/Storage/models/requests/post_move_file_request.rb:65: warning: mismatched indentations at 'end' with 'class' at 33
C:/Ruby24-x64/lib/ruby/gems/2.4.0/gems/aspose_storage_cloud-18.6/lib/Aspose/Storage/models/requests/post_move_folder_request.rb:60: warning: mismatched indentations at 'end' with 'class' at 33
C:/Ruby24-x64/lib/ruby/gems/2.4.0/gems/aspose_storage_cloud-18.6/lib/Aspose/Storage/models/requests/put_copy_folder_request.rb:60: warning: mismatched indentations at 'end' with 'class' at 33
C:/Ruby24-x64/lib/ruby/gems/2.4.0/gems/aspose_storage_cloud-18.6/lib/Aspose/Storage/models/requests/put_copy_request.rb:65: warning: mismatched indentations at 'end' with 'class' at 33
C:/Ruby24-x64/lib/ruby/gems/2.4.0/gems/aspose_storage_cloud-18.6/lib/Aspose/Storage/models/requests/put_create_folder_request.rb:55: warning: mismatched indentations at 'end' with 'class' at 33
C:/Ruby24-x64/lib/ruby/gems/2.4.0/gems/aspose_storage_cloud-18.6/lib/Aspose/Storage/models/requests/put_create_request.rb:60: warning: mismatched indentations at 'end' with 'class' at 33
C:/Ruby24-x64/lib/ruby/gems/2.4.0/gems/aspose_storage_cloud-18.6/lib/Aspose/Storage/configuration.rb:158:in `base_url': warning: URI.escape is obsolete
C:/Ruby24-x64/lib/ruby/gems/2.4.0/gems/aspose_storage_cloud-18.6/lib/Aspose/Storage/api_client.rb:285:in `build_request_url': warning: URI.escape is obsolete
C:/Ruby24-x64/lib/ruby/gems/2.4.0/gems/aspose_storage_cloud-18.6/lib/Aspose/Storage/configuration.rb:158:in `base_url': warning: URI.escape is obsolete
C:/Ruby24-x64/lib/ruby/gems/2.4.0/gems/aspose_storage_cloud-18.6/lib/Aspose/Storage/api_client.rb:285:in `build_request_url': warning: URI.escape is obsolete
C:/Work/aspose-words-cloud-codegen/SDKs/RUBY/lib/words_ruby_sdk/configuration.rb:158:in `base_url': warning: URI.escape is obsolete
C:/Work/aspose-words-cloud-codegen/SDKs/RUBY/lib/words_ruby_sdk/api_client.rb:284:in `build_request_url': warning: URI.escape is obsolete
C:/Ruby24-x64/lib/ruby/gems/2.4.0/gems/ci_reporter_minitest-1.0.0/lib/ci/reporter/minitest.rb:80: warning: instance variable @current_suite_class not initialized
C:/Ruby24-x64/lib/ruby/gems/2.4.0/gems/ci_reporter_minitest-1.0.0/lib/ci/reporter/minitest.rb:114: warning: instance variable @current_suite not initialized
C:/Work/aspose-words-cloud-codegen/SDKs/RUBY/lib/words_ruby_sdk/configuration.rb:158:in `base_url': warning: URI.escape is obsolete
C:/Work/aspose-words-cloud-codegen/SDKs/RUBY/lib/words_ruby_sdk/api_client.rb:284:in `build_request_url': warning: URI.escape is obsolete
C:/Ruby24-x64/lib/ruby/gems/2.4.0/gems/aspose_storage_cloud-18.6/lib/Aspose/Storage/configuration.rb:158:in `base_url': warning: URI.escape is obsolete
C:/Ruby24-x64/lib/ruby/gems/2.4.0/gems/aspose_storage_cloud-18.6/lib/Aspose/Storage/api_client.rb:285:in `build_request_url': warning: URI.escape is obsolete
C:/Ruby24-x64/lib/ruby/gems/2.4.0/gems/aspose_storage_cloud-18.6/lib/Aspose/Storage/configuration.rb:158:in `base_url': warning: URI.escape is obsolete
C:/Ruby24-x64/lib/ruby/gems/2.4.0/gems/aspose_storage_cloud-18.6/lib/Aspose/Storage/api_client.rb:285:in `build_request_url': warning: URI.escape is obsolete
C:/Work/aspose-words-cloud-codegen/SDKs/RUBY/lib/words_ruby_sdk/configuration.rb:158:in `base_url': warning: URI.escape is obsolete
C:/Work/aspose-words-cloud-codegen/SDKs/RUBY/lib/words_ruby_sdk/api_client.rb:284:in `build_request_url': warning: URI.escape is obsolete
C:/Work/aspose-words-cloud-codegen/SDKs/RUBY/lib/words_ruby_sdk/configuration.rb:158:in `base_url': warning: URI.escape is obsolete
C:/Work/aspose-words-cloud-codegen/SDKs/RUBY/lib/words_ruby_sdk/api_client.rb:284:in `build_request_url': warning: URI.escape is obsolete
C:/Ruby24-x64/lib/ruby/gems/2.4.0/gems/aspose_storage_cloud-18.6/lib/Aspose/Storage/configuration.rb:158:in `base_url': warning: URI.escape is obsolete
C:/Ruby24-x64/lib/ruby/gems/2.4.0/gems/aspose_storage_cloud-18.6/lib/Aspose/Storage/api_client.rb:285:in `build_request_url': warning: URI.escape is obsolete
C:/Ruby24-x64/lib/ruby/gems/2.4.0/gems/aspose_storage_cloud-18.6/lib/Aspose/Storage/configuration.rb:158:in `base_url': warning: URI.escape is obsolete
C:/Ruby24-x64/lib/ruby/gems/2.4.0/gems/aspose_storage_cloud-18.6/lib/Aspose/Storage/api_client.rb:285:in `build_request_url': warning: URI.escape is obsolete
C:/Work/aspose-words-cloud-codegen/SDKs/RUBY/lib/words_ruby_sdk/configuration.rb:158:in `base_url': warning: URI.escape is obsolete
C:/Work/aspose-words-cloud-codegen/SDKs/RUBY/lib/words_ruby_sdk/api_client.rb:284:in `build_request_url': warning: URI.escape is obsolete
C:/Work/aspose-words-cloud-codegen/SDKs/RUBY/lib/words_ruby_sdk/configuration.rb:158:in `base_url': warning: URI.escape is obsolete
C:/Work/aspose-words-cloud-codegen/SDKs/RUBY/lib/words_ruby_sdk/api_client.rb:284:in `build_request_url': warning: URI.escape is obsolete
C:/Ruby24-x64/lib/ruby/gems/2.4.0/gems/aspose_storage_cloud-18.6/lib/Aspose/Storage/configuration.rb:158:in `base_url': warning: URI.escape is obsolete
C:/Ruby24-x64/lib/ruby/gems/2.4.0/gems/aspose_storage_cloud-18.6/lib/Aspose/Storage/api_client.rb:285:in `build_request_url': warning: URI.escape is obsolete
C:/Ruby24-x64/lib/ruby/gems/2.4.0/gems/aspose_storage_cloud-18.6/lib/Aspose/Storage/configuration.rb:158:in `base_url': warning: URI.escape is obsolete
C:/Ruby24-x64/lib/ruby/gems/2.4.0/gems/aspose_storage_cloud-18.6/lib/Aspose/Storage/api_client.rb:285:in `build_request_url': warning: URI.escape is obsolete
C:/Work/aspose-words-cloud-codegen/SDKs/RUBY/lib/words_ruby_sdk/configuration.rb:158:in `base_url': warning: URI.escape is obsolete
C:/Work/aspose-words-cloud-codegen/SDKs/RUBY/lib/words_ruby_sdk/api_client.rb:284:in `build_request_url': warning: URI.escape is obsolete
C:/Work/aspose-words-cloud-codegen/SDKs/RUBY/lib/words_ruby_sdk/configuration.rb:158:in `base_url': warning: URI.escape is obsolete
C:/Work/aspose-words-cloud-codegen/SDKs/RUBY/lib/words_ruby_sdk/api_client.rb:284:in `build_request_url': warning: URI.escape is obsolete
C:/Ruby24-x64/lib/ruby/gems/2.4.0/gems/aspose_storage_cloud-18.6/lib/Aspose/Storage/configuration.rb:158:in `base_url': warning: URI.escape is obsolete
C:/Ruby24-x64/lib/ruby/gems/2.4.0/gems/aspose_storage_cloud-18.6/lib/Aspose/Storage/api_client.rb:285:in `build_request_url': warning: URI.escape is obsolete
C:/Ruby24-x64/lib/ruby/gems/2.4.0/gems/aspose_storage_cloud-18.6/lib/Aspose/Storage/configuration.rb:158:in `base_url': warning: URI.escape is obsolete
C:/Ruby24-x64/lib/ruby/gems/2.4.0/gems/aspose_storage_cloud-18.6/lib/Aspose/Storage/api_client.rb:285:in `build_request_url': warning: URI.escape is obsolete
C:/Work/aspose-words-cloud-codegen/SDKs/RUBY/lib/words_ruby_sdk/configuration.rb:158:in `base_url': warning: URI.escape is obsolete
C:/Work/aspose-words-cloud-codegen/SDKs/RUBY/lib/words_ruby_sdk/api_client.rb:284:in `build_request_url': warning: URI.escape is obsolete
C:/Work/aspose-words-cloud-codegen/SDKs/RUBY/lib/words_ruby_sdk/configuration.rb:158:in `base_url': warning: URI.escape is obsolete
C:/Work/aspose-words-cloud-codegen/SDKs/RUBY/lib/words_ruby_sdk/api_client.rb:284:in `build_request_url': warning: URI.escape is obsolete
C:/Work/aspose-words-cloud-codegen/SDKs/RUBY/lib/words_ruby_sdk/configuration.rb:158:in `base_url': warning: URI.escape is obsolete
C:/Work/aspose-words-cloud-codegen/SDKs/RUBY/lib/words_ruby_sdk/api_client.rb:284:in `build_request_url': warning: URI.escape is obsolete
C:/Work/aspose-words-cloud-codegen/SDKs/RUBY/lib/words_ruby_sdk/configuration.rb:158:in `base_url': warning: URI.escape is obsolete
C:/Work/aspose-words-cloud-codegen/SDKs/RUBY/lib/words_ruby_sdk/api_client.rb:284:in `build_request_url': warning: URI.escape is obsolete
C:/Work/aspose-words-cloud-codegen/SDKs/RUBY/lib/words_ruby_sdk/configuration.rb:158:in `base_url': warning: URI.escape is obsolete
C:/Work/aspose-words-cloud-codegen/SDKs/RUBY/lib/words_ruby_sdk/api_client.rb:284:in `build_request_url': warning: URI.escape is obsolete
C:/Ruby24-x64/lib/ruby/gems/2.4.0/gems/aspose_storage_cloud-18.6/lib/Aspose/Storage/configuration.rb:158:in `base_url': warning: URI.escape is obsolete
C:/Ruby24-x64/lib/ruby/gems/2.4.0/gems/aspose_storage_cloud-18.6/lib/Aspose/Storage/api_client.rb:285:in `build_request_url': warning: URI.escape is obsolete
C:/Ruby24-x64/lib/ruby/gems/2.4.0/gems/aspose_storage_cloud-18.6/lib/Aspose/Storage/configuration.rb:158:in `base_url': warning: URI.escape is obsolete
C:/Ruby24-x64/lib/ruby/gems/2.4.0/gems/aspose_storage_cloud-18.6/lib/Aspose/Storage/api_client.rb:285:in `build_request_url': warning: URI.escape is obsolete
C:/Work/aspose-words-cloud-codegen/SDKs/RUBY/lib/words_ruby_sdk/configuration.rb:158:in `base_url': warning: URI.escape is obsolete
C:/Work/aspose-words-cloud-codegen/SDKs/RUBY/lib/words_ruby_sdk/api_client.rb:284:in `build_request_url': warning: URI.escape is obsolete
C:/Work/aspose-words-cloud-codegen/SDKs/RUBY/lib/words_ruby_sdk/configuration.rb:158:in `base_url': warning: URI.escape is obsolete
C:/Work/aspose-words-cloud-codegen/SDKs/RUBY/lib/words_ruby_sdk/api_client.rb:284:in `build_request_url': warning: URI.escape is obsolete
C:/Work/aspose-words-cloud-codegen/SDKs/RUBY/lib/words_ruby_sdk/configuration.rb:158:in `base_url': warning: URI.escape is obsolete
C:/Work/aspose-words-cloud-codegen/SDKs/RUBY/lib/words_ruby_sdk/api_client.rb:284:in `build_request_url': warning: URI.escape is obsolete
C:/Ruby24-x64/lib/ruby/gems/2.4.0/gems/aspose_storage_cloud-18.6/lib/Aspose/Storage/configuration.rb:158:in `base_url': warning: URI.escape is obsolete
C:/Ruby24-x64/lib/ruby/gems/2.4.0/gems/aspose_storage_cloud-18.6/lib/Aspose/Storage/api_client.rb:285:in `build_request_url': warning: URI.escape is obsolete
C:/Ruby24-x64/lib/ruby/gems/2.4.0/gems/aspose_storage_cloud-18.6/lib/Aspose/Storage/configuration.rb:158:in `base_url': warning: URI.escape is obsolete
C:/Ruby24-x64/lib/ruby/gems/2.4.0/gems/aspose_storage_cloud-18.6/lib/Aspose/Storage/api_client.rb:285:in `build_request_url': warning: URI.escape is obsolete
C:/Work/aspose-words-cloud-codegen/SDKs/RUBY/lib/words_ruby_sdk/configuration.rb:158:in `base_url': warning: URI.escape is obsolete
C:/Work/aspose-words-cloud-codegen/SDKs/RUBY/lib/words_ruby_sdk/api_client.rb:284:in `build_request_url': warning: URI.escape is obsolete
C:/Work/aspose-words-cloud-codegen/SDKs/RUBY/lib/words_ruby_sdk/configuration.rb:158:in `base_url': warning: URI.escape is obsolete
C:/Work/aspose-words-cloud-codegen/SDKs/RUBY/lib/words_ruby_sdk/api_client.rb:284:in `build_request_url': warning: URI.escape is obsolete
C:/Ruby24-x64/lib/ruby/gems/2.4.0/gems/aspose_storage_cloud-18.6/lib/Aspose/Storage/configuration.rb:158:in `base_url': warning: URI.escape is obsolete
C:/Ruby24-x64/lib/ruby/gems/2.4.0/gems/aspose_storage_cloud-18.6/lib/Aspose/Storage/api_client.rb:285:in `build_request_url': warning: URI.escape is obsolete
C:/Ruby24-x64/lib/ruby/gems/2.4.0/gems/aspose_storage_cloud-18.6/lib/Aspose/Storage/configuration.rb:158:in `base_url': warning: URI.escape is obsolete
C:/Ruby24-x64/lib/ruby/gems/2.4.0/gems/aspose_storage_cloud-18.6/lib/Aspose/Storage/api_client.rb:285:in `build_request_url': warning: URI.escape is obsolete
C:/Work/aspose-words-cloud-codegen/SDKs/RUBY/lib/words_ruby_sdk/configuration.rb:158:in `base_url': warning: URI.escape is obsolete
C:/Work/aspose-words-cloud-codegen/SDKs/RUBY/lib/words_ruby_sdk/api_client.rb:284:in `build_request_url': warning: URI.escape is obsolete
C:/Work/aspose-words-cloud-codegen/SDKs/RUBY/lib/words_ruby_sdk/configuration.rb:158:in `base_url': warning: URI.escape is obsolete
C:/Work/aspose-words-cloud-codegen/SDKs/RUBY/lib/words_ruby_sdk/api_client.rb:284:in `build_request_url': warning: URI.escape is obsolete
C:/Ruby24-x64/lib/ruby/gems/2.4.0/gems/aspose_storage_cloud-18.6/lib/Aspose/Storage/configuration.rb:158:in `base_url': warning: URI.escape is obsolete
C:/Ruby24-x64/lib/ruby/gems/2.4.0/gems/aspose_storage_cloud-18.6/lib/Aspose/Storage/api_client.rb:285:in `build_request_url': warning: URI.escape is obsolete
C:/Ruby24-x64/lib/ruby/gems/2.4.0/gems/aspose_storage_cloud-18.6/lib/Aspose/Storage/configuration.rb:158:in `base_url': warning: URI.escape is obsolete
C:/Ruby24-x64/lib/ruby/gems/2.4.0/gems/aspose_storage_cloud-18.6/lib/Aspose/Storage/api_client.rb:285:in `build_request_url': warning: URI.escape is obsolete
C:/Work/aspose-words-cloud-codegen/SDKs/RUBY/lib/words_ruby_sdk/configuration.rb:158:in `base_url': warning: URI.escape is obsolete
C:/Work/aspose-words-cloud-codegen/SDKs/RUBY/lib/words_ruby_sdk/api_client.rb:284:in `build_request_url': warning: URI.escape is obsolete
C:/Work/aspose-words-cloud-codegen/SDKs/RUBY/lib/words_ruby_sdk/configuration.rb:158:in `base_url': warning: URI.escape is obsolete
C:/Work/aspose-words-cloud-codegen/SDKs/RUBY/lib/words_ruby_sdk/api_client.rb:284:in `build_request_url': warning: URI.escape is obsolete
C:/Ruby24-x64/lib/ruby/gems/2.4.0/gems/aspose_storage_cloud-18.6/lib/Aspose/Storage/configuration.rb:158:in `base_url': warning: URI.escape is obsolete
C:/Ruby24-x64/lib/ruby/gems/2.4.0/gems/aspose_storage_cloud-18.6/lib/Aspose/Storage/api_client.rb:285:in `build_request_url': warning: URI.escape is obsolete
C:/Ruby24-x64/lib/ruby/gems/2.4.0/gems/aspose_storage_cloud-18.6/lib/Aspose/Storage/configuration.rb:158:in `base_url': warning: URI.escape is obsolete
C:/Ruby24-x64/lib/ruby/gems/2.4.0/gems/aspose_storage_cloud-18.6/lib/Aspose/Storage/api_client.rb:285:in `build_request_url': warning: URI.escape is obsolete
C:/Work/aspose-words-cloud-codegen/SDKs/RUBY/lib/words_ruby_sdk/configuration.rb:158:in `base_url': warning: URI.escape is obsolete
C:/Work/aspose-words-cloud-codegen/SDKs/RUBY/lib/words_ruby_sdk/api_client.rb:284:in `build_request_url': warning: URI.escape is obsolete
C:/Work/aspose-words-cloud-codegen/SDKs/RUBY/lib/words_ruby_sdk/configuration.rb:158:in `base_url': warning: URI.escape is obsolete
C:/Work/aspose-words-cloud-codegen/SDKs/RUBY/lib/words_ruby_sdk/api_client.rb:284:in `build_request_url': warning: URI.escape is obsolete
C:/Work/aspose-words-cloud-codegen/SDKs/RUBY/lib/words_ruby_sdk/configuration.rb:158:in `base_url': warning: URI.escape is obsolete
C:/Work/aspose-words-cloud-codegen/SDKs/RUBY/lib/words_ruby_sdk/api_client.rb:284:in `build_request_url': warning: URI.escape is obsolete
C:/Work/aspose-words-cloud-codegen/SDKs/RUBY/lib/words_ruby_sdk/configuration.rb:158:in `base_url': warning: URI.escape is obsolete
C:/Work/aspose-words-cloud-codegen/SDKs/RUBY/lib/words_ruby_sdk/api_client.rb:284:in `build_request_url': warning: URI.escape is obsolete
C:/Ruby24-x64/lib/ruby/gems/2.4.0/gems/aspose_storage_cloud-18.6/lib/Aspose/Storage/configuration.rb:158:in `base_url': warning: URI.escape is obsolete
C:/Ruby24-x64/lib/ruby/gems/2.4.0/gems/aspose_storage_cloud-18.6/lib/Aspose/Storage/api_client.rb:285:in `build_request_url': warning: URI.escape is obsolete
C:/Ruby24-x64/lib/ruby/gems/2.4.0/gems/aspose_storage_cloud-18.6/lib/Aspose/Storage/configuration.rb:158:in `base_url': warning: URI.escape is obsolete
C:/Ruby24-x64/lib/ruby/gems/2.4.0/gems/aspose_storage_cloud-18.6/lib/Aspose/Storage/api_client.rb:285:in `build_request_url': warning: URI.escape is obsolete
C:/Work/aspose-words-cloud-codegen/SDKs/RUBY/lib/words_ruby_sdk/configuration.rb:158:in `base_url': warning: URI.escape is obsolete
C:/Work/aspose-words-cloud-codegen/SDKs/RUBY/lib/words_ruby_sdk/api_client.rb:284:in `build_request_url': warning: URI.escape is obsolete
C:/Work/aspose-words-cloud-codegen/SDKs/RUBY/lib/words_ruby_sdk/configuration.rb:158:in `base_url': warning: URI.escape is obsolete
C:/Work/aspose-words-cloud-codegen/SDKs/RUBY/lib/words_ruby_sdk/api_client.rb:284:in `build_request_url': warning: URI.escape is obsolete
C:/Work/aspose-words-cloud-codegen/SDKs/RUBY/lib/words_ruby_sdk/configuration.rb:158:in `base_url': warning: URI.escape is obsolete
C:/Work/aspose-words-cloud-codegen/SDKs/RUBY/lib/words_ruby_sdk/api_client.rb:284:in `build_request_url': warning: URI.escape is obsolete
C:/Ruby24-x64/lib/ruby/gems/2.4.0/gems/aspose_storage_cloud-18.6/lib/Aspose/Storage/configuration.rb:158:in `base_url': warning: URI.escape is obsolete
C:/Ruby24-x64/lib/ruby/gems/2.4.0/gems/aspose_storage_cloud-18.6/lib/Aspose/Storage/api_client.rb:285:in `build_request_url': warning: URI.escape is obsolete
C:/Ruby24-x64/lib/ruby/gems/2.4.0/gems/aspose_storage_cloud-18.6/lib/Aspose/Storage/configuration.rb:158:in `base_url': warning: URI.escape is obsolete
C:/Ruby24-x64/lib/ruby/gems/2.4.0/gems/aspose_storage_cloud-18.6/lib/Aspose/Storage/api_client.rb:285:in `build_request_url': warning: URI.escape is obsolete
C:/Work/aspose-words-cloud-codegen/SDKs/RUBY/lib/words_ruby_sdk/configuration.rb:158:in `base_url': warning: URI.escape is obsolete
C:/Work/aspose-words-cloud-codegen/SDKs/RUBY/lib/words_ruby_sdk/api_client.rb:284:in `build_request_url': warning: URI.escape is obsolete
C:/Work/aspose-words-cloud-codegen/SDKs/RUBY/lib/words_ruby_sdk/configuration.rb:158:in `base_url': warning: URI.escape is obsolete
C:/Work/aspose-words-cloud-codegen/SDKs/RUBY/lib/words_ruby_sdk/api_client.rb:284:in `build_request_url': warning: URI.escape is obsolete
C:/Ruby24-x64/lib/ruby/gems/2.4.0/gems/aspose_storage_cloud-18.6/lib/Aspose/Storage/configuration.rb:158:in `base_url': warning: URI.escape is obsolete
C:/Ruby24-x64/lib/ruby/gems/2.4.0/gems/aspose_storage_cloud-18.6/lib/Aspose/Storage/api_client.rb:285:in `build_request_url': warning: URI.escape is obsolete
C:/Ruby24-x64/lib/ruby/gems/2.4.0/gems/aspose_storage_cloud-18.6/lib/Aspose/Storage/configuration.rb:158:in `base_url': warning: URI.escape is obsolete
C:/Ruby24-x64/lib/ruby/gems/2.4.0/gems/aspose_storage_cloud-18.6/lib/Aspose/Storage/api_client.rb:285:in `build_request_url': warning: URI.escape is obsolete
C:/Work/aspose-words-cloud-codegen/SDKs/RUBY/lib/words_ruby_sdk/configuration.rb:158:in `base_url': warning: URI.escape is obsolete
C:/Work/aspose-words-cloud-codegen/SDKs/RUBY/lib/words_ruby_sdk/api_client.rb:284:in `build_request_url': warning: URI.escape is obsolete
C:/Work/aspose-words-cloud-codegen/SDKs/RUBY/lib/words_ruby_sdk/configuration.rb:158:in `base_url': warning: URI.escape is obsolete
C:/Work/aspose-words-cloud-codegen/SDKs/RUBY/lib/words_ruby_sdk/api_client.rb:284:in `build_request_url': warning: URI.escape is obsolete
C:/Work/aspose-words-cloud-codegen/SDKs/RUBY/lib/words_ruby_sdk/configuration.rb:158:in `base_url': warning: URI.escape is obsolete
C:/Work/aspose-words-cloud-codegen/SDKs/RUBY/lib/words_ruby_sdk/api_client.rb:284:in `build_request_url': warning: URI.escape is obsolete
C:/Ruby24-x64/lib/ruby/gems/2.4.0/gems/aspose_storage_cloud-18.6/lib/Aspose/Storage/configuration.rb:158:in `base_url': warning: URI.escape is obsolete
C:/Ruby24-x64/lib/ruby/gems/2.4.0/gems/aspose_storage_cloud-18.6/lib/Aspose/Storage/api_client.rb:285:in `build_request_url': warning: URI.escape is obsolete
C:/Ruby24-x64/lib/ruby/gems/2.4.0/gems/aspose_storage_cloud-18.6/lib/Aspose/Storage/configuration.rb:158:in `base_url': warning: URI.escape is obsolete
C:/Ruby24-x64/lib/ruby/gems/2.4.0/gems/aspose_storage_cloud-18.6/lib/Aspose/Storage/api_client.rb:285:in `build_request_url': warning: URI.escape is obsolete
C:/Work/aspose-words-cloud-codegen/SDKs/RUBY/lib/words_ruby_sdk/configuration.rb:158:in `base_url': warning: URI.escape is obsolete
C:/Work/aspose-words-cloud-codegen/SDKs/RUBY/lib/words_ruby_sdk/api_client.rb:284:in `build_request_url': warning: URI.escape is obsolete
C:/Work/aspose-words-cloud-codegen/SDKs/RUBY/lib/words_ruby_sdk/configuration.rb:158:in `base_url': warning: URI.escape is obsolete
C:/Work/aspose-words-cloud-codegen/SDKs/RUBY/lib/words_ruby_sdk/api_client.rb:284:in `build_request_url': warning: URI.escape is obsolete
C:/Work/aspose-words-cloud-codegen/SDKs/RUBY/lib/words_ruby_sdk/configuration.rb:158:in `base_url': warning: URI.escape is obsolete
C:/Work/aspose-words-cloud-codegen/SDKs/RUBY/lib/words_ruby_sdk/api_client.rb:284:in `build_request_url': warning: URI.escape is obsolete
C:/Ruby24-x64/lib/ruby/gems/2.4.0/gems/aspose_storage_cloud-18.6/lib/Aspose/Storage/configuration.rb:158:in `base_url': warning: URI.escape is obsolete
C:/Ruby24-x64/lib/ruby/gems/2.4.0/gems/aspose_storage_cloud-18.6/lib/Aspose/Storage/api_client.rb:285:in `build_request_url': warning: URI.escape is obsolete
C:/Ruby24-x64/lib/ruby/gems/2.4.0/gems/aspose_storage_cloud-18.6/lib/Aspose/Storage/configuration.rb:158:in `base_url': warning: URI.escape is obsolete
C:/Ruby24-x64/lib/ruby/gems/2.4.0/gems/aspose_storage_cloud-18.6/lib/Aspose/Storage/api_client.rb:285:in `build_request_url': warning: URI.escape is obsolete
C:/Work/aspose-words-cloud-codegen/SDKs/RUBY/lib/words_ruby_sdk/configuration.rb:158:in `base_url': warning: URI.escape is obsolete
C:/Work/aspose-words-cloud-codegen/SDKs/RUBY/lib/words_ruby_sdk/api_client.rb:284:in `build_request_url': warning: URI.escape is obsolete
C:/Work/aspose-words-cloud-codegen/SDKs/RUBY/lib/words_ruby_sdk/configuration.rb:158:in `base_url': warning: URI.escape is obsolete
C:/Work/aspose-words-cloud-codegen/SDKs/RUBY/lib/words_ruby_sdk/api_client.rb:284:in `build_request_url': warning: URI.escape is obsolete
C:/Ruby24-x64/lib/ruby/gems/2.4.0/gems/aspose_storage_cloud-18.6/lib/Aspose/Storage/configuration.rb:158:in `base_url': warning: URI.escape is obsolete
C:/Ruby24-x64/lib/ruby/gems/2.4.0/gems/aspose_storage_cloud-18.6/lib/Aspose/Storage/api_client.rb:285:in `build_request_url': warning: URI.escape is obsolete
C:/Ruby24-x64/lib/ruby/gems/2.4.0/gems/aspose_storage_cloud-18.6/lib/Aspose/Storage/configuration.rb:158:in `base_url': warning: URI.escape is obsolete
C:/Ruby24-x64/lib/ruby/gems/2.4.0/gems/aspose_storage_cloud-18.6/lib/Aspose/Storage/api_client.rb:285:in `build_request_url': warning: URI.escape is obsolete
C:/Work/aspose-words-cloud-codegen/SDKs/RUBY/lib/words_ruby_sdk/configuration.rb:158:in `base_url': warning: URI.escape is obsolete
C:/Work/aspose-words-cloud-codegen/SDKs/RUBY/lib/words_ruby_sdk/api_client.rb:284:in `build_request_url': warning: URI.escape is obsolete
C:/Work/aspose-words-cloud-codegen/SDKs/RUBY/lib/words_ruby_sdk/configuration.rb:158:in `base_url': warning: URI.escape is obsolete
C:/Work/aspose-words-cloud-codegen/SDKs/RUBY/lib/words_ruby_sdk/api_client.rb:284:in `build_request_url': warning: URI.escape is obsolete
C:/Ruby24-x64/lib/ruby/gems/2.4.0/gems/aspose_storage_cloud-18.6/lib/Aspose/Storage/configuration.rb:158:in `base_url': warning: URI.escape is obsolete
C:/Ruby24-x64/lib/ruby/gems/2.4.0/gems/aspose_storage_cloud-18.6/lib/Aspose/Storage/api_client.rb:285:in `build_request_url': warning: URI.escape is obsolete
C:/Ruby24-x64/lib/ruby/gems/2.4.0/gems/aspose_storage_cloud-18.6/lib/Aspose/Storage/configuration.rb:158:in `base_url': warning: URI.escape is obsolete
C:/Ruby24-x64/lib/ruby/gems/2.4.0/gems/aspose_storage_cloud-18.6/lib/Aspose/Storage/api_client.rb:285:in `build_request_url': warning: URI.escape is obsolete
C:/Work/aspose-words-cloud-codegen/SDKs/RUBY/lib/words_ruby_sdk/configuration.rb:158:in `base_url': warning: URI.escape is obsolete
C:/Work/aspose-words-cloud-codegen/SDKs/RUBY/lib/words_ruby_sdk/api_client.rb:284:in `build_request_url': warning: URI.escape is obsolete
C:/Work/aspose-words-cloud-codegen/SDKs/RUBY/lib/words_ruby_sdk/configuration.rb:158:in `base_url': warning: URI.escape is obsolete
C:/Work/aspose-words-cloud-codegen/SDKs/RUBY/lib/words_ruby_sdk/api_client.rb:284:in `build_request_url': warning: URI.escape is obsolete
C:/Ruby24-x64/lib/ruby/gems/2.4.0/gems/aspose_storage_cloud-18.6/lib/Aspose/Storage/configuration.rb:158:in `base_url': warning: URI.escape is obsolete
C:/Ruby24-x64/lib/ruby/gems/2.4.0/gems/aspose_storage_cloud-18.6/lib/Aspose/Storage/api_client.rb:285:in `build_request_url': warning: URI.escape is obsolete
C:/Ruby24-x64/lib/ruby/gems/2.4.0/gems/aspose_storage_cloud-18.6/lib/Aspose/Storage/configuration.rb:158:in `base_url': warning: URI.escape is obsolete
C:/Ruby24-x64/lib/ruby/gems/2.4.0/gems/aspose_storage_cloud-18.6/lib/Aspose/Storage/api_client.rb:285:in `build_request_url': warning: URI.escape is obsolete
C:/Work/aspose-words-cloud-codegen/SDKs/RUBY/lib/words_ruby_sdk/configuration.rb:158:in `base_url': warning: URI.escape is obsolete
C:/Work/aspose-words-cloud-codegen/SDKs/RUBY/lib/words_ruby_sdk/api_client.rb:284:in `build_request_url': warning: URI.escape is obsolete
C:/Work/aspose-words-cloud-codegen/SDKs/RUBY/lib/words_ruby_sdk/configuration.rb:158:in `base_url': warning: URI.escape is obsolete
C:/Work/aspose-words-cloud-codegen/SDKs/RUBY/lib/words_ruby_sdk/api_client.rb:284:in `build_request_url': warning: URI.escape is obsolete
C:/Ruby24-x64/lib/ruby/gems/2.4.0/gems/aspose_storage_cloud-18.6/lib/Aspose/Storage/configuration.rb:158:in `base_url': warning: URI.escape is obsolete
C:/Ruby24-x64/lib/ruby/gems/2.4.0/gems/aspose_storage_cloud-18.6/lib/Aspose/Storage/api_client.rb:285:in `build_request_url': warning: URI.escape is obsolete
C:/Ruby24-x64/lib/ruby/gems/2.4.0/gems/aspose_storage_cloud-18.6/lib/Aspose/Storage/configuration.rb:158:in `base_url': warning: URI.escape is obsolete
C:/Ruby24-x64/lib/ruby/gems/2.4.0/gems/aspose_storage_cloud-18.6/lib/Aspose/Storage/api_client.rb:285:in `build_request_url': warning: URI.escape is obsolete
C:/Work/aspose-words-cloud-codegen/SDKs/RUBY/lib/words_ruby_sdk/configuration.rb:158:in `base_url': warning: URI.escape is obsolete
C:/Work/aspose-words-cloud-codegen/SDKs/RUBY/lib/words_ruby_sdk/api_client.rb:284:in `build_request_url': warning: URI.escape is obsolete
C:/Work/aspose-words-cloud-codegen/SDKs/RUBY/lib/words_ruby_sdk/configuration.rb:158:in `base_url': warning: URI.escape is obsolete
C:/Work/aspose-words-cloud-codegen/SDKs/RUBY/lib/words_ruby_sdk/api_client.rb:284:in `build_request_url': warning: URI.escape is obsolete
C:/Work/aspose-words-cloud-codegen/SDKs/RUBY/lib/words_ruby_sdk/configuration.rb:158:in `base_url': warning: URI.escape is obsolete
C:/Work/aspose-words-cloud-codegen/SDKs/RUBY/lib/words_ruby_sdk/api_client.rb:284:in `build_request_url': warning: URI.escape is obsolete
C:/Ruby24-x64/lib/ruby/gems/2.4.0/gems/aspose_storage_cloud-18.6/lib/Aspose/Storage/configuration.rb:158:in `base_url': warning: URI.escape is obsolete
C:/Ruby24-x64/lib/ruby/gems/2.4.0/gems/aspose_storage_cloud-18.6/lib/Aspose/Storage/api_client.rb:285:in `build_request_url': warning: URI.escape is obsolete
C:/Ruby24-x64/lib/ruby/gems/2.4.0/gems/aspose_storage_cloud-18.6/lib/Aspose/Storage/configuration.rb:158:in `base_url': warning: URI.escape is obsolete
C:/Ruby24-x64/lib/ruby/gems/2.4.0/gems/aspose_storage_cloud-18.6/lib/Aspose/Storage/api_client.rb:285:in `build_request_url': warning: URI.escape is obsolete
C:/Work/aspose-words-cloud-codegen/SDKs/RUBY/lib/words_ruby_sdk/configuration.rb:158:in `base_url': warning: URI.escape is obsolete
C:/Work/aspose-words-cloud-codegen/SDKs/RUBY/lib/words_ruby_sdk/api_client.rb:284:in `build_request_url': warning: URI.escape is obsolete
C:/Work/aspose-words-cloud-codegen/SDKs/RUBY/lib/words_ruby_sdk/configuration.rb:158:in `base_url': warning: URI.escape is obsolete
C:/Work/aspose-words-cloud-codegen/SDKs/RUBY/lib/words_ruby_sdk/api_client.rb:284:in `build_request_url': warning: URI.escape is obsolete
C:/Ruby24-x64/lib/ruby/gems/2.4.0/gems/aspose_storage_cloud-18.6/lib/Aspose/Storage/configuration.rb:158:in `base_url': warning: URI.escape is obsolete
C:/Ruby24-x64/lib/ruby/gems/2.4.0/gems/aspose_storage_cloud-18.6/lib/Aspose/Storage/api_client.rb:285:in `build_request_url': warning: URI.escape is obsolete
C:/Ruby24-x64/lib/ruby/gems/2.4.0/gems/aspose_storage_cloud-18.6/lib/Aspose/Storage/configuration.rb:158:in `base_url': warning: URI.escape is obsolete
C:/Ruby24-x64/lib/ruby/gems/2.4.0/gems/aspose_storage_cloud-18.6/lib/Aspose/Storage/api_client.rb:285:in `build_request_url': warning: URI.escape is obsolete
C:/Work/aspose-words-cloud-codegen/SDKs/RUBY/lib/words_ruby_sdk/configuration.rb:158:in `base_url': warning: URI.escape is obsolete
C:/Work/aspose-words-cloud-codegen/SDKs/RUBY/lib/words_ruby_sdk/api_client.rb:284:in `build_request_url': warning: URI.escape is obsolete
C:/Work/aspose-words-cloud-codegen/SDKs/RUBY/lib/words_ruby_sdk/configuration.rb:158:in `base_url': warning: URI.escape is obsolete
C:/Work/aspose-words-cloud-codegen/SDKs/RUBY/lib/words_ruby_sdk/api_client.rb:284:in `build_request_url': warning: URI.escape is obsolete
C:/Work/aspose-words-cloud-codegen/SDKs/RUBY/lib/words_ruby_sdk/configuration.rb:158:in `base_url': warning: URI.escape is obsolete
C:/Work/aspose-words-cloud-codegen/SDKs/RUBY/lib/words_ruby_sdk/api_client.rb:284:in `build_request_url': warning: URI.escape is obsolete
C:/Ruby24-x64/lib/ruby/gems/2.4.0/gems/aspose_storage_cloud-18.6/lib/Aspose/Storage/configuration.rb:158:in `base_url': warning: URI.escape is obsolete
C:/Ruby24-x64/lib/ruby/gems/2.4.0/gems/aspose_storage_cloud-18.6/lib/Aspose/Storage/api_client.rb:285:in `build_request_url': warning: URI.escape is obsolete
C:/Ruby24-x64/lib/ruby/gems/2.4.0/gems/aspose_storage_cloud-18.6/lib/Aspose/Storage/configuration.rb:158:in `base_url': warning: URI.escape is obsolete
C:/Ruby24-x64/lib/ruby/gems/2.4.0/gems/aspose_storage_cloud-18.6/lib/Aspose/Storage/api_client.rb:285:in `build_request_url': warning: URI.escape is obsolete
C:/Work/aspose-words-cloud-codegen/SDKs/RUBY/lib/words_ruby_sdk/configuration.rb:158:in `base_url': warning: URI.escape is obsolete
C:/Work/aspose-words-cloud-codegen/SDKs/RUBY/lib/words_ruby_sdk/api_client.rb:284:in `build_request_url': warning: URI.escape is obsolete
C:/Work/aspose-words-cloud-codegen/SDKs/RUBY/lib/words_ruby_sdk/configuration.rb:158:in `base_url': warning: URI.escape is obsolete
C:/Work/aspose-words-cloud-codegen/SDKs/RUBY/lib/words_ruby_sdk/api_client.rb:284:in `build_request_url': warning: URI.escape is obsolete
C:/Ruby24-x64/lib/ruby/gems/2.4.0/gems/aspose_storage_cloud-18.6/lib/Aspose/Storage/configuration.rb:158:in `base_url': warning: URI.escape is obsolete
C:/Ruby24-x64/lib/ruby/gems/2.4.0/gems/aspose_storage_cloud-18.6/lib/Aspose/Storage/api_client.rb:285:in `build_request_url': warning: URI.escape is obsolete
C:/Ruby24-x64/lib/ruby/gems/2.4.0/gems/aspose_storage_cloud-18.6/lib/Aspose/Storage/configuration.rb:158:in `base_url': warning: URI.escape is obsolete
C:/Ruby24-x64/lib/ruby/gems/2.4.0/gems/aspose_storage_cloud-18.6/lib/Aspose/Storage/api_client.rb:285:in `build_request_url': warning: URI.escape is obsolete
C:/Work/aspose-words-cloud-codegen/SDKs/RUBY/lib/words_ruby_sdk/configuration.rb:158:in `base_url': warning: URI.escape is obsolete
C:/Work/aspose-words-cloud-codegen/SDKs/RUBY/lib/words_ruby_sdk/api_client.rb:284:in `build_request_url': warning: URI.escape is obsolete
C:/Work/aspose-words-cloud-codegen/SDKs/RUBY/lib/words_ruby_sdk/configuration.rb:158:in `base_url': warning: URI.escape is obsolete
C:/Work/aspose-words-cloud-codegen/SDKs/RUBY/lib/words_ruby_sdk/api_client.rb:284:in `build_request_url': warning: URI.escape is obsolete
C:/Ruby24-x64/lib/ruby/gems/2.4.0/gems/aspose_storage_cloud-18.6/lib/Aspose/Storage/configuration.rb:158:in `base_url': warning: URI.escape is obsolete
C:/Ruby24-x64/lib/ruby/gems/2.4.0/gems/aspose_storage_cloud-18.6/lib/Aspose/Storage/api_client.rb:285:in `build_request_url': warning: URI.escape is obsolete
C:/Ruby24-x64/lib/ruby/gems/2.4.0/gems/aspose_storage_cloud-18.6/lib/Aspose/Storage/configuration.rb:158:in `base_url': warning: URI.escape is obsolete
C:/Ruby24-x64/lib/ruby/gems/2.4.0/gems/aspose_storage_cloud-18.6/lib/Aspose/Storage/api_client.rb:285:in `build_request_url': warning: URI.escape is obsolete
C:/Work/aspose-words-cloud-codegen/SDKs/RUBY/lib/words_ruby_sdk/configuration.rb:158:in `base_url': warning: URI.escape is obsolete
C:/Work/aspose-words-cloud-codegen/SDKs/RUBY/lib/words_ruby_sdk/api_client.rb:284:in `build_request_url': warning: URI.escape is obsolete
C:/Work/aspose-words-cloud-codegen/SDKs/RUBY/lib/words_ruby_sdk/configuration.rb:158:in `base_url': warning: URI.escape is obsolete
C:/Work/aspose-words-cloud-codegen/SDKs/RUBY/lib/words_ruby_sdk/api_client.rb:284:in `build_request_url': warning: URI.escape is obsolete
C:/Work/aspose-words-cloud-codegen/SDKs/RUBY/lib/words_ruby_sdk/configuration.rb:158:in `base_url': warning: URI.escape is obsolete
C:/Work/aspose-words-cloud-codegen/SDKs/RUBY/lib/words_ruby_sdk/api_client.rb:284:in `build_request_url': warning: URI.escape is obsolete
C:/Ruby24-x64/lib/ruby/gems/2.4.0/gems/aspose_storage_cloud-18.6/lib/Aspose/Storage/configuration.rb:158:in `base_url': warning: URI.escape is obsolete
C:/Ruby24-x64/lib/ruby/gems/2.4.0/gems/aspose_storage_cloud-18.6/lib/Aspose/Storage/api_client.rb:285:in `build_request_url': warning: URI.escape is obsolete
C:/Ruby24-x64/lib/ruby/gems/2.4.0/gems/aspose_storage_cloud-18.6/lib/Aspose/Storage/configuration.rb:158:in `base_url': warning: URI.escape is obsolete
C:/Ruby24-x64/lib/ruby/gems/2.4.0/gems/aspose_storage_cloud-18.6/lib/Aspose/Storage/api_client.rb:285:in `build_request_url': warning: URI.escape is obsolete
C:/Work/aspose-words-cloud-codegen/SDKs/RUBY/lib/words_ruby_sdk/configuration.rb:158:in `base_url': warning: URI.escape is obsolete
C:/Work/aspose-words-cloud-codegen/SDKs/RUBY/lib/words_ruby_sdk/api_client.rb:284:in `build_request_url': warning: URI.escape is obsolete
C:/Work/aspose-words-cloud-codegen/SDKs/RUBY/lib/words_ruby_sdk/configuration.rb:158:in `base_url': warning: URI.escape is obsolete
C:/Work/aspose-words-cloud-codegen/SDKs/RUBY/lib/words_ruby_sdk/api_client.rb:284:in `build_request_url': warning: URI.escape is obsolete
C:/Ruby24-x64/lib/ruby/gems/2.4.0/gems/aspose_storage_cloud-18.6/lib/Aspose/Storage/configuration.rb:158:in `base_url': warning: URI.escape is obsolete
C:/Ruby24-x64/lib/ruby/gems/2.4.0/gems/aspose_storage_cloud-18.6/lib/Aspose/Storage/api_client.rb:285:in `build_request_url': warning: URI.escape is obsolete
C:/Ruby24-x64/lib/ruby/gems/2.4.0/gems/aspose_storage_cloud-18.6/lib/Aspose/Storage/configuration.rb:158:in `base_url': warning: URI.escape is obsolete
C:/Ruby24-x64/lib/ruby/gems/2.4.0/gems/aspose_storage_cloud-18.6/lib/Aspose/Storage/api_client.rb:285:in `build_request_url': warning: URI.escape is obsolete
C:/Work/aspose-words-cloud-codegen/SDKs/RUBY/lib/words_ruby_sdk/configuration.rb:158:in `base_url': warning: URI.escape is obsolete
C:/Work/aspose-words-cloud-codegen/SDKs/RUBY/lib/words_ruby_sdk/api_client.rb:284:in `build_request_url': warning: URI.escape is obsolete
C:/Work/aspose-words-cloud-codegen/SDKs/RUBY/lib/words_ruby_sdk/configuration.rb:158:in `base_url': warning: URI.escape is obsolete
C:/Work/aspose-words-cloud-codegen/SDKs/RUBY/lib/words_ruby_sdk/api_client.rb:284:in `build_request_url': warning: URI.escape is obsolete
C:/Work/aspose-words-cloud-codegen/SDKs/RUBY/lib/words_ruby_sdk/configuration.rb:158:in `base_url': warning: URI.escape is obsolete
C:/Work/aspose-words-cloud-codegen/SDKs/RUBY/lib/words_ruby_sdk/api_client.rb:284:in `build_request_url': warning: URI.escape is obsolete
C:/Ruby24-x64/lib/ruby/gems/2.4.0/gems/aspose_storage_cloud-18.6/lib/Aspose/Storage/configuration.rb:158:in `base_url': warning: URI.escape is obsolete
C:/Ruby24-x64/lib/ruby/gems/2.4.0/gems/aspose_storage_cloud-18.6/lib/Aspose/Storage/api_client.rb:285:in `build_request_url': warning: URI.escape is obsolete
C:/Ruby24-x64/lib/ruby/gems/2.4.0/gems/aspose_storage_cloud-18.6/lib/Aspose/Storage/configuration.rb:158:in `base_url': warning: URI.escape is obsolete
C:/Ruby24-x64/lib/ruby/gems/2.4.0/gems/aspose_storage_cloud-18.6/lib/Aspose/Storage/api_client.rb:285:in `build_request_url': warning: URI.escape is obsolete
C:/Work/aspose-words-cloud-codegen/SDKs/RUBY/lib/words_ruby_sdk/configuration.rb:158:in `base_url': warning: URI.escape is obsolete
C:/Work/aspose-words-cloud-codegen/SDKs/RUBY/lib/words_ruby_sdk/api_client.rb:284:in `build_request_url': warning: URI.escape is obsolete
C:/Work/aspose-words-cloud-codegen/SDKs/RUBY/lib/words_ruby_sdk/configuration.rb:158:in `base_url': warning: URI.escape is obsolete
C:/Work/aspose-words-cloud-codegen/SDKs/RUBY/lib/words_ruby_sdk/api_client.rb:284:in `build_request_url': warning: URI.escape is obsolete
C:/Ruby24-x64/lib/ruby/gems/2.4.0/gems/aspose_storage_cloud-18.6/lib/Aspose/Storage/configuration.rb:158:in `base_url': warning: URI.escape is obsolete
C:/Ruby24-x64/lib/ruby/gems/2.4.0/gems/aspose_storage_cloud-18.6/lib/Aspose/Storage/api_client.rb:285:in `build_request_url': warning: URI.escape is obsolete
C:/Ruby24-x64/lib/ruby/gems/2.4.0/gems/aspose_storage_cloud-18.6/lib/Aspose/Storage/configuration.rb:158:in `base_url': warning: URI.escape is obsolete
C:/Ruby24-x64/lib/ruby/gems/2.4.0/gems/aspose_storage_cloud-18.6/lib/Aspose/Storage/api_client.rb:285:in `build_request_url': warning: URI.escape is obsolete
C:/Work/aspose-words-cloud-codegen/SDKs/RUBY/lib/words_ruby_sdk/configuration.rb:158:in `base_url': warning: URI.escape is obsolete
C:/Work/aspose-words-cloud-codegen/SDKs/RUBY/lib/words_ruby_sdk/api_client.rb:284:in `build_request_url': warning: URI.escape is obsolete
C:/Work/aspose-words-cloud-codegen/SDKs/RUBY/lib/words_ruby_sdk/configuration.rb:158:in `base_url': warning: URI.escape is obsolete
C:/Work/aspose-words-cloud-codegen/SDKs/RUBY/lib/words_ruby_sdk/api_client.rb:284:in `build_request_url': warning: URI.escape is obsolete
C:/Work/aspose-words-cloud-codegen/SDKs/RUBY/lib/words_ruby_sdk/configuration.rb:158:in `base_url': warning: URI.escape is obsolete
C:/Work/aspose-words-cloud-codegen/SDKs/RUBY/lib/words_ruby_sdk/api_client.rb:284:in `build_request_url': warning: URI.escape is obsolete
C:/Ruby24-x64/lib/ruby/gems/2.4.0/gems/aspose_storage_cloud-18.6/lib/Aspose/Storage/configuration.rb:158:in `base_url': warning: URI.escape is obsolete
C:/Ruby24-x64/lib/ruby/gems/2.4.0/gems/aspose_storage_cloud-18.6/lib/Aspose/Storage/api_client.rb:285:in `build_request_url': warning: URI.escape is obsolete
C:/Ruby24-x64/lib/ruby/gems/2.4.0/gems/aspose_storage_cloud-18.6/lib/Aspose/Storage/configuration.rb:158:in `base_url': warning: URI.escape is obsolete
C:/Ruby24-x64/lib/ruby/gems/2.4.0/gems/aspose_storage_cloud-18.6/lib/Aspose/Storage/api_client.rb:285:in `build_request_url': warning: URI.escape is obsolete
C:/Work/aspose-words-cloud-codegen/SDKs/RUBY/lib/words_ruby_sdk/configuration.rb:158:in `base_url': warning: URI.escape is obsolete
C:/Work/aspose-words-cloud-codegen/SDKs/RUBY/lib/words_ruby_sdk/api_client.rb:284:in `build_request_url': warning: URI.escape is obsolete
C:/Work/aspose-words-cloud-codegen/SDKs/RUBY/lib/words_ruby_sdk/configuration.rb:158:in `base_url': warning: URI.escape is obsolete
C:/Work/aspose-words-cloud-codegen/SDKs/RUBY/lib/words_ruby_sdk/api_client.rb:284:in `build_request_url': warning: URI.escape is obsolete
C:/Work/aspose-words-cloud-codegen/SDKs/RUBY/lib/words_ruby_sdk/configuration.rb:158:in `base_url': warning: URI.escape is obsolete
C:/Work/aspose-words-cloud-codegen/SDKs/RUBY/lib/words_ruby_sdk/api_client.rb:284:in `build_request_url': warning: URI.escape is obsolete
C:/Ruby24-x64/lib/ruby/gems/2.4.0/gems/aspose_storage_cloud-18.6/lib/Aspose/Storage/configuration.rb:158:in `base_url': warning: URI.escape is obsolete
C:/Ruby24-x64/lib/ruby/gems/2.4.0/gems/aspose_storage_cloud-18.6/lib/Aspose/Storage/api_client.rb:285:in `build_request_url': warning: URI.escape is obsolete
C:/Ruby24-x64/lib/ruby/gems/2.4.0/gems/aspose_storage_cloud-18.6/lib/Aspose/Storage/configuration.rb:158:in `base_url': warning: URI.escape is obsolete
C:/Ruby24-x64/lib/ruby/gems/2.4.0/gems/aspose_storage_cloud-18.6/lib/Aspose/Storage/api_client.rb:285:in `build_request_url': warning: URI.escape is obsolete
C:/Work/aspose-words-cloud-codegen/SDKs/RUBY/lib/words_ruby_sdk/configuration.rb:158:in `base_url': warning: URI.escape is obsolete
C:/Work/aspose-words-cloud-codegen/SDKs/RUBY/lib/words_ruby_sdk/api_client.rb:284:in `build_request_url': warning: URI.escape is obsolete
C:/Work/aspose-words-cloud-codegen/SDKs/RUBY/lib/words_ruby_sdk/configuration.rb:158:in `base_url': warning: URI.escape is obsolete
C:/Work/aspose-words-cloud-codegen/SDKs/RUBY/lib/words_ruby_sdk/api_client.rb:284:in `build_request_url': warning: URI.escape is obsolete
C:/Ruby24-x64/lib/ruby/gems/2.4.0/gems/aspose_storage_cloud-18.6/lib/Aspose/Storage/configuration.rb:158:in `base_url': warning: URI.escape is obsolete
C:/Ruby24-x64/lib/ruby/gems/2.4.0/gems/aspose_storage_cloud-18.6/lib/Aspose/Storage/api_client.rb:285:in `build_request_url': warning: URI.escape is obsolete
C:/Ruby24-x64/lib/ruby/gems/2.4.0/gems/aspose_storage_cloud-18.6/lib/Aspose/Storage/configuration.rb:158:in `base_url': warning: URI.escape is obsolete
C:/Ruby24-x64/lib/ruby/gems/2.4.0/gems/aspose_storage_cloud-18.6/lib/Aspose/Storage/api_client.rb:285:in `build_request_url': warning: URI.escape is obsolete
C:/Work/aspose-words-cloud-codegen/SDKs/RUBY/lib/words_ruby_sdk/configuration.rb:158:in `base_url': warning: URI.escape is obsolete
C:/Work/aspose-words-cloud-codegen/SDKs/RUBY/lib/words_ruby_sdk/api_client.rb:284:in `build_request_url': warning: URI.escape is obsolete
C:/Work/aspose-words-cloud-codegen/SDKs/RUBY/lib/words_ruby_sdk/configuration.rb:158:in `base_url': warning: URI.escape is obsolete
C:/Work/aspose-words-cloud-codegen/SDKs/RUBY/lib/words_ruby_sdk/api_client.rb:284:in `build_request_url': warning: URI.escape is obsolete
C:/Ruby24-x64/lib/ruby/gems/2.4.0/gems/aspose_storage_cloud-18.6/lib/Aspose/Storage/configuration.rb:158:in `base_url': warning: URI.escape is obsolete
C:/Ruby24-x64/lib/ruby/gems/2.4.0/gems/aspose_storage_cloud-18.6/lib/Aspose/Storage/api_client.rb:285:in `build_request_url': warning: URI.escape is obsolete
C:/Ruby24-x64/lib/ruby/gems/2.4.0/gems/aspose_storage_cloud-18.6/lib/Aspose/Storage/configuration.rb:158:in `base_url': warning: URI.escape is obsolete
C:/Ruby24-x64/lib/ruby/gems/2.4.0/gems/aspose_storage_cloud-18.6/lib/Aspose/Storage/api_client.rb:285:in `build_request_url': warning: URI.escape is obsolete
C:/Work/aspose-words-cloud-codegen/SDKs/RUBY/lib/words_ruby_sdk/configuration.rb:158:in `base_url': warning: URI.escape is obsolete
C:/Work/aspose-words-cloud-codegen/SDKs/RUBY/lib/words_ruby_sdk/api_client.rb:284:in `build_request_url': warning: URI.escape is obsolete
C:/Work/aspose-words-cloud-codegen/SDKs/RUBY/lib/words_ruby_sdk/configuration.rb:158:in `base_url': warning: URI.escape is obsolete
C:/Work/aspose-words-cloud-codegen/SDKs/RUBY/lib/words_ruby_sdk/api_client.rb:284:in `build_request_url': warning: URI.escape is obsolete
C:/Ruby24-x64/lib/ruby/gems/2.4.0/gems/aspose_storage_cloud-18.6/lib/Aspose/Storage/configuration.rb:158:in `base_url': warning: URI.escape is obsolete
C:/Ruby24-x64/lib/ruby/gems/2.4.0/gems/aspose_storage_cloud-18.6/lib/Aspose/Storage/api_client.rb:285:in `build_request_url': warning: URI.escape is obsolete
C:/Ruby24-x64/lib/ruby/gems/2.4.0/gems/aspose_storage_cloud-18.6/lib/Aspose/Storage/configuration.rb:158:in `base_url': warning: URI.escape is obsolete
C:/Ruby24-x64/lib/ruby/gems/2.4.0/gems/aspose_storage_cloud-18.6/lib/Aspose/Storage/api_client.rb:285:in `build_request_url': warning: URI.escape is obsolete
C:/Work/aspose-words-cloud-codegen/SDKs/RUBY/lib/words_ruby_sdk/configuration.rb:158:in `base_url': warning: URI.escape is obsolete
C:/Work/aspose-words-cloud-codegen/SDKs/RUBY/lib/words_ruby_sdk/api_client.rb:284:in `build_request_url': warning: URI.escape is obsolete
C:/Work/aspose-words-cloud-codegen/SDKs/RUBY/lib/words_ruby_sdk/configuration.rb:158:in `base_url': warning: URI.escape is obsolete
C:/Work/aspose-words-cloud-codegen/SDKs/RUBY/lib/words_ruby_sdk/api_client.rb:284:in `build_request_url': warning: URI.escape is obsolete
C:/Ruby24-x64/lib/ruby/gems/2.4.0/gems/aspose_storage_cloud-18.6/lib/Aspose/Storage/configuration.rb:158:in `base_url': warning: URI.escape is obsolete
C:/Ruby24-x64/lib/ruby/gems/2.4.0/gems/aspose_storage_cloud-18.6/lib/Aspose/Storage/api_client.rb:285:in `build_request_url': warning: URI.escape is obsolete
C:/Ruby24-x64/lib/ruby/gems/2.4.0/gems/aspose_storage_cloud-18.6/lib/Aspose/Storage/configuration.rb:158:in `base_url': warning: URI.escape is obsolete
C:/Ruby24-x64/lib/ruby/gems/2.4.0/gems/aspose_storage_cloud-18.6/lib/Aspose/Storage/api_client.rb:285:in `build_request_url': warning: URI.escape is obsolete
C:/Work/aspose-words-cloud-codegen/SDKs/RUBY/lib/words_ruby_sdk/configuration.rb:158:in `base_url': warning: URI.escape is obsolete
C:/Work/aspose-words-cloud-codegen/SDKs/RUBY/lib/words_ruby_sdk/api_client.rb:284:in `build_request_url': warning: URI.escape is obsolete
C:/Work/aspose-words-cloud-codegen/SDKs/RUBY/lib/words_ruby_sdk/configuration.rb:158:in `base_url': warning: URI.escape is obsolete
C:/Work/aspose-words-cloud-codegen/SDKs/RUBY/lib/words_ruby_sdk/api_client.rb:284:in `build_request_url': warning: URI.escape is obsolete
C:/Ruby24-x64/lib/ruby/gems/2.4.0/gems/aspose_storage_cloud-18.6/lib/Aspose/Storage/configuration.rb:158:in `base_url': warning: URI.escape is obsolete
C:/Ruby24-x64/lib/ruby/gems/2.4.0/gems/aspose_storage_cloud-18.6/lib/Aspose/Storage/api_client.rb:285:in `build_request_url': warning: URI.escape is obsolete
C:/Ruby24-x64/lib/ruby/gems/2.4.0/gems/aspose_storage_cloud-18.6/lib/Aspose/Storage/configuration.rb:158:in `base_url': warning: URI.escape is obsolete
C:/Ruby24-x64/lib/ruby/gems/2.4.0/gems/aspose_storage_cloud-18.6/lib/Aspose/Storage/api_client.rb:285:in `build_request_url': warning: URI.escape is obsolete
C:/Work/aspose-words-cloud-codegen/SDKs/RUBY/lib/words_ruby_sdk/configuration.rb:158:in `base_url': warning: URI.escape is obsolete
C:/Work/aspose-words-cloud-codegen/SDKs/RUBY/lib/words_ruby_sdk/api_client.rb:284:in `build_request_url': warning: URI.escape is obsolete
C:/Work/aspose-words-cloud-codegen/SDKs/RUBY/lib/words_ruby_sdk/configuration.rb:158:in `base_url': warning: URI.escape is obsolete
C:/Work/aspose-words-cloud-codegen/SDKs/RUBY/lib/words_ruby_sdk/api_client.rb:284:in `build_request_url': warning: URI.escape is obsolete
C:/Ruby24-x64/lib/ruby/gems/2.4.0/gems/aspose_storage_cloud-18.6/lib/Aspose/Storage/configuration.rb:158:in `base_url': warning: URI.escape is obsolete
C:/Ruby24-x64/lib/ruby/gems/2.4.0/gems/aspose_storage_cloud-18.6/lib/Aspose/Storage/api_client.rb:285:in `build_request_url': warning: URI.escape is obsolete
C:/Ruby24-x64/lib/ruby/gems/2.4.0/gems/aspose_storage_cloud-18.6/lib/Aspose/Storage/configuration.rb:158:in `base_url': warning: URI.escape is obsolete
C:/Ruby24-x64/lib/ruby/gems/2.4.0/gems/aspose_storage_cloud-18.6/lib/Aspose/Storage/api_client.rb:285:in `build_request_url': warning: URI.escape is obsolete
C:/Work/aspose-words-cloud-codegen/SDKs/RUBY/lib/words_ruby_sdk/configuration.rb:158:in `base_url': warning: URI.escape is obsolete
C:/Work/aspose-words-cloud-codegen/SDKs/RUBY/lib/words_ruby_sdk/api_client.rb:284:in `build_request_url': warning: URI.escape is obsolete
C:/Work/aspose-words-cloud-codegen/SDKs/RUBY/lib/words_ruby_sdk/configuration.rb:158:in `base_url': warning: URI.escape is obsolete
C:/Work/aspose-words-cloud-codegen/SDKs/RUBY/lib/words_ruby_sdk/api_client.rb:284:in `build_request_url': warning: URI.escape is obsolete
C:/Ruby24-x64/lib/ruby/gems/2.4.0/gems/aspose_storage_cloud-18.6/lib/Aspose/Storage/configuration.rb:158:in `base_url': warning: URI.escape is obsolete
C:/Ruby24-x64/lib/ruby/gems/2.4.0/gems/aspose_storage_cloud-18.6/lib/Aspose/Storage/api_client.rb:285:in `build_request_url': warning: URI.escape is obsolete
C:/Ruby24-x64/lib/ruby/gems/2.4.0/gems/aspose_storage_cloud-18.6/lib/Aspose/Storage/configuration.rb:158:in `base_url': warning: URI.escape is obsolete
C:/Ruby24-x64/lib/ruby/gems/2.4.0/gems/aspose_storage_cloud-18.6/lib/Aspose/Storage/api_client.rb:285:in `build_request_url': warning: URI.escape is obsolete
C:/Work/aspose-words-cloud-codegen/SDKs/RUBY/lib/words_ruby_sdk/configuration.rb:158:in `base_url': warning: URI.escape is obsolete
C:/Work/aspose-words-cloud-codegen/SDKs/RUBY/lib/words_ruby_sdk/api_client.rb:284:in `build_request_url': warning: URI.escape is obsolete
C:/Work/aspose-words-cloud-codegen/SDKs/RUBY/lib/words_ruby_sdk/configuration.rb:158:in `base_url': warning: URI.escape is obsolete
C:/Work/aspose-words-cloud-codegen/SDKs/RUBY/lib/words_ruby_sdk/api_client.rb:284:in `build_request_url': warning: URI.escape is obsolete
C:/Ruby24-x64/lib/ruby/gems/2.4.0/gems/aspose_storage_cloud-18.6/lib/Aspose/Storage/configuration.rb:158:in `base_url': warning: URI.escape is obsolete
C:/Ruby24-x64/lib/ruby/gems/2.4.0/gems/aspose_storage_cloud-18.6/lib/Aspose/Storage/api_client.rb:285:in `build_request_url': warning: URI.escape is obsolete
C:/Ruby24-x64/lib/ruby/gems/2.4.0/gems/aspose_storage_cloud-18.6/lib/Aspose/Storage/configuration.rb:158:in `base_url': warning: URI.escape is obsolete
C:/Ruby24-x64/lib/ruby/gems/2.4.0/gems/aspose_storage_cloud-18.6/lib/Aspose/Storage/api_client.rb:285:in `build_request_url': warning: URI.escape is obsolete
C:/Work/aspose-words-cloud-codegen/SDKs/RUBY/lib/words_ruby_sdk/configuration.rb:158:in `base_url': warning: URI.escape is obsolete
C:/Work/aspose-words-cloud-codegen/SDKs/RUBY/lib/words_ruby_sdk/api_client.rb:284:in `build_request_url': warning: URI.escape is obsolete
C:/Work/aspose-words-cloud-codegen/SDKs/RUBY/lib/words_ruby_sdk/configuration.rb:158:in `base_url': warning: URI.escape is obsolete
C:/Work/aspose-words-cloud-codegen/SDKs/RUBY/lib/words_ruby_sdk/api_client.rb:284:in `build_request_url': warning: URI.escape is obsolete
C:/Ruby24-x64/lib/ruby/gems/2.4.0/gems/aspose_storage_cloud-18.6/lib/Aspose/Storage/configuration.rb:158:in `base_url': warning: URI.escape is obsolete
C:/Ruby24-x64/lib/ruby/gems/2.4.0/gems/aspose_storage_cloud-18.6/lib/Aspose/Storage/api_client.rb:285:in `build_request_url': warning: URI.escape is obsolete
C:/Ruby24-x64/lib/ruby/gems/2.4.0/gems/aspose_storage_cloud-18.6/lib/Aspose/Storage/configuration.rb:158:in `base_url': warning: URI.escape is obsolete
C:/Ruby24-x64/lib/ruby/gems/2.4.0/gems/aspose_storage_cloud-18.6/lib/Aspose/Storage/api_client.rb:285:in `build_request_url': warning: URI.escape is obsolete
C:/Work/aspose-words-cloud-codegen/SDKs/RUBY/lib/words_ruby_sdk/configuration.rb:158:in `base_url': warning: URI.escape is obsolete
C:/Work/aspose-words-cloud-codegen/SDKs/RUBY/lib/words_ruby_sdk/api_client.rb:284:in `build_request_url': warning: URI.escape is obsolete
C:/Work/aspose-words-cloud-codegen/SDKs/RUBY/lib/words_ruby_sdk/configuration.rb:158:in `base_url': warning: URI.escape is obsolete
C:/Work/aspose-words-cloud-codegen/SDKs/RUBY/lib/words_ruby_sdk/api_client.rb:284:in `build_request_url': warning: URI.escape is obsolete
C:/Ruby24-x64/lib/ruby/gems/2.4.0/gems/aspose_storage_cloud-18.6/lib/Aspose/Storage/configuration.rb:158:in `base_url': warning: URI.escape is obsolete
C:/Ruby24-x64/lib/ruby/gems/2.4.0/gems/aspose_storage_cloud-18.6/lib/Aspose/Storage/api_client.rb:285:in `build_request_url': warning: URI.escape is obsolete
C:/Ruby24-x64/lib/ruby/gems/2.4.0/gems/aspose_storage_cloud-18.6/lib/Aspose/Storage/configuration.rb:158:in `base_url': warning: URI.escape is obsolete
C:/Ruby24-x64/lib/ruby/gems/2.4.0/gems/aspose_storage_cloud-18.6/lib/Aspose/Storage/api_client.rb:285:in `build_request_url': warning: URI.escape is obsolete
C:/Work/aspose-words-cloud-codegen/SDKs/RUBY/lib/words_ruby_sdk/configuration.rb:158:in `base_url': warning: URI.escape is obsolete
C:/Work/aspose-words-cloud-codegen/SDKs/RUBY/lib/words_ruby_sdk/api_client.rb:284:in `build_request_url': warning: URI.escape is obsolete
C:/Work/aspose-words-cloud-codegen/SDKs/RUBY/lib/words_ruby_sdk/configuration.rb:158:in `base_url': warning: URI.escape is obsolete
C:/Work/aspose-words-cloud-codegen/SDKs/RUBY/lib/words_ruby_sdk/api_client.rb:284:in `build_request_url': warning: URI.escape is obsolete
C:/Work/aspose-words-cloud-codegen/SDKs/RUBY/lib/words_ruby_sdk/configuration.rb:158:in `base_url': warning: URI.escape is obsolete
C:/Work/aspose-words-cloud-codegen/SDKs/RUBY/lib/words_ruby_sdk/api_client.rb:284:in `build_request_url': warning: URI.escape is obsolete
C:/Ruby24-x64/lib/ruby/gems/2.4.0/gems/aspose_storage_cloud-18.6/lib/Aspose/Storage/configuration.rb:158:in `base_url': warning: URI.escape is obsolete
C:/Ruby24-x64/lib/ruby/gems/2.4.0/gems/aspose_storage_cloud-18.6/lib/Aspose/Storage/api_client.rb:285:in `build_request_url': warning: URI.escape is obsolete
C:/Ruby24-x64/lib/ruby/gems/2.4.0/gems/aspose_storage_cloud-18.6/lib/Aspose/Storage/configuration.rb:158:in `base_url': warning: URI.escape is obsolete
C:/Ruby24-x64/lib/ruby/gems/2.4.0/gems/aspose_storage_cloud-18.6/lib/Aspose/Storage/api_client.rb:285:in `build_request_url': warning: URI.escape is obsolete
C:/Ruby24-x64/lib/ruby/gems/2.4.0/gems/aspose_storage_cloud-18.6/lib/Aspose/Storage/configuration.rb:158:in `base_url': warning: URI.escape is obsolete
C:/Ruby24-x64/lib/ruby/gems/2.4.0/gems/aspose_storage_cloud-18.6/lib/Aspose/Storage/api_client.rb:285:in `build_request_url': warning: URI.escape is obsolete
C:/Ruby24-x64/lib/ruby/gems/2.4.0/gems/aspose_storage_cloud-18.6/lib/Aspose/Storage/configuration.rb:158:in `base_url': warning: URI.escape is obsolete
C:/Ruby24-x64/lib/ruby/gems/2.4.0/gems/aspose_storage_cloud-18.6/lib/Aspose/Storage/api_client.rb:285:in `build_request_url': warning: URI.escape is obsolete
C:/Work/aspose-words-cloud-codegen/SDKs/RUBY/lib/words_ruby_sdk/configuration.rb:158:in `base_url': warning: URI.escape is obsolete
C:/Work/aspose-words-cloud-codegen/SDKs/RUBY/lib/words_ruby_sdk/api_client.rb:284:in `build_request_url': warning: URI.escape is obsolete
C:/Work/aspose-words-cloud-codegen/SDKs/RUBY/lib/words_ruby_sdk/configuration.rb:158:in `base_url': warning: URI.escape is obsolete
C:/Work/aspose-words-cloud-codegen/SDKs/RUBY/lib/words_ruby_sdk/api_client.rb:284:in `build_request_url': warning: URI.escape is obsolete
C:/Work/aspose-words-cloud-codegen/SDKs/RUBY/lib/words_ruby_sdk/configuration.rb:158:in `base_url': warning: URI.escape is obsolete
C:/Work/aspose-words-cloud-codegen/SDKs/RUBY/lib/words_ruby_sdk/api_client.rb:284:in `build_request_url': warning: URI.escape is obsolete
C:/Ruby24-x64/lib/ruby/gems/2.4.0/gems/aspose_storage_cloud-18.6/lib/Aspose/Storage/configuration.rb:158:in `base_url': warning: URI.escape is obsolete
C:/Ruby24-x64/lib/ruby/gems/2.4.0/gems/aspose_storage_cloud-18.6/lib/Aspose/Storage/api_client.rb:285:in `build_request_url': warning: URI.escape is obsolete
C:/Ruby24-x64/lib/ruby/gems/2.4.0/gems/aspose_storage_cloud-18.6/lib/Aspose/Storage/configuration.rb:158:in `base_url': warning: URI.escape is obsolete
C:/Ruby24-x64/lib/ruby/gems/2.4.0/gems/aspose_storage_cloud-18.6/lib/Aspose/Storage/api_client.rb:285:in `build_request_url': warning: URI.escape is obsolete
C:/Work/aspose-words-cloud-codegen/SDKs/RUBY/lib/words_ruby_sdk/configuration.rb:158:in `base_url': warning: URI.escape is obsolete
C:/Work/aspose-words-cloud-codegen/SDKs/RUBY/lib/words_ruby_sdk/api_client.rb:284:in `build_request_url': warning: URI.escape is obsolete
C:/Work/aspose-words-cloud-codegen/SDKs/RUBY/lib/words_ruby_sdk/configuration.rb:158:in `base_url': warning: URI.escape is obsolete
C:/Work/aspose-words-cloud-codegen/SDKs/RUBY/lib/words_ruby_sdk/api_client.rb:284:in `build_request_url': warning: URI.escape is obsolete
C:/Ruby24-x64/lib/ruby/gems/2.4.0/gems/aspose_storage_cloud-18.6/lib/Aspose/Storage/configuration.rb:158:in `base_url': warning: URI.escape is obsolete
C:/Ruby24-x64/lib/ruby/gems/2.4.0/gems/aspose_storage_cloud-18.6/lib/Aspose/Storage/api_client.rb:285:in `build_request_url': warning: URI.escape is obsolete
C:/Ruby24-x64/lib/ruby/gems/2.4.0/gems/aspose_storage_cloud-18.6/lib/Aspose/Storage/configuration.rb:158:in `base_url': warning: URI.escape is obsolete
C:/Ruby24-x64/lib/ruby/gems/2.4.0/gems/aspose_storage_cloud-18.6/lib/Aspose/Storage/api_client.rb:285:in `build_request_url': warning: URI.escape is obsolete
C:/Work/aspose-words-cloud-codegen/SDKs/RUBY/lib/words_ruby_sdk/configuration.rb:158:in `base_url': warning: URI.escape is obsolete
C:/Work/aspose-words-cloud-codegen/SDKs/RUBY/lib/words_ruby_sdk/api_client.rb:284:in `build_request_url': warning: URI.escape is obsolete
C:/Work/aspose-words-cloud-codegen/SDKs/RUBY/lib/words_ruby_sdk/configuration.rb:158:in `base_url': warning: URI.escape is obsolete
C:/Work/aspose-words-cloud-codegen/SDKs/RUBY/lib/words_ruby_sdk/api_client.rb:284:in `build_request_url': warning: URI.escape is obsolete
C:/Ruby24-x64/lib/ruby/gems/2.4.0/gems/aspose_storage_cloud-18.6/lib/Aspose/Storage/configuration.rb:158:in `base_url': warning: URI.escape is obsolete
C:/Ruby24-x64/lib/ruby/gems/2.4.0/gems/aspose_storage_cloud-18.6/lib/Aspose/Storage/api_client.rb:285:in `build_request_url': warning: URI.escape is obsolete
C:/Ruby24-x64/lib/ruby/gems/2.4.0/gems/aspose_storage_cloud-18.6/lib/Aspose/Storage/configuration.rb:158:in `base_url': warning: URI.escape is obsolete
C:/Ruby24-x64/lib/ruby/gems/2.4.0/gems/aspose_storage_cloud-18.6/lib/Aspose/Storage/api_client.rb:285:in `build_request_url': warning: URI.escape is obsolete
C:/Work/aspose-words-cloud-codegen/SDKs/RUBY/lib/words_ruby_sdk/configuration.rb:158:in `base_url': warning: URI.escape is obsolete
C:/Work/aspose-words-cloud-codegen/SDKs/RUBY/lib/words_ruby_sdk/api_client.rb:284:in `build_request_url': warning: URI.escape is obsolete
C:/Work/aspose-words-cloud-codegen/SDKs/RUBY/lib/words_ruby_sdk/configuration.rb:158:in `base_url': warning: URI.escape is obsolete
C:/Work/aspose-words-cloud-codegen/SDKs/RUBY/lib/words_ruby_sdk/api_client.rb:284:in `build_request_url': warning: URI.escape is obsolete
C:/Ruby24-x64/lib/ruby/gems/2.4.0/gems/aspose_storage_cloud-18.6/lib/Aspose/Storage/configuration.rb:158:in `base_url': warning: URI.escape is obsolete
C:/Ruby24-x64/lib/ruby/gems/2.4.0/gems/aspose_storage_cloud-18.6/lib/Aspose/Storage/api_client.rb:285:in `build_request_url': warning: URI.escape is obsolete
C:/Ruby24-x64/lib/ruby/gems/2.4.0/gems/aspose_storage_cloud-18.6/lib/Aspose/Storage/configuration.rb:158:in `base_url': warning: URI.escape is obsolete
C:/Ruby24-x64/lib/ruby/gems/2.4.0/gems/aspose_storage_cloud-18.6/lib/Aspose/Storage/api_client.rb:285:in `build_request_url': warning: URI.escape is obsolete
C:/Work/aspose-words-cloud-codegen/SDKs/RUBY/lib/words_ruby_sdk/configuration.rb:158:in `base_url': warning: URI.escape is obsolete
C:/Work/aspose-words-cloud-codegen/SDKs/RUBY/lib/words_ruby_sdk/api_client.rb:284:in `build_request_url': warning: URI.escape is obsolete
C:/Work/aspose-words-cloud-codegen/SDKs/RUBY/lib/words_ruby_sdk/configuration.rb:158:in `base_url': warning: URI.escape is obsolete
C:/Work/aspose-words-cloud-codegen/SDKs/RUBY/lib/words_ruby_sdk/api_client.rb:284:in `build_request_url': warning: URI.escape is obsolete
C:/Ruby24-x64/lib/ruby/gems/2.4.0/gems/aspose_storage_cloud-18.6/lib/Aspose/Storage/configuration.rb:158:in `base_url': warning: URI.escape is obsolete
C:/Ruby24-x64/lib/ruby/gems/2.4.0/gems/aspose_storage_cloud-18.6/lib/Aspose/Storage/api_client.rb:285:in `build_request_url': warning: URI.escape is obsolete
C:/Ruby24-x64/lib/ruby/gems/2.4.0/gems/aspose_storage_cloud-18.6/lib/Aspose/Storage/configuration.rb:158:in `base_url': warning: URI.escape is obsolete
C:/Ruby24-x64/lib/ruby/gems/2.4.0/gems/aspose_storage_cloud-18.6/lib/Aspose/Storage/api_client.rb:285:in `build_request_url': warning: URI.escape is obsolete
C:/Work/aspose-words-cloud-codegen/SDKs/RUBY/lib/words_ruby_sdk/configuration.rb:158:in `base_url': warning: URI.escape is obsolete
C:/Work/aspose-words-cloud-codegen/SDKs/RUBY/lib/words_ruby_sdk/api_client.rb:284:in `build_request_url': warning: URI.escape is obsolete
C:/Work/aspose-words-cloud-codegen/SDKs/RUBY/lib/words_ruby_sdk/configuration.rb:158:in `base_url': warning: URI.escape is obsolete
C:/Work/aspose-words-cloud-codegen/SDKs/RUBY/lib/words_ruby_sdk/api_client.rb:284:in `build_request_url': warning: URI.escape is obsolete
C:/Work/aspose-words-cloud-codegen/SDKs/RUBY/lib/words_ruby_sdk/configuration.rb:158:in `base_url': warning: URI.escape is obsolete
C:/Work/aspose-words-cloud-codegen/SDKs/RUBY/lib/words_ruby_sdk/api_client.rb:284:in `build_request_url': warning: URI.escape is obsolete
C:/Ruby24-x64/lib/ruby/gems/2.4.0/gems/aspose_storage_cloud-18.6/lib/Aspose/Storage/configuration.rb:158:in `base_url': warning: URI.escape is obsolete
C:/Ruby24-x64/lib/ruby/gems/2.4.0/gems/aspose_storage_cloud-18.6/lib/Aspose/Storage/api_client.rb:285:in `build_request_url': warning: URI.escape is obsolete
C:/Ruby24-x64/lib/ruby/gems/2.4.0/gems/aspose_storage_cloud-18.6/lib/Aspose/Storage/configuration.rb:158:in `base_url': warning: URI.escape is obsolete
C:/Ruby24-x64/lib/ruby/gems/2.4.0/gems/aspose_storage_cloud-18.6/lib/Aspose/Storage/api_client.rb:285:in `build_request_url': warning: URI.escape is obsolete
C:/Work/aspose-words-cloud-codegen/SDKs/RUBY/lib/words_ruby_sdk/configuration.rb:158:in `base_url': warning: URI.escape is obsolete
C:/Work/aspose-words-cloud-codegen/SDKs/RUBY/lib/words_ruby_sdk/api_client.rb:284:in `build_request_url': warning: URI.escape is obsolete
C:/Work/aspose-words-cloud-codegen/SDKs/RUBY/lib/words_ruby_sdk/configuration.rb:158:in `base_url': warning: URI.escape is obsolete
C:/Work/aspose-words-cloud-codegen/SDKs/RUBY/lib/words_ruby_sdk/api_client.rb:284:in `build_request_url': warning: URI.escape is obsolete
C:/Work/aspose-words-cloud-codegen/SDKs/RUBY/lib/words_ruby_sdk/configuration.rb:158:in `base_url': warning: URI.escape is obsolete
C:/Work/aspose-words-cloud-codegen/SDKs/RUBY/lib/words_ruby_sdk/api_client.rb:284:in `build_request_url': warning: URI.escape is obsolete
C:/Ruby24-x64/lib/ruby/gems/2.4.0/gems/aspose_storage_cloud-18.6/lib/Aspose/Storage/configuration.rb:158:in `base_url': warning: URI.escape is obsolete
C:/Ruby24-x64/lib/ruby/gems/2.4.0/gems/aspose_storage_cloud-18.6/lib/Aspose/Storage/api_client.rb:285:in `build_request_url': warning: URI.escape is obsolete
C:/Ruby24-x64/lib/ruby/gems/2.4.0/gems/aspose_storage_cloud-18.6/lib/Aspose/Storage/configuration.rb:158:in `base_url': warning: URI.escape is obsolete
C:/Ruby24-x64/lib/ruby/gems/2.4.0/gems/aspose_storage_cloud-18.6/lib/Aspose/Storage/api_client.rb:285:in `build_request_url': warning: URI.escape is obsolete
C:/Work/aspose-words-cloud-codegen/SDKs/RUBY/lib/words_ruby_sdk/configuration.rb:158:in `base_url': warning: URI.escape is obsolete
C:/Work/aspose-words-cloud-codegen/SDKs/RUBY/lib/words_ruby_sdk/api_client.rb:284:in `build_request_url': warning: URI.escape is obsolete
C:/Work/aspose-words-cloud-codegen/SDKs/RUBY/lib/words_ruby_sdk/configuration.rb:158:in `base_url': warning: URI.escape is obsolete
C:/Work/aspose-words-cloud-codegen/SDKs/RUBY/lib/words_ruby_sdk/api_client.rb:284:in `build_request_url': warning: URI.escape is obsolete
C:/Work/aspose-words-cloud-codegen/SDKs/RUBY/lib/words_ruby_sdk/configuration.rb:158:in `base_url': warning: URI.escape is obsolete
C:/Work/aspose-words-cloud-codegen/SDKs/RUBY/lib/words_ruby_sdk/api_client.rb:284:in `build_request_url': warning: URI.escape is obsolete
C:/Ruby24-x64/lib/ruby/gems/2.4.0/gems/aspose_storage_cloud-18.6/lib/Aspose/Storage/configuration.rb:158:in `base_url': warning: URI.escape is obsolete
C:/Ruby24-x64/lib/ruby/gems/2.4.0/gems/aspose_storage_cloud-18.6/lib/Aspose/Storage/api_client.rb:285:in `build_request_url': warning: URI.escape is obsolete
C:/Ruby24-x64/lib/ruby/gems/2.4.0/gems/aspose_storage_cloud-18.6/lib/Aspose/Storage/configuration.rb:158:in `base_url': warning: URI.escape is obsolete
C:/Ruby24-x64/lib/ruby/gems/2.4.0/gems/aspose_storage_cloud-18.6/lib/Aspose/Storage/api_client.rb:285:in `build_request_url': warning: URI.escape is obsolete
C:/Work/aspose-words-cloud-codegen/SDKs/RUBY/lib/words_ruby_sdk/configuration.rb:158:in `base_url': warning: URI.escape is obsolete
C:/Work/aspose-words-cloud-codegen/SDKs/RUBY/lib/words_ruby_sdk/api_client.rb:284:in `build_request_url': warning: URI.escape is obsolete
C:/Work/aspose-words-cloud-codegen/SDKs/RUBY/lib/words_ruby_sdk/configuration.rb:158:in `base_url': warning: URI.escape is obsolete
C:/Work/aspose-words-cloud-codegen/SDKs/RUBY/lib/words_ruby_sdk/api_client.rb:284:in `build_request_url': warning: URI.escape is obsolete
C:/Work/aspose-words-cloud-codegen/SDKs/RUBY/lib/words_ruby_sdk/configuration.rb:158:in `base_url': warning: URI.escape is obsolete
C:/Work/aspose-words-cloud-codegen/SDKs/RUBY/lib/words_ruby_sdk/api_client.rb:284:in `build_request_url': warning: URI.escape is obsolete
C:/Ruby24-x64/lib/ruby/gems/2.4.0/gems/aspose_storage_cloud-18.6/lib/Aspose/Storage/configuration.rb:158:in `base_url': warning: URI.escape is obsolete
C:/Ruby24-x64/lib/ruby/gems/2.4.0/gems/aspose_storage_cloud-18.6/lib/Aspose/Storage/api_client.rb:285:in `build_request_url': warning: URI.escape is obsolete
C:/Ruby24-x64/lib/ruby/gems/2.4.0/gems/aspose_storage_cloud-18.6/lib/Aspose/Storage/configuration.rb:158:in `base_url': warning: URI.escape is obsolete
C:/Ruby24-x64/lib/ruby/gems/2.4.0/gems/aspose_storage_cloud-18.6/lib/Aspose/Storage/api_client.rb:285:in `build_request_url': warning: URI.escape is obsolete
C:/Work/aspose-words-cloud-codegen/SDKs/RUBY/lib/words_ruby_sdk/configuration.rb:158:in `base_url': warning: URI.escape is obsolete
C:/Work/aspose-words-cloud-codegen/SDKs/RUBY/lib/words_ruby_sdk/api_client.rb:284:in `build_request_url': warning: URI.escape is obsolete
C:/Work/aspose-words-cloud-codegen/SDKs/RUBY/lib/words_ruby_sdk/configuration.rb:158:in `base_url': warning: URI.escape is obsolete
C:/Work/aspose-words-cloud-codegen/SDKs/RUBY/lib/words_ruby_sdk/api_client.rb:284:in `build_request_url': warning: URI.escape is obsolete
C:/Ruby24-x64/lib/ruby/gems/2.4.0/gems/aspose_storage_cloud-18.6/lib/Aspose/Storage/configuration.rb:158:in `base_url': warning: URI.escape is obsolete
C:/Ruby24-x64/lib/ruby/gems/2.4.0/gems/aspose_storage_cloud-18.6/lib/Aspose/Storage/api_client.rb:285:in `build_request_url': warning: URI.escape is obsolete
C:/Ruby24-x64/lib/ruby/gems/2.4.0/gems/aspose_storage_cloud-18.6/lib/Aspose/Storage/configuration.rb:158:in `base_url': warning: URI.escape is obsolete
C:/Ruby24-x64/lib/ruby/gems/2.4.0/gems/aspose_storage_cloud-18.6/lib/Aspose/Storage/api_client.rb:285:in `build_request_url': warning: URI.escape is obsolete
C:/Work/aspose-words-cloud-codegen/SDKs/RUBY/lib/words_ruby_sdk/configuration.rb:158:in `base_url': warning: URI.escape is obsolete
C:/Work/aspose-words-cloud-codegen/SDKs/RUBY/lib/words_ruby_sdk/api_client.rb:284:in `build_request_url': warning: URI.escape is obsolete
C:/Work/aspose-words-cloud-codegen/SDKs/RUBY/lib/words_ruby_sdk/configuration.rb:158:in `base_url': warning: URI.escape is obsolete
C:/Work/aspose-words-cloud-codegen/SDKs/RUBY/lib/words_ruby_sdk/api_client.rb:284:in `build_request_url': warning: URI.escape is obsolete
C:/Work/aspose-words-cloud-codegen/SDKs/RUBY/lib/words_ruby_sdk/configuration.rb:158:in `base_url': warning: URI.escape is obsolete
C:/Work/aspose-words-cloud-codegen/SDKs/RUBY/lib/words_ruby_sdk/api_client.rb:284:in `build_request_url': warning: URI.escape is obsolete
C:/Ruby24-x64/lib/ruby/gems/2.4.0/gems/aspose_storage_cloud-18.6/lib/Aspose/Storage/configuration.rb:158:in `base_url': warning: URI.escape is obsolete
C:/Ruby24-x64/lib/ruby/gems/2.4.0/gems/aspose_storage_cloud-18.6/lib/Aspose/Storage/api_client.rb:285:in `build_request_url': warning: URI.escape is obsolete
C:/Ruby24-x64/lib/ruby/gems/2.4.0/gems/aspose_storage_cloud-18.6/lib/Aspose/Storage/configuration.rb:158:in `base_url': warning: URI.escape is obsolete
C:/Ruby24-x64/lib/ruby/gems/2.4.0/gems/aspose_storage_cloud-18.6/lib/Aspose/Storage/api_client.rb:285:in `build_request_url': warning: URI.escape is obsolete
C:/Work/aspose-words-cloud-codegen/SDKs/RUBY/lib/words_ruby_sdk/configuration.rb:158:in `base_url': warning: URI.escape is obsolete
C:/Work/aspose-words-cloud-codegen/SDKs/RUBY/lib/words_ruby_sdk/api_client.rb:284:in `build_request_url': warning: URI.escape is obsolete
C:/Work/aspose-words-cloud-codegen/SDKs/RUBY/lib/words_ruby_sdk/configuration.rb:158:in `base_url': warning: URI.escape is obsolete
C:/Work/aspose-words-cloud-codegen/SDKs/RUBY/lib/words_ruby_sdk/api_client.rb:284:in `build_request_url': warning: URI.escape is obsolete
C:/Work/aspose-words-cloud-codegen/SDKs/RUBY/lib/words_ruby_sdk/configuration.rb:158:in `base_url': warning: URI.escape is obsolete
C:/Work/aspose-words-cloud-codegen/SDKs/RUBY/lib/words_ruby_sdk/api_client.rb:284:in `build_request_url': warning: URI.escape is obsolete
C:/Work/aspose-words-cloud-codegen/SDKs/RUBY/lib/words_ruby_sdk/configuration.rb:158:in `base_url': warning: URI.escape is obsolete
C:/Work/aspose-words-cloud-codegen/SDKs/RUBY/lib/words_ruby_sdk/api_client.rb:284:in `build_request_url': warning: URI.escape is obsolete
C:/Ruby24-x64/lib/ruby/gems/2.4.0/gems/aspose_storage_cloud-18.6/lib/Aspose/Storage/configuration.rb:158:in `base_url': warning: URI.escape is obsolete
C:/Ruby24-x64/lib/ruby/gems/2.4.0/gems/aspose_storage_cloud-18.6/lib/Aspose/Storage/api_client.rb:285:in `build_request_url': warning: URI.escape is obsolete
C:/Ruby24-x64/lib/ruby/gems/2.4.0/gems/aspose_storage_cloud-18.6/lib/Aspose/Storage/configuration.rb:158:in `base_url': warning: URI.escape is obsolete
C:/Ruby24-x64/lib/ruby/gems/2.4.0/gems/aspose_storage_cloud-18.6/lib/Aspose/Storage/api_client.rb:285:in `build_request_url': warning: URI.escape is obsolete
C:/Work/aspose-words-cloud-codegen/SDKs/RUBY/lib/words_ruby_sdk/configuration.rb:158:in `base_url': warning: URI.escape is obsolete
C:/Work/aspose-words-cloud-codegen/SDKs/RUBY/lib/words_ruby_sdk/api_client.rb:284:in `build_request_url': warning: URI.escape is obsolete
C:/Work/aspose-words-cloud-codegen/SDKs/RUBY/lib/words_ruby_sdk/configuration.rb:158:in `base_url': warning: URI.escape is obsolete
C:/Work/aspose-words-cloud-codegen/SDKs/RUBY/lib/words_ruby_sdk/api_client.rb:284:in `build_request_url': warning: URI.escape is obsolete
C:/Ruby24-x64/lib/ruby/gems/2.4.0/gems/aspose_storage_cloud-18.6/lib/Aspose/Storage/configuration.rb:158:in `base_url': warning: URI.escape is obsolete
C:/Ruby24-x64/lib/ruby/gems/2.4.0/gems/aspose_storage_cloud-18.6/lib/Aspose/Storage/api_client.rb:285:in `build_request_url': warning: URI.escape is obsolete
C:/Ruby24-x64/lib/ruby/gems/2.4.0/gems/aspose_storage_cloud-18.6/lib/Aspose/Storage/configuration.rb:158:in `base_url': warning: URI.escape is obsolete
C:/Ruby24-x64/lib/ruby/gems/2.4.0/gems/aspose_storage_cloud-18.6/lib/Aspose/Storage/api_client.rb:285:in `build_request_url': warning: URI.escape is obsolete
C:/Work/aspose-words-cloud-codegen/SDKs/RUBY/lib/words_ruby_sdk/configuration.rb:158:in `base_url': warning: URI.escape is obsolete
C:/Work/aspose-words-cloud-codegen/SDKs/RUBY/lib/words_ruby_sdk/api_client.rb:284:in `build_request_url': warning: URI.escape is obsolete
C:/Work/aspose-words-cloud-codegen/SDKs/RUBY/lib/words_ruby_sdk/configuration.rb:158:in `base_url': warning: URI.escape is obsolete
C:/Work/aspose-words-cloud-codegen/SDKs/RUBY/lib/words_ruby_sdk/api_client.rb:284:in `build_request_url': warning: URI.escape is obsolete
C:/Ruby24-x64/lib/ruby/gems/2.4.0/gems/aspose_storage_cloud-18.6/lib/Aspose/Storage/configuration.rb:158:in `base_url': warning: URI.escape is obsolete
C:/Ruby24-x64/lib/ruby/gems/2.4.0/gems/aspose_storage_cloud-18.6/lib/Aspose/Storage/api_client.rb:285:in `build_request_url': warning: URI.escape is obsolete
C:/Ruby24-x64/lib/ruby/gems/2.4.0/gems/aspose_storage_cloud-18.6/lib/Aspose/Storage/configuration.rb:158:in `base_url': warning: URI.escape is obsolete
C:/Ruby24-x64/lib/ruby/gems/2.4.0/gems/aspose_storage_cloud-18.6/lib/Aspose/Storage/api_client.rb:285:in `build_request_url': warning: URI.escape is obsolete
C:/Work/aspose-words-cloud-codegen/SDKs/RUBY/lib/words_ruby_sdk/configuration.rb:158:in `base_url': warning: URI.escape is obsolete
C:/Work/aspose-words-cloud-codegen/SDKs/RUBY/lib/words_ruby_sdk/api_client.rb:284:in `build_request_url': warning: URI.escape is obsolete
C:/Work/aspose-words-cloud-codegen/SDKs/RUBY/lib/words_ruby_sdk/configuration.rb:158:in `base_url': warning: URI.escape is obsolete
C:/Work/aspose-words-cloud-codegen/SDKs/RUBY/lib/words_ruby_sdk/api_client.rb:284:in `build_request_url': warning: URI.escape is obsolete
C:/Ruby24-x64/lib/ruby/gems/2.4.0/gems/aspose_storage_cloud-18.6/lib/Aspose/Storage/configuration.rb:158:in `base_url': warning: URI.escape is obsolete
C:/Ruby24-x64/lib/ruby/gems/2.4.0/gems/aspose_storage_cloud-18.6/lib/Aspose/Storage/api_client.rb:285:in `build_request_url': warning: URI.escape is obsolete
C:/Ruby24-x64/lib/ruby/gems/2.4.0/gems/aspose_storage_cloud-18.6/lib/Aspose/Storage/configuration.rb:158:in `base_url': warning: URI.escape is obsolete
C:/Ruby24-x64/lib/ruby/gems/2.4.0/gems/aspose_storage_cloud-18.6/lib/Aspose/Storage/api_client.rb:285:in `build_request_url': warning: URI.escape is obsolete
C:/Work/aspose-words-cloud-codegen/SDKs/RUBY/lib/words_ruby_sdk/configuration.rb:158:in `base_url': warning: URI.escape is obsolete
C:/Work/aspose-words-cloud-codegen/SDKs/RUBY/lib/words_ruby_sdk/api_client.rb:284:in `build_request_url': warning: URI.escape is obsolete
C:/Work/aspose-words-cloud-codegen/SDKs/RUBY/lib/words_ruby_sdk/configuration.rb:158:in `base_url': warning: URI.escape is obsolete
C:/Work/aspose-words-cloud-codegen/SDKs/RUBY/lib/words_ruby_sdk/api_client.rb:284:in `build_request_url': warning: URI.escape is obsolete
C:/Work/aspose-words-cloud-codegen/SDKs/RUBY/lib/words_ruby_sdk/configuration.rb:158:in `base_url': warning: URI.escape is obsolete
C:/Work/aspose-words-cloud-codegen/SDKs/RUBY/lib/words_ruby_sdk/api_client.rb:284:in `build_request_url': warning: URI.escape is obsolete
C:/Work/aspose-words-cloud-codegen/SDKs/RUBY/lib/words_ruby_sdk/configuration.rb:158:in `base_url': warning: URI.escape is obsolete
C:/Work/aspose-words-cloud-codegen/SDKs/RUBY/lib/words_ruby_sdk/api_client.rb:284:in `build_request_url': warning: URI.escape is obsolete
C:/Work/aspose-words-cloud-codegen/SDKs/RUBY/lib/words_ruby_sdk/configuration.rb:158:in `base_url': warning: URI.escape is obsolete
C:/Work/aspose-words-cloud-codegen/SDKs/RUBY/lib/words_ruby_sdk/api_client.rb:284:in `build_request_url': warning: URI.escape is obsolete
C:/Ruby24-x64/lib/ruby/gems/2.4.0/gems/aspose_storage_cloud-18.6/lib/Aspose/Storage/configuration.rb:158:in `base_url': warning: URI.escape is obsolete
C:/Ruby24-x64/lib/ruby/gems/2.4.0/gems/aspose_storage_cloud-18.6/lib/Aspose/Storage/api_client.rb:285:in `build_request_url': warning: URI.escape is obsolete
C:/Ruby24-x64/lib/ruby/gems/2.4.0/gems/aspose_storage_cloud-18.6/lib/Aspose/Storage/configuration.rb:158:in `base_url': warning: URI.escape is obsolete
C:/Ruby24-x64/lib/ruby/gems/2.4.0/gems/aspose_storage_cloud-18.6/lib/Aspose/Storage/api_client.rb:285:in `build_request_url': warning: URI.escape is obsolete
C:/Work/aspose-words-cloud-codegen/SDKs/RUBY/lib/words_ruby_sdk/configuration.rb:158:in `base_url': warning: URI.escape is obsolete
C:/Work/aspose-words-cloud-codegen/SDKs/RUBY/lib/words_ruby_sdk/api_client.rb:284:in `build_request_url': warning: URI.escape is obsolete
C:/Work/aspose-words-cloud-codegen/SDKs/RUBY/lib/words_ruby_sdk/configuration.rb:158:in `base_url': warning: URI.escape is obsolete
C:/Work/aspose-words-cloud-codegen/SDKs/RUBY/lib/words_ruby_sdk/api_client.rb:284:in `build_request_url': warning: URI.escape is obsolete
C:/Work/aspose-words-cloud-codegen/SDKs/RUBY/lib/words_ruby_sdk/configuration.rb:158:in `base_url': warning: URI.escape is obsolete
C:/Work/aspose-words-cloud-codegen/SDKs/RUBY/lib/words_ruby_sdk/api_client.rb:284:in `build_request_url': warning: URI.escape is obsolete
C:/Ruby24-x64/lib/ruby/gems/2.4.0/gems/aspose_storage_cloud-18.6/lib/Aspose/Storage/configuration.rb:158:in `base_url': warning: URI.escape is obsolete
C:/Ruby24-x64/lib/ruby/gems/2.4.0/gems/aspose_storage_cloud-18.6/lib/Aspose/Storage/api_client.rb:285:in `build_request_url': warning: URI.escape is obsolete
C:/Ruby24-x64/lib/ruby/gems/2.4.0/gems/aspose_storage_cloud-18.6/lib/Aspose/Storage/configuration.rb:158:in `base_url': warning: URI.escape is obsolete
C:/Ruby24-x64/lib/ruby/gems/2.4.0/gems/aspose_storage_cloud-18.6/lib/Aspose/Storage/api_client.rb:285:in `build_request_url': warning: URI.escape is obsolete
C:/Work/aspose-words-cloud-codegen/SDKs/RUBY/lib/words_ruby_sdk/configuration.rb:158:in `base_url': warning: URI.escape is obsolete
C:/Work/aspose-words-cloud-codegen/SDKs/RUBY/lib/words_ruby_sdk/api_client.rb:284:in `build_request_url': warning: URI.escape is obsolete
C:/Work/aspose-words-cloud-codegen/SDKs/RUBY/lib/words_ruby_sdk/configuration.rb:158:in `base_url': warning: URI.escape is obsolete
C:/Work/aspose-words-cloud-codegen/SDKs/RUBY/lib/words_ruby_sdk/api_client.rb:284:in `build_request_url': warning: URI.escape is obsolete
C:/Ruby24-x64/lib/ruby/gems/2.4.0/gems/aspose_storage_cloud-18.6/lib/Aspose/Storage/configuration.rb:158:in `base_url': warning: URI.escape is obsolete
C:/Ruby24-x64/lib/ruby/gems/2.4.0/gems/aspose_storage_cloud-18.6/lib/Aspose/Storage/api_client.rb:285:in `build_request_url': warning: URI.escape is obsolete
C:/Ruby24-x64/lib/ruby/gems/2.4.0/gems/aspose_storage_cloud-18.6/lib/Aspose/Storage/configuration.rb:158:in `base_url': warning: URI.escape is obsolete
C:/Ruby24-x64/lib/ruby/gems/2.4.0/gems/aspose_storage_cloud-18.6/lib/Aspose/Storage/api_client.rb:285:in `build_request_url': warning: URI.escape is obsolete
C:/Work/aspose-words-cloud-codegen/SDKs/RUBY/lib/words_ruby_sdk/configuration.rb:158:in `base_url': warning: URI.escape is obsolete
C:/Work/aspose-words-cloud-codegen/SDKs/RUBY/lib/words_ruby_sdk/api_client.rb:284:in `build_request_url': warning: URI.escape is obsolete
C:/Work/aspose-words-cloud-codegen/SDKs/RUBY/lib/words_ruby_sdk/configuration.rb:158:in `base_url': warning: URI.escape is obsolete
C:/Work/aspose-words-cloud-codegen/SDKs/RUBY/lib/words_ruby_sdk/api_client.rb:284:in `build_request_url': warning: URI.escape is obsolete
C:/Ruby24-x64/lib/ruby/gems/2.4.0/gems/aspose_storage_cloud-18.6/lib/Aspose/Storage/configuration.rb:158:in `base_url': warning: URI.escape is obsolete
C:/Ruby24-x64/lib/ruby/gems/2.4.0/gems/aspose_storage_cloud-18.6/lib/Aspose/Storage/api_client.rb:285:in `build_request_url': warning: URI.escape is obsolete
C:/Ruby24-x64/lib/ruby/gems/2.4.0/gems/aspose_storage_cloud-18.6/lib/Aspose/Storage/configuration.rb:158:in `base_url': warning: URI.escape is obsolete
C:/Ruby24-x64/lib/ruby/gems/2.4.0/gems/aspose_storage_cloud-18.6/lib/Aspose/Storage/api_client.rb:285:in `build_request_url': warning: URI.escape is obsolete
C:/Work/aspose-words-cloud-codegen/SDKs/RUBY/lib/words_ruby_sdk/configuration.rb:158:in `base_url': warning: URI.escape is obsolete
C:/Work/aspose-words-cloud-codegen/SDKs/RUBY/lib/words_ruby_sdk/api_client.rb:284:in `build_request_url': warning: URI.escape is obsolete
C:/Work/aspose-words-cloud-codegen/SDKs/RUBY/lib/words_ruby_sdk/configuration.rb:158:in `base_url': warning: URI.escape is obsolete
C:/Work/aspose-words-cloud-codegen/SDKs/RUBY/lib/words_ruby_sdk/api_client.rb:284:in `build_request_url': warning: URI.escape is obsolete
C:/Work/aspose-words-cloud-codegen/SDKs/RUBY/lib/words_ruby_sdk/configuration.rb:158:in `base_url': warning: URI.escape is obsolete
C:/Work/aspose-words-cloud-codegen/SDKs/RUBY/lib/words_ruby_sdk/api_client.rb:284:in `build_request_url': warning: URI.escape is obsolete
C:/Ruby24-x64/lib/ruby/gems/2.4.0/gems/aspose_storage_cloud-18.6/lib/Aspose/Storage/configuration.rb:158:in `base_url': warning: URI.escape is obsolete
C:/Ruby24-x64/lib/ruby/gems/2.4.0/gems/aspose_storage_cloud-18.6/lib/Aspose/Storage/api_client.rb:285:in `build_request_url': warning: URI.escape is obsolete
C:/Ruby24-x64/lib/ruby/gems/2.4.0/gems/aspose_storage_cloud-18.6/lib/Aspose/Storage/configuration.rb:158:in `base_url': warning: URI.escape is obsolete
C:/Ruby24-x64/lib/ruby/gems/2.4.0/gems/aspose_storage_cloud-18.6/lib/Aspose/Storage/api_client.rb:285:in `build_request_url': warning: URI.escape is obsolete
C:/Work/aspose-words-cloud-codegen/SDKs/RUBY/lib/words_ruby_sdk/configuration.rb:158:in `base_url': warning: URI.escape is obsolete
C:/Work/aspose-words-cloud-codegen/SDKs/RUBY/lib/words_ruby_sdk/api_client.rb:284:in `build_request_url': warning: URI.escape is obsolete
C:/Work/aspose-words-cloud-codegen/SDKs/RUBY/lib/words_ruby_sdk/configuration.rb:158:in `base_url': warning: URI.escape is obsolete
C:/Work/aspose-words-cloud-codegen/SDKs/RUBY/lib/words_ruby_sdk/api_client.rb:284:in `build_request_url': warning: URI.escape is obsolete
C:/Ruby24-x64/lib/ruby/gems/2.4.0/gems/aspose_storage_cloud-18.6/lib/Aspose/Storage/configuration.rb:158:in `base_url': warning: URI.escape is obsolete
C:/Ruby24-x64/lib/ruby/gems/2.4.0/gems/aspose_storage_cloud-18.6/lib/Aspose/Storage/api_client.rb:285:in `build_request_url': warning: URI.escape is obsolete
C:/Ruby24-x64/lib/ruby/gems/2.4.0/gems/aspose_storage_cloud-18.6/lib/Aspose/Storage/configuration.rb:158:in `base_url': warning: URI.escape is obsolete
C:/Ruby24-x64/lib/ruby/gems/2.4.0/gems/aspose_storage_cloud-18.6/lib/Aspose/Storage/api_client.rb:285:in `build_request_url': warning: URI.escape is obsolete
C:/Work/aspose-words-cloud-codegen/SDKs/RUBY/lib/words_ruby_sdk/configuration.rb:158:in `base_url': warning: URI.escape is obsolete
C:/Work/aspose-words-cloud-codegen/SDKs/RUBY/lib/words_ruby_sdk/api_client.rb:284:in `build_request_url': warning: URI.escape is obsolete
C:/Work/aspose-words-cloud-codegen/SDKs/RUBY/lib/words_ruby_sdk/configuration.rb:158:in `base_url': warning: URI.escape is obsolete
C:/Work/aspose-words-cloud-codegen/SDKs/RUBY/lib/words_ruby_sdk/api_client.rb:284:in `build_request_url': warning: URI.escape is obsolete
C:/Ruby24-x64/lib/ruby/gems/2.4.0/gems/aspose_storage_cloud-18.6/lib/Aspose/Storage/configuration.rb:158:in `base_url': warning: URI.escape is obsolete
C:/Ruby24-x64/lib/ruby/gems/2.4.0/gems/aspose_storage_cloud-18.6/lib/Aspose/Storage/api_client.rb:285:in `build_request_url': warning: URI.escape is obsolete
C:/Ruby24-x64/lib/ruby/gems/2.4.0/gems/aspose_storage_cloud-18.6/lib/Aspose/Storage/configuration.rb:158:in `base_url': warning: URI.escape is obsolete
C:/Ruby24-x64/lib/ruby/gems/2.4.0/gems/aspose_storage_cloud-18.6/lib/Aspose/Storage/api_client.rb:285:in `build_request_url': warning: URI.escape is obsolete
C:/Work/aspose-words-cloud-codegen/SDKs/RUBY/lib/words_ruby_sdk/configuration.rb:158:in `base_url': warning: URI.escape is obsolete
C:/Work/aspose-words-cloud-codegen/SDKs/RUBY/lib/words_ruby_sdk/api_client.rb:284:in `build_request_url': warning: URI.escape is obsolete
C:/Work/aspose-words-cloud-codegen/SDKs/RUBY/lib/words_ruby_sdk/configuration.rb:158:in `base_url': warning: URI.escape is obsolete
C:/Work/aspose-words-cloud-codegen/SDKs/RUBY/lib/words_ruby_sdk/api_client.rb:284:in `build_request_url': warning: URI.escape is obsolete
C:/Ruby24-x64/lib/ruby/gems/2.4.0/gems/aspose_storage_cloud-18.6/lib/Aspose/Storage/configuration.rb:158:in `base_url': warning: URI.escape is obsolete
C:/Ruby24-x64/lib/ruby/gems/2.4.0/gems/aspose_storage_cloud-18.6/lib/Aspose/Storage/api_client.rb:285:in `build_request_url': warning: URI.escape is obsolete
C:/Ruby24-x64/lib/ruby/gems/2.4.0/gems/aspose_storage_cloud-18.6/lib/Aspose/Storage/configuration.rb:158:in `base_url': warning: URI.escape is obsolete
C:/Ruby24-x64/lib/ruby/gems/2.4.0/gems/aspose_storage_cloud-18.6/lib/Aspose/Storage/api_client.rb:285:in `build_request_url': warning: URI.escape is obsolete
C:/Work/aspose-words-cloud-codegen/SDKs/RUBY/lib/words_ruby_sdk/configuration.rb:158:in `base_url': warning: URI.escape is obsolete
C:/Work/aspose-words-cloud-codegen/SDKs/RUBY/lib/words_ruby_sdk/api_client.rb:284:in `build_request_url': warning: URI.escape is obsolete
C:/Work/aspose-words-cloud-codegen/SDKs/RUBY/lib/words_ruby_sdk/configuration.rb:158:in `base_url': warning: URI.escape is obsolete
C:/Work/aspose-words-cloud-codegen/SDKs/RUBY/lib/words_ruby_sdk/api_client.rb:284:in `build_request_url': warning: URI.escape is obsolete
C:/Ruby24-x64/lib/ruby/gems/2.4.0/gems/aspose_storage_cloud-18.6/lib/Aspose/Storage/configuration.rb:158:in `base_url': warning: URI.escape is obsolete
C:/Ruby24-x64/lib/ruby/gems/2.4.0/gems/aspose_storage_cloud-18.6/lib/Aspose/Storage/api_client.rb:285:in `build_request_url': warning: URI.escape is obsolete
C:/Ruby24-x64/lib/ruby/gems/2.4.0/gems/aspose_storage_cloud-18.6/lib/Aspose/Storage/configuration.rb:158:in `base_url': warning: URI.escape is obsolete
C:/Ruby24-x64/lib/ruby/gems/2.4.0/gems/aspose_storage_cloud-18.6/lib/Aspose/Storage/api_client.rb:285:in `build_request_url': warning: URI.escape is obsolete
C:/Work/aspose-words-cloud-codegen/SDKs/RUBY/lib/words_ruby_sdk/configuration.rb:158:in `base_url': warning: URI.escape is obsolete
C:/Work/aspose-words-cloud-codegen/SDKs/RUBY/lib/words_ruby_sdk/api_client.rb:284:in `build_request_url': warning: URI.escape is obsolete
C:/Work/aspose-words-cloud-codegen/SDKs/RUBY/lib/words_ruby_sdk/configuration.rb:158:in `base_url': warning: URI.escape is obsolete
C:/Work/aspose-words-cloud-codegen/SDKs/RUBY/lib/words_ruby_sdk/api_client.rb:284:in `build_request_url': warning: URI.escape is obsolete
C:/Ruby24-x64/lib/ruby/gems/2.4.0/gems/aspose_storage_cloud-18.6/lib/Aspose/Storage/configuration.rb:158:in `base_url': warning: URI.escape is obsolete
C:/Ruby24-x64/lib/ruby/gems/2.4.0/gems/aspose_storage_cloud-18.6/lib/Aspose/Storage/api_client.rb:285:in `build_request_url': warning: URI.escape is obsolete
C:/Ruby24-x64/lib/ruby/gems/2.4.0/gems/aspose_storage_cloud-18.6/lib/Aspose/Storage/configuration.rb:158:in `base_url': warning: URI.escape is obsolete
C:/Ruby24-x64/lib/ruby/gems/2.4.0/gems/aspose_storage_cloud-18.6/lib/Aspose/Storage/api_client.rb:285:in `build_request_url': warning: URI.escape is obsolete
C:/Work/aspose-words-cloud-codegen/SDKs/RUBY/lib/words_ruby_sdk/configuration.rb:158:in `base_url': warning: URI.escape is obsolete
C:/Work/aspose-words-cloud-codegen/SDKs/RUBY/lib/words_ruby_sdk/api_client.rb:284:in `build_request_url': warning: URI.escape is obsolete
C:/Work/aspose-words-cloud-codegen/SDKs/RUBY/lib/words_ruby_sdk/configuration.rb:158:in `base_url': warning: URI.escape is obsolete
C:/Work/aspose-words-cloud-codegen/SDKs/RUBY/lib/words_ruby_sdk/api_client.rb:284:in `build_request_url': warning: URI.escape is obsolete
C:/Ruby24-x64/lib/ruby/gems/2.4.0/gems/aspose_storage_cloud-18.6/lib/Aspose/Storage/configuration.rb:158:in `base_url': warning: URI.escape is obsolete
C:/Ruby24-x64/lib/ruby/gems/2.4.0/gems/aspose_storage_cloud-18.6/lib/Aspose/Storage/api_client.rb:285:in `build_request_url': warning: URI.escape is obsolete
C:/Ruby24-x64/lib/ruby/gems/2.4.0/gems/aspose_storage_cloud-18.6/lib/Aspose/Storage/configuration.rb:158:in `base_url': warning: URI.escape is obsolete
C:/Ruby24-x64/lib/ruby/gems/2.4.0/gems/aspose_storage_cloud-18.6/lib/Aspose/Storage/api_client.rb:285:in `build_request_url': warning: URI.escape is obsolete
C:/Work/aspose-words-cloud-codegen/SDKs/RUBY/lib/words_ruby_sdk/configuration.rb:158:in `base_url': warning: URI.escape is obsolete
C:/Work/aspose-words-cloud-codegen/SDKs/RUBY/lib/words_ruby_sdk/api_client.rb:284:in `build_request_url': warning: URI.escape is obsolete
C:/Work/aspose-words-cloud-codegen/SDKs/RUBY/lib/words_ruby_sdk/configuration.rb:158:in `base_url': warning: URI.escape is obsolete
C:/Work/aspose-words-cloud-codegen/SDKs/RUBY/lib/words_ruby_sdk/api_client.rb:284:in `build_request_url': warning: URI.escape is obsolete
C:/Ruby24-x64/lib/ruby/gems/2.4.0/gems/aspose_storage_cloud-18.6/lib/Aspose/Storage/configuration.rb:158:in `base_url': warning: URI.escape is obsolete
C:/Ruby24-x64/lib/ruby/gems/2.4.0/gems/aspose_storage_cloud-18.6/lib/Aspose/Storage/api_client.rb:285:in `build_request_url': warning: URI.escape is obsolete
C:/Ruby24-x64/lib/ruby/gems/2.4.0/gems/aspose_storage_cloud-18.6/lib/Aspose/Storage/configuration.rb:158:in `base_url': warning: URI.escape is obsolete
C:/Ruby24-x64/lib/ruby/gems/2.4.0/gems/aspose_storage_cloud-18.6/lib/Aspose/Storage/api_client.rb:285:in `build_request_url': warning: URI.escape is obsolete
C:/Work/aspose-words-cloud-codegen/SDKs/RUBY/lib/words_ruby_sdk/configuration.rb:158:in `base_url': warning: URI.escape is obsolete
C:/Work/aspose-words-cloud-codegen/SDKs/RUBY/lib/words_ruby_sdk/api_client.rb:284:in `build_request_url': warning: URI.escape is obsolete
C:/Work/aspose-words-cloud-codegen/SDKs/RUBY/lib/words_ruby_sdk/configuration.rb:158:in `base_url': warning: URI.escape is obsolete
C:/Work/aspose-words-cloud-codegen/SDKs/RUBY/lib/words_ruby_sdk/api_client.rb:284:in `build_request_url': warning: URI.escape is obsolete
C:/Ruby24-x64/lib/ruby/gems/2.4.0/gems/aspose_storage_cloud-18.6/lib/Aspose/Storage/configuration.rb:158:in `base_url': warning: URI.escape is obsolete
C:/Ruby24-x64/lib/ruby/gems/2.4.0/gems/aspose_storage_cloud-18.6/lib/Aspose/Storage/api_client.rb:285:in `build_request_url': warning: URI.escape is obsolete
C:/Ruby24-x64/lib/ruby/gems/2.4.0/gems/aspose_storage_cloud-18.6/lib/Aspose/Storage/configuration.rb:158:in `base_url': warning: URI.escape is obsolete
C:/Ruby24-x64/lib/ruby/gems/2.4.0/gems/aspose_storage_cloud-18.6/lib/Aspose/Storage/api_client.rb:285:in `build_request_url': warning: URI.escape is obsolete
C:/Work/aspose-words-cloud-codegen/SDKs/RUBY/lib/words_ruby_sdk/configuration.rb:158:in `base_url': warning: URI.escape is obsolete
C:/Work/aspose-words-cloud-codegen/SDKs/RUBY/lib/words_ruby_sdk/api_client.rb:284:in `build_request_url': warning: URI.escape is obsolete
C:/Work/aspose-words-cloud-codegen/SDKs/RUBY/lib/words_ruby_sdk/configuration.rb:158:in `base_url': warning: URI.escape is obsolete
C:/Work/aspose-words-cloud-codegen/SDKs/RUBY/lib/words_ruby_sdk/api_client.rb:284:in `build_request_url': warning: URI.escape is obsolete
C:/Work/aspose-words-cloud-codegen/SDKs/RUBY/lib/words_ruby_sdk/configuration.rb:158:in `base_url': warning: URI.escape is obsolete
C:/Work/aspose-words-cloud-codegen/SDKs/RUBY/lib/words_ruby_sdk/api_client.rb:284:in `build_request_url': warning: URI.escape is obsolete
C:/Ruby24-x64/lib/ruby/gems/2.4.0/gems/aspose_storage_cloud-18.6/lib/Aspose/Storage/configuration.rb:158:in `base_url': warning: URI.escape is obsolete
C:/Ruby24-x64/lib/ruby/gems/2.4.0/gems/aspose_storage_cloud-18.6/lib/Aspose/Storage/api_client.rb:285:in `build_request_url': warning: URI.escape is obsolete
C:/Ruby24-x64/lib/ruby/gems/2.4.0/gems/aspose_storage_cloud-18.6/lib/Aspose/Storage/configuration.rb:158:in `base_url': warning: URI.escape is obsolete
C:/Ruby24-x64/lib/ruby/gems/2.4.0/gems/aspose_storage_cloud-18.6/lib/Aspose/Storage/api_client.rb:285:in `build_request_url': warning: URI.escape is obsolete
C:/Work/aspose-words-cloud-codegen/SDKs/RUBY/lib/words_ruby_sdk/configuration.rb:158:in `base_url': warning: URI.escape is obsolete
C:/Work/aspose-words-cloud-codegen/SDKs/RUBY/lib/words_ruby_sdk/api_client.rb:284:in `build_request_url': warning: URI.escape is obsolete
C:/Work/aspose-words-cloud-codegen/SDKs/RUBY/lib/words_ruby_sdk/configuration.rb:158:in `base_url': warning: URI.escape is obsolete
C:/Work/aspose-words-cloud-codegen/SDKs/RUBY/lib/words_ruby_sdk/api_client.rb:284:in `build_request_url': warning: URI.escape is obsolete
C:/Ruby24-x64/lib/ruby/gems/2.4.0/gems/aspose_storage_cloud-18.6/lib/Aspose/Storage/configuration.rb:158:in `base_url': warning: URI.escape is obsolete
C:/Ruby24-x64/lib/ruby/gems/2.4.0/gems/aspose_storage_cloud-18.6/lib/Aspose/Storage/api_client.rb:285:in `build_request_url': warning: URI.escape is obsolete
C:/Ruby24-x64/lib/ruby/gems/2.4.0/gems/aspose_storage_cloud-18.6/lib/Aspose/Storage/configuration.rb:158:in `base_url': warning: URI.escape is obsolete
C:/Ruby24-x64/lib/ruby/gems/2.4.0/gems/aspose_storage_cloud-18.6/lib/Aspose/Storage/api_client.rb:285:in `build_request_url': warning: URI.escape is obsolete
C:/Work/aspose-words-cloud-codegen/SDKs/RUBY/lib/words_ruby_sdk/configuration.rb:158:in `base_url': warning: URI.escape is obsolete
C:/Work/aspose-words-cloud-codegen/SDKs/RUBY/lib/words_ruby_sdk/api_client.rb:284:in `build_request_url': warning: URI.escape is obsolete
C:/Work/aspose-words-cloud-codegen/SDKs/RUBY/lib/words_ruby_sdk/configuration.rb:158:in `base_url': warning: URI.escape is obsolete
C:/Work/aspose-words-cloud-codegen/SDKs/RUBY/lib/words_ruby_sdk/api_client.rb:284:in `build_request_url': warning: URI.escape is obsolete
C:/Work/aspose-words-cloud-codegen/SDKs/RUBY/lib/words_ruby_sdk/configuration.rb:158:in `base_url': warning: URI.escape is obsolete
C:/Work/aspose-words-cloud-codegen/SDKs/RUBY/lib/words_ruby_sdk/api_client.rb:284:in `build_request_url': warning: URI.escape is obsolete
C:/Ruby24-x64/lib/ruby/gems/2.4.0/gems/aspose_storage_cloud-18.6/lib/Aspose/Storage/configuration.rb:158:in `base_url': warning: URI.escape is obsolete
C:/Ruby24-x64/lib/ruby/gems/2.4.0/gems/aspose_storage_cloud-18.6/lib/Aspose/Storage/api_client.rb:285:in `build_request_url': warning: URI.escape is obsolete
C:/Ruby24-x64/lib/ruby/gems/2.4.0/gems/aspose_storage_cloud-18.6/lib/Aspose/Storage/configuration.rb:158:in `base_url': warning: URI.escape is obsolete
C:/Ruby24-x64/lib/ruby/gems/2.4.0/gems/aspose_storage_cloud-18.6/lib/Aspose/Storage/api_client.rb:285:in `build_request_url': warning: URI.escape is obsolete
C:/Work/aspose-words-cloud-codegen/SDKs/RUBY/lib/words_ruby_sdk/configuration.rb:158:in `base_url': warning: URI.escape is obsolete
C:/Work/aspose-words-cloud-codegen/SDKs/RUBY/lib/words_ruby_sdk/api_client.rb:284:in `build_request_url': warning: URI.escape is obsolete
C:/Work/aspose-words-cloud-codegen/SDKs/RUBY/lib/words_ruby_sdk/configuration.rb:158:in `base_url': warning: URI.escape is obsolete
C:/Work/aspose-words-cloud-codegen/SDKs/RUBY/lib/words_ruby_sdk/api_client.rb:284:in `build_request_url': warning: URI.escape is obsolete
C:/Ruby24-x64/lib/ruby/gems/2.4.0/gems/aspose_storage_cloud-18.6/lib/Aspose/Storage/configuration.rb:158:in `base_url': warning: URI.escape is obsolete
C:/Ruby24-x64/lib/ruby/gems/2.4.0/gems/aspose_storage_cloud-18.6/lib/Aspose/Storage/api_client.rb:285:in `build_request_url': warning: URI.escape is obsolete
C:/Ruby24-x64/lib/ruby/gems/2.4.0/gems/aspose_storage_cloud-18.6/lib/Aspose/Storage/configuration.rb:158:in `base_url': warning: URI.escape is obsolete
C:/Ruby24-x64/lib/ruby/gems/2.4.0/gems/aspose_storage_cloud-18.6/lib/Aspose/Storage/api_client.rb:285:in `build_request_url': warning: URI.escape is obsolete
C:/Work/aspose-words-cloud-codegen/SDKs/RUBY/lib/words_ruby_sdk/configuration.rb:158:in `base_url': warning: URI.escape is obsolete
C:/Work/aspose-words-cloud-codegen/SDKs/RUBY/lib/words_ruby_sdk/api_client.rb:284:in `build_request_url': warning: URI.escape is obsolete
C:/Work/aspose-words-cloud-codegen/SDKs/RUBY/lib/words_ruby_sdk/configuration.rb:158:in `base_url': warning: URI.escape is obsolete
C:/Work/aspose-words-cloud-codegen/SDKs/RUBY/lib/words_ruby_sdk/api_client.rb:284:in `build_request_url': warning: URI.escape is obsolete
C:/Ruby24-x64/lib/ruby/gems/2.4.0/gems/aspose_storage_cloud-18.6/lib/Aspose/Storage/configuration.rb:158:in `base_url': warning: URI.escape is obsolete
C:/Ruby24-x64/lib/ruby/gems/2.4.0/gems/aspose_storage_cloud-18.6/lib/Aspose/Storage/api_client.rb:285:in `build_request_url': warning: URI.escape is obsolete
C:/Ruby24-x64/lib/ruby/gems/2.4.0/gems/aspose_storage_cloud-18.6/lib/Aspose/Storage/configuration.rb:158:in `base_url': warning: URI.escape is obsolete
C:/Ruby24-x64/lib/ruby/gems/2.4.0/gems/aspose_storage_cloud-18.6/lib/Aspose/Storage/api_client.rb:285:in `build_request_url': warning: URI.escape is obsolete
C:/Work/aspose-words-cloud-codegen/SDKs/RUBY/lib/words_ruby_sdk/configuration.rb:158:in `base_url': warning: URI.escape is obsolete
C:/Work/aspose-words-cloud-codegen/SDKs/RUBY/lib/words_ruby_sdk/api_client.rb:284:in `build_request_url': warning: URI.escape is obsolete
C:/Work/aspose-words-cloud-codegen/SDKs/RUBY/lib/words_ruby_sdk/configuration.rb:158:in `base_url': warning: URI.escape is obsolete
C:/Work/aspose-words-cloud-codegen/SDKs/RUBY/lib/words_ruby_sdk/api_client.rb:284:in `build_request_url': warning: URI.escape is obsolete
C:/Ruby24-x64/lib/ruby/gems/2.4.0/gems/aspose_storage_cloud-18.6/lib/Aspose/Storage/configuration.rb:158:in `base_url': warning: URI.escape is obsolete
C:/Ruby24-x64/lib/ruby/gems/2.4.0/gems/aspose_storage_cloud-18.6/lib/Aspose/Storage/api_client.rb:285:in `build_request_url': warning: URI.escape is obsolete
C:/Ruby24-x64/lib/ruby/gems/2.4.0/gems/aspose_storage_cloud-18.6/lib/Aspose/Storage/configuration.rb:158:in `base_url': warning: URI.escape is obsolete
C:/Ruby24-x64/lib/ruby/gems/2.4.0/gems/aspose_storage_cloud-18.6/lib/Aspose/Storage/api_client.rb:285:in `build_request_url': warning: URI.escape is obsolete
C:/Work/aspose-words-cloud-codegen/SDKs/RUBY/lib/words_ruby_sdk/configuration.rb:158:in `base_url': warning: URI.escape is obsolete
C:/Work/aspose-words-cloud-codegen/SDKs/RUBY/lib/words_ruby_sdk/api_client.rb:284:in `build_request_url': warning: URI.escape is obsolete
C:/Work/aspose-words-cloud-codegen/SDKs/RUBY/lib/words_ruby_sdk/configuration.rb:158:in `base_url': warning: URI.escape is obsolete
C:/Work/aspose-words-cloud-codegen/SDKs/RUBY/lib/words_ruby_sdk/api_client.rb:284:in `build_request_url': warning: URI.escape is obsolete
C:/Ruby24-x64/lib/ruby/gems/2.4.0/gems/aspose_storage_cloud-18.6/lib/Aspose/Storage/configuration.rb:158:in `base_url': warning: URI.escape is obsolete
C:/Ruby24-x64/lib/ruby/gems/2.4.0/gems/aspose_storage_cloud-18.6/lib/Aspose/Storage/api_client.rb:285:in `build_request_url': warning: URI.escape is obsolete
C:/Ruby24-x64/lib/ruby/gems/2.4.0/gems/aspose_storage_cloud-18.6/lib/Aspose/Storage/configuration.rb:158:in `base_url': warning: URI.escape is obsolete
C:/Ruby24-x64/lib/ruby/gems/2.4.0/gems/aspose_storage_cloud-18.6/lib/Aspose/Storage/api_client.rb:285:in `build_request_url': warning: URI.escape is obsolete
C:/Work/aspose-words-cloud-codegen/SDKs/RUBY/lib/words_ruby_sdk/configuration.rb:158:in `base_url': warning: URI.escape is obsolete
C:/Work/aspose-words-cloud-codegen/SDKs/RUBY/lib/words_ruby_sdk/api_client.rb:284:in `build_request_url': warning: URI.escape is obsolete
C:/Work/aspose-words-cloud-codegen/SDKs/RUBY/lib/words_ruby_sdk/configuration.rb:158:in `base_url': warning: URI.escape is obsolete
C:/Work/aspose-words-cloud-codegen/SDKs/RUBY/lib/words_ruby_sdk/api_client.rb:284:in `build_request_url': warning: URI.escape is obsolete
C:/Ruby24-x64/lib/ruby/gems/2.4.0/gems/aspose_storage_cloud-18.6/lib/Aspose/Storage/configuration.rb:158:in `base_url': warning: URI.escape is obsolete
C:/Ruby24-x64/lib/ruby/gems/2.4.0/gems/aspose_storage_cloud-18.6/lib/Aspose/Storage/api_client.rb:285:in `build_request_url': warning: URI.escape is obsolete
C:/Ruby24-x64/lib/ruby/gems/2.4.0/gems/aspose_storage_cloud-18.6/lib/Aspose/Storage/configuration.rb:158:in `base_url': warning: URI.escape is obsolete
C:/Ruby24-x64/lib/ruby/gems/2.4.0/gems/aspose_storage_cloud-18.6/lib/Aspose/Storage/api_client.rb:285:in `build_request_url': warning: URI.escape is obsolete
C:/Work/aspose-words-cloud-codegen/SDKs/RUBY/lib/words_ruby_sdk/configuration.rb:158:in `base_url': warning: URI.escape is obsolete
C:/Work/aspose-words-cloud-codegen/SDKs/RUBY/lib/words_ruby_sdk/api_client.rb:284:in `build_request_url': warning: URI.escape is obsolete
C:/Work/aspose-words-cloud-codegen/SDKs/RUBY/lib/words_ruby_sdk/configuration.rb:158:in `base_url': warning: URI.escape is obsolete
C:/Work/aspose-words-cloud-codegen/SDKs/RUBY/lib/words_ruby_sdk/api_client.rb:284:in `build_request_url': warning: URI.escape is obsolete
C:/Work/aspose-words-cloud-codegen/SDKs/RUBY/lib/words_ruby_sdk/configuration.rb:158:in `base_url': warning: URI.escape is obsolete
C:/Work/aspose-words-cloud-codegen/SDKs/RUBY/lib/words_ruby_sdk/api_client.rb:284:in `build_request_url': warning: URI.escape is obsolete
C:/Ruby24-x64/lib/ruby/gems/2.4.0/gems/aspose_storage_cloud-18.6/lib/Aspose/Storage/configuration.rb:158:in `base_url': warning: URI.escape is obsolete
C:/Ruby24-x64/lib/ruby/gems/2.4.0/gems/aspose_storage_cloud-18.6/lib/Aspose/Storage/api_client.rb:285:in `build_request_url': warning: URI.escape is obsolete
C:/Ruby24-x64/lib/ruby/gems/2.4.0/gems/aspose_storage_cloud-18.6/lib/Aspose/Storage/configuration.rb:158:in `base_url': warning: URI.escape is obsolete
C:/Ruby24-x64/lib/ruby/gems/2.4.0/gems/aspose_storage_cloud-18.6/lib/Aspose/Storage/api_client.rb:285:in `build_request_url': warning: URI.escape is obsolete
C:/Work/aspose-words-cloud-codegen/SDKs/RUBY/lib/words_ruby_sdk/configuration.rb:158:in `base_url': warning: URI.escape is obsolete
C:/Work/aspose-words-cloud-codegen/SDKs/RUBY/lib/words_ruby_sdk/api_client.rb:284:in `build_request_url': warning: URI.escape is obsolete
C:/Work/aspose-words-cloud-codegen/SDKs/RUBY/lib/words_ruby_sdk/configuration.rb:158:in `base_url': warning: URI.escape is obsolete
C:/Work/aspose-words-cloud-codegen/SDKs/RUBY/lib/words_ruby_sdk/api_client.rb:284:in `build_request_url': warning: URI.escape is obsolete
C:/Ruby24-x64/lib/ruby/gems/2.4.0/gems/aspose_storage_cloud-18.6/lib/Aspose/Storage/configuration.rb:158:in `base_url': warning: URI.escape is obsolete
C:/Ruby24-x64/lib/ruby/gems/2.4.0/gems/aspose_storage_cloud-18.6/lib/Aspose/Storage/api_client.rb:285:in `build_request_url': warning: URI.escape is obsolete
C:/Ruby24-x64/lib/ruby/gems/2.4.0/gems/aspose_storage_cloud-18.6/lib/Aspose/Storage/configuration.rb:158:in `base_url': warning: URI.escape is obsolete
C:/Ruby24-x64/lib/ruby/gems/2.4.0/gems/aspose_storage_cloud-18.6/lib/Aspose/Storage/api_client.rb:285:in `build_request_url': warning: URI.escape is obsolete
C:/Work/aspose-words-cloud-codegen/SDKs/RUBY/lib/words_ruby_sdk/configuration.rb:158:in `base_url': warning: URI.escape is obsolete
C:/Work/aspose-words-cloud-codegen/SDKs/RUBY/lib/words_ruby_sdk/api_client.rb:284:in `build_request_url': warning: URI.escape is obsolete
C:/Work/aspose-words-cloud-codegen/SDKs/RUBY/lib/words_ruby_sdk/configuration.rb:158:in `base_url': warning: URI.escape is obsolete
C:/Work/aspose-words-cloud-codegen/SDKs/RUBY/lib/words_ruby_sdk/api_client.rb:284:in `build_request_url': warning: URI.escape is obsolete
C:/Ruby24-x64/lib/ruby/gems/2.4.0/gems/aspose_storage_cloud-18.6/lib/Aspose/Storage/configuration.rb:158:in `base_url': warning: URI.escape is obsolete
C:/Ruby24-x64/lib/ruby/gems/2.4.0/gems/aspose_storage_cloud-18.6/lib/Aspose/Storage/api_client.rb:285:in `build_request_url': warning: URI.escape is obsolete
C:/Ruby24-x64/lib/ruby/gems/2.4.0/gems/aspose_storage_cloud-18.6/lib/Aspose/Storage/configuration.rb:158:in `base_url': warning: URI.escape is obsolete
C:/Ruby24-x64/lib/ruby/gems/2.4.0/gems/aspose_storage_cloud-18.6/lib/Aspose/Storage/api_client.rb:285:in `build_request_url': warning: URI.escape is obsolete
C:/Work/aspose-words-cloud-codegen/SDKs/RUBY/lib/words_ruby_sdk/configuration.rb:158:in `base_url': warning: URI.escape is obsolete
C:/Work/aspose-words-cloud-codegen/SDKs/RUBY/lib/words_ruby_sdk/api_client.rb:284:in `build_request_url': warning: URI.escape is obsolete
C:/Work/aspose-words-cloud-codegen/SDKs/RUBY/lib/words_ruby_sdk/configuration.rb:158:in `base_url': warning: URI.escape is obsolete
C:/Work/aspose-words-cloud-codegen/SDKs/RUBY/lib/words_ruby_sdk/api_client.rb:284:in `build_request_url': warning: URI.escape is obsolete
C:/Ruby24-x64/lib/ruby/gems/2.4.0/gems/aspose_storage_cloud-18.6/lib/Aspose/Storage/configuration.rb:158:in `base_url': warning: URI.escape is obsolete
C:/Ruby24-x64/lib/ruby/gems/2.4.0/gems/aspose_storage_cloud-18.6/lib/Aspose/Storage/api_client.rb:285:in `build_request_url': warning: URI.escape is obsolete
C:/Ruby24-x64/lib/ruby/gems/2.4.0/gems/aspose_storage_cloud-18.6/lib/Aspose/Storage/configuration.rb:158:in `base_url': warning: URI.escape is obsolete
C:/Ruby24-x64/lib/ruby/gems/2.4.0/gems/aspose_storage_cloud-18.6/lib/Aspose/Storage/api_client.rb:285:in `build_request_url': warning: URI.escape is obsolete
C:/Work/aspose-words-cloud-codegen/SDKs/RUBY/lib/words_ruby_sdk/configuration.rb:158:in `base_url': warning: URI.escape is obsolete
C:/Work/aspose-words-cloud-codegen/SDKs/RUBY/lib/words_ruby_sdk/api_client.rb:284:in `build_request_url': warning: URI.escape is obsolete
C:/Work/aspose-words-cloud-codegen/SDKs/RUBY/lib/words_ruby_sdk/configuration.rb:158:in `base_url': warning: URI.escape is obsolete
C:/Work/aspose-words-cloud-codegen/SDKs/RUBY/lib/words_ruby_sdk/api_client.rb:284:in `build_request_url': warning: URI.escape is obsolete
C:/Ruby24-x64/lib/ruby/gems/2.4.0/gems/aspose_storage_cloud-18.6/lib/Aspose/Storage/configuration.rb:158:in `base_url': warning: URI.escape is obsolete
C:/Ruby24-x64/lib/ruby/gems/2.4.0/gems/aspose_storage_cloud-18.6/lib/Aspose/Storage/api_client.rb:285:in `build_request_url': warning: URI.escape is obsolete
C:/Ruby24-x64/lib/ruby/gems/2.4.0/gems/aspose_storage_cloud-18.6/lib/Aspose/Storage/configuration.rb:158:in `base_url': warning: URI.escape is obsolete
C:/Ruby24-x64/lib/ruby/gems/2.4.0/gems/aspose_storage_cloud-18.6/lib/Aspose/Storage/api_client.rb:285:in `build_request_url': warning: URI.escape is obsolete
C:/Work/aspose-words-cloud-codegen/SDKs/RUBY/lib/words_ruby_sdk/configuration.rb:158:in `base_url': warning: URI.escape is obsolete
C:/Work/aspose-words-cloud-codegen/SDKs/RUBY/lib/words_ruby_sdk/api_client.rb:284:in `build_request_url': warning: URI.escape is obsolete
C:/Work/aspose-words-cloud-codegen/SDKs/RUBY/lib/words_ruby_sdk/configuration.rb:158:in `base_url': warning: URI.escape is obsolete
C:/Work/aspose-words-cloud-codegen/SDKs/RUBY/lib/words_ruby_sdk/api_client.rb:284:in `build_request_url': warning: URI.escape is obsolete
C:/Work/aspose-words-cloud-codegen/SDKs/RUBY/lib/words_ruby_sdk/configuration.rb:158:in `base_url': warning: URI.escape is obsolete
C:/Work/aspose-words-cloud-codegen/SDKs/RUBY/lib/words_ruby_sdk/api_client.rb:284:in `build_request_url': warning: URI.escape is obsolete
C:/Work/aspose-words-cloud-codegen/SDKs/RUBY/lib/words_ruby_sdk/configuration.rb:158:in `base_url': warning: URI.escape is obsolete
C:/Work/aspose-words-cloud-codegen/SDKs/RUBY/lib/words_ruby_sdk/api_client.rb:284:in `build_request_url': warning: URI.escape is obsolete
C:/Ruby24-x64/lib/ruby/gems/2.4.0/gems/aspose_storage_cloud-18.6/lib/Aspose/Storage/configuration.rb:158:in `base_url': warning: URI.escape is obsolete
C:/Ruby24-x64/lib/ruby/gems/2.4.0/gems/aspose_storage_cloud-18.6/lib/Aspose/Storage/api_client.rb:285:in `build_request_url': warning: URI.escape is obsolete
C:/Ruby24-x64/lib/ruby/gems/2.4.0/gems/aspose_storage_cloud-18.6/lib/Aspose/Storage/configuration.rb:158:in `base_url': warning: URI.escape is obsolete
C:/Ruby24-x64/lib/ruby/gems/2.4.0/gems/aspose_storage_cloud-18.6/lib/Aspose/Storage/api_client.rb:285:in `build_request_url': warning: URI.escape is obsolete
C:/Work/aspose-words-cloud-codegen/SDKs/RUBY/lib/words_ruby_sdk/configuration.rb:158:in `base_url': warning: URI.escape is obsolete
C:/Work/aspose-words-cloud-codegen/SDKs/RUBY/lib/words_ruby_sdk/api_client.rb:284:in `build_request_url': warning: URI.escape is obsolete
C:/Work/aspose-words-cloud-codegen/SDKs/RUBY/lib/words_ruby_sdk/configuration.rb:158:in `base_url': warning: URI.escape is obsolete
C:/Work/aspose-words-cloud-codegen/SDKs/RUBY/lib/words_ruby_sdk/api_client.rb:284:in `build_request_url': warning: URI.escape is obsolete
C:/Ruby24-x64/lib/ruby/gems/2.4.0/gems/aspose_storage_cloud-18.6/lib/Aspose/Storage/configuration.rb:158:in `base_url': warning: URI.escape is obsolete
C:/Ruby24-x64/lib/ruby/gems/2.4.0/gems/aspose_storage_cloud-18.6/lib/Aspose/Storage/api_client.rb:285:in `build_request_url': warning: URI.escape is obsolete
C:/Ruby24-x64/lib/ruby/gems/2.4.0/gems/aspose_storage_cloud-18.6/lib/Aspose/Storage/configuration.rb:158:in `base_url': warning: URI.escape is obsolete
C:/Ruby24-x64/lib/ruby/gems/2.4.0/gems/aspose_storage_cloud-18.6/lib/Aspose/Storage/api_client.rb:285:in `build_request_url': warning: URI.escape is obsolete
C:/Work/aspose-words-cloud-codegen/SDKs/RUBY/lib/words_ruby_sdk/configuration.rb:158:in `base_url': warning: URI.escape is obsolete
C:/Work/aspose-words-cloud-codegen/SDKs/RUBY/lib/words_ruby_sdk/api_client.rb:284:in `build_request_url': warning: URI.escape is obsolete
C:/Work/aspose-words-cloud-codegen/SDKs/RUBY/lib/words_ruby_sdk/configuration.rb:158:in `base_url': warning: URI.escape is obsolete
C:/Work/aspose-words-cloud-codegen/SDKs/RUBY/lib/words_ruby_sdk/api_client.rb:284:in `build_request_url': warning: URI.escape is obsolete
C:/Ruby24-x64/lib/ruby/gems/2.4.0/gems/aspose_storage_cloud-18.6/lib/Aspose/Storage/configuration.rb:158:in `base_url': warning: URI.escape is obsolete
C:/Ruby24-x64/lib/ruby/gems/2.4.0/gems/aspose_storage_cloud-18.6/lib/Aspose/Storage/api_client.rb:285:in `build_request_url': warning: URI.escape is obsolete
C:/Ruby24-x64/lib/ruby/gems/2.4.0/gems/aspose_storage_cloud-18.6/lib/Aspose/Storage/configuration.rb:158:in `base_url': warning: URI.escape is obsolete
C:/Ruby24-x64/lib/ruby/gems/2.4.0/gems/aspose_storage_cloud-18.6/lib/Aspose/Storage/api_client.rb:285:in `build_request_url': warning: URI.escape is obsolete
C:/Work/aspose-words-cloud-codegen/SDKs/RUBY/lib/words_ruby_sdk/configuration.rb:158:in `base_url': warning: URI.escape is obsolete
C:/Work/aspose-words-cloud-codegen/SDKs/RUBY/lib/words_ruby_sdk/api_client.rb:284:in `build_request_url': warning: URI.escape is obsolete
C:/Work/aspose-words-cloud-codegen/SDKs/RUBY/lib/words_ruby_sdk/configuration.rb:158:in `base_url': warning: URI.escape is obsolete
C:/Work/aspose-words-cloud-codegen/SDKs/RUBY/lib/words_ruby_sdk/api_client.rb:284:in `build_request_url': warning: URI.escape is obsolete
C:/Ruby24-x64/lib/ruby/gems/2.4.0/gems/aspose_storage_cloud-18.6/lib/Aspose/Storage/configuration.rb:158:in `base_url': warning: URI.escape is obsolete
C:/Ruby24-x64/lib/ruby/gems/2.4.0/gems/aspose_storage_cloud-18.6/lib/Aspose/Storage/api_client.rb:285:in `build_request_url': warning: URI.escape is obsolete
C:/Ruby24-x64/lib/ruby/gems/2.4.0/gems/aspose_storage_cloud-18.6/lib/Aspose/Storage/configuration.rb:158:in `base_url': warning: URI.escape is obsolete
C:/Ruby24-x64/lib/ruby/gems/2.4.0/gems/aspose_storage_cloud-18.6/lib/Aspose/Storage/api_client.rb:285:in `build_request_url': warning: URI.escape is obsolete
C:/Work/aspose-words-cloud-codegen/SDKs/RUBY/lib/words_ruby_sdk/configuration.rb:158:in `base_url': warning: URI.escape is obsolete
C:/Work/aspose-words-cloud-codegen/SDKs/RUBY/lib/words_ruby_sdk/api_client.rb:284:in `build_request_url': warning: URI.escape is obsolete
C:/Work/aspose-words-cloud-codegen/SDKs/RUBY/lib/words_ruby_sdk/configuration.rb:158:in `base_url': warning: URI.escape is obsolete
C:/Work/aspose-words-cloud-codegen/SDKs/RUBY/lib/words_ruby_sdk/api_client.rb:284:in `build_request_url': warning: URI.escape is obsolete
C:/Work/aspose-words-cloud-codegen/SDKs/RUBY/lib/words_ruby_sdk/configuration.rb:158:in `base_url': warning: URI.escape is obsolete
C:/Work/aspose-words-cloud-codegen/SDKs/RUBY/lib/words_ruby_sdk/api_client.rb:284:in `build_request_url': warning: URI.escape is obsolete
C:/Ruby24-x64/lib/ruby/gems/2.4.0/gems/aspose_storage_cloud-18.6/lib/Aspose/Storage/configuration.rb:158:in `base_url': warning: URI.escape is obsolete
C:/Ruby24-x64/lib/ruby/gems/2.4.0/gems/aspose_storage_cloud-18.6/lib/Aspose/Storage/api_client.rb:285:in `build_request_url': warning: URI.escape is obsolete
C:/Ruby24-x64/lib/ruby/gems/2.4.0/gems/aspose_storage_cloud-18.6/lib/Aspose/Storage/configuration.rb:158:in `base_url': warning: URI.escape is obsolete
C:/Ruby24-x64/lib/ruby/gems/2.4.0/gems/aspose_storage_cloud-18.6/lib/Aspose/Storage/api_client.rb:285:in `build_request_url': warning: URI.escape is obsolete
C:/Work/aspose-words-cloud-codegen/SDKs/RUBY/lib/words_ruby_sdk/configuration.rb:158:in `base_url': warning: URI.escape is obsolete
C:/Work/aspose-words-cloud-codegen/SDKs/RUBY/lib/words_ruby_sdk/api_client.rb:284:in `build_request_url': warning: URI.escape is obsolete
C:/Work/aspose-words-cloud-codegen/SDKs/RUBY/lib/words_ruby_sdk/configuration.rb:158:in `base_url': warning: URI.escape is obsolete
C:/Work/aspose-words-cloud-codegen/SDKs/RUBY/lib/words_ruby_sdk/api_client.rb:284:in `build_request_url': warning: URI.escape is obsolete
C:/Work/aspose-words-cloud-codegen/SDKs/RUBY/lib/words_ruby_sdk/configuration.rb:158:in `base_url': warning: URI.escape is obsolete
C:/Work/aspose-words-cloud-codegen/SDKs/RUBY/lib/words_ruby_sdk/api_client.rb:284:in `build_request_url': warning: URI.escape is obsolete
C:/Work/aspose-words-cloud-codegen/SDKs/RUBY/lib/words_ruby_sdk/configuration.rb:158:in `base_url': warning: URI.escape is obsolete
C:/Work/aspose-words-cloud-codegen/SDKs/RUBY/lib/words_ruby_sdk/api_client.rb:284:in `build_request_url': warning: URI.escape is obsolete
C:/Work/aspose-words-cloud-codegen/SDKs/RUBY/lib/words_ruby_sdk/configuration.rb:158:in `base_url': warning: URI.escape is obsolete
C:/Work/aspose-words-cloud-codegen/SDKs/RUBY/lib/words_ruby_sdk/api_client.rb:284:in `build_request_url': warning: URI.escape is obsolete
C:/Ruby24-x64/lib/ruby/gems/2.4.0/gems/aspose_storage_cloud-18.6/lib/Aspose/Storage/configuration.rb:158:in `base_url': warning: URI.escape is obsolete
C:/Ruby24-x64/lib/ruby/gems/2.4.0/gems/aspose_storage_cloud-18.6/lib/Aspose/Storage/api_client.rb:285:in `build_request_url': warning: URI.escape is obsolete
C:/Ruby24-x64/lib/ruby/gems/2.4.0/gems/aspose_storage_cloud-18.6/lib/Aspose/Storage/configuration.rb:158:in `base_url': warning: URI.escape is obsolete
C:/Ruby24-x64/lib/ruby/gems/2.4.0/gems/aspose_storage_cloud-18.6/lib/Aspose/Storage/api_client.rb:285:in `build_request_url': warning: URI.escape is obsolete
C:/Work/aspose-words-cloud-codegen/SDKs/RUBY/lib/words_ruby_sdk/configuration.rb:158:in `base_url': warning: URI.escape is obsolete
C:/Work/aspose-words-cloud-codegen/SDKs/RUBY/lib/words_ruby_sdk/api_client.rb:284:in `build_request_url': warning: URI.escape is obsolete
C:/Work/aspose-words-cloud-codegen/SDKs/RUBY/lib/words_ruby_sdk/configuration.rb:158:in `base_url': warning: URI.escape is obsolete
C:/Work/aspose-words-cloud-codegen/SDKs/RUBY/lib/words_ruby_sdk/api_client.rb:284:in `build_request_url': warning: URI.escape is obsolete
C:/Ruby24-x64/lib/ruby/gems/2.4.0/gems/aspose_storage_cloud-18.6/lib/Aspose/Storage/configuration.rb:158:in `base_url': warning: URI.escape is obsolete
C:/Ruby24-x64/lib/ruby/gems/2.4.0/gems/aspose_storage_cloud-18.6/lib/Aspose/Storage/api_client.rb:285:in `build_request_url': warning: URI.escape is obsolete
C:/Ruby24-x64/lib/ruby/gems/2.4.0/gems/aspose_storage_cloud-18.6/lib/Aspose/Storage/configuration.rb:158:in `base_url': warning: URI.escape is obsolete
C:/Ruby24-x64/lib/ruby/gems/2.4.0/gems/aspose_storage_cloud-18.6/lib/Aspose/Storage/api_client.rb:285:in `build_request_url': warning: URI.escape is obsolete
C:/Work/aspose-words-cloud-codegen/SDKs/RUBY/lib/words_ruby_sdk/configuration.rb:158:in `base_url': warning: URI.escape is obsolete
C:/Work/aspose-words-cloud-codegen/SDKs/RUBY/lib/words_ruby_sdk/api_client.rb:284:in `build_request_url': warning: URI.escape is obsolete
C:/Work/aspose-words-cloud-codegen/SDKs/RUBY/lib/words_ruby_sdk/configuration.rb:158:in `base_url': warning: URI.escape is obsolete
C:/Work/aspose-words-cloud-codegen/SDKs/RUBY/lib/words_ruby_sdk/api_client.rb:284:in `build_request_url': warning: URI.escape is obsolete
C:/Ruby24-x64/lib/ruby/gems/2.4.0/gems/aspose_storage_cloud-18.6/lib/Aspose/Storage/configuration.rb:158:in `base_url': warning: URI.escape is obsolete
C:/Ruby24-x64/lib/ruby/gems/2.4.0/gems/aspose_storage_cloud-18.6/lib/Aspose/Storage/api_client.rb:285:in `build_request_url': warning: URI.escape is obsolete
C:/Ruby24-x64/lib/ruby/gems/2.4.0/gems/aspose_storage_cloud-18.6/lib/Aspose/Storage/configuration.rb:158:in `base_url': warning: URI.escape is obsolete
C:/Ruby24-x64/lib/ruby/gems/2.4.0/gems/aspose_storage_cloud-18.6/lib/Aspose/Storage/api_client.rb:285:in `build_request_url': warning: URI.escape is obsolete
C:/Work/aspose-words-cloud-codegen/SDKs/RUBY/lib/words_ruby_sdk/configuration.rb:158:in `base_url': warning: URI.escape is obsolete
C:/Work/aspose-words-cloud-codegen/SDKs/RUBY/lib/words_ruby_sdk/api_client.rb:284:in `build_request_url': warning: URI.escape is obsolete
C:/Work/aspose-words-cloud-codegen/SDKs/RUBY/lib/words_ruby_sdk/configuration.rb:158:in `base_url': warning: URI.escape is obsolete
C:/Work/aspose-words-cloud-codegen/SDKs/RUBY/lib/words_ruby_sdk/api_client.rb:284:in `build_request_url': warning: URI.escape is obsolete
C:/Work/aspose-words-cloud-codegen/SDKs/RUBY/lib/words_ruby_sdk/configuration.rb:158:in `base_url': warning: URI.escape is obsolete
C:/Work/aspose-words-cloud-codegen/SDKs/RUBY/lib/words_ruby_sdk/api_client.rb:284:in `build_request_url': warning: URI.escape is obsolete
C:/Ruby24-x64/lib/ruby/gems/2.4.0/gems/aspose_storage_cloud-18.6/lib/Aspose/Storage/configuration.rb:158:in `base_url': warning: URI.escape is obsolete
C:/Ruby24-x64/lib/ruby/gems/2.4.0/gems/aspose_storage_cloud-18.6/lib/Aspose/Storage/api_client.rb:285:in `build_request_url': warning: URI.escape is obsolete
C:/Ruby24-x64/lib/ruby/gems/2.4.0/gems/aspose_storage_cloud-18.6/lib/Aspose/Storage/configuration.rb:158:in `base_url': warning: URI.escape is obsolete
C:/Ruby24-x64/lib/ruby/gems/2.4.0/gems/aspose_storage_cloud-18.6/lib/Aspose/Storage/api_client.rb:285:in `build_request_url': warning: URI.escape is obsolete
C:/Work/aspose-words-cloud-codegen/SDKs/RUBY/lib/words_ruby_sdk/configuration.rb:158:in `base_url': warning: URI.escape is obsolete
C:/Work/aspose-words-cloud-codegen/SDKs/RUBY/lib/words_ruby_sdk/api_client.rb:284:in `build_request_url': warning: URI.escape is obsolete
C:/Work/aspose-words-cloud-codegen/SDKs/RUBY/lib/words_ruby_sdk/configuration.rb:158:in `base_url': warning: URI.escape is obsolete
C:/Work/aspose-words-cloud-codegen/SDKs/RUBY/lib/words_ruby_sdk/api_client.rb:284:in `build_request_url': warning: URI.escape is obsolete
C:/Ruby24-x64/lib/ruby/gems/2.4.0/gems/aspose_storage_cloud-18.6/lib/Aspose/Storage/configuration.rb:158:in `base_url': warning: URI.escape is obsolete
C:/Ruby24-x64/lib/ruby/gems/2.4.0/gems/aspose_storage_cloud-18.6/lib/Aspose/Storage/api_client.rb:285:in `build_request_url': warning: URI.escape is obsolete
C:/Ruby24-x64/lib/ruby/gems/2.4.0/gems/aspose_storage_cloud-18.6/lib/Aspose/Storage/configuration.rb:158:in `base_url': warning: URI.escape is obsolete
C:/Ruby24-x64/lib/ruby/gems/2.4.0/gems/aspose_storage_cloud-18.6/lib/Aspose/Storage/api_client.rb:285:in `build_request_url': warning: URI.escape is obsolete
C:/Work/aspose-words-cloud-codegen/SDKs/RUBY/lib/words_ruby_sdk/configuration.rb:158:in `base_url': warning: URI.escape is obsolete
C:/Work/aspose-words-cloud-codegen/SDKs/RUBY/lib/words_ruby_sdk/api_client.rb:284:in `build_request_url': warning: URI.escape is obsolete
C:/Work/aspose-words-cloud-codegen/SDKs/RUBY/lib/words_ruby_sdk/configuration.rb:158:in `base_url': warning: URI.escape is obsolete
C:/Work/aspose-words-cloud-codegen/SDKs/RUBY/lib/words_ruby_sdk/api_client.rb:284:in `build_request_url': warning: URI.escape is obsolete
C:/Ruby24-x64/lib/ruby/gems/2.4.0/gems/aspose_storage_cloud-18.6/lib/Aspose/Storage/configuration.rb:158:in `base_url': warning: URI.escape is obsolete
C:/Ruby24-x64/lib/ruby/gems/2.4.0/gems/aspose_storage_cloud-18.6/lib/Aspose/Storage/api_client.rb:285:in `build_request_url': warning: URI.escape is obsolete
C:/Ruby24-x64/lib/ruby/gems/2.4.0/gems/aspose_storage_cloud-18.6/lib/Aspose/Storage/configuration.rb:158:in `base_url': warning: URI.escape is obsolete
C:/Ruby24-x64/lib/ruby/gems/2.4.0/gems/aspose_storage_cloud-18.6/lib/Aspose/Storage/api_client.rb:285:in `build_request_url': warning: URI.escape is obsolete
C:/Work/aspose-words-cloud-codegen/SDKs/RUBY/lib/words_ruby_sdk/configuration.rb:158:in `base_url': warning: URI.escape is obsolete
C:/Work/aspose-words-cloud-codegen/SDKs/RUBY/lib/words_ruby_sdk/api_client.rb:284:in `build_request_url': warning: URI.escape is obsolete
C:/Work/aspose-words-cloud-codegen/SDKs/RUBY/lib/words_ruby_sdk/configuration.rb:158:in `base_url': warning: URI.escape is obsolete
C:/Work/aspose-words-cloud-codegen/SDKs/RUBY/lib/words_ruby_sdk/api_client.rb:284:in `build_request_url': warning: URI.escape is obsolete
C:/Ruby24-x64/lib/ruby/gems/2.4.0/gems/aspose_storage_cloud-18.6/lib/Aspose/Storage/configuration.rb:158:in `base_url': warning: URI.escape is obsolete
C:/Ruby24-x64/lib/ruby/gems/2.4.0/gems/aspose_storage_cloud-18.6/lib/Aspose/Storage/api_client.rb:285:in `build_request_url': warning: URI.escape is obsolete
C:/Ruby24-x64/lib/ruby/gems/2.4.0/gems/aspose_storage_cloud-18.6/lib/Aspose/Storage/configuration.rb:158:in `base_url': warning: URI.escape is obsolete
C:/Ruby24-x64/lib/ruby/gems/2.4.0/gems/aspose_storage_cloud-18.6/lib/Aspose/Storage/api_client.rb:285:in `build_request_url': warning: URI.escape is obsolete
C:/Work/aspose-words-cloud-codegen/SDKs/RUBY/lib/words_ruby_sdk/configuration.rb:158:in `base_url': warning: URI.escape is obsolete
C:/Work/aspose-words-cloud-codegen/SDKs/RUBY/lib/words_ruby_sdk/api_client.rb:284:in `build_request_url': warning: URI.escape is obsolete
C:/Work/aspose-words-cloud-codegen/SDKs/RUBY/lib/words_ruby_sdk/configuration.rb:158:in `base_url': warning: URI.escape is obsolete
C:/Work/aspose-words-cloud-codegen/SDKs/RUBY/lib/words_ruby_sdk/api_client.rb:284:in `build_request_url': warning: URI.escape is obsolete
C:/Ruby24-x64/lib/ruby/gems/2.4.0/gems/aspose_storage_cloud-18.6/lib/Aspose/Storage/configuration.rb:158:in `base_url': warning: URI.escape is obsolete
C:/Ruby24-x64/lib/ruby/gems/2.4.0/gems/aspose_storage_cloud-18.6/lib/Aspose/Storage/api_client.rb:285:in `build_request_url': warning: URI.escape is obsolete
C:/Ruby24-x64/lib/ruby/gems/2.4.0/gems/aspose_storage_cloud-18.6/lib/Aspose/Storage/configuration.rb:158:in `base_url': warning: URI.escape is obsolete
C:/Ruby24-x64/lib/ruby/gems/2.4.0/gems/aspose_storage_cloud-18.6/lib/Aspose/Storage/api_client.rb:285:in `build_request_url': warning: URI.escape is obsolete
C:/Work/aspose-words-cloud-codegen/SDKs/RUBY/lib/words_ruby_sdk/configuration.rb:158:in `base_url': warning: URI.escape is obsolete
C:/Work/aspose-words-cloud-codegen/SDKs/RUBY/lib/words_ruby_sdk/api_client.rb:284:in `build_request_url': warning: URI.escape is obsolete
C:/Work/aspose-words-cloud-codegen/SDKs/RUBY/lib/words_ruby_sdk/configuration.rb:158:in `base_url': warning: URI.escape is obsolete
C:/Work/aspose-words-cloud-codegen/SDKs/RUBY/lib/words_ruby_sdk/api_client.rb:284:in `build_request_url': warning: URI.escape is obsolete
C:/Ruby24-x64/lib/ruby/gems/2.4.0/gems/aspose_storage_cloud-18.6/lib/Aspose/Storage/configuration.rb:158:in `base_url': warning: URI.escape is obsolete
C:/Ruby24-x64/lib/ruby/gems/2.4.0/gems/aspose_storage_cloud-18.6/lib/Aspose/Storage/api_client.rb:285:in `build_request_url': warning: URI.escape is obsolete
C:/Ruby24-x64/lib/ruby/gems/2.4.0/gems/aspose_storage_cloud-18.6/lib/Aspose/Storage/configuration.rb:158:in `base_url': warning: URI.escape is obsolete
C:/Ruby24-x64/lib/ruby/gems/2.4.0/gems/aspose_storage_cloud-18.6/lib/Aspose/Storage/api_client.rb:285:in `build_request_url': warning: URI.escape is obsolete
C:/Work/aspose-words-cloud-codegen/SDKs/RUBY/lib/words_ruby_sdk/configuration.rb:158:in `base_url': warning: URI.escape is obsolete
C:/Work/aspose-words-cloud-codegen/SDKs/RUBY/lib/words_ruby_sdk/api_client.rb:284:in `build_request_url': warning: URI.escape is obsolete
C:/Work/aspose-words-cloud-codegen/SDKs/RUBY/lib/words_ruby_sdk/configuration.rb:158:in `base_url': warning: URI.escape is obsolete
C:/Work/aspose-words-cloud-codegen/SDKs/RUBY/lib/words_ruby_sdk/api_client.rb:284:in `build_request_url': warning: URI.escape is obsolete
C:/Work/aspose-words-cloud-codegen/SDKs/RUBY/lib/words_ruby_sdk/configuration.rb:158:in `base_url': warning: URI.escape is obsolete
C:/Work/aspose-words-cloud-codegen/SDKs/RUBY/lib/words_ruby_sdk/api_client.rb:284:in `build_request_url': warning: URI.escape is obsolete
C:/Ruby24-x64/lib/ruby/gems/2.4.0/gems/aspose_storage_cloud-18.6/lib/Aspose/Storage/configuration.rb:158:in `base_url': warning: URI.escape is obsolete
C:/Ruby24-x64/lib/ruby/gems/2.4.0/gems/aspose_storage_cloud-18.6/lib/Aspose/Storage/api_client.rb:285:in `build_request_url': warning: URI.escape is obsolete
C:/Ruby24-x64/lib/ruby/gems/2.4.0/gems/aspose_storage_cloud-18.6/lib/Aspose/Storage/configuration.rb:158:in `base_url': warning: URI.escape is obsolete
C:/Ruby24-x64/lib/ruby/gems/2.4.0/gems/aspose_storage_cloud-18.6/lib/Aspose/Storage/api_client.rb:285:in `build_request_url': warning: URI.escape is obsolete
C:/Work/aspose-words-cloud-codegen/SDKs/RUBY/lib/words_ruby_sdk/configuration.rb:158:in `base_url': warning: URI.escape is obsolete
C:/Work/aspose-words-cloud-codegen/SDKs/RUBY/lib/words_ruby_sdk/api_client.rb:284:in `build_request_url': warning: URI.escape is obsolete
C:/Work/aspose-words-cloud-codegen/SDKs/RUBY/lib/words_ruby_sdk/configuration.rb:158:in `base_url': warning: URI.escape is obsolete
C:/Work/aspose-words-cloud-codegen/SDKs/RUBY/lib/words_ruby_sdk/api_client.rb:284:in `build_request_url': warning: URI.escape is obsolete
C:/Ruby24-x64/lib/ruby/gems/2.4.0/gems/aspose_storage_cloud-18.6/lib/Aspose/Storage/configuration.rb:158:in `base_url': warning: URI.escape is obsolete
C:/Ruby24-x64/lib/ruby/gems/2.4.0/gems/aspose_storage_cloud-18.6/lib/Aspose/Storage/api_client.rb:285:in `build_request_url': warning: URI.escape is obsolete
C:/Ruby24-x64/lib/ruby/gems/2.4.0/gems/aspose_storage_cloud-18.6/lib/Aspose/Storage/configuration.rb:158:in `base_url': warning: URI.escape is obsolete
C:/Ruby24-x64/lib/ruby/gems/2.4.0/gems/aspose_storage_cloud-18.6/lib/Aspose/Storage/api_client.rb:285:in `build_request_url': warning: URI.escape is obsolete
C:/Work/aspose-words-cloud-codegen/SDKs/RUBY/lib/words_ruby_sdk/configuration.rb:158:in `base_url': warning: URI.escape is obsolete
C:/Work/aspose-words-cloud-codegen/SDKs/RUBY/lib/words_ruby_sdk/api_client.rb:284:in `build_request_url': warning: URI.escape is obsolete
C:/Work/aspose-words-cloud-codegen/SDKs/RUBY/lib/words_ruby_sdk/configuration.rb:158:in `base_url': warning: URI.escape is obsolete
C:/Work/aspose-words-cloud-codegen/SDKs/RUBY/lib/words_ruby_sdk/api_client.rb:284:in `build_request_url': warning: URI.escape is obsolete
C:/Ruby24-x64/lib/ruby/gems/2.4.0/gems/aspose_storage_cloud-18.6/lib/Aspose/Storage/configuration.rb:158:in `base_url': warning: URI.escape is obsolete
C:/Ruby24-x64/lib/ruby/gems/2.4.0/gems/aspose_storage_cloud-18.6/lib/Aspose/Storage/api_client.rb:285:in `build_request_url': warning: URI.escape is obsolete
C:/Ruby24-x64/lib/ruby/gems/2.4.0/gems/aspose_storage_cloud-18.6/lib/Aspose/Storage/configuration.rb:158:in `base_url': warning: URI.escape is obsolete
C:/Ruby24-x64/lib/ruby/gems/2.4.0/gems/aspose_storage_cloud-18.6/lib/Aspose/Storage/api_client.rb:285:in `build_request_url': warning: URI.escape is obsolete
C:/Work/aspose-words-cloud-codegen/SDKs/RUBY/lib/words_ruby_sdk/configuration.rb:158:in `base_url': warning: URI.escape is obsolete
C:/Work/aspose-words-cloud-codegen/SDKs/RUBY/lib/words_ruby_sdk/api_client.rb:284:in `build_request_url': warning: URI.escape is obsolete
C:/Work/aspose-words-cloud-codegen/SDKs/RUBY/lib/words_ruby_sdk/configuration.rb:158:in `base_url': warning: URI.escape is obsolete
C:/Work/aspose-words-cloud-codegen/SDKs/RUBY/lib/words_ruby_sdk/api_client.rb:284:in `build_request_url': warning: URI.escape is obsolete
C:/Work/aspose-words-cloud-codegen/SDKs/RUBY/lib/words_ruby_sdk/configuration.rb:158:in `base_url': warning: URI.escape is obsolete
C:/Work/aspose-words-cloud-codegen/SDKs/RUBY/lib/words_ruby_sdk/api_client.rb:284:in `build_request_url': warning: URI.escape is obsolete
C:/Ruby24-x64/lib/ruby/gems/2.4.0/gems/aspose_storage_cloud-18.6/lib/Aspose/Storage/configuration.rb:158:in `base_url': warning: URI.escape is obsolete
C:/Ruby24-x64/lib/ruby/gems/2.4.0/gems/aspose_storage_cloud-18.6/lib/Aspose/Storage/api_client.rb:285:in `build_request_url': warning: URI.escape is obsolete
C:/Ruby24-x64/lib/ruby/gems/2.4.0/gems/aspose_storage_cloud-18.6/lib/Aspose/Storage/configuration.rb:158:in `base_url': warning: URI.escape is obsolete
C:/Ruby24-x64/lib/ruby/gems/2.4.0/gems/aspose_storage_cloud-18.6/lib/Aspose/Storage/api_client.rb:285:in `build_request_url': warning: URI.escape is obsolete
C:/Work/aspose-words-cloud-codegen/SDKs/RUBY/lib/words_ruby_sdk/configuration.rb:158:in `base_url': warning: URI.escape is obsolete
C:/Work/aspose-words-cloud-codegen/SDKs/RUBY/lib/words_ruby_sdk/api_client.rb:284:in `build_request_url': warning: URI.escape is obsolete
C:/Work/aspose-words-cloud-codegen/SDKs/RUBY/lib/words_ruby_sdk/configuration.rb:158:in `base_url': warning: URI.escape is obsolete
C:/Work/aspose-words-cloud-codegen/SDKs/RUBY/lib/words_ruby_sdk/api_client.rb:284:in `build_request_url': warning: URI.escape is obsolete
C:/Work/aspose-words-cloud-codegen/SDKs/RUBY/lib/words_ruby_sdk/configuration.rb:158:in `base_url': warning: URI.escape is obsolete
C:/Work/aspose-words-cloud-codegen/SDKs/RUBY/lib/words_ruby_sdk/api_client.rb:284:in `build_request_url': warning: URI.escape is obsolete
C:/Work/aspose-words-cloud-codegen/SDKs/RUBY/lib/words_ruby_sdk/configuration.rb:158:in `base_url': warning: URI.escape is obsolete
C:/Work/aspose-words-cloud-codegen/SDKs/RUBY/lib/words_ruby_sdk/api_client.rb:284:in `build_request_url': warning: URI.escape is obsolete
C:/Work/aspose-words-cloud-codegen/SDKs/RUBY/lib/words_ruby_sdk/configuration.rb:158:in `base_url': warning: URI.escape is obsolete
C:/Work/aspose-words-cloud-codegen/SDKs/RUBY/lib/words_ruby_sdk/api_client.rb:284:in `build_request_url': warning: URI.escape is obsolete
C:/Ruby24-x64/lib/ruby/gems/2.4.0/gems/aspose_storage_cloud-18.6/lib/Aspose/Storage/configuration.rb:158:in `base_url': warning: URI.escape is obsolete
C:/Ruby24-x64/lib/ruby/gems/2.4.0/gems/aspose_storage_cloud-18.6/lib/Aspose/Storage/api_client.rb:285:in `build_request_url': warning: URI.escape is obsolete
C:/Ruby24-x64/lib/ruby/gems/2.4.0/gems/aspose_storage_cloud-18.6/lib/Aspose/Storage/configuration.rb:158:in `base_url': warning: URI.escape is obsolete
C:/Ruby24-x64/lib/ruby/gems/2.4.0/gems/aspose_storage_cloud-18.6/lib/Aspose/Storage/api_client.rb:285:in `build_request_url': warning: URI.escape is obsolete
C:/Work/aspose-words-cloud-codegen/SDKs/RUBY/lib/words_ruby_sdk/configuration.rb:158:in `base_url': warning: URI.escape is obsolete
C:/Work/aspose-words-cloud-codegen/SDKs/RUBY/lib/words_ruby_sdk/api_client.rb:284:in `build_request_url': warning: URI.escape is obsolete
C:/Work/aspose-words-cloud-codegen/SDKs/RUBY/lib/words_ruby_sdk/configuration.rb:158:in `base_url': warning: URI.escape is obsolete
C:/Work/aspose-words-cloud-codegen/SDKs/RUBY/lib/words_ruby_sdk/api_client.rb:284:in `build_request_url': warning: URI.escape is obsolete
C:/Ruby24-x64/lib/ruby/gems/2.4.0/gems/aspose_storage_cloud-18.6/lib/Aspose/Storage/configuration.rb:158:in `base_url': warning: URI.escape is obsolete
C:/Ruby24-x64/lib/ruby/gems/2.4.0/gems/aspose_storage_cloud-18.6/lib/Aspose/Storage/api_client.rb:285:in `build_request_url': warning: URI.escape is obsolete
C:/Ruby24-x64/lib/ruby/gems/2.4.0/gems/aspose_storage_cloud-18.6/lib/Aspose/Storage/configuration.rb:158:in `base_url': warning: URI.escape is obsolete
C:/Ruby24-x64/lib/ruby/gems/2.4.0/gems/aspose_storage_cloud-18.6/lib/Aspose/Storage/api_client.rb:285:in `build_request_url': warning: URI.escape is obsolete
C:/Work/aspose-words-cloud-codegen/SDKs/RUBY/lib/words_ruby_sdk/configuration.rb:158:in `base_url': warning: URI.escape is obsolete
C:/Work/aspose-words-cloud-codegen/SDKs/RUBY/lib/words_ruby_sdk/api_client.rb:284:in `build_request_url': warning: URI.escape is obsolete
C:/Work/aspose-words-cloud-codegen/SDKs/RUBY/lib/words_ruby_sdk/configuration.rb:158:in `base_url': warning: URI.escape is obsolete
C:/Work/aspose-words-cloud-codegen/SDKs/RUBY/lib/words_ruby_sdk/api_client.rb:284:in `build_request_url': warning: URI.escape is obsolete
C:/Work/aspose-words-cloud-codegen/SDKs/RUBY/lib/words_ruby_sdk/configuration.rb:158:in `base_url': warning: URI.escape is obsolete
C:/Work/aspose-words-cloud-codegen/SDKs/RUBY/lib/words_ruby_sdk/api_client.rb:284:in `build_request_url': warning: URI.escape is obsolete
C:/Ruby24-x64/lib/ruby/gems/2.4.0/gems/aspose_storage_cloud-18.6/lib/Aspose/Storage/configuration.rb:158:in `base_url': warning: URI.escape is obsolete
C:/Ruby24-x64/lib/ruby/gems/2.4.0/gems/aspose_storage_cloud-18.6/lib/Aspose/Storage/api_client.rb:285:in `build_request_url': warning: URI.escape is obsolete
C:/Ruby24-x64/lib/ruby/gems/2.4.0/gems/aspose_storage_cloud-18.6/lib/Aspose/Storage/configuration.rb:158:in `base_url': warning: URI.escape is obsolete
C:/Ruby24-x64/lib/ruby/gems/2.4.0/gems/aspose_storage_cloud-18.6/lib/Aspose/Storage/api_client.rb:285:in `build_request_url': warning: URI.escape is obsolete
C:/Work/aspose-words-cloud-codegen/SDKs/RUBY/lib/words_ruby_sdk/configuration.rb:158:in `base_url': warning: URI.escape is obsolete
C:/Work/aspose-words-cloud-codegen/SDKs/RUBY/lib/words_ruby_sdk/api_client.rb:284:in `build_request_url': warning: URI.escape is obsolete
C:/Work/aspose-words-cloud-codegen/SDKs/RUBY/lib/words_ruby_sdk/configuration.rb:158:in `base_url': warning: URI.escape is obsolete
C:/Work/aspose-words-cloud-codegen/SDKs/RUBY/lib/words_ruby_sdk/api_client.rb:284:in `build_request_url': warning: URI.escape is obsolete
C:/Work/aspose-words-cloud-codegen/SDKs/RUBY/lib/words_ruby_sdk/configuration.rb:158:in `base_url': warning: URI.escape is obsolete
C:/Work/aspose-words-cloud-codegen/SDKs/RUBY/lib/words_ruby_sdk/api_client.rb:284:in `build_request_url': warning: URI.escape is obsolete
C:/Work/aspose-words-cloud-codegen/SDKs/RUBY/lib/words_ruby_sdk/configuration.rb:158:in `base_url': warning: URI.escape is obsolete
C:/Work/aspose-words-cloud-codegen/SDKs/RUBY/lib/words_ruby_sdk/api_client.rb:284:in `build_request_url': warning: URI.escape is obsolete
C:/Work/aspose-words-cloud-codegen/SDKs/RUBY/lib/words_ruby_sdk/configuration.rb:158:in `base_url': warning: URI.escape is obsolete
C:/Work/aspose-words-cloud-codegen/SDKs/RUBY/lib/words_ruby_sdk/api_client.rb:284:in `build_request_url': warning: URI.escape is obsolete
C:/Ruby24-x64/lib/ruby/gems/2.4.0/gems/aspose_storage_cloud-18.6/lib/Aspose/Storage/configuration.rb:158:in `base_url': warning: URI.escape is obsolete
C:/Ruby24-x64/lib/ruby/gems/2.4.0/gems/aspose_storage_cloud-18.6/lib/Aspose/Storage/api_client.rb:285:in `build_request_url': warning: URI.escape is obsolete
C:/Ruby24-x64/lib/ruby/gems/2.4.0/gems/aspose_storage_cloud-18.6/lib/Aspose/Storage/configuration.rb:158:in `base_url': warning: URI.escape is obsolete
C:/Ruby24-x64/lib/ruby/gems/2.4.0/gems/aspose_storage_cloud-18.6/lib/Aspose/Storage/api_client.rb:285:in `build_request_url': warning: URI.escape is obsolete
C:/Work/aspose-words-cloud-codegen/SDKs/RUBY/lib/words_ruby_sdk/configuration.rb:158:in `base_url': warning: URI.escape is obsolete
C:/Work/aspose-words-cloud-codegen/SDKs/RUBY/lib/words_ruby_sdk/api_client.rb:284:in `build_request_url': warning: URI.escape is obsolete
C:/Work/aspose-words-cloud-codegen/SDKs/RUBY/lib/words_ruby_sdk/configuration.rb:158:in `base_url': warning: URI.escape is obsolete
C:/Work/aspose-words-cloud-codegen/SDKs/RUBY/lib/words_ruby_sdk/api_client.rb:284:in `build_request_url': warning: URI.escape is obsolete
C:/Work/aspose-words-cloud-codegen/SDKs/RUBY/lib/words_ruby_sdk/configuration.rb:158:in `base_url': warning: URI.escape is obsolete
C:/Work/aspose-words-cloud-codegen/SDKs/RUBY/lib/words_ruby_sdk/api_client.rb:284:in `build_request_url': warning: URI.escape is obsolete
C:/Work/aspose-words-cloud-codegen/SDKs/RUBY/lib/words_ruby_sdk/configuration.rb:158:in `base_url': warning: URI.escape is obsolete
C:/Work/aspose-words-cloud-codegen/SDKs/RUBY/lib/words_ruby_sdk/api_client.rb:284:in `build_request_url': warning: URI.escape is obsolete
C:/Work/aspose-words-cloud-codegen/SDKs/RUBY/lib/words_ruby_sdk/configuration.rb:158:in `base_url': warning: URI.escape is obsolete
C:/Work/aspose-words-cloud-codegen/SDKs/RUBY/lib/words_ruby_sdk/api_client.rb:284:in `build_request_url': warning: URI.escape is obsolete
C:/Work/aspose-words-cloud-codegen/SDKs/RUBY/lib/words_ruby_sdk/configuration.rb:158:in `base_url': warning: URI.escape is obsolete
C:/Work/aspose-words-cloud-codegen/SDKs/RUBY/lib/words_ruby_sdk/api_client.rb:284:in `build_request_url': warning: URI.escape is obsolete
C:/Ruby24-x64/lib/ruby/gems/2.4.0/gems/aspose_storage_cloud-18.6/lib/Aspose/Storage/configuration.rb:158:in `base_url': warning: URI.escape is obsolete
C:/Ruby24-x64/lib/ruby/gems/2.4.0/gems/aspose_storage_cloud-18.6/lib/Aspose/Storage/api_client.rb:285:in `build_request_url': warning: URI.escape is obsolete
C:/Ruby24-x64/lib/ruby/gems/2.4.0/gems/aspose_storage_cloud-18.6/lib/Aspose/Storage/configuration.rb:158:in `base_url': warning: URI.escape is obsolete
C:/Ruby24-x64/lib/ruby/gems/2.4.0/gems/aspose_storage_cloud-18.6/lib/Aspose/Storage/api_client.rb:285:in `build_request_url': warning: URI.escape is obsolete
C:/Work/aspose-words-cloud-codegen/SDKs/RUBY/lib/words_ruby_sdk/configuration.rb:158:in `base_url': warning: URI.escape is obsolete
C:/Work/aspose-words-cloud-codegen/SDKs/RUBY/lib/words_ruby_sdk/api_client.rb:284:in `build_request_url': warning: URI.escape is obsolete
C:/Work/aspose-words-cloud-codegen/SDKs/RUBY/lib/words_ruby_sdk/configuration.rb:158:in `base_url': warning: URI.escape is obsolete
C:/Work/aspose-words-cloud-codegen/SDKs/RUBY/lib/words_ruby_sdk/api_client.rb:284:in `build_request_url': warning: URI.escape is obsolete
C:/Ruby24-x64/lib/ruby/gems/2.4.0/gems/aspose_storage_cloud-18.6/lib/Aspose/Storage/configuration.rb:158:in `base_url': warning: URI.escape is obsolete
C:/Ruby24-x64/lib/ruby/gems/2.4.0/gems/aspose_storage_cloud-18.6/lib/Aspose/Storage/api_client.rb:285:in `build_request_url': warning: URI.escape is obsolete
C:/Ruby24-x64/lib/ruby/gems/2.4.0/gems/aspose_storage_cloud-18.6/lib/Aspose/Storage/configuration.rb:158:in `base_url': warning: URI.escape is obsolete
C:/Ruby24-x64/lib/ruby/gems/2.4.0/gems/aspose_storage_cloud-18.6/lib/Aspose/Storage/api_client.rb:285:in `build_request_url': warning: URI.escape is obsolete
C:/Work/aspose-words-cloud-codegen/SDKs/RUBY/lib/words_ruby_sdk/configuration.rb:158:in `base_url': warning: URI.escape is obsolete
C:/Work/aspose-words-cloud-codegen/SDKs/RUBY/lib/words_ruby_sdk/api_client.rb:284:in `build_request_url': warning: URI.escape is obsolete
C:/Work/aspose-words-cloud-codegen/SDKs/RUBY/lib/words_ruby_sdk/configuration.rb:158:in `base_url': warning: URI.escape is obsolete
C:/Work/aspose-words-cloud-codegen/SDKs/RUBY/lib/words_ruby_sdk/api_client.rb:284:in `build_request_url': warning: URI.escape is obsolete
C:/Ruby24-x64/lib/ruby/gems/2.4.0/gems/aspose_storage_cloud-18.6/lib/Aspose/Storage/configuration.rb:158:in `base_url': warning: URI.escape is obsolete
C:/Ruby24-x64/lib/ruby/gems/2.4.0/gems/aspose_storage_cloud-18.6/lib/Aspose/Storage/api_client.rb:285:in `build_request_url': warning: URI.escape is obsolete
C:/Ruby24-x64/lib/ruby/gems/2.4.0/gems/aspose_storage_cloud-18.6/lib/Aspose/Storage/configuration.rb:158:in `base_url': warning: URI.escape is obsolete
C:/Ruby24-x64/lib/ruby/gems/2.4.0/gems/aspose_storage_cloud-18.6/lib/Aspose/Storage/api_client.rb:285:in `build_request_url': warning: URI.escape is obsolete
C:/Work/aspose-words-cloud-codegen/SDKs/RUBY/lib/words_ruby_sdk/configuration.rb:158:in `base_url': warning: URI.escape is obsolete
C:/Work/aspose-words-cloud-codegen/SDKs/RUBY/lib/words_ruby_sdk/api_client.rb:284:in `build_request_url': warning: URI.escape is obsolete
C:/Work/aspose-words-cloud-codegen/SDKs/RUBY/lib/words_ruby_sdk/configuration.rb:158:in `base_url': warning: URI.escape is obsolete
C:/Work/aspose-words-cloud-codegen/SDKs/RUBY/lib/words_ruby_sdk/api_client.rb:284:in `build_request_url': warning: URI.escape is obsolete
C:/Ruby24-x64/lib/ruby/gems/2.4.0/gems/aspose_storage_cloud-18.6/lib/Aspose/Storage/configuration.rb:158:in `base_url': warning: URI.escape is obsolete
C:/Ruby24-x64/lib/ruby/gems/2.4.0/gems/aspose_storage_cloud-18.6/lib/Aspose/Storage/api_client.rb:285:in `build_request_url': warning: URI.escape is obsolete
C:/Ruby24-x64/lib/ruby/gems/2.4.0/gems/aspose_storage_cloud-18.6/lib/Aspose/Storage/configuration.rb:158:in `base_url': warning: URI.escape is obsolete
C:/Ruby24-x64/lib/ruby/gems/2.4.0/gems/aspose_storage_cloud-18.6/lib/Aspose/Storage/api_client.rb:285:in `build_request_url': warning: URI.escape is obsolete
C:/Work/aspose-words-cloud-codegen/SDKs/RUBY/lib/words_ruby_sdk/configuration.rb:158:in `base_url': warning: URI.escape is obsolete
C:/Work/aspose-words-cloud-codegen/SDKs/RUBY/lib/words_ruby_sdk/api_client.rb:284:in `build_request_url': warning: URI.escape is obsolete
C:/Work/aspose-words-cloud-codegen/SDKs/RUBY/lib/words_ruby_sdk/configuration.rb:158:in `base_url': warning: URI.escape is obsolete
C:/Work/aspose-words-cloud-codegen/SDKs/RUBY/lib/words_ruby_sdk/api_client.rb:284:in `build_request_url': warning: URI.escape is obsolete
C:/Work/aspose-words-cloud-codegen/SDKs/RUBY/lib/words_ruby_sdk/configuration.rb:158:in `base_url': warning: URI.escape is obsolete
C:/Work/aspose-words-cloud-codegen/SDKs/RUBY/lib/words_ruby_sdk/api_client.rb:284:in `build_request_url': warning: URI.escape is obsolete
C:/Work/aspose-words-cloud-codegen/SDKs/RUBY/lib/words_ruby_sdk/configuration.rb:158:in `base_url': warning: URI.escape is obsolete
C:/Work/aspose-words-cloud-codegen/SDKs/RUBY/lib/words_ruby_sdk/api_client.rb:284:in `build_request_url': warning: URI.escape is obsolete
C:/Work/aspose-words-cloud-codegen/SDKs/RUBY/lib/words_ruby_sdk/configuration.rb:158:in `base_url': warning: URI.escape is obsolete
C:/Work/aspose-words-cloud-codegen/SDKs/RUBY/lib/words_ruby_sdk/api_client.rb:284:in `build_request_url': warning: URI.escape is obsolete
C:/Ruby24-x64/lib/ruby/gems/2.4.0/gems/aspose_storage_cloud-18.6/lib/Aspose/Storage/configuration.rb:158:in `base_url': warning: URI.escape is obsolete
C:/Ruby24-x64/lib/ruby/gems/2.4.0/gems/aspose_storage_cloud-18.6/lib/Aspose/Storage/api_client.rb:285:in `build_request_url': warning: URI.escape is obsolete
C:/Ruby24-x64/lib/ruby/gems/2.4.0/gems/aspose_storage_cloud-18.6/lib/Aspose/Storage/configuration.rb:158:in `base_url': warning: URI.escape is obsolete
C:/Ruby24-x64/lib/ruby/gems/2.4.0/gems/aspose_storage_cloud-18.6/lib/Aspose/Storage/api_client.rb:285:in `build_request_url': warning: URI.escape is obsolete
C:/Work/aspose-words-cloud-codegen/SDKs/RUBY/lib/words_ruby_sdk/configuration.rb:158:in `base_url': warning: URI.escape is obsolete
C:/Work/aspose-words-cloud-codegen/SDKs/RUBY/lib/words_ruby_sdk/api_client.rb:284:in `build_request_url': warning: URI.escape is obsolete
C:/Work/aspose-words-cloud-codegen/SDKs/RUBY/lib/words_ruby_sdk/configuration.rb:158:in `base_url': warning: URI.escape is obsolete
C:/Work/aspose-words-cloud-codegen/SDKs/RUBY/lib/words_ruby_sdk/api_client.rb:284:in `build_request_url': warning: URI.escape is obsolete
  </system-err>
</testsuite>
